[2022-12-11 19:22:42,859] {taskinstance.py:1159} INFO - Dependencies all met for <TaskInstance: etl_DAG.run_etl_process scheduled__2022-12-10T15:00:00+00:00 [queued]>
[2022-12-11 19:22:42,882] {taskinstance.py:1159} INFO - Dependencies all met for <TaskInstance: etl_DAG.run_etl_process scheduled__2022-12-10T15:00:00+00:00 [queued]>
[2022-12-11 19:22:42,883] {taskinstance.py:1356} INFO - 
--------------------------------------------------------------------------------
[2022-12-11 19:22:42,884] {taskinstance.py:1357} INFO - Starting attempt 1 of 2
[2022-12-11 19:22:42,895] {taskinstance.py:1358} INFO - 
--------------------------------------------------------------------------------
[2022-12-11 19:22:42,987] {taskinstance.py:1377} INFO - Executing <Task(PythonOperator): run_etl_process> on 2022-12-10 15:00:00+00:00
[2022-12-11 19:22:43,003] {standard_task_runner.py:52} INFO - Started process 394 to run task
[2022-12-11 19:22:43,012] {standard_task_runner.py:79} INFO - Running: ['***', 'tasks', 'run', 'etl_DAG', 'run_etl_process', 'scheduled__2022-12-10T15:00:00+00:00', '--job-id', '231', '--raw', '--subdir', 'DAGS_FOLDER/etl_DAG.py', '--cfg-path', '/tmp/tmpf4a1dbu7', '--error-file', '/tmp/tmpe4ckluq_']
[2022-12-11 19:22:43,029] {standard_task_runner.py:80} INFO - Job 231: Subtask run_etl_process
[2022-12-11 19:22:43,234] {task_command.py:369} INFO - Running <TaskInstance: etl_DAG.run_etl_process scheduled__2022-12-10T15:00:00+00:00 [running]> on host 0163e0790208
[2022-12-11 19:22:43,469] {taskinstance.py:1571} INFO - Exporting the following env vars:
AIRFLOW_CTX_DAG_EMAIL=***@example.com
AIRFLOW_CTX_DAG_OWNER=***
AIRFLOW_CTX_DAG_ID=etl_DAG
AIRFLOW_CTX_TASK_ID=run_etl_process
AIRFLOW_CTX_EXECUTION_DATE=2022-12-10T15:00:00+00:00
AIRFLOW_CTX_TRY_NUMBER=1
AIRFLOW_CTX_DAG_RUN_ID=scheduled__2022-12-10T15:00:00+00:00
[2022-12-11 19:22:49,236] {python.py:173} INFO - Done. Returned value was: None
[2022-12-11 19:22:49,326] {taskinstance.py:1400} INFO - Marking task as SUCCESS. dag_id=etl_DAG, task_id=run_etl_process, execution_date=20221210T150000, start_date=20221211T192242, end_date=20221211T192249
[2022-12-11 19:22:49,414] {local_task_job.py:156} INFO - Task exited with return code 0
[2022-12-11 19:22:49,530] {local_task_job.py:273} INFO - 0 downstream tasks scheduled from follow-on schedule check
