[2022-12-11 19:20:59,030] {taskinstance.py:1159} INFO - Dependencies all met for <TaskInstance: etl_DAG.run_etl_process scheduled__2022-11-28T15:00:00+00:00 [queued]>
[2022-12-11 19:20:59,265] {taskinstance.py:1159} INFO - Dependencies all met for <TaskInstance: etl_DAG.run_etl_process scheduled__2022-11-28T15:00:00+00:00 [queued]>
[2022-12-11 19:20:59,278] {taskinstance.py:1356} INFO - 
--------------------------------------------------------------------------------
[2022-12-11 19:20:59,280] {taskinstance.py:1357} INFO - Starting attempt 1 of 2
[2022-12-11 19:20:59,294] {taskinstance.py:1358} INFO - 
--------------------------------------------------------------------------------
[2022-12-11 19:20:59,745] {taskinstance.py:1377} INFO - Executing <Task(PythonOperator): run_etl_process> on 2022-11-28 15:00:00+00:00
[2022-12-11 19:20:59,966] {standard_task_runner.py:52} INFO - Started process 311 to run task
[2022-12-11 19:21:00,017] {standard_task_runner.py:79} INFO - Running: ['***', 'tasks', 'run', 'etl_DAG', 'run_etl_process', 'scheduled__2022-11-28T15:00:00+00:00', '--job-id', '216', '--raw', '--subdir', 'DAGS_FOLDER/etl_DAG.py', '--cfg-path', '/tmp/tmpjdzsw_8y', '--error-file', '/tmp/tmpp99s4p9l']
[2022-12-11 19:21:00,058] {standard_task_runner.py:80} INFO - Job 216: Subtask run_etl_process
[2022-12-11 19:21:02,630] {task_command.py:369} INFO - Running <TaskInstance: etl_DAG.run_etl_process scheduled__2022-11-28T15:00:00+00:00 [running]> on host 0163e0790208
[2022-12-11 19:21:04,538] {taskinstance.py:1571} INFO - Exporting the following env vars:
AIRFLOW_CTX_DAG_EMAIL=***@example.com
AIRFLOW_CTX_DAG_OWNER=***
AIRFLOW_CTX_DAG_ID=etl_DAG
AIRFLOW_CTX_TASK_ID=run_etl_process
AIRFLOW_CTX_EXECUTION_DATE=2022-11-28T15:00:00+00:00
AIRFLOW_CTX_TRY_NUMBER=1
AIRFLOW_CTX_DAG_RUN_ID=scheduled__2022-11-28T15:00:00+00:00
[2022-12-11 19:22:00,635] {python.py:173} INFO - Done. Returned value was: None
[2022-12-11 19:22:00,904] {taskinstance.py:1400} INFO - Marking task as SUCCESS. dag_id=etl_DAG, task_id=run_etl_process, execution_date=20221128T150000, start_date=20221211T192059, end_date=20221211T192200
[2022-12-11 19:22:01,599] {local_task_job.py:156} INFO - Task exited with return code 0
[2022-12-11 19:22:02,200] {local_task_job.py:273} INFO - 0 downstream tasks scheduled from follow-on schedule check
