[2022-11-06 14:02:19,064] {taskinstance.py:1159} INFO - Dependencies all met for <TaskInstance: xetra_DAG.run_xetra_etl scheduled__2022-11-03T20:08:00+00:00 [queued]>
[2022-11-06 14:02:19,119] {taskinstance.py:1159} INFO - Dependencies all met for <TaskInstance: xetra_DAG.run_xetra_etl scheduled__2022-11-03T20:08:00+00:00 [queued]>
[2022-11-06 14:02:19,121] {taskinstance.py:1356} INFO - 
--------------------------------------------------------------------------------
[2022-11-06 14:02:19,132] {taskinstance.py:1357} INFO - Starting attempt 1 of 2
[2022-11-06 14:02:19,134] {taskinstance.py:1358} INFO - 
--------------------------------------------------------------------------------
[2022-11-06 14:02:20,671] {taskinstance.py:1377} INFO - Executing <Task(PythonOperator): run_xetra_etl> on 2022-11-03 20:08:00+00:00
[2022-11-06 14:02:25,586] {standard_task_runner.py:52} INFO - Started process 114 to run task
[2022-11-06 14:02:35,218] {standard_task_runner.py:79} INFO - Running: ['***', 'tasks', 'run', 'xetra_DAG', 'run_xetra_etl', 'scheduled__2022-11-03T20:08:00+00:00', '--job-id', '152', '--raw', '--subdir', 'DAGS_FOLDER/xetra_DAG.py', '--cfg-path', '/tmp/tmp274_25t6', '--error-file', '/tmp/tmp6au77yqi']
[2022-11-06 14:02:40,156] {standard_task_runner.py:80} INFO - Job 152: Subtask run_xetra_etl
[2022-11-06 14:03:21,797] {task_command.py:369} INFO - Running <TaskInstance: xetra_DAG.run_xetra_etl scheduled__2022-11-03T20:08:00+00:00 [running]> on host 0163e0790208
[2022-11-06 14:04:02,040] {taskinstance.py:1571} INFO - Exporting the following env vars:
AIRFLOW_CTX_DAG_EMAIL=***@example.com
AIRFLOW_CTX_DAG_OWNER=***
AIRFLOW_CTX_DAG_ID=xetra_DAG
AIRFLOW_CTX_TASK_ID=run_xetra_etl
AIRFLOW_CTX_EXECUTION_DATE=2022-11-03T20:08:00+00:00
AIRFLOW_CTX_TRY_NUMBER=1
AIRFLOW_CTX_DAG_RUN_ID=scheduled__2022-11-03T20:08:00+00:00
[2022-11-06 14:05:24,104] {python.py:173} INFO - Done. Returned value was: None
[2022-11-06 14:05:24,185] {taskinstance.py:1400} INFO - Marking task as SUCCESS. dag_id=xetra_DAG, task_id=run_xetra_etl, execution_date=20221103T200800, start_date=20221106T140219, end_date=20221106T140524
[2022-11-06 14:05:24,869] {local_task_job.py:221} WARNING - State of this instance has been externally set to success. Terminating instance.
[2022-11-06 14:05:24,993] {process_utils.py:129} INFO - Sending Signals.SIGTERM to group 114. PIDs of all processes in the group: [114]
[2022-11-06 14:05:25,017] {process_utils.py:80} INFO - Sending the signal Signals.SIGTERM to group 114
[2022-11-06 14:05:25,026] {taskinstance.py:1541} ERROR - Received SIGTERM. Terminating subprocesses.
[2022-11-06 14:05:25,031] {standard_task_runner.py:97} ERROR - Failed to execute job 152 for task run_xetra_etl (Task received SIGTERM signal; 114)
[2022-11-06 14:05:25,122] {process_utils.py:75} INFO - Process psutil.Process(pid=114, status='terminated', exitcode=1, started='14:02:20') (114) terminated with exit code 1
