[2022-12-11 19:19:55,951] {taskinstance.py:1159} INFO - Dependencies all met for <TaskInstance: etl_DAG.run_etl_process scheduled__2022-11-16T15:00:00+00:00 [queued]>
[2022-12-11 19:19:55,981] {taskinstance.py:1159} INFO - Dependencies all met for <TaskInstance: etl_DAG.run_etl_process scheduled__2022-11-16T15:00:00+00:00 [queued]>
[2022-12-11 19:19:55,982] {taskinstance.py:1356} INFO - 
--------------------------------------------------------------------------------
[2022-12-11 19:19:55,982] {taskinstance.py:1357} INFO - Starting attempt 1 of 2
[2022-12-11 19:19:55,982] {taskinstance.py:1358} INFO - 
--------------------------------------------------------------------------------
[2022-12-11 19:19:56,035] {taskinstance.py:1377} INFO - Executing <Task(PythonOperator): run_etl_process> on 2022-11-16 15:00:00+00:00
[2022-12-11 19:19:56,055] {standard_task_runner.py:52} INFO - Started process 239 to run task
[2022-12-11 19:19:56,063] {standard_task_runner.py:79} INFO - Running: ['***', 'tasks', 'run', 'etl_DAG', 'run_etl_process', 'scheduled__2022-11-16T15:00:00+00:00', '--job-id', '204', '--raw', '--subdir', 'DAGS_FOLDER/etl_DAG.py', '--cfg-path', '/tmp/tmp_xsge8oy', '--error-file', '/tmp/tmpxiutdp0c']
[2022-12-11 19:19:56,065] {standard_task_runner.py:80} INFO - Job 204: Subtask run_etl_process
[2022-12-11 19:19:56,204] {task_command.py:369} INFO - Running <TaskInstance: etl_DAG.run_etl_process scheduled__2022-11-16T15:00:00+00:00 [running]> on host 0163e0790208
[2022-12-11 19:19:56,467] {taskinstance.py:1571} INFO - Exporting the following env vars:
AIRFLOW_CTX_DAG_EMAIL=***@example.com
AIRFLOW_CTX_DAG_OWNER=***
AIRFLOW_CTX_DAG_ID=etl_DAG
AIRFLOW_CTX_TASK_ID=run_etl_process
AIRFLOW_CTX_EXECUTION_DATE=2022-11-16T15:00:00+00:00
AIRFLOW_CTX_TRY_NUMBER=1
AIRFLOW_CTX_DAG_RUN_ID=scheduled__2022-11-16T15:00:00+00:00
[2022-12-11 19:20:04,961] {python.py:173} INFO - Done. Returned value was: None
[2022-12-11 19:20:05,351] {taskinstance.py:1400} INFO - Marking task as SUCCESS. dag_id=etl_DAG, task_id=run_etl_process, execution_date=20221116T150000, start_date=20221211T191955, end_date=20221211T192005
[2022-12-11 19:20:05,800] {local_task_job.py:156} INFO - Task exited with return code 0
[2022-12-11 19:20:06,494] {local_task_job.py:273} INFO - 0 downstream tasks scheduled from follow-on schedule check
