[2022-11-06 14:05:29,519] {taskinstance.py:1159} INFO - Dependencies all met for <TaskInstance: xetra_DAG.run_xetra_etl scheduled__2022-11-03T20:02:00+00:00 [queued]>
[2022-11-06 14:05:29,585] {taskinstance.py:1159} INFO - Dependencies all met for <TaskInstance: xetra_DAG.run_xetra_etl scheduled__2022-11-03T20:02:00+00:00 [queued]>
[2022-11-06 14:05:29,586] {taskinstance.py:1356} INFO - 
--------------------------------------------------------------------------------
[2022-11-06 14:05:29,587] {taskinstance.py:1357} INFO - Starting attempt 2 of 2
[2022-11-06 14:05:29,588] {taskinstance.py:1358} INFO - 
--------------------------------------------------------------------------------
[2022-11-06 14:05:29,667] {taskinstance.py:1377} INFO - Executing <Task(PythonOperator): run_xetra_etl> on 2022-11-03 20:02:00+00:00
[2022-11-06 14:05:29,689] {standard_task_runner.py:52} INFO - Started process 157 to run task
[2022-11-06 14:05:29,705] {standard_task_runner.py:79} INFO - Running: ['***', 'tasks', 'run', 'xetra_DAG', 'run_xetra_etl', 'scheduled__2022-11-03T20:02:00+00:00', '--job-id', '153', '--raw', '--subdir', 'DAGS_FOLDER/xetra_DAG.py', '--cfg-path', '/tmp/tmpa21e130e', '--error-file', '/tmp/tmph2uitl5c']
[2022-11-06 14:05:29,709] {standard_task_runner.py:80} INFO - Job 153: Subtask run_xetra_etl
[2022-11-06 14:05:30,314] {task_command.py:369} INFO - Running <TaskInstance: xetra_DAG.run_xetra_etl scheduled__2022-11-03T20:02:00+00:00 [running]> on host 0163e0790208
[2022-11-06 14:05:30,737] {taskinstance.py:1571} INFO - Exporting the following env vars:
AIRFLOW_CTX_DAG_EMAIL=***@example.com
AIRFLOW_CTX_DAG_OWNER=***
AIRFLOW_CTX_DAG_ID=xetra_DAG
AIRFLOW_CTX_TASK_ID=run_xetra_etl
AIRFLOW_CTX_EXECUTION_DATE=2022-11-03T20:02:00+00:00
AIRFLOW_CTX_TRY_NUMBER=2
AIRFLOW_CTX_DAG_RUN_ID=scheduled__2022-11-03T20:02:00+00:00
[2022-11-06 14:06:05,351] {python.py:173} INFO - Done. Returned value was: None
[2022-11-06 14:06:05,377] {taskinstance.py:1400} INFO - Marking task as SUCCESS. dag_id=xetra_DAG, task_id=run_xetra_etl, execution_date=20221103T200200, start_date=20221106T140529, end_date=20221106T140605
[2022-11-06 14:06:05,819] {local_task_job.py:221} WARNING - State of this instance has been externally set to success. Terminating instance.
[2022-11-06 14:06:05,842] {process_utils.py:129} INFO - Sending Signals.SIGTERM to group 157. PIDs of all processes in the group: [157]
[2022-11-06 14:06:05,856] {process_utils.py:80} INFO - Sending the signal Signals.SIGTERM to group 157
[2022-11-06 14:06:05,867] {process_utils.py:75} INFO - Process psutil.Process(pid=157, status='terminated', exitcode=0, started='14:05:29') (157) terminated with exit code 0
