[2022-12-11 19:18:41,049] {taskinstance.py:1159} INFO - Dependencies all met for <TaskInstance: etl_DAG.run_etl_process scheduled__2022-11-06T15:00:00+00:00 [queued]>
[2022-12-11 19:18:41,193] {taskinstance.py:1159} INFO - Dependencies all met for <TaskInstance: etl_DAG.run_etl_process scheduled__2022-11-06T15:00:00+00:00 [queued]>
[2022-12-11 19:18:41,208] {taskinstance.py:1356} INFO - 
--------------------------------------------------------------------------------
[2022-12-11 19:18:41,211] {taskinstance.py:1357} INFO - Starting attempt 1 of 2
[2022-12-11 19:18:41,216] {taskinstance.py:1358} INFO - 
--------------------------------------------------------------------------------
[2022-12-11 19:18:42,436] {taskinstance.py:1377} INFO - Executing <Task(PythonOperator): run_etl_process> on 2022-11-06 15:00:00+00:00
[2022-12-11 19:18:43,030] {standard_task_runner.py:52} INFO - Started process 187 to run task
[2022-12-11 19:18:49,843] {standard_task_runner.py:79} INFO - Running: ['***', 'tasks', 'run', 'etl_DAG', 'run_etl_process', 'scheduled__2022-11-06T15:00:00+00:00', '--job-id', '199', '--raw', '--subdir', 'DAGS_FOLDER/etl_DAG.py', '--cfg-path', '/tmp/tmp67qd0k1b', '--error-file', '/tmp/tmppftw_mrs']
[2022-12-11 19:18:49,895] {standard_task_runner.py:80} INFO - Job 199: Subtask run_etl_process
[2022-12-11 19:18:57,115] {task_command.py:369} INFO - Running <TaskInstance: etl_DAG.run_etl_process scheduled__2022-11-06T15:00:00+00:00 [running]> on host 0163e0790208
[2022-12-11 19:19:06,266] {taskinstance.py:1571} INFO - Exporting the following env vars:
AIRFLOW_CTX_DAG_EMAIL=***@example.com
AIRFLOW_CTX_DAG_OWNER=***
AIRFLOW_CTX_DAG_ID=etl_DAG
AIRFLOW_CTX_TASK_ID=run_etl_process
AIRFLOW_CTX_EXECUTION_DATE=2022-11-06T15:00:00+00:00
AIRFLOW_CTX_TRY_NUMBER=1
AIRFLOW_CTX_DAG_RUN_ID=scheduled__2022-11-06T15:00:00+00:00
[2022-12-11 19:19:37,958] {python.py:173} INFO - Done. Returned value was: None
[2022-12-11 19:19:38,337] {taskinstance.py:1400} INFO - Marking task as SUCCESS. dag_id=etl_DAG, task_id=run_etl_process, execution_date=20221106T150000, start_date=20221211T191841, end_date=20221211T191938
[2022-12-11 19:19:39,023] {local_task_job.py:156} INFO - Task exited with return code 0
[2022-12-11 19:19:39,777] {local_task_job.py:273} INFO - 0 downstream tasks scheduled from follow-on schedule check
