[2022-12-11 19:22:55,023] {taskinstance.py:1159} INFO - Dependencies all met for <TaskInstance: etl_DAG.run_etl_process scheduled__2022-11-22T15:00:00+00:00 [queued]>
[2022-12-11 19:22:55,043] {taskinstance.py:1159} INFO - Dependencies all met for <TaskInstance: etl_DAG.run_etl_process scheduled__2022-11-22T15:00:00+00:00 [queued]>
[2022-12-11 19:22:55,044] {taskinstance.py:1356} INFO - 
--------------------------------------------------------------------------------
[2022-12-11 19:22:55,045] {taskinstance.py:1357} INFO - Starting attempt 2 of 2
[2022-12-11 19:22:55,046] {taskinstance.py:1358} INFO - 
--------------------------------------------------------------------------------
[2022-12-11 19:22:55,078] {taskinstance.py:1377} INFO - Executing <Task(PythonOperator): run_etl_process> on 2022-11-22 15:00:00+00:00
[2022-12-11 19:22:55,087] {standard_task_runner.py:52} INFO - Started process 408 to run task
[2022-12-11 19:22:55,094] {standard_task_runner.py:79} INFO - Running: ['***', 'tasks', 'run', 'etl_DAG', 'run_etl_process', 'scheduled__2022-11-22T15:00:00+00:00', '--job-id', '233', '--raw', '--subdir', 'DAGS_FOLDER/etl_DAG.py', '--cfg-path', '/tmp/tmpb8jlg0yn', '--error-file', '/tmp/tmpf1mrgeer']
[2022-12-11 19:22:55,096] {standard_task_runner.py:80} INFO - Job 233: Subtask run_etl_process
[2022-12-11 19:22:55,194] {task_command.py:369} INFO - Running <TaskInstance: etl_DAG.run_etl_process scheduled__2022-11-22T15:00:00+00:00 [running]> on host 0163e0790208
[2022-12-11 19:22:55,314] {taskinstance.py:1571} INFO - Exporting the following env vars:
AIRFLOW_CTX_DAG_EMAIL=***@example.com
AIRFLOW_CTX_DAG_OWNER=***
AIRFLOW_CTX_DAG_ID=etl_DAG
AIRFLOW_CTX_TASK_ID=run_etl_process
AIRFLOW_CTX_EXECUTION_DATE=2022-11-22T15:00:00+00:00
AIRFLOW_CTX_TRY_NUMBER=2
AIRFLOW_CTX_DAG_RUN_ID=scheduled__2022-11-22T15:00:00+00:00
[2022-12-11 19:22:58,896] {python.py:173} INFO - Done. Returned value was: None
[2022-12-11 19:22:58,945] {taskinstance.py:1400} INFO - Marking task as SUCCESS. dag_id=etl_DAG, task_id=run_etl_process, execution_date=20221122T150000, start_date=20221211T192255, end_date=20221211T192258
[2022-12-11 19:22:59,011] {local_task_job.py:156} INFO - Task exited with return code 0
[2022-12-11 19:22:59,077] {local_task_job.py:273} INFO - 0 downstream tasks scheduled from follow-on schedule check
