[2022-12-11 19:20:50,226] {taskinstance.py:1159} INFO - Dependencies all met for <TaskInstance: etl_DAG.run_etl_process scheduled__2022-11-22T15:00:00+00:00 [queued]>
[2022-12-11 19:20:50,518] {taskinstance.py:1159} INFO - Dependencies all met for <TaskInstance: etl_DAG.run_etl_process scheduled__2022-11-22T15:00:00+00:00 [queued]>
[2022-12-11 19:20:50,540] {taskinstance.py:1356} INFO - 
--------------------------------------------------------------------------------
[2022-12-11 19:20:50,553] {taskinstance.py:1357} INFO - Starting attempt 1 of 2
[2022-12-11 19:20:50,565] {taskinstance.py:1358} INFO - 
--------------------------------------------------------------------------------
[2022-12-11 19:20:50,983] {taskinstance.py:1377} INFO - Executing <Task(PythonOperator): run_etl_process> on 2022-11-22 15:00:00+00:00
[2022-12-11 19:20:51,004] {standard_task_runner.py:52} INFO - Started process 302 to run task
[2022-12-11 19:20:51,078] {standard_task_runner.py:79} INFO - Running: ['***', 'tasks', 'run', 'etl_DAG', 'run_etl_process', 'scheduled__2022-11-22T15:00:00+00:00', '--job-id', '213', '--raw', '--subdir', 'DAGS_FOLDER/etl_DAG.py', '--cfg-path', '/tmp/tmptr8gqohn', '--error-file', '/tmp/tmp7u1e2sjr']
[2022-12-11 19:20:51,087] {standard_task_runner.py:80} INFO - Job 213: Subtask run_etl_process
[2022-12-11 19:20:52,289] {task_command.py:369} INFO - Running <TaskInstance: etl_DAG.run_etl_process scheduled__2022-11-22T15:00:00+00:00 [running]> on host 0163e0790208
[2022-12-11 19:20:54,775] {taskinstance.py:1571} INFO - Exporting the following env vars:
AIRFLOW_CTX_DAG_EMAIL=***@example.com
AIRFLOW_CTX_DAG_OWNER=***
AIRFLOW_CTX_DAG_ID=etl_DAG
AIRFLOW_CTX_TASK_ID=run_etl_process
AIRFLOW_CTX_EXECUTION_DATE=2022-11-22T15:00:00+00:00
AIRFLOW_CTX_TRY_NUMBER=1
AIRFLOW_CTX_DAG_RUN_ID=scheduled__2022-11-22T15:00:00+00:00
[2022-12-11 19:21:52,744] {taskinstance.py:1889} ERROR - Task failed with exception
Traceback (most recent call last):
  File "/home/airflow/.local/lib/python3.7/site-packages/airflow/operators/python.py", line 171, in execute
    return_value = self.execute_callable()
  File "/home/airflow/.local/lib/python3.7/site-packages/airflow/operators/python.py", line 189, in execute_callable
    return self.python_callable(*self.op_args, **self.op_kwargs)
  File "/opt/airflow/dags/etl_process.py", line 82, in run_etl
    update_meta_file(META_FILE_PATH, [date_to_process], [date_of_processing_meta])
  File "/opt/airflow/dags/etl_process.py", line 29, in update_meta_file
    df_meta = pd.read_csv(meta_file_path)
  File "/home/airflow/.local/lib/python3.7/site-packages/pandas/util/_decorators.py", line 311, in wrapper
    return func(*args, **kwargs)
  File "/home/airflow/.local/lib/python3.7/site-packages/pandas/io/parsers/readers.py", line 586, in read_csv
    return _read(filepath_or_buffer, kwds)
  File "/home/airflow/.local/lib/python3.7/site-packages/pandas/io/parsers/readers.py", line 482, in _read
    parser = TextFileReader(filepath_or_buffer, **kwds)
  File "/home/airflow/.local/lib/python3.7/site-packages/pandas/io/parsers/readers.py", line 811, in __init__
    self._engine = self._make_engine(self.engine)
  File "/home/airflow/.local/lib/python3.7/site-packages/pandas/io/parsers/readers.py", line 1040, in _make_engine
    return mapping[engine](self.f, **self.options)  # type: ignore[call-arg]
  File "/home/airflow/.local/lib/python3.7/site-packages/pandas/io/parsers/c_parser_wrapper.py", line 69, in __init__
    self._reader = parsers.TextReader(self.handles.handle, **kwds)
  File "pandas/_libs/parsers.pyx", line 549, in pandas._libs.parsers.TextReader.__cinit__
pandas.errors.EmptyDataError: No columns to parse from file
[2022-12-11 19:21:54,143] {taskinstance.py:1400} INFO - Marking task as UP_FOR_RETRY. dag_id=etl_DAG, task_id=run_etl_process, execution_date=20221122T150000, start_date=20221211T192050, end_date=20221211T192153
[2022-12-11 19:21:57,003] {standard_task_runner.py:97} ERROR - Failed to execute job 213 for task run_etl_process (No columns to parse from file; 302)
[2022-12-11 19:21:57,598] {local_task_job.py:156} INFO - Task exited with return code 1
[2022-12-11 19:21:58,348] {local_task_job.py:273} INFO - 0 downstream tasks scheduled from follow-on schedule check
