[2022-11-06 15:43:34,477] {taskinstance.py:1159} INFO - Dependencies all met for <TaskInstance: xetra_DAG.run_xetra_etl manual__2022-11-06T15:43:21.337676+00:00 [queued]>
[2022-11-06 15:43:34,496] {taskinstance.py:1159} INFO - Dependencies all met for <TaskInstance: xetra_DAG.run_xetra_etl manual__2022-11-06T15:43:21.337676+00:00 [queued]>
[2022-11-06 15:43:34,497] {taskinstance.py:1356} INFO - 
--------------------------------------------------------------------------------
[2022-11-06 15:43:34,497] {taskinstance.py:1357} INFO - Starting attempt 1 of 2
[2022-11-06 15:43:34,498] {taskinstance.py:1358} INFO - 
--------------------------------------------------------------------------------
[2022-11-06 15:43:34,527] {taskinstance.py:1377} INFO - Executing <Task(PythonOperator): run_xetra_etl> on 2022-11-06 15:43:21.337676+00:00
[2022-11-06 15:43:34,539] {standard_task_runner.py:52} INFO - Started process 443 to run task
[2022-11-06 15:43:34,547] {standard_task_runner.py:79} INFO - Running: ['***', 'tasks', 'run', 'xetra_DAG', 'run_xetra_etl', 'manual__2022-11-06T15:43:21.337676+00:00', '--job-id', '172', '--raw', '--subdir', 'DAGS_FOLDER/xetra_DAG.py', '--cfg-path', '/tmp/tmp5s9bwxl_', '--error-file', '/tmp/tmptpnh57ti']
[2022-11-06 15:43:34,550] {standard_task_runner.py:80} INFO - Job 172: Subtask run_xetra_etl
[2022-11-06 15:43:34,740] {task_command.py:369} INFO - Running <TaskInstance: xetra_DAG.run_xetra_etl manual__2022-11-06T15:43:21.337676+00:00 [running]> on host 0163e0790208
[2022-11-06 15:43:35,251] {taskinstance.py:1571} INFO - Exporting the following env vars:
AIRFLOW_CTX_DAG_EMAIL=***@example.com
AIRFLOW_CTX_DAG_OWNER=***
AIRFLOW_CTX_DAG_ID=xetra_DAG
AIRFLOW_CTX_TASK_ID=run_xetra_etl
AIRFLOW_CTX_EXECUTION_DATE=2022-11-06T15:43:21.337676+00:00
AIRFLOW_CTX_TRY_NUMBER=1
AIRFLOW_CTX_DAG_RUN_ID=manual__2022-11-06T15:43:21.337676+00:00
[2022-11-06 15:43:38,274] {python.py:173} INFO - Done. Returned value was: None
[2022-11-06 15:43:38,296] {taskinstance.py:1400} INFO - Marking task as SUCCESS. dag_id=xetra_DAG, task_id=run_xetra_etl, execution_date=20221106T154321, start_date=20221106T154334, end_date=20221106T154338
[2022-11-06 15:43:38,382] {local_task_job.py:156} INFO - Task exited with return code 0
[2022-11-06 15:43:38,440] {local_task_job.py:273} INFO - 0 downstream tasks scheduled from follow-on schedule check
