[2022-11-06 14:05:29,540] {taskinstance.py:1159} INFO - Dependencies all met for <TaskInstance: xetra_DAG.run_xetra_etl scheduled__2022-11-03T14:00:00+00:00 [queued]>
[2022-11-06 14:05:29,579] {taskinstance.py:1159} INFO - Dependencies all met for <TaskInstance: xetra_DAG.run_xetra_etl scheduled__2022-11-03T14:00:00+00:00 [queued]>
[2022-11-06 14:05:29,580] {taskinstance.py:1356} INFO - 
--------------------------------------------------------------------------------
[2022-11-06 14:05:29,582] {taskinstance.py:1357} INFO - Starting attempt 2 of 2
[2022-11-06 14:05:29,583] {taskinstance.py:1358} INFO - 
--------------------------------------------------------------------------------
[2022-11-06 14:05:29,659] {taskinstance.py:1377} INFO - Executing <Task(PythonOperator): run_xetra_etl> on 2022-11-03 14:00:00+00:00
[2022-11-06 14:05:29,680] {standard_task_runner.py:52} INFO - Started process 156 to run task
[2022-11-06 14:05:29,714] {standard_task_runner.py:79} INFO - Running: ['***', 'tasks', 'run', 'xetra_DAG', 'run_xetra_etl', 'scheduled__2022-11-03T14:00:00+00:00', '--job-id', '157', '--raw', '--subdir', 'DAGS_FOLDER/xetra_DAG.py', '--cfg-path', '/tmp/tmp3j3eu_o6', '--error-file', '/tmp/tmp2h70k1ic']
[2022-11-06 14:05:29,720] {standard_task_runner.py:80} INFO - Job 157: Subtask run_xetra_etl
[2022-11-06 14:05:30,324] {task_command.py:369} INFO - Running <TaskInstance: xetra_DAG.run_xetra_etl scheduled__2022-11-03T14:00:00+00:00 [running]> on host 0163e0790208
[2022-11-06 14:05:30,797] {taskinstance.py:1571} INFO - Exporting the following env vars:
AIRFLOW_CTX_DAG_EMAIL=***@example.com
AIRFLOW_CTX_DAG_OWNER=***
AIRFLOW_CTX_DAG_ID=xetra_DAG
AIRFLOW_CTX_TASK_ID=run_xetra_etl
AIRFLOW_CTX_EXECUTION_DATE=2022-11-03T14:00:00+00:00
AIRFLOW_CTX_TRY_NUMBER=2
AIRFLOW_CTX_DAG_RUN_ID=scheduled__2022-11-03T14:00:00+00:00
[2022-11-06 14:05:47,239] {python.py:173} INFO - Done. Returned value was: None
[2022-11-06 14:05:47,280] {taskinstance.py:1400} INFO - Marking task as SUCCESS. dag_id=xetra_DAG, task_id=run_xetra_etl, execution_date=20221103T140000, start_date=20221106T140529, end_date=20221106T140547
[2022-11-06 14:05:47,555] {local_task_job.py:156} INFO - Task exited with return code 0
[2022-11-06 14:05:48,351] {local_task_job.py:273} INFO - 0 downstream tasks scheduled from follow-on schedule check
