[2022-11-06 14:20:01,403] {taskinstance.py:1159} INFO - Dependencies all met for <TaskInstance: xetra_DAG.run_xetra_etl scheduled__2022-11-05T15:00:00+00:00 [queued]>
[2022-11-06 14:20:01,415] {taskinstance.py:1159} INFO - Dependencies all met for <TaskInstance: xetra_DAG.run_xetra_etl scheduled__2022-11-05T15:00:00+00:00 [queued]>
[2022-11-06 14:20:01,416] {taskinstance.py:1356} INFO - 
--------------------------------------------------------------------------------
[2022-11-06 14:20:01,417] {taskinstance.py:1357} INFO - Starting attempt 1 of 2
[2022-11-06 14:20:01,418] {taskinstance.py:1358} INFO - 
--------------------------------------------------------------------------------
[2022-11-06 14:20:01,439] {taskinstance.py:1377} INFO - Executing <Task(PythonOperator): run_xetra_etl> on 2022-11-05 15:00:00+00:00
[2022-11-06 14:20:01,445] {standard_task_runner.py:52} INFO - Started process 664 to run task
[2022-11-06 14:20:01,450] {standard_task_runner.py:79} INFO - Running: ['***', 'tasks', 'run', 'xetra_DAG', 'run_xetra_etl', 'scheduled__2022-11-05T15:00:00+00:00', '--job-id', '168', '--raw', '--subdir', 'DAGS_FOLDER/xetra_DAG.py', '--cfg-path', '/tmp/tmp8s1niql2', '--error-file', '/tmp/tmpvxmm471h']
[2022-11-06 14:20:01,451] {standard_task_runner.py:80} INFO - Job 168: Subtask run_xetra_etl
[2022-11-06 14:20:01,528] {task_command.py:369} INFO - Running <TaskInstance: xetra_DAG.run_xetra_etl scheduled__2022-11-05T15:00:00+00:00 [running]> on host 0163e0790208
[2022-11-06 14:20:01,626] {taskinstance.py:1571} INFO - Exporting the following env vars:
AIRFLOW_CTX_DAG_EMAIL=***@example.com
AIRFLOW_CTX_DAG_OWNER=***
AIRFLOW_CTX_DAG_ID=xetra_DAG
AIRFLOW_CTX_TASK_ID=run_xetra_etl
AIRFLOW_CTX_EXECUTION_DATE=2022-11-05T15:00:00+00:00
AIRFLOW_CTX_TRY_NUMBER=1
AIRFLOW_CTX_DAG_RUN_ID=scheduled__2022-11-05T15:00:00+00:00
[2022-11-06 14:20:04,374] {python.py:173} INFO - Done. Returned value was: None
[2022-11-06 14:20:04,391] {taskinstance.py:1400} INFO - Marking task as SUCCESS. dag_id=xetra_DAG, task_id=run_xetra_etl, execution_date=20221105T150000, start_date=20221106T142001, end_date=20221106T142004
[2022-11-06 14:20:04,437] {local_task_job.py:156} INFO - Task exited with return code 0
[2022-11-06 14:20:04,483] {local_task_job.py:273} INFO - 0 downstream tasks scheduled from follow-on schedule check
