[2022-11-06 14:02:18,512] {taskinstance.py:1159} INFO - Dependencies all met for <TaskInstance: xetra_DAG.run_xetra_etl scheduled__2022-11-02T20:02:00+00:00 [queued]>
[2022-11-06 14:02:19,199] {taskinstance.py:1159} INFO - Dependencies all met for <TaskInstance: xetra_DAG.run_xetra_etl scheduled__2022-11-02T20:02:00+00:00 [queued]>
[2022-11-06 14:02:19,213] {taskinstance.py:1356} INFO - 
--------------------------------------------------------------------------------
[2022-11-06 14:02:19,222] {taskinstance.py:1357} INFO - Starting attempt 1 of 2
[2022-11-06 14:02:19,231] {taskinstance.py:1358} INFO - 
--------------------------------------------------------------------------------
[2022-11-06 14:02:20,631] {taskinstance.py:1377} INFO - Executing <Task(PythonOperator): run_xetra_etl> on 2022-11-02 20:02:00+00:00
[2022-11-06 14:02:20,806] {standard_task_runner.py:52} INFO - Started process 112 to run task
[2022-11-06 14:02:20,867] {standard_task_runner.py:79} INFO - Running: ['***', 'tasks', 'run', 'xetra_DAG', 'run_xetra_etl', 'scheduled__2022-11-02T20:02:00+00:00', '--job-id', '149', '--raw', '--subdir', 'DAGS_FOLDER/xetra_DAG.py', '--cfg-path', '/tmp/tmp0g8h7v4r', '--error-file', '/tmp/tmppeg61q43']
[2022-11-06 14:02:21,369] {standard_task_runner.py:80} INFO - Job 149: Subtask run_xetra_etl
[2022-11-06 14:02:58,925] {task_command.py:369} INFO - Running <TaskInstance: xetra_DAG.run_xetra_etl scheduled__2022-11-02T20:02:00+00:00 [running]> on host 0163e0790208
[2022-11-06 14:04:26,888] {taskinstance.py:1571} INFO - Exporting the following env vars:
AIRFLOW_CTX_DAG_EMAIL=***@example.com
AIRFLOW_CTX_DAG_OWNER=***
AIRFLOW_CTX_DAG_ID=xetra_DAG
AIRFLOW_CTX_TASK_ID=run_xetra_etl
AIRFLOW_CTX_EXECUTION_DATE=2022-11-02T20:02:00+00:00
AIRFLOW_CTX_TRY_NUMBER=1
AIRFLOW_CTX_DAG_RUN_ID=scheduled__2022-11-02T20:02:00+00:00
[2022-11-06 14:05:26,967] {python.py:173} INFO - Done. Returned value was: None
[2022-11-06 14:05:27,202] {taskinstance.py:1400} INFO - Marking task as SUCCESS. dag_id=xetra_DAG, task_id=run_xetra_etl, execution_date=20221102T200200, start_date=20221106T140219, end_date=20221106T140527
[2022-11-06 14:05:27,504] {local_task_job.py:156} INFO - Task exited with return code 0
[2022-11-06 14:05:27,625] {local_task_job.py:273} INFO - 0 downstream tasks scheduled from follow-on schedule check
