[2022-12-11 19:18:36,993] {taskinstance.py:1159} INFO - Dependencies all met for <TaskInstance: etl_DAG.run_etl_process scheduled__2022-11-03T15:00:00+00:00 [queued]>
[2022-12-11 19:18:37,258] {taskinstance.py:1159} INFO - Dependencies all met for <TaskInstance: etl_DAG.run_etl_process scheduled__2022-11-03T15:00:00+00:00 [queued]>
[2022-12-11 19:18:37,267] {taskinstance.py:1356} INFO - 
--------------------------------------------------------------------------------
[2022-12-11 19:18:37,269] {taskinstance.py:1357} INFO - Starting attempt 1 of 2
[2022-12-11 19:18:37,280] {taskinstance.py:1358} INFO - 
--------------------------------------------------------------------------------
[2022-12-11 19:18:37,609] {taskinstance.py:1377} INFO - Executing <Task(PythonOperator): run_etl_process> on 2022-11-03 15:00:00+00:00
[2022-12-11 19:18:37,648] {standard_task_runner.py:52} INFO - Started process 178 to run task
[2022-12-11 19:18:37,820] {standard_task_runner.py:79} INFO - Running: ['***', 'tasks', 'run', 'etl_DAG', 'run_etl_process', 'scheduled__2022-11-03T15:00:00+00:00', '--job-id', '195', '--raw', '--subdir', 'DAGS_FOLDER/etl_DAG.py', '--cfg-path', '/tmp/tmps0v45p8v', '--error-file', '/tmp/tmp_25qoi5y']
[2022-12-11 19:18:37,836] {standard_task_runner.py:80} INFO - Job 195: Subtask run_etl_process
[2022-12-11 19:18:38,712] {task_command.py:369} INFO - Running <TaskInstance: etl_DAG.run_etl_process scheduled__2022-11-03T15:00:00+00:00 [running]> on host 0163e0790208
[2022-12-11 19:18:40,040] {taskinstance.py:1571} INFO - Exporting the following env vars:
AIRFLOW_CTX_DAG_EMAIL=***@example.com
AIRFLOW_CTX_DAG_OWNER=***
AIRFLOW_CTX_DAG_ID=etl_DAG
AIRFLOW_CTX_TASK_ID=run_etl_process
AIRFLOW_CTX_EXECUTION_DATE=2022-11-03T15:00:00+00:00
AIRFLOW_CTX_TRY_NUMBER=1
AIRFLOW_CTX_DAG_RUN_ID=scheduled__2022-11-03T15:00:00+00:00
[2022-12-11 19:19:23,863] {python.py:173} INFO - Done. Returned value was: None
[2022-12-11 19:19:25,692] {taskinstance.py:1400} INFO - Marking task as SUCCESS. dag_id=etl_DAG, task_id=run_etl_process, execution_date=20221103T150000, start_date=20221211T191837, end_date=20221211T191925
[2022-12-11 19:19:28,092] {local_task_job.py:221} WARNING - State of this instance has been externally set to success. Terminating instance.
[2022-12-11 19:19:28,560] {process_utils.py:129} INFO - Sending Signals.SIGTERM to group 178. PIDs of all processes in the group: [178]
[2022-12-11 19:19:28,856] {process_utils.py:80} INFO - Sending the signal Signals.SIGTERM to group 178
[2022-12-11 19:19:28,950] {taskinstance.py:1541} ERROR - Received SIGTERM. Terminating subprocesses.
[2022-12-11 19:19:29,672] {process_utils.py:75} INFO - Process psutil.Process(pid=178, status='terminated', exitcode=0, started='19:18:37') (178) terminated with exit code 0
