[2022-11-02 15:11:20,373] {taskinstance.py:1159} INFO - Dependencies all met for <TaskInstance: xetra_DAG.run_xetra_etl manual__2022-11-02T15:11:13.549700+00:00 [queued]>
[2022-11-02 15:11:20,397] {taskinstance.py:1159} INFO - Dependencies all met for <TaskInstance: xetra_DAG.run_xetra_etl manual__2022-11-02T15:11:13.549700+00:00 [queued]>
[2022-11-02 15:11:20,398] {taskinstance.py:1356} INFO - 
--------------------------------------------------------------------------------
[2022-11-02 15:11:20,399] {taskinstance.py:1357} INFO - Starting attempt 1 of 2
[2022-11-02 15:11:20,400] {taskinstance.py:1358} INFO - 
--------------------------------------------------------------------------------
[2022-11-02 15:11:20,471] {taskinstance.py:1377} INFO - Executing <Task(PythonOperator): run_xetra_etl> on 2022-11-02 15:11:13.549700+00:00
[2022-11-02 15:11:20,483] {standard_task_runner.py:52} INFO - Started process 1170 to run task
[2022-11-02 15:11:20,490] {standard_task_runner.py:79} INFO - Running: ['***', 'tasks', 'run', 'xetra_DAG', 'run_xetra_etl', 'manual__2022-11-02T15:11:13.549700+00:00', '--job-id', '143', '--raw', '--subdir', 'DAGS_FOLDER/xetra_DAG.py', '--cfg-path', '/tmp/tmpf1k_t_0w', '--error-file', '/tmp/tmpp64o53d3']
[2022-11-02 15:11:20,510] {standard_task_runner.py:80} INFO - Job 143: Subtask run_xetra_etl
[2022-11-02 15:11:32,439] {task_command.py:369} INFO - Running <TaskInstance: xetra_DAG.run_xetra_etl manual__2022-11-02T15:11:13.549700+00:00 [running]> on host 0163e0790208
[2022-11-02 15:11:38,441] {taskinstance.py:1571} INFO - Exporting the following env vars:
AIRFLOW_CTX_DAG_EMAIL=***@example.com
AIRFLOW_CTX_DAG_OWNER=***
AIRFLOW_CTX_DAG_ID=xetra_DAG
AIRFLOW_CTX_TASK_ID=run_xetra_etl
AIRFLOW_CTX_EXECUTION_DATE=2022-11-02T15:11:13.549700+00:00
AIRFLOW_CTX_TRY_NUMBER=1
AIRFLOW_CTX_DAG_RUN_ID=manual__2022-11-02T15:11:13.549700+00:00
[2022-11-02 15:11:38,444] {logging_mixin.py:115} INFO - meta_file.csv
[2022-11-02 15:12:25,735] {python.py:173} INFO - Done. Returned value was: None
[2022-11-02 15:12:25,786] {taskinstance.py:1400} INFO - Marking task as SUCCESS. dag_id=xetra_DAG, task_id=run_xetra_etl, execution_date=20221102T151113, start_date=20221102T151120, end_date=20221102T151225
[2022-11-02 15:12:26,234] {local_task_job.py:156} INFO - Task exited with return code 0
[2022-11-02 15:12:26,889] {local_task_job.py:273} INFO - 0 downstream tasks scheduled from follow-on schedule check
