[2022-12-11 19:22:10,873] {taskinstance.py:1159} INFO - Dependencies all met for <TaskInstance: etl_DAG.run_etl_process scheduled__2022-12-01T15:00:00+00:00 [queued]>
[2022-12-11 19:22:11,128] {taskinstance.py:1159} INFO - Dependencies all met for <TaskInstance: etl_DAG.run_etl_process scheduled__2022-12-01T15:00:00+00:00 [queued]>
[2022-12-11 19:22:11,133] {taskinstance.py:1356} INFO - 
--------------------------------------------------------------------------------
[2022-12-11 19:22:11,135] {taskinstance.py:1357} INFO - Starting attempt 1 of 2
[2022-12-11 19:22:11,136] {taskinstance.py:1358} INFO - 
--------------------------------------------------------------------------------
[2022-12-11 19:22:11,568] {taskinstance.py:1377} INFO - Executing <Task(PythonOperator): run_etl_process> on 2022-12-01 15:00:00+00:00
[2022-12-11 19:22:11,636] {standard_task_runner.py:79} INFO - Running: ['***', 'tasks', 'run', 'etl_DAG', 'run_etl_process', 'scheduled__2022-12-01T15:00:00+00:00', '--job-id', '223', '--raw', '--subdir', 'DAGS_FOLDER/etl_DAG.py', '--cfg-path', '/tmp/tmpu40yqnhd', '--error-file', '/tmp/tmp79n96tls']
[2022-12-11 19:22:11,620] {standard_task_runner.py:52} INFO - Started process 361 to run task
[2022-12-11 19:22:11,652] {standard_task_runner.py:80} INFO - Job 223: Subtask run_etl_process
[2022-12-11 19:22:12,354] {task_command.py:369} INFO - Running <TaskInstance: etl_DAG.run_etl_process scheduled__2022-12-01T15:00:00+00:00 [running]> on host 0163e0790208
[2022-12-11 19:22:13,432] {taskinstance.py:1571} INFO - Exporting the following env vars:
AIRFLOW_CTX_DAG_EMAIL=***@example.com
AIRFLOW_CTX_DAG_OWNER=***
AIRFLOW_CTX_DAG_ID=etl_DAG
AIRFLOW_CTX_TASK_ID=run_etl_process
AIRFLOW_CTX_EXECUTION_DATE=2022-12-01T15:00:00+00:00
AIRFLOW_CTX_TRY_NUMBER=1
AIRFLOW_CTX_DAG_RUN_ID=scheduled__2022-12-01T15:00:00+00:00
[2022-12-11 19:22:20,785] {python.py:173} INFO - Done. Returned value was: None
[2022-12-11 19:22:20,858] {taskinstance.py:1400} INFO - Marking task as SUCCESS. dag_id=etl_DAG, task_id=run_etl_process, execution_date=20221201T150000, start_date=20221211T192210, end_date=20221211T192220
[2022-12-11 19:22:20,982] {local_task_job.py:156} INFO - Task exited with return code 0
[2022-12-11 19:22:21,097] {local_task_job.py:273} INFO - 0 downstream tasks scheduled from follow-on schedule check
