[2022-12-11 19:16:32,499] {processor.py:153} INFO - Started process (PID=66) to work on /opt/airflow/dags/etl_DAG.py
[2022-12-11 19:16:32,556] {processor.py:641} INFO - Processing file /opt/airflow/dags/etl_DAG.py for tasks to queue
[2022-12-11 19:16:32,604] {logging_mixin.py:115} INFO - [2022-12-11 19:16:32,601] {dagbag.py:507} INFO - Filling up the DagBag from /opt/airflow/dags/etl_DAG.py
[2022-12-11 19:16:39,536] {processor.py:651} INFO - DAG(s) dict_keys(['etl_DAG']) retrieved from /opt/airflow/dags/etl_DAG.py
[2022-12-11 19:16:40,252] {logging_mixin.py:115} INFO - [2022-12-11 19:16:40,252] {manager.py:508} INFO - Created Permission View: can edit on DAG:etl_DAG
[2022-12-11 19:16:40,363] {logging_mixin.py:115} INFO - [2022-12-11 19:16:40,362] {manager.py:508} INFO - Created Permission View: can delete on DAG:etl_DAG
[2022-12-11 19:16:40,424] {logging_mixin.py:115} INFO - [2022-12-11 19:16:40,423] {manager.py:508} INFO - Created Permission View: can read on DAG:etl_DAG
[2022-12-11 19:16:40,427] {logging_mixin.py:115} INFO - [2022-12-11 19:16:40,426] {dag.py:2371} INFO - Sync 1 DAGs
[2022-12-11 19:16:40,496] {logging_mixin.py:115} INFO - [2022-12-11 19:16:40,492] {dag.py:2390} INFO - Creating ORM DAG for etl_DAG
[2022-12-11 19:16:40,714] {logging_mixin.py:115} INFO - [2022-12-11 19:16:40,714] {dag.py:2919} INFO - Setting next_dagrun for etl_DAG to 2022-11-01T15:00:00+00:00, run_after=2022-11-02T15:00:00+00:00
[2022-12-11 19:16:40,953] {processor.py:161} INFO - Processing /opt/airflow/dags/etl_DAG.py took 8.799 seconds
[2022-12-11 19:17:11,569] {processor.py:153} INFO - Started process (PID=121) to work on /opt/airflow/dags/etl_DAG.py
[2022-12-11 19:17:11,580] {processor.py:641} INFO - Processing file /opt/airflow/dags/etl_DAG.py for tasks to queue
[2022-12-11 19:17:11,584] {logging_mixin.py:115} INFO - [2022-12-11 19:17:11,584] {dagbag.py:507} INFO - Filling up the DagBag from /opt/airflow/dags/etl_DAG.py
[2022-12-11 19:17:14,579] {processor.py:651} INFO - DAG(s) dict_keys(['etl_DAG']) retrieved from /opt/airflow/dags/etl_DAG.py
[2022-12-11 19:17:14,758] {logging_mixin.py:115} INFO - [2022-12-11 19:17:14,756] {dag.py:2371} INFO - Sync 1 DAGs
[2022-12-11 19:17:14,873] {logging_mixin.py:115} INFO - [2022-12-11 19:17:14,873] {dag.py:2919} INFO - Setting next_dagrun for etl_DAG to 2022-11-01T15:00:00+00:00, run_after=2022-11-02T15:00:00+00:00
[2022-12-11 19:17:14,932] {processor.py:161} INFO - Processing /opt/airflow/dags/etl_DAG.py took 3.372 seconds
[2022-12-11 19:17:45,352] {processor.py:153} INFO - Started process (PID=171) to work on /opt/airflow/dags/etl_DAG.py
[2022-12-11 19:17:45,359] {processor.py:641} INFO - Processing file /opt/airflow/dags/etl_DAG.py for tasks to queue
[2022-12-11 19:17:45,370] {logging_mixin.py:115} INFO - [2022-12-11 19:17:45,370] {dagbag.py:507} INFO - Filling up the DagBag from /opt/airflow/dags/etl_DAG.py
[2022-12-11 19:17:47,683] {processor.py:651} INFO - DAG(s) dict_keys(['etl_DAG']) retrieved from /opt/airflow/dags/etl_DAG.py
[2022-12-11 19:17:47,922] {logging_mixin.py:115} INFO - [2022-12-11 19:17:47,920] {dag.py:2371} INFO - Sync 1 DAGs
[2022-12-11 19:17:48,165] {logging_mixin.py:115} INFO - [2022-12-11 19:17:48,164] {dag.py:2919} INFO - Setting next_dagrun for etl_DAG to 2022-11-01T15:00:00+00:00, run_after=2022-11-02T15:00:00+00:00
[2022-12-11 19:17:48,317] {processor.py:161} INFO - Processing /opt/airflow/dags/etl_DAG.py took 2.987 seconds
[2022-12-11 19:18:19,033] {processor.py:153} INFO - Started process (PID=231) to work on /opt/airflow/dags/etl_DAG.py
[2022-12-11 19:18:19,048] {processor.py:641} INFO - Processing file /opt/airflow/dags/etl_DAG.py for tasks to queue
[2022-12-11 19:18:19,051] {logging_mixin.py:115} INFO - [2022-12-11 19:18:19,051] {dagbag.py:507} INFO - Filling up the DagBag from /opt/airflow/dags/etl_DAG.py
[2022-12-11 19:18:23,743] {processor.py:651} INFO - DAG(s) dict_keys(['etl_DAG']) retrieved from /opt/airflow/dags/etl_DAG.py
[2022-12-11 19:18:24,042] {logging_mixin.py:115} INFO - [2022-12-11 19:18:24,040] {dag.py:2371} INFO - Sync 1 DAGs
[2022-12-11 19:18:24,236] {logging_mixin.py:115} INFO - [2022-12-11 19:18:24,235] {dag.py:2919} INFO - Setting next_dagrun for etl_DAG to 2022-11-06T15:00:00+00:00, run_after=2022-11-07T15:00:00+00:00
[2022-12-11 19:18:24,303] {processor.py:161} INFO - Processing /opt/airflow/dags/etl_DAG.py took 5.287 seconds
[2022-12-11 19:19:26,364] {processor.py:153} INFO - Started process (PID=294) to work on /opt/airflow/dags/etl_DAG.py
[2022-12-11 19:19:26,378] {processor.py:641} INFO - Processing file /opt/airflow/dags/etl_DAG.py for tasks to queue
[2022-12-11 19:19:26,394] {logging_mixin.py:115} INFO - [2022-12-11 19:19:26,393] {dagbag.py:507} INFO - Filling up the DagBag from /opt/airflow/dags/etl_DAG.py
[2022-12-11 19:19:36,157] {processor.py:651} INFO - DAG(s) dict_keys(['etl_DAG']) retrieved from /opt/airflow/dags/etl_DAG.py
[2022-12-11 19:19:36,427] {logging_mixin.py:115} INFO - [2022-12-11 19:19:36,425] {dag.py:2371} INFO - Sync 1 DAGs
[2022-12-11 19:19:36,620] {logging_mixin.py:115} INFO - [2022-12-11 19:19:36,620] {dag.py:2919} INFO - Setting next_dagrun for etl_DAG to 2022-11-16T15:00:00+00:00, run_after=2022-11-17T15:00:00+00:00
[2022-12-11 19:19:36,782] {processor.py:161} INFO - Processing /opt/airflow/dags/etl_DAG.py took 10.483 seconds
[2022-12-11 19:20:07,325] {processor.py:153} INFO - Started process (PID=356) to work on /opt/airflow/dags/etl_DAG.py
[2022-12-11 19:20:07,334] {processor.py:641} INFO - Processing file /opt/airflow/dags/etl_DAG.py for tasks to queue
[2022-12-11 19:20:07,349] {logging_mixin.py:115} INFO - [2022-12-11 19:20:07,348] {dagbag.py:507} INFO - Filling up the DagBag from /opt/airflow/dags/etl_DAG.py
[2022-12-11 19:20:12,265] {processor.py:651} INFO - DAG(s) dict_keys(['etl_DAG']) retrieved from /opt/airflow/dags/etl_DAG.py
[2022-12-11 19:20:12,699] {logging_mixin.py:115} INFO - [2022-12-11 19:20:12,697] {dag.py:2371} INFO - Sync 1 DAGs
[2022-12-11 19:20:12,968] {logging_mixin.py:115} INFO - [2022-12-11 19:20:12,968] {dag.py:2919} INFO - Setting next_dagrun for etl_DAG to 2022-11-25T15:00:00+00:00, run_after=2022-11-26T15:00:00+00:00
[2022-12-11 19:20:13,112] {processor.py:161} INFO - Processing /opt/airflow/dags/etl_DAG.py took 5.809 seconds
[2022-12-11 19:20:49,991] {processor.py:153} INFO - Started process (PID=420) to work on /opt/airflow/dags/etl_DAG.py
[2022-12-11 19:20:50,008] {processor.py:641} INFO - Processing file /opt/airflow/dags/etl_DAG.py for tasks to queue
[2022-12-11 19:20:50,013] {logging_mixin.py:115} INFO - [2022-12-11 19:20:50,013] {dagbag.py:507} INFO - Filling up the DagBag from /opt/airflow/dags/etl_DAG.py
[2022-12-11 19:20:54,391] {processor.py:651} INFO - DAG(s) dict_keys(['etl_DAG']) retrieved from /opt/airflow/dags/etl_DAG.py
[2022-12-11 19:20:54,611] {logging_mixin.py:115} INFO - [2022-12-11 19:20:54,603] {dag.py:2371} INFO - Sync 1 DAGs
[2022-12-11 19:20:54,770] {logging_mixin.py:115} INFO - [2022-12-11 19:20:54,769] {dag.py:2919} INFO - Setting next_dagrun for etl_DAG to 2022-11-29T15:00:00+00:00, run_after=2022-11-30T15:00:00+00:00
[2022-12-11 19:20:54,906] {processor.py:161} INFO - Processing /opt/airflow/dags/etl_DAG.py took 4.929 seconds
[2022-12-11 19:21:27,103] {processor.py:153} INFO - Started process (PID=474) to work on /opt/airflow/dags/etl_DAG.py
[2022-12-11 19:21:27,131] {processor.py:641} INFO - Processing file /opt/airflow/dags/etl_DAG.py for tasks to queue
[2022-12-11 19:21:27,134] {logging_mixin.py:115} INFO - [2022-12-11 19:21:27,134] {dagbag.py:507} INFO - Filling up the DagBag from /opt/airflow/dags/etl_DAG.py
[2022-12-11 19:21:35,987] {processor.py:651} INFO - DAG(s) dict_keys(['etl_DAG']) retrieved from /opt/airflow/dags/etl_DAG.py
[2022-12-11 19:21:36,094] {logging_mixin.py:115} INFO - [2022-12-11 19:21:36,093] {dag.py:2371} INFO - Sync 1 DAGs
[2022-12-11 19:21:36,217] {logging_mixin.py:115} INFO - [2022-12-11 19:21:36,217] {dag.py:2919} INFO - Setting next_dagrun for etl_DAG to 2022-11-30T15:00:00+00:00, run_after=2022-12-01T15:00:00+00:00
[2022-12-11 19:21:36,314] {processor.py:161} INFO - Processing /opt/airflow/dags/etl_DAG.py took 9.217 seconds
[2022-12-11 19:22:09,041] {processor.py:153} INFO - Started process (PID=526) to work on /opt/airflow/dags/etl_DAG.py
[2022-12-11 19:22:09,047] {processor.py:641} INFO - Processing file /opt/airflow/dags/etl_DAG.py for tasks to queue
[2022-12-11 19:22:09,054] {logging_mixin.py:115} INFO - [2022-12-11 19:22:09,053] {dagbag.py:507} INFO - Filling up the DagBag from /opt/airflow/dags/etl_DAG.py
[2022-12-11 19:22:12,459] {processor.py:651} INFO - DAG(s) dict_keys(['etl_DAG']) retrieved from /opt/airflow/dags/etl_DAG.py
[2022-12-11 19:22:12,617] {logging_mixin.py:115} INFO - [2022-12-11 19:22:12,613] {dag.py:2371} INFO - Sync 1 DAGs
[2022-12-11 19:22:12,837] {logging_mixin.py:115} INFO - [2022-12-11 19:22:12,837] {dag.py:2919} INFO - Setting next_dagrun for etl_DAG to 2022-12-04T15:00:00+00:00, run_after=2022-12-05T15:00:00+00:00
[2022-12-11 19:22:12,986] {processor.py:161} INFO - Processing /opt/airflow/dags/etl_DAG.py took 3.958 seconds
[2022-12-11 19:22:43,378] {processor.py:153} INFO - Started process (PID=574) to work on /opt/airflow/dags/etl_DAG.py
[2022-12-11 19:22:43,380] {processor.py:641} INFO - Processing file /opt/airflow/dags/etl_DAG.py for tasks to queue
[2022-12-11 19:22:43,382] {logging_mixin.py:115} INFO - [2022-12-11 19:22:43,382] {dagbag.py:507} INFO - Filling up the DagBag from /opt/airflow/dags/etl_DAG.py
[2022-12-11 19:22:44,428] {processor.py:651} INFO - DAG(s) dict_keys(['etl_DAG']) retrieved from /opt/airflow/dags/etl_DAG.py
[2022-12-11 19:22:44,479] {logging_mixin.py:115} INFO - [2022-12-11 19:22:44,478] {dag.py:2371} INFO - Sync 1 DAGs
[2022-12-11 19:22:44,541] {logging_mixin.py:115} INFO - [2022-12-11 19:22:44,541] {dag.py:2919} INFO - Setting next_dagrun for etl_DAG to 2022-12-11T15:00:00+00:00, run_after=2022-12-12T15:00:00+00:00
[2022-12-11 19:22:44,578] {processor.py:161} INFO - Processing /opt/airflow/dags/etl_DAG.py took 1.208 seconds
[2022-12-11 19:23:14,946] {processor.py:153} INFO - Started process (PID=629) to work on /opt/airflow/dags/etl_DAG.py
[2022-12-11 19:23:14,948] {processor.py:641} INFO - Processing file /opt/airflow/dags/etl_DAG.py for tasks to queue
[2022-12-11 19:23:14,949] {logging_mixin.py:115} INFO - [2022-12-11 19:23:14,949] {dagbag.py:507} INFO - Filling up the DagBag from /opt/airflow/dags/etl_DAG.py
[2022-12-11 19:23:15,677] {processor.py:651} INFO - DAG(s) dict_keys(['etl_DAG']) retrieved from /opt/airflow/dags/etl_DAG.py
[2022-12-11 19:23:15,721] {logging_mixin.py:115} INFO - [2022-12-11 19:23:15,720] {dag.py:2371} INFO - Sync 1 DAGs
[2022-12-11 19:23:15,768] {logging_mixin.py:115} INFO - [2022-12-11 19:23:15,768] {dag.py:2919} INFO - Setting next_dagrun for etl_DAG to 2022-12-11T15:00:00+00:00, run_after=2022-12-12T15:00:00+00:00
[2022-12-11 19:23:15,804] {processor.py:161} INFO - Processing /opt/airflow/dags/etl_DAG.py took 0.865 seconds
[2022-12-11 19:23:46,446] {processor.py:153} INFO - Started process (PID=694) to work on /opt/airflow/dags/etl_DAG.py
[2022-12-11 19:23:46,448] {processor.py:641} INFO - Processing file /opt/airflow/dags/etl_DAG.py for tasks to queue
[2022-12-11 19:23:46,450] {logging_mixin.py:115} INFO - [2022-12-11 19:23:46,450] {dagbag.py:507} INFO - Filling up the DagBag from /opt/airflow/dags/etl_DAG.py
[2022-12-11 19:23:47,198] {processor.py:651} INFO - DAG(s) dict_keys(['etl_DAG']) retrieved from /opt/airflow/dags/etl_DAG.py
[2022-12-11 19:23:47,228] {logging_mixin.py:115} INFO - [2022-12-11 19:23:47,227] {dag.py:2371} INFO - Sync 1 DAGs
[2022-12-11 19:23:47,272] {logging_mixin.py:115} INFO - [2022-12-11 19:23:47,272] {dag.py:2919} INFO - Setting next_dagrun for etl_DAG to 2022-12-11T15:00:00+00:00, run_after=2022-12-12T15:00:00+00:00
[2022-12-11 19:23:47,292] {processor.py:161} INFO - Processing /opt/airflow/dags/etl_DAG.py took 0.857 seconds
[2022-12-11 19:24:17,379] {processor.py:153} INFO - Started process (PID=749) to work on /opt/airflow/dags/etl_DAG.py
[2022-12-11 19:24:17,380] {processor.py:641} INFO - Processing file /opt/airflow/dags/etl_DAG.py for tasks to queue
[2022-12-11 19:24:17,381] {logging_mixin.py:115} INFO - [2022-12-11 19:24:17,381] {dagbag.py:507} INFO - Filling up the DagBag from /opt/airflow/dags/etl_DAG.py
[2022-12-11 19:24:18,125] {processor.py:651} INFO - DAG(s) dict_keys(['etl_DAG']) retrieved from /opt/airflow/dags/etl_DAG.py
[2022-12-11 19:24:18,167] {logging_mixin.py:115} INFO - [2022-12-11 19:24:18,165] {dag.py:2371} INFO - Sync 1 DAGs
[2022-12-11 19:24:18,208] {logging_mixin.py:115} INFO - [2022-12-11 19:24:18,208] {dag.py:2919} INFO - Setting next_dagrun for etl_DAG to 2022-12-11T15:00:00+00:00, run_after=2022-12-12T15:00:00+00:00
[2022-12-11 19:24:18,236] {processor.py:161} INFO - Processing /opt/airflow/dags/etl_DAG.py took 0.863 seconds
[2022-12-11 19:24:48,636] {processor.py:153} INFO - Started process (PID=803) to work on /opt/airflow/dags/etl_DAG.py
[2022-12-11 19:24:48,664] {processor.py:641} INFO - Processing file /opt/airflow/dags/etl_DAG.py for tasks to queue
[2022-12-11 19:24:48,666] {logging_mixin.py:115} INFO - [2022-12-11 19:24:48,666] {dagbag.py:507} INFO - Filling up the DagBag from /opt/airflow/dags/etl_DAG.py
[2022-12-11 19:24:51,046] {processor.py:651} INFO - DAG(s) dict_keys(['etl_DAG']) retrieved from /opt/airflow/dags/etl_DAG.py
[2022-12-11 19:24:51,223] {logging_mixin.py:115} INFO - [2022-12-11 19:24:51,217] {dag.py:2371} INFO - Sync 1 DAGs
[2022-12-11 19:24:51,397] {logging_mixin.py:115} INFO - [2022-12-11 19:24:51,396] {dag.py:2919} INFO - Setting next_dagrun for etl_DAG to 2022-12-11T15:00:00+00:00, run_after=2022-12-12T15:00:00+00:00
[2022-12-11 19:24:51,498] {processor.py:161} INFO - Processing /opt/airflow/dags/etl_DAG.py took 2.871 seconds
[2022-12-11 19:25:22,337] {processor.py:153} INFO - Started process (PID=866) to work on /opt/airflow/dags/etl_DAG.py
[2022-12-11 19:25:22,339] {processor.py:641} INFO - Processing file /opt/airflow/dags/etl_DAG.py for tasks to queue
[2022-12-11 19:25:22,341] {logging_mixin.py:115} INFO - [2022-12-11 19:25:22,341] {dagbag.py:507} INFO - Filling up the DagBag from /opt/airflow/dags/etl_DAG.py
[2022-12-11 19:25:23,931] {processor.py:651} INFO - DAG(s) dict_keys(['etl_DAG']) retrieved from /opt/airflow/dags/etl_DAG.py
[2022-12-11 19:25:24,308] {logging_mixin.py:115} INFO - [2022-12-11 19:25:24,305] {dag.py:2371} INFO - Sync 1 DAGs
[2022-12-11 19:25:24,384] {logging_mixin.py:115} INFO - [2022-12-11 19:25:24,384] {dag.py:2919} INFO - Setting next_dagrun for etl_DAG to 2022-12-11T15:00:00+00:00, run_after=2022-12-11T19:25:00+00:00
[2022-12-11 19:25:24,452] {processor.py:161} INFO - Processing /opt/airflow/dags/etl_DAG.py took 2.127 seconds
[2022-12-11 19:25:54,639] {processor.py:153} INFO - Started process (PID=925) to work on /opt/airflow/dags/etl_DAG.py
[2022-12-11 19:25:54,640] {processor.py:641} INFO - Processing file /opt/airflow/dags/etl_DAG.py for tasks to queue
[2022-12-11 19:25:54,642] {logging_mixin.py:115} INFO - [2022-12-11 19:25:54,642] {dagbag.py:507} INFO - Filling up the DagBag from /opt/airflow/dags/etl_DAG.py
[2022-12-11 19:25:55,872] {processor.py:651} INFO - DAG(s) dict_keys(['etl_DAG']) retrieved from /opt/airflow/dags/etl_DAG.py
[2022-12-11 19:25:55,937] {logging_mixin.py:115} INFO - [2022-12-11 19:25:55,936] {dag.py:2371} INFO - Sync 1 DAGs
[2022-12-11 19:25:56,004] {logging_mixin.py:115} INFO - [2022-12-11 19:25:56,004] {dag.py:2919} INFO - Setting next_dagrun for etl_DAG to 2022-12-11T19:25:00+00:00, run_after=2022-12-12T19:25:00+00:00
[2022-12-11 19:25:56,039] {processor.py:161} INFO - Processing /opt/airflow/dags/etl_DAG.py took 1.405 seconds
[2022-12-11 19:26:26,265] {processor.py:153} INFO - Started process (PID=979) to work on /opt/airflow/dags/etl_DAG.py
[2022-12-11 19:26:26,266] {processor.py:641} INFO - Processing file /opt/airflow/dags/etl_DAG.py for tasks to queue
[2022-12-11 19:26:26,267] {logging_mixin.py:115} INFO - [2022-12-11 19:26:26,267] {dagbag.py:507} INFO - Filling up the DagBag from /opt/airflow/dags/etl_DAG.py
[2022-12-11 19:26:26,933] {processor.py:651} INFO - DAG(s) dict_keys(['etl_DAG']) retrieved from /opt/airflow/dags/etl_DAG.py
[2022-12-11 19:26:26,985] {logging_mixin.py:115} INFO - [2022-12-11 19:26:26,983] {dag.py:2371} INFO - Sync 1 DAGs
[2022-12-11 19:26:27,101] {logging_mixin.py:115} INFO - [2022-12-11 19:26:27,101] {dag.py:2919} INFO - Setting next_dagrun for etl_DAG to 2022-12-11T19:25:00+00:00, run_after=2022-12-12T19:25:00+00:00
[2022-12-11 19:26:27,149] {processor.py:161} INFO - Processing /opt/airflow/dags/etl_DAG.py took 0.890 seconds
[2022-12-11 19:26:57,392] {processor.py:153} INFO - Started process (PID=1033) to work on /opt/airflow/dags/etl_DAG.py
[2022-12-11 19:26:57,399] {processor.py:641} INFO - Processing file /opt/airflow/dags/etl_DAG.py for tasks to queue
[2022-12-11 19:26:57,403] {logging_mixin.py:115} INFO - [2022-12-11 19:26:57,402] {dagbag.py:507} INFO - Filling up the DagBag from /opt/airflow/dags/etl_DAG.py
[2022-12-11 19:26:59,583] {processor.py:651} INFO - DAG(s) dict_keys(['etl_DAG']) retrieved from /opt/airflow/dags/etl_DAG.py
[2022-12-11 19:26:59,685] {logging_mixin.py:115} INFO - [2022-12-11 19:26:59,684] {dag.py:2371} INFO - Sync 1 DAGs
[2022-12-11 19:26:59,800] {logging_mixin.py:115} INFO - [2022-12-11 19:26:59,800] {dag.py:2919} INFO - Setting next_dagrun for etl_DAG to 2022-12-11T19:25:00+00:00, run_after=2022-12-12T19:25:00+00:00
[2022-12-11 19:26:59,887] {processor.py:161} INFO - Processing /opt/airflow/dags/etl_DAG.py took 2.493 seconds
[2022-12-11 19:27:30,468] {processor.py:153} INFO - Started process (PID=1098) to work on /opt/airflow/dags/etl_DAG.py
[2022-12-11 19:27:30,470] {processor.py:641} INFO - Processing file /opt/airflow/dags/etl_DAG.py for tasks to queue
[2022-12-11 19:27:30,472] {logging_mixin.py:115} INFO - [2022-12-11 19:27:30,472] {dagbag.py:507} INFO - Filling up the DagBag from /opt/airflow/dags/etl_DAG.py
[2022-12-11 19:27:31,367] {processor.py:651} INFO - DAG(s) dict_keys(['etl_DAG']) retrieved from /opt/airflow/dags/etl_DAG.py
[2022-12-11 19:27:31,419] {logging_mixin.py:115} INFO - [2022-12-11 19:27:31,419] {dag.py:2371} INFO - Sync 1 DAGs
[2022-12-11 19:27:31,476] {logging_mixin.py:115} INFO - [2022-12-11 19:27:31,476] {dag.py:2919} INFO - Setting next_dagrun for etl_DAG to 2022-12-11T19:25:00+00:00, run_after=2022-12-12T19:25:00+00:00
[2022-12-11 19:27:31,499] {processor.py:161} INFO - Processing /opt/airflow/dags/etl_DAG.py took 1.042 seconds
[2022-12-11 19:28:01,693] {processor.py:153} INFO - Started process (PID=1156) to work on /opt/airflow/dags/etl_DAG.py
[2022-12-11 19:28:01,695] {processor.py:641} INFO - Processing file /opt/airflow/dags/etl_DAG.py for tasks to queue
[2022-12-11 19:28:01,696] {logging_mixin.py:115} INFO - [2022-12-11 19:28:01,696] {dagbag.py:507} INFO - Filling up the DagBag from /opt/airflow/dags/etl_DAG.py
[2022-12-11 19:28:02,541] {processor.py:651} INFO - DAG(s) dict_keys(['etl_DAG']) retrieved from /opt/airflow/dags/etl_DAG.py
[2022-12-11 19:28:02,596] {logging_mixin.py:115} INFO - [2022-12-11 19:28:02,594] {dag.py:2371} INFO - Sync 1 DAGs
[2022-12-11 19:28:02,658] {logging_mixin.py:115} INFO - [2022-12-11 19:28:02,658] {dag.py:2919} INFO - Setting next_dagrun for etl_DAG to 2022-12-11T19:25:00+00:00, run_after=2022-12-12T19:25:00+00:00
[2022-12-11 19:28:02,683] {processor.py:161} INFO - Processing /opt/airflow/dags/etl_DAG.py took 0.998 seconds
[2022-12-11 19:28:23,008] {processor.py:153} INFO - Started process (PID=1189) to work on /opt/airflow/dags/etl_DAG.py
[2022-12-11 19:28:23,012] {processor.py:641} INFO - Processing file /opt/airflow/dags/etl_DAG.py for tasks to queue
[2022-12-11 19:28:23,014] {logging_mixin.py:115} INFO - [2022-12-11 19:28:23,014] {dagbag.py:507} INFO - Filling up the DagBag from /opt/airflow/dags/etl_DAG.py
[2022-12-11 19:28:25,400] {processor.py:651} INFO - DAG(s) dict_keys(['etl_DAG']) retrieved from /opt/airflow/dags/etl_DAG.py
[2022-12-11 19:28:25,686] {logging_mixin.py:115} INFO - [2022-12-11 19:28:25,685] {dag.py:2371} INFO - Sync 1 DAGs
[2022-12-11 19:28:25,759] {logging_mixin.py:115} INFO - [2022-12-11 19:28:25,758] {dag.py:2919} INFO - Setting next_dagrun for etl_DAG to 2022-12-11T19:25:00+00:00, run_after=2022-12-12T15:00:00+00:00
[2022-12-11 19:28:25,822] {processor.py:161} INFO - Processing /opt/airflow/dags/etl_DAG.py took 2.832 seconds
[2022-12-11 19:28:56,334] {processor.py:153} INFO - Started process (PID=1246) to work on /opt/airflow/dags/etl_DAG.py
[2022-12-11 19:28:56,338] {processor.py:641} INFO - Processing file /opt/airflow/dags/etl_DAG.py for tasks to queue
[2022-12-11 19:28:56,341] {logging_mixin.py:115} INFO - [2022-12-11 19:28:56,340] {dagbag.py:507} INFO - Filling up the DagBag from /opt/airflow/dags/etl_DAG.py
[2022-12-11 19:28:58,055] {processor.py:651} INFO - DAG(s) dict_keys(['etl_DAG']) retrieved from /opt/airflow/dags/etl_DAG.py
[2022-12-11 19:28:58,137] {logging_mixin.py:115} INFO - [2022-12-11 19:28:58,135] {dag.py:2371} INFO - Sync 1 DAGs
[2022-12-11 19:28:58,213] {logging_mixin.py:115} INFO - [2022-12-11 19:28:58,212] {dag.py:2919} INFO - Setting next_dagrun for etl_DAG to 2022-12-11T19:25:00+00:00, run_after=2022-12-12T15:00:00+00:00
[2022-12-11 19:28:58,277] {processor.py:161} INFO - Processing /opt/airflow/dags/etl_DAG.py took 1.950 seconds
[2022-12-11 19:29:28,572] {processor.py:153} INFO - Started process (PID=1309) to work on /opt/airflow/dags/etl_DAG.py
[2022-12-11 19:29:28,582] {processor.py:641} INFO - Processing file /opt/airflow/dags/etl_DAG.py for tasks to queue
[2022-12-11 19:29:28,584] {logging_mixin.py:115} INFO - [2022-12-11 19:29:28,584] {dagbag.py:507} INFO - Filling up the DagBag from /opt/airflow/dags/etl_DAG.py
[2022-12-11 19:29:29,809] {processor.py:651} INFO - DAG(s) dict_keys(['etl_DAG']) retrieved from /opt/airflow/dags/etl_DAG.py
[2022-12-11 19:29:29,843] {logging_mixin.py:115} INFO - [2022-12-11 19:29:29,842] {dag.py:2371} INFO - Sync 1 DAGs
[2022-12-11 19:29:29,885] {logging_mixin.py:115} INFO - [2022-12-11 19:29:29,885] {dag.py:2919} INFO - Setting next_dagrun for etl_DAG to 2022-12-11T19:25:00+00:00, run_after=2022-12-12T15:00:00+00:00
[2022-12-11 19:29:29,908] {processor.py:161} INFO - Processing /opt/airflow/dags/etl_DAG.py took 1.344 seconds
[2022-12-11 19:29:59,982] {processor.py:153} INFO - Started process (PID=1364) to work on /opt/airflow/dags/etl_DAG.py
[2022-12-11 19:29:59,986] {processor.py:641} INFO - Processing file /opt/airflow/dags/etl_DAG.py for tasks to queue
[2022-12-11 19:29:59,988] {logging_mixin.py:115} INFO - [2022-12-11 19:29:59,988] {dagbag.py:507} INFO - Filling up the DagBag from /opt/airflow/dags/etl_DAG.py
[2022-12-11 19:30:01,835] {processor.py:651} INFO - DAG(s) dict_keys(['etl_DAG']) retrieved from /opt/airflow/dags/etl_DAG.py
[2022-12-11 19:30:01,937] {logging_mixin.py:115} INFO - [2022-12-11 19:30:01,933] {dag.py:2371} INFO - Sync 1 DAGs
[2022-12-11 19:30:02,028] {logging_mixin.py:115} INFO - [2022-12-11 19:30:02,027] {dag.py:2919} INFO - Setting next_dagrun for etl_DAG to 2022-12-11T19:25:00+00:00, run_after=2022-12-12T15:00:00+00:00
[2022-12-11 19:30:02,063] {processor.py:161} INFO - Processing /opt/airflow/dags/etl_DAG.py took 2.092 seconds
[2022-12-11 19:30:32,208] {processor.py:153} INFO - Started process (PID=1421) to work on /opt/airflow/dags/etl_DAG.py
[2022-12-11 19:30:32,210] {processor.py:641} INFO - Processing file /opt/airflow/dags/etl_DAG.py for tasks to queue
[2022-12-11 19:30:32,212] {logging_mixin.py:115} INFO - [2022-12-11 19:30:32,211] {dagbag.py:507} INFO - Filling up the DagBag from /opt/airflow/dags/etl_DAG.py
[2022-12-11 19:30:32,847] {processor.py:651} INFO - DAG(s) dict_keys(['etl_DAG']) retrieved from /opt/airflow/dags/etl_DAG.py
[2022-12-11 19:30:32,878] {logging_mixin.py:115} INFO - [2022-12-11 19:30:32,878] {dag.py:2371} INFO - Sync 1 DAGs
[2022-12-11 19:30:32,909] {logging_mixin.py:115} INFO - [2022-12-11 19:30:32,909] {dag.py:2919} INFO - Setting next_dagrun for etl_DAG to 2022-12-11T19:25:00+00:00, run_after=2022-12-12T15:00:00+00:00
[2022-12-11 19:30:32,933] {processor.py:161} INFO - Processing /opt/airflow/dags/etl_DAG.py took 0.731 seconds
[2022-12-11 19:31:03,465] {processor.py:153} INFO - Started process (PID=1475) to work on /opt/airflow/dags/etl_DAG.py
[2022-12-11 19:31:03,467] {processor.py:641} INFO - Processing file /opt/airflow/dags/etl_DAG.py for tasks to queue
[2022-12-11 19:31:03,469] {logging_mixin.py:115} INFO - [2022-12-11 19:31:03,469] {dagbag.py:507} INFO - Filling up the DagBag from /opt/airflow/dags/etl_DAG.py
[2022-12-11 19:31:04,127] {processor.py:651} INFO - DAG(s) dict_keys(['etl_DAG']) retrieved from /opt/airflow/dags/etl_DAG.py
[2022-12-11 19:31:04,155] {logging_mixin.py:115} INFO - [2022-12-11 19:31:04,154] {dag.py:2371} INFO - Sync 1 DAGs
[2022-12-11 19:31:04,188] {logging_mixin.py:115} INFO - [2022-12-11 19:31:04,188] {dag.py:2919} INFO - Setting next_dagrun for etl_DAG to 2022-12-11T19:25:00+00:00, run_after=2022-12-12T15:00:00+00:00
[2022-12-11 19:31:04,208] {processor.py:161} INFO - Processing /opt/airflow/dags/etl_DAG.py took 0.747 seconds
[2022-12-11 19:31:34,353] {processor.py:153} INFO - Started process (PID=1529) to work on /opt/airflow/dags/etl_DAG.py
[2022-12-11 19:31:34,354] {processor.py:641} INFO - Processing file /opt/airflow/dags/etl_DAG.py for tasks to queue
[2022-12-11 19:31:34,355] {logging_mixin.py:115} INFO - [2022-12-11 19:31:34,355] {dagbag.py:507} INFO - Filling up the DagBag from /opt/airflow/dags/etl_DAG.py
[2022-12-11 19:31:35,132] {processor.py:651} INFO - DAG(s) dict_keys(['etl_DAG']) retrieved from /opt/airflow/dags/etl_DAG.py
[2022-12-11 19:31:35,175] {logging_mixin.py:115} INFO - [2022-12-11 19:31:35,173] {dag.py:2371} INFO - Sync 1 DAGs
[2022-12-11 19:31:35,214] {logging_mixin.py:115} INFO - [2022-12-11 19:31:35,214] {dag.py:2919} INFO - Setting next_dagrun for etl_DAG to 2022-12-11T19:25:00+00:00, run_after=2022-12-12T15:00:00+00:00
[2022-12-11 19:31:35,233] {processor.py:161} INFO - Processing /opt/airflow/dags/etl_DAG.py took 0.886 seconds
[2022-12-11 19:32:05,768] {processor.py:153} INFO - Started process (PID=1592) to work on /opt/airflow/dags/etl_DAG.py
[2022-12-11 19:32:05,769] {processor.py:641} INFO - Processing file /opt/airflow/dags/etl_DAG.py for tasks to queue
[2022-12-11 19:32:05,771] {logging_mixin.py:115} INFO - [2022-12-11 19:32:05,771] {dagbag.py:507} INFO - Filling up the DagBag from /opt/airflow/dags/etl_DAG.py
[2022-12-11 19:32:06,686] {processor.py:651} INFO - DAG(s) dict_keys(['etl_DAG']) retrieved from /opt/airflow/dags/etl_DAG.py
[2022-12-11 19:32:06,723] {logging_mixin.py:115} INFO - [2022-12-11 19:32:06,723] {dag.py:2371} INFO - Sync 1 DAGs
[2022-12-11 19:32:06,758] {logging_mixin.py:115} INFO - [2022-12-11 19:32:06,758] {dag.py:2919} INFO - Setting next_dagrun for etl_DAG to 2022-12-11T19:25:00+00:00, run_after=2022-12-12T15:00:00+00:00
[2022-12-11 19:32:06,781] {processor.py:161} INFO - Processing /opt/airflow/dags/etl_DAG.py took 1.018 seconds
[2022-12-11 19:32:37,425] {processor.py:153} INFO - Started process (PID=1648) to work on /opt/airflow/dags/etl_DAG.py
[2022-12-11 19:32:37,427] {processor.py:641} INFO - Processing file /opt/airflow/dags/etl_DAG.py for tasks to queue
[2022-12-11 19:32:37,428] {logging_mixin.py:115} INFO - [2022-12-11 19:32:37,428] {dagbag.py:507} INFO - Filling up the DagBag from /opt/airflow/dags/etl_DAG.py
[2022-12-11 19:32:38,202] {processor.py:651} INFO - DAG(s) dict_keys(['etl_DAG']) retrieved from /opt/airflow/dags/etl_DAG.py
[2022-12-11 19:32:38,235] {logging_mixin.py:115} INFO - [2022-12-11 19:32:38,234] {dag.py:2371} INFO - Sync 1 DAGs
[2022-12-11 19:32:38,278] {logging_mixin.py:115} INFO - [2022-12-11 19:32:38,278] {dag.py:2919} INFO - Setting next_dagrun for etl_DAG to 2022-12-11T19:25:00+00:00, run_after=2022-12-12T15:00:00+00:00
[2022-12-11 19:32:38,300] {processor.py:161} INFO - Processing /opt/airflow/dags/etl_DAG.py took 0.881 seconds
