[2022-11-06 14:14:41,410] {taskinstance.py:1159} INFO - Dependencies all met for <TaskInstance: xetra_DAG.run_xetra_etl manual__2022-11-06T14:14:39.756898+00:00 [queued]>
[2022-11-06 14:14:41,432] {taskinstance.py:1159} INFO - Dependencies all met for <TaskInstance: xetra_DAG.run_xetra_etl manual__2022-11-06T14:14:39.756898+00:00 [queued]>
[2022-11-06 14:14:41,433] {taskinstance.py:1356} INFO - 
--------------------------------------------------------------------------------
[2022-11-06 14:14:41,433] {taskinstance.py:1357} INFO - Starting attempt 1 of 2
[2022-11-06 14:14:41,434] {taskinstance.py:1358} INFO - 
--------------------------------------------------------------------------------
[2022-11-06 14:14:41,466] {taskinstance.py:1377} INFO - Executing <Task(PythonOperator): run_xetra_etl> on 2022-11-06 14:14:39.756898+00:00
[2022-11-06 14:14:41,476] {standard_task_runner.py:52} INFO - Started process 472 to run task
[2022-11-06 14:14:46,913] {standard_task_runner.py:79} INFO - Running: ['***', 'tasks', 'run', 'xetra_DAG', 'run_xetra_etl', 'manual__2022-11-06T14:14:39.756898+00:00', '--job-id', '167', '--raw', '--subdir', 'DAGS_FOLDER/xetra_DAG.py', '--cfg-path', '/tmp/tmpzenrt0dn', '--error-file', '/tmp/tmprtb9tedu']
[2022-11-06 14:14:46,930] {standard_task_runner.py:80} INFO - Job 167: Subtask run_xetra_etl
[2022-11-06 14:15:02,017] {task_command.py:369} INFO - Running <TaskInstance: xetra_DAG.run_xetra_etl manual__2022-11-06T14:14:39.756898+00:00 [running]> on host 0163e0790208
[2022-11-06 14:15:02,733] {taskinstance.py:1571} INFO - Exporting the following env vars:
AIRFLOW_CTX_DAG_EMAIL=***@example.com
AIRFLOW_CTX_DAG_OWNER=***
AIRFLOW_CTX_DAG_ID=xetra_DAG
AIRFLOW_CTX_TASK_ID=run_xetra_etl
AIRFLOW_CTX_EXECUTION_DATE=2022-11-06T14:14:39.756898+00:00
AIRFLOW_CTX_TRY_NUMBER=1
AIRFLOW_CTX_DAG_RUN_ID=manual__2022-11-06T14:14:39.756898+00:00
[2022-11-06 14:15:07,993] {python.py:173} INFO - Done. Returned value was: None
[2022-11-06 14:15:08,017] {taskinstance.py:1400} INFO - Marking task as SUCCESS. dag_id=xetra_DAG, task_id=run_xetra_etl, execution_date=20221106T141439, start_date=20221106T141441, end_date=20221106T141508
[2022-11-06 14:15:08,068] {local_task_job.py:156} INFO - Task exited with return code 0
[2022-11-06 14:15:08,138] {local_task_job.py:273} INFO - 0 downstream tasks scheduled from follow-on schedule check
