[2022-12-11 19:20:46,232] {taskinstance.py:1159} INFO - Dependencies all met for <TaskInstance: etl_DAG.run_etl_process scheduled__2022-11-26T15:00:00+00:00 [queued]>
[2022-12-11 19:20:46,448] {taskinstance.py:1159} INFO - Dependencies all met for <TaskInstance: etl_DAG.run_etl_process scheduled__2022-11-26T15:00:00+00:00 [queued]>
[2022-12-11 19:20:46,465] {taskinstance.py:1356} INFO - 
--------------------------------------------------------------------------------
[2022-12-11 19:20:46,468] {taskinstance.py:1357} INFO - Starting attempt 1 of 2
[2022-12-11 19:20:46,471] {taskinstance.py:1358} INFO - 
--------------------------------------------------------------------------------
[2022-12-11 19:20:47,403] {taskinstance.py:1377} INFO - Executing <Task(PythonOperator): run_etl_process> on 2022-11-26 15:00:00+00:00
[2022-12-11 19:20:47,659] {standard_task_runner.py:79} INFO - Running: ['***', 'tasks', 'run', 'etl_DAG', 'run_etl_process', 'scheduled__2022-11-26T15:00:00+00:00', '--job-id', '212', '--raw', '--subdir', 'DAGS_FOLDER/etl_DAG.py', '--cfg-path', '/tmp/tmpgu_kpjby', '--error-file', '/tmp/tmprv653nde']
[2022-12-11 19:20:47,833] {standard_task_runner.py:80} INFO - Job 212: Subtask run_etl_process
[2022-12-11 19:20:47,785] {standard_task_runner.py:52} INFO - Started process 300 to run task
[2022-12-11 19:20:49,776] {task_command.py:369} INFO - Running <TaskInstance: etl_DAG.run_etl_process scheduled__2022-11-26T15:00:00+00:00 [running]> on host 0163e0790208
[2022-12-11 19:20:51,239] {taskinstance.py:1571} INFO - Exporting the following env vars:
AIRFLOW_CTX_DAG_EMAIL=***@example.com
AIRFLOW_CTX_DAG_OWNER=***
AIRFLOW_CTX_DAG_ID=etl_DAG
AIRFLOW_CTX_TASK_ID=run_etl_process
AIRFLOW_CTX_EXECUTION_DATE=2022-11-26T15:00:00+00:00
AIRFLOW_CTX_TRY_NUMBER=1
AIRFLOW_CTX_DAG_RUN_ID=scheduled__2022-11-26T15:00:00+00:00
[2022-12-11 19:21:53,046] {python.py:173} INFO - Done. Returned value was: None
[2022-12-11 19:21:54,111] {taskinstance.py:1400} INFO - Marking task as SUCCESS. dag_id=etl_DAG, task_id=run_etl_process, execution_date=20221126T150000, start_date=20221211T192046, end_date=20221211T192154
[2022-12-11 19:21:54,985] {local_task_job.py:156} INFO - Task exited with return code 0
[2022-12-11 19:21:57,388] {local_task_job.py:273} INFO - 0 downstream tasks scheduled from follow-on schedule check
