[2022-12-11 19:18:35,748] {taskinstance.py:1159} INFO - Dependencies all met for <TaskInstance: etl_DAG.run_etl_process scheduled__2022-11-02T15:00:00+00:00 [queued]>
[2022-12-11 19:18:36,149] {taskinstance.py:1159} INFO - Dependencies all met for <TaskInstance: etl_DAG.run_etl_process scheduled__2022-11-02T15:00:00+00:00 [queued]>
[2022-12-11 19:18:36,154] {taskinstance.py:1356} INFO - 
--------------------------------------------------------------------------------
[2022-12-11 19:18:36,159] {taskinstance.py:1357} INFO - Starting attempt 1 of 2
[2022-12-11 19:18:36,160] {taskinstance.py:1358} INFO - 
--------------------------------------------------------------------------------
[2022-12-11 19:18:36,379] {taskinstance.py:1377} INFO - Executing <Task(PythonOperator): run_etl_process> on 2022-11-02 15:00:00+00:00
[2022-12-11 19:18:36,559] {standard_task_runner.py:52} INFO - Started process 176 to run task
[2022-12-11 19:18:36,677] {standard_task_runner.py:79} INFO - Running: ['***', 'tasks', 'run', 'etl_DAG', 'run_etl_process', 'scheduled__2022-11-02T15:00:00+00:00', '--job-id', '194', '--raw', '--subdir', 'DAGS_FOLDER/etl_DAG.py', '--cfg-path', '/tmp/tmpd2oydjys', '--error-file', '/tmp/tmptmgmmsym']
[2022-12-11 19:18:36,686] {standard_task_runner.py:80} INFO - Job 194: Subtask run_etl_process
[2022-12-11 19:18:37,500] {task_command.py:369} INFO - Running <TaskInstance: etl_DAG.run_etl_process scheduled__2022-11-02T15:00:00+00:00 [running]> on host 0163e0790208
[2022-12-11 19:18:38,806] {taskinstance.py:1571} INFO - Exporting the following env vars:
AIRFLOW_CTX_DAG_EMAIL=***@example.com
AIRFLOW_CTX_DAG_OWNER=***
AIRFLOW_CTX_DAG_ID=etl_DAG
AIRFLOW_CTX_TASK_ID=run_etl_process
AIRFLOW_CTX_EXECUTION_DATE=2022-11-02T15:00:00+00:00
AIRFLOW_CTX_TRY_NUMBER=1
AIRFLOW_CTX_DAG_RUN_ID=scheduled__2022-11-02T15:00:00+00:00
[2022-12-11 19:19:34,210] {python.py:173} INFO - Done. Returned value was: None
[2022-12-11 19:19:35,291] {taskinstance.py:1400} INFO - Marking task as SUCCESS. dag_id=etl_DAG, task_id=run_etl_process, execution_date=20221102T150000, start_date=20221211T191835, end_date=20221211T191935
[2022-12-11 19:19:36,845] {local_task_job.py:156} INFO - Task exited with return code 0
[2022-12-11 19:19:37,767] {local_task_job.py:273} INFO - 0 downstream tasks scheduled from follow-on schedule check
