[2022-12-11 13:30:02,004] {processor.py:153} INFO - Started process (PID=65) to work on /home/airflow/.local/lib/python3.7/site-packages/airflow/example_dags/example_short_circuit_operator.py
[2022-12-11 13:30:02,008] {processor.py:641} INFO - Processing file /home/airflow/.local/lib/python3.7/site-packages/airflow/example_dags/example_short_circuit_operator.py for tasks to queue
[2022-12-11 13:30:02,021] {logging_mixin.py:115} INFO - [2022-12-11 13:30:02,021] {dagbag.py:507} INFO - Filling up the DagBag from /home/airflow/.local/lib/python3.7/site-packages/airflow/example_dags/example_short_circuit_operator.py
[2022-12-11 13:30:02,065] {processor.py:651} INFO - DAG(s) dict_keys(['example_short_circuit_operator']) retrieved from /home/airflow/.local/lib/python3.7/site-packages/airflow/example_dags/example_short_circuit_operator.py
[2022-12-11 13:30:02,215] {logging_mixin.py:115} INFO - [2022-12-11 13:30:02,215] {dag.py:2371} INFO - Sync 1 DAGs
[2022-12-11 13:30:02,329] {logging_mixin.py:115} INFO - [2022-12-11 13:30:02,328] {dag.py:2919} INFO - Setting next_dagrun for example_short_circuit_operator to 2022-12-10T13:30:02.327896+00:00, run_after=2022-12-11T13:30:02.327896+00:00
[2022-12-11 13:30:02,409] {processor.py:161} INFO - Processing /home/airflow/.local/lib/python3.7/site-packages/airflow/example_dags/example_short_circuit_operator.py took 0.417 seconds
[2022-12-11 13:30:34,666] {processor.py:153} INFO - Started process (PID=120) to work on /home/airflow/.local/lib/python3.7/site-packages/airflow/example_dags/example_short_circuit_operator.py
[2022-12-11 13:30:34,673] {processor.py:641} INFO - Processing file /home/airflow/.local/lib/python3.7/site-packages/airflow/example_dags/example_short_circuit_operator.py for tasks to queue
[2022-12-11 13:30:34,683] {logging_mixin.py:115} INFO - [2022-12-11 13:30:34,683] {dagbag.py:507} INFO - Filling up the DagBag from /home/airflow/.local/lib/python3.7/site-packages/airflow/example_dags/example_short_circuit_operator.py
[2022-12-11 13:30:34,776] {processor.py:651} INFO - DAG(s) dict_keys(['example_short_circuit_operator']) retrieved from /home/airflow/.local/lib/python3.7/site-packages/airflow/example_dags/example_short_circuit_operator.py
[2022-12-11 13:30:35,011] {logging_mixin.py:115} INFO - [2022-12-11 13:30:35,011] {dag.py:2371} INFO - Sync 1 DAGs
[2022-12-11 13:30:35,495] {logging_mixin.py:115} INFO - [2022-12-11 13:30:35,495] {dag.py:2919} INFO - Setting next_dagrun for example_short_circuit_operator to 2022-12-10T13:30:35.493776+00:00, run_after=2022-12-11T13:30:35.493776+00:00
[2022-12-11 13:30:35,655] {processor.py:161} INFO - Processing /home/airflow/.local/lib/python3.7/site-packages/airflow/example_dags/example_short_circuit_operator.py took 1.042 seconds
[2022-12-11 13:31:08,613] {processor.py:153} INFO - Started process (PID=164) to work on /home/airflow/.local/lib/python3.7/site-packages/airflow/example_dags/example_short_circuit_operator.py
[2022-12-11 13:31:08,618] {processor.py:641} INFO - Processing file /home/airflow/.local/lib/python3.7/site-packages/airflow/example_dags/example_short_circuit_operator.py for tasks to queue
[2022-12-11 13:31:08,621] {logging_mixin.py:115} INFO - [2022-12-11 13:31:08,620] {dagbag.py:507} INFO - Filling up the DagBag from /home/airflow/.local/lib/python3.7/site-packages/airflow/example_dags/example_short_circuit_operator.py
[2022-12-11 13:31:08,709] {processor.py:651} INFO - DAG(s) dict_keys(['example_short_circuit_operator']) retrieved from /home/airflow/.local/lib/python3.7/site-packages/airflow/example_dags/example_short_circuit_operator.py
[2022-12-11 13:31:08,930] {logging_mixin.py:115} INFO - [2022-12-11 13:31:08,929] {dag.py:2371} INFO - Sync 1 DAGs
[2022-12-11 13:31:09,129] {logging_mixin.py:115} INFO - [2022-12-11 13:31:09,129] {dag.py:2919} INFO - Setting next_dagrun for example_short_circuit_operator to 2022-12-10T13:31:09.128105+00:00, run_after=2022-12-11T13:31:09.128105+00:00
[2022-12-11 13:31:09,292] {processor.py:161} INFO - Processing /home/airflow/.local/lib/python3.7/site-packages/airflow/example_dags/example_short_circuit_operator.py took 0.705 seconds
[2022-12-11 13:31:41,882] {processor.py:153} INFO - Started process (PID=202) to work on /home/airflow/.local/lib/python3.7/site-packages/airflow/example_dags/example_short_circuit_operator.py
[2022-12-11 13:31:41,912] {processor.py:641} INFO - Processing file /home/airflow/.local/lib/python3.7/site-packages/airflow/example_dags/example_short_circuit_operator.py for tasks to queue
[2022-12-11 13:31:41,928] {logging_mixin.py:115} INFO - [2022-12-11 13:31:41,927] {dagbag.py:507} INFO - Filling up the DagBag from /home/airflow/.local/lib/python3.7/site-packages/airflow/example_dags/example_short_circuit_operator.py
[2022-12-11 13:31:42,020] {processor.py:651} INFO - DAG(s) dict_keys(['example_short_circuit_operator']) retrieved from /home/airflow/.local/lib/python3.7/site-packages/airflow/example_dags/example_short_circuit_operator.py
[2022-12-11 13:31:42,268] {logging_mixin.py:115} INFO - [2022-12-11 13:31:42,268] {dag.py:2371} INFO - Sync 1 DAGs
[2022-12-11 13:31:42,529] {logging_mixin.py:115} INFO - [2022-12-11 13:31:42,524] {dag.py:2919} INFO - Setting next_dagrun for example_short_circuit_operator to 2022-12-10T13:31:42.523714+00:00, run_after=2022-12-11T13:31:42.523714+00:00
[2022-12-11 13:31:42,875] {processor.py:161} INFO - Processing /home/airflow/.local/lib/python3.7/site-packages/airflow/example_dags/example_short_circuit_operator.py took 1.066 seconds
