[2022-12-11 13:30:05,227] {processor.py:153} INFO - Started process (PID=70) to work on /home/airflow/.local/lib/python3.7/site-packages/airflow/example_dags/example_branch_operator_decorator.py
[2022-12-11 13:30:05,236] {processor.py:641} INFO - Processing file /home/airflow/.local/lib/python3.7/site-packages/airflow/example_dags/example_branch_operator_decorator.py for tasks to queue
[2022-12-11 13:30:05,239] {logging_mixin.py:115} INFO - [2022-12-11 13:30:05,238] {dagbag.py:507} INFO - Filling up the DagBag from /home/airflow/.local/lib/python3.7/site-packages/airflow/example_dags/example_branch_operator_decorator.py
[2022-12-11 13:30:05,360] {processor.py:651} INFO - DAG(s) dict_keys(['example_branch_python_operator_decorator']) retrieved from /home/airflow/.local/lib/python3.7/site-packages/airflow/example_dags/example_branch_operator_decorator.py
[2022-12-11 13:30:05,535] {logging_mixin.py:115} INFO - [2022-12-11 13:30:05,529] {dag.py:2371} INFO - Sync 1 DAGs
[2022-12-11 13:30:05,693] {logging_mixin.py:115} INFO - [2022-12-11 13:30:05,692] {dag.py:2919} INFO - Setting next_dagrun for example_branch_python_operator_decorator to 2022-12-10T00:00:00+00:00, run_after=2022-12-11T00:00:00+00:00
[2022-12-11 13:30:05,763] {processor.py:161} INFO - Processing /home/airflow/.local/lib/python3.7/site-packages/airflow/example_dags/example_branch_operator_decorator.py took 0.561 seconds
[2022-12-11 13:30:38,400] {processor.py:153} INFO - Started process (PID=124) to work on /home/airflow/.local/lib/python3.7/site-packages/airflow/example_dags/example_branch_operator_decorator.py
[2022-12-11 13:30:38,415] {processor.py:641} INFO - Processing file /home/airflow/.local/lib/python3.7/site-packages/airflow/example_dags/example_branch_operator_decorator.py for tasks to queue
[2022-12-11 13:30:38,432] {logging_mixin.py:115} INFO - [2022-12-11 13:30:38,432] {dagbag.py:507} INFO - Filling up the DagBag from /home/airflow/.local/lib/python3.7/site-packages/airflow/example_dags/example_branch_operator_decorator.py
[2022-12-11 13:30:38,611] {processor.py:651} INFO - DAG(s) dict_keys(['example_branch_python_operator_decorator']) retrieved from /home/airflow/.local/lib/python3.7/site-packages/airflow/example_dags/example_branch_operator_decorator.py
[2022-12-11 13:30:38,879] {logging_mixin.py:115} INFO - [2022-12-11 13:30:38,879] {dag.py:2371} INFO - Sync 1 DAGs
[2022-12-11 13:30:39,147] {logging_mixin.py:115} INFO - [2022-12-11 13:30:39,147] {dag.py:2919} INFO - Setting next_dagrun for example_branch_python_operator_decorator to 2022-12-10T00:00:00+00:00, run_after=2022-12-11T00:00:00+00:00
[2022-12-11 13:30:39,418] {processor.py:161} INFO - Processing /home/airflow/.local/lib/python3.7/site-packages/airflow/example_dags/example_branch_operator_decorator.py took 1.048 seconds
[2022-12-11 13:31:21,605] {processor.py:153} INFO - Started process (PID=178) to work on /home/airflow/.local/lib/python3.7/site-packages/airflow/example_dags/example_branch_operator_decorator.py
[2022-12-11 13:31:21,654] {processor.py:641} INFO - Processing file /home/airflow/.local/lib/python3.7/site-packages/airflow/example_dags/example_branch_operator_decorator.py for tasks to queue
[2022-12-11 13:31:21,697] {logging_mixin.py:115} INFO - [2022-12-11 13:31:21,697] {dagbag.py:507} INFO - Filling up the DagBag from /home/airflow/.local/lib/python3.7/site-packages/airflow/example_dags/example_branch_operator_decorator.py
[2022-12-11 13:31:22,055] {processor.py:651} INFO - DAG(s) dict_keys(['example_branch_python_operator_decorator']) retrieved from /home/airflow/.local/lib/python3.7/site-packages/airflow/example_dags/example_branch_operator_decorator.py
[2022-12-11 13:31:22,738] {logging_mixin.py:115} INFO - [2022-12-11 13:31:22,737] {dag.py:2371} INFO - Sync 1 DAGs
[2022-12-11 13:31:23,146] {logging_mixin.py:115} INFO - [2022-12-11 13:31:23,146] {dag.py:2919} INFO - Setting next_dagrun for example_branch_python_operator_decorator to 2022-12-10T00:00:00+00:00, run_after=2022-12-11T00:00:00+00:00
[2022-12-11 13:31:23,388] {processor.py:161} INFO - Processing /home/airflow/.local/lib/python3.7/site-packages/airflow/example_dags/example_branch_operator_decorator.py took 1.827 seconds
[2022-12-11 19:16:39,236] {processor.py:153} INFO - Started process (PID=73) to work on /home/airflow/.local/lib/python3.7/site-packages/airflow/example_dags/example_branch_operator_decorator.py
[2022-12-11 19:16:39,239] {processor.py:641} INFO - Processing file /home/airflow/.local/lib/python3.7/site-packages/airflow/example_dags/example_branch_operator_decorator.py for tasks to queue
[2022-12-11 19:16:39,250] {logging_mixin.py:115} INFO - [2022-12-11 19:16:39,250] {dagbag.py:507} INFO - Filling up the DagBag from /home/airflow/.local/lib/python3.7/site-packages/airflow/example_dags/example_branch_operator_decorator.py
[2022-12-11 19:16:39,419] {processor.py:651} INFO - DAG(s) dict_keys(['example_branch_python_operator_decorator']) retrieved from /home/airflow/.local/lib/python3.7/site-packages/airflow/example_dags/example_branch_operator_decorator.py
[2022-12-11 19:16:39,708] {logging_mixin.py:115} INFO - [2022-12-11 19:16:39,707] {dag.py:2371} INFO - Sync 1 DAGs
[2022-12-11 19:16:39,864] {logging_mixin.py:115} INFO - [2022-12-11 19:16:39,863] {dag.py:2919} INFO - Setting next_dagrun for example_branch_python_operator_decorator to 2022-12-10T00:00:00+00:00, run_after=2022-12-11T00:00:00+00:00
[2022-12-11 19:16:39,966] {processor.py:161} INFO - Processing /home/airflow/.local/lib/python3.7/site-packages/airflow/example_dags/example_branch_operator_decorator.py took 0.739 seconds
[2022-12-11 19:17:11,742] {processor.py:153} INFO - Started process (PID=123) to work on /home/airflow/.local/lib/python3.7/site-packages/airflow/example_dags/example_branch_operator_decorator.py
[2022-12-11 19:17:11,747] {processor.py:641} INFO - Processing file /home/airflow/.local/lib/python3.7/site-packages/airflow/example_dags/example_branch_operator_decorator.py for tasks to queue
[2022-12-11 19:17:11,756] {logging_mixin.py:115} INFO - [2022-12-11 19:17:11,756] {dagbag.py:507} INFO - Filling up the DagBag from /home/airflow/.local/lib/python3.7/site-packages/airflow/example_dags/example_branch_operator_decorator.py
[2022-12-11 19:17:11,898] {processor.py:651} INFO - DAG(s) dict_keys(['example_branch_python_operator_decorator']) retrieved from /home/airflow/.local/lib/python3.7/site-packages/airflow/example_dags/example_branch_operator_decorator.py
[2022-12-11 19:17:12,165] {logging_mixin.py:115} INFO - [2022-12-11 19:17:12,152] {dag.py:2371} INFO - Sync 1 DAGs
[2022-12-11 19:17:12,407] {logging_mixin.py:115} INFO - [2022-12-11 19:17:12,406] {dag.py:2919} INFO - Setting next_dagrun for example_branch_python_operator_decorator to 2022-12-10T00:00:00+00:00, run_after=2022-12-11T00:00:00+00:00
[2022-12-11 19:17:12,490] {processor.py:161} INFO - Processing /home/airflow/.local/lib/python3.7/site-packages/airflow/example_dags/example_branch_operator_decorator.py took 0.765 seconds
[2022-12-11 19:17:42,718] {processor.py:153} INFO - Started process (PID=170) to work on /home/airflow/.local/lib/python3.7/site-packages/airflow/example_dags/example_branch_operator_decorator.py
[2022-12-11 19:17:42,720] {processor.py:641} INFO - Processing file /home/airflow/.local/lib/python3.7/site-packages/airflow/example_dags/example_branch_operator_decorator.py for tasks to queue
[2022-12-11 19:17:42,722] {logging_mixin.py:115} INFO - [2022-12-11 19:17:42,722] {dagbag.py:507} INFO - Filling up the DagBag from /home/airflow/.local/lib/python3.7/site-packages/airflow/example_dags/example_branch_operator_decorator.py
[2022-12-11 19:17:42,806] {processor.py:651} INFO - DAG(s) dict_keys(['example_branch_python_operator_decorator']) retrieved from /home/airflow/.local/lib/python3.7/site-packages/airflow/example_dags/example_branch_operator_decorator.py
[2022-12-11 19:17:42,953] {logging_mixin.py:115} INFO - [2022-12-11 19:17:42,953] {dag.py:2371} INFO - Sync 1 DAGs
[2022-12-11 19:17:43,071] {logging_mixin.py:115} INFO - [2022-12-11 19:17:43,070] {dag.py:2919} INFO - Setting next_dagrun for example_branch_python_operator_decorator to 2022-12-10T00:00:00+00:00, run_after=2022-12-11T00:00:00+00:00
[2022-12-11 19:17:43,124] {processor.py:161} INFO - Processing /home/airflow/.local/lib/python3.7/site-packages/airflow/example_dags/example_branch_operator_decorator.py took 0.419 seconds
[2022-12-11 19:18:13,400] {processor.py:153} INFO - Started process (PID=224) to work on /home/airflow/.local/lib/python3.7/site-packages/airflow/example_dags/example_branch_operator_decorator.py
[2022-12-11 19:18:13,401] {processor.py:641} INFO - Processing file /home/airflow/.local/lib/python3.7/site-packages/airflow/example_dags/example_branch_operator_decorator.py for tasks to queue
[2022-12-11 19:18:13,403] {logging_mixin.py:115} INFO - [2022-12-11 19:18:13,403] {dagbag.py:507} INFO - Filling up the DagBag from /home/airflow/.local/lib/python3.7/site-packages/airflow/example_dags/example_branch_operator_decorator.py
[2022-12-11 19:18:13,436] {processor.py:651} INFO - DAG(s) dict_keys(['example_branch_python_operator_decorator']) retrieved from /home/airflow/.local/lib/python3.7/site-packages/airflow/example_dags/example_branch_operator_decorator.py
[2022-12-11 19:18:13,485] {logging_mixin.py:115} INFO - [2022-12-11 19:18:13,485] {dag.py:2371} INFO - Sync 1 DAGs
[2022-12-11 19:18:13,533] {logging_mixin.py:115} INFO - [2022-12-11 19:18:13,533] {dag.py:2919} INFO - Setting next_dagrun for example_branch_python_operator_decorator to 2022-12-10T00:00:00+00:00, run_after=2022-12-11T00:00:00+00:00
[2022-12-11 19:18:13,554] {processor.py:161} INFO - Processing /home/airflow/.local/lib/python3.7/site-packages/airflow/example_dags/example_branch_operator_decorator.py took 0.160 seconds
[2022-12-11 19:18:56,520] {processor.py:153} INFO - Started process (PID=280) to work on /home/airflow/.local/lib/python3.7/site-packages/airflow/example_dags/example_branch_operator_decorator.py
[2022-12-11 19:18:56,530] {processor.py:641} INFO - Processing file /home/airflow/.local/lib/python3.7/site-packages/airflow/example_dags/example_branch_operator_decorator.py for tasks to queue
[2022-12-11 19:18:56,631] {logging_mixin.py:115} INFO - [2022-12-11 19:18:56,626] {dagbag.py:507} INFO - Filling up the DagBag from /home/airflow/.local/lib/python3.7/site-packages/airflow/example_dags/example_branch_operator_decorator.py
[2022-12-11 19:18:57,399] {processor.py:651} INFO - DAG(s) dict_keys(['example_branch_python_operator_decorator']) retrieved from /home/airflow/.local/lib/python3.7/site-packages/airflow/example_dags/example_branch_operator_decorator.py
[2022-12-11 19:18:58,617] {logging_mixin.py:115} INFO - [2022-12-11 19:18:58,617] {dag.py:2371} INFO - Sync 1 DAGs
[2022-12-11 19:19:07,737] {logging_mixin.py:115} INFO - [2022-12-11 19:19:07,711] {dag.py:2919} INFO - Setting next_dagrun for example_branch_python_operator_decorator to 2022-12-10T00:00:00+00:00, run_after=2022-12-11T00:00:00+00:00
[2022-12-11 19:19:13,197] {processor.py:161} INFO - Processing /home/airflow/.local/lib/python3.7/site-packages/airflow/example_dags/example_branch_operator_decorator.py took 16.704 seconds
[2022-12-11 19:19:50,516] {processor.py:153} INFO - Started process (PID=342) to work on /home/airflow/.local/lib/python3.7/site-packages/airflow/example_dags/example_branch_operator_decorator.py
[2022-12-11 19:19:50,524] {processor.py:641} INFO - Processing file /home/airflow/.local/lib/python3.7/site-packages/airflow/example_dags/example_branch_operator_decorator.py for tasks to queue
[2022-12-11 19:19:50,535] {logging_mixin.py:115} INFO - [2022-12-11 19:19:50,534] {dagbag.py:507} INFO - Filling up the DagBag from /home/airflow/.local/lib/python3.7/site-packages/airflow/example_dags/example_branch_operator_decorator.py
[2022-12-11 19:19:50,717] {processor.py:651} INFO - DAG(s) dict_keys(['example_branch_python_operator_decorator']) retrieved from /home/airflow/.local/lib/python3.7/site-packages/airflow/example_dags/example_branch_operator_decorator.py
[2022-12-11 19:19:50,957] {logging_mixin.py:115} INFO - [2022-12-11 19:19:50,957] {dag.py:2371} INFO - Sync 1 DAGs
[2022-12-11 19:19:51,146] {logging_mixin.py:115} INFO - [2022-12-11 19:19:51,145] {dag.py:2919} INFO - Setting next_dagrun for example_branch_python_operator_decorator to 2022-12-10T00:00:00+00:00, run_after=2022-12-11T00:00:00+00:00
[2022-12-11 19:19:51,214] {processor.py:161} INFO - Processing /home/airflow/.local/lib/python3.7/site-packages/airflow/example_dags/example_branch_operator_decorator.py took 0.720 seconds
[2022-12-11 19:20:33,183] {processor.py:153} INFO - Started process (PID=391) to work on /home/airflow/.local/lib/python3.7/site-packages/airflow/example_dags/example_branch_operator_decorator.py
[2022-12-11 19:20:33,215] {processor.py:641} INFO - Processing file /home/airflow/.local/lib/python3.7/site-packages/airflow/example_dags/example_branch_operator_decorator.py for tasks to queue
[2022-12-11 19:20:33,282] {logging_mixin.py:115} INFO - [2022-12-11 19:20:33,281] {dagbag.py:507} INFO - Filling up the DagBag from /home/airflow/.local/lib/python3.7/site-packages/airflow/example_dags/example_branch_operator_decorator.py
[2022-12-11 19:20:34,113] {processor.py:651} INFO - DAG(s) dict_keys(['example_branch_python_operator_decorator']) retrieved from /home/airflow/.local/lib/python3.7/site-packages/airflow/example_dags/example_branch_operator_decorator.py
[2022-12-11 19:20:35,148] {logging_mixin.py:115} INFO - [2022-12-11 19:20:35,148] {dag.py:2371} INFO - Sync 1 DAGs
[2022-12-11 19:20:36,194] {logging_mixin.py:115} INFO - [2022-12-11 19:20:36,193] {dag.py:2919} INFO - Setting next_dagrun for example_branch_python_operator_decorator to 2022-12-10T00:00:00+00:00, run_after=2022-12-11T00:00:00+00:00
[2022-12-11 19:20:36,495] {processor.py:161} INFO - Processing /home/airflow/.local/lib/python3.7/site-packages/airflow/example_dags/example_branch_operator_decorator.py took 3.409 seconds
[2022-12-11 19:21:12,128] {processor.py:153} INFO - Started process (PID=449) to work on /home/airflow/.local/lib/python3.7/site-packages/airflow/example_dags/example_branch_operator_decorator.py
[2022-12-11 19:21:12,162] {processor.py:641} INFO - Processing file /home/airflow/.local/lib/python3.7/site-packages/airflow/example_dags/example_branch_operator_decorator.py for tasks to queue
[2022-12-11 19:21:12,186] {logging_mixin.py:115} INFO - [2022-12-11 19:21:12,186] {dagbag.py:507} INFO - Filling up the DagBag from /home/airflow/.local/lib/python3.7/site-packages/airflow/example_dags/example_branch_operator_decorator.py
[2022-12-11 19:21:12,694] {processor.py:651} INFO - DAG(s) dict_keys(['example_branch_python_operator_decorator']) retrieved from /home/airflow/.local/lib/python3.7/site-packages/airflow/example_dags/example_branch_operator_decorator.py
[2022-12-11 19:21:13,471] {logging_mixin.py:115} INFO - [2022-12-11 19:21:13,471] {dag.py:2371} INFO - Sync 1 DAGs
[2022-12-11 19:21:13,947] {logging_mixin.py:115} INFO - [2022-12-11 19:21:13,935] {dag.py:2919} INFO - Setting next_dagrun for example_branch_python_operator_decorator to 2022-12-10T00:00:00+00:00, run_after=2022-12-11T00:00:00+00:00
[2022-12-11 19:21:14,152] {processor.py:161} INFO - Processing /home/airflow/.local/lib/python3.7/site-packages/airflow/example_dags/example_branch_operator_decorator.py took 2.063 seconds
[2022-12-11 19:21:49,864] {processor.py:153} INFO - Started process (PID=499) to work on /home/airflow/.local/lib/python3.7/site-packages/airflow/example_dags/example_branch_operator_decorator.py
[2022-12-11 19:21:49,894] {processor.py:641} INFO - Processing file /home/airflow/.local/lib/python3.7/site-packages/airflow/example_dags/example_branch_operator_decorator.py for tasks to queue
[2022-12-11 19:21:49,965] {logging_mixin.py:115} INFO - [2022-12-11 19:21:49,965] {dagbag.py:507} INFO - Filling up the DagBag from /home/airflow/.local/lib/python3.7/site-packages/airflow/example_dags/example_branch_operator_decorator.py
[2022-12-11 19:21:50,600] {processor.py:651} INFO - DAG(s) dict_keys(['example_branch_python_operator_decorator']) retrieved from /home/airflow/.local/lib/python3.7/site-packages/airflow/example_dags/example_branch_operator_decorator.py
[2022-12-11 19:21:51,147] {logging_mixin.py:115} INFO - [2022-12-11 19:21:51,147] {dag.py:2371} INFO - Sync 1 DAGs
[2022-12-11 19:21:51,512] {logging_mixin.py:115} INFO - [2022-12-11 19:21:51,511] {dag.py:2919} INFO - Setting next_dagrun for example_branch_python_operator_decorator to 2022-12-10T00:00:00+00:00, run_after=2022-12-11T00:00:00+00:00
[2022-12-11 19:21:51,779] {processor.py:161} INFO - Processing /home/airflow/.local/lib/python3.7/site-packages/airflow/example_dags/example_branch_operator_decorator.py took 1.974 seconds
[2022-12-11 19:22:22,039] {processor.py:153} INFO - Started process (PID=546) to work on /home/airflow/.local/lib/python3.7/site-packages/airflow/example_dags/example_branch_operator_decorator.py
[2022-12-11 19:22:22,041] {processor.py:641} INFO - Processing file /home/airflow/.local/lib/python3.7/site-packages/airflow/example_dags/example_branch_operator_decorator.py for tasks to queue
[2022-12-11 19:22:22,050] {logging_mixin.py:115} INFO - [2022-12-11 19:22:22,048] {dagbag.py:507} INFO - Filling up the DagBag from /home/airflow/.local/lib/python3.7/site-packages/airflow/example_dags/example_branch_operator_decorator.py
[2022-12-11 19:22:22,143] {processor.py:651} INFO - DAG(s) dict_keys(['example_branch_python_operator_decorator']) retrieved from /home/airflow/.local/lib/python3.7/site-packages/airflow/example_dags/example_branch_operator_decorator.py
[2022-12-11 19:22:22,264] {logging_mixin.py:115} INFO - [2022-12-11 19:22:22,264] {dag.py:2371} INFO - Sync 1 DAGs
[2022-12-11 19:22:22,379] {logging_mixin.py:115} INFO - [2022-12-11 19:22:22,379] {dag.py:2919} INFO - Setting next_dagrun for example_branch_python_operator_decorator to 2022-12-10T00:00:00+00:00, run_after=2022-12-11T00:00:00+00:00
[2022-12-11 19:22:22,442] {processor.py:161} INFO - Processing /home/airflow/.local/lib/python3.7/site-packages/airflow/example_dags/example_branch_operator_decorator.py took 0.420 seconds
[2022-12-11 19:22:52,636] {processor.py:153} INFO - Started process (PID=600) to work on /home/airflow/.local/lib/python3.7/site-packages/airflow/example_dags/example_branch_operator_decorator.py
[2022-12-11 19:22:52,647] {processor.py:641} INFO - Processing file /home/airflow/.local/lib/python3.7/site-packages/airflow/example_dags/example_branch_operator_decorator.py for tasks to queue
[2022-12-11 19:22:52,649] {logging_mixin.py:115} INFO - [2022-12-11 19:22:52,649] {dagbag.py:507} INFO - Filling up the DagBag from /home/airflow/.local/lib/python3.7/site-packages/airflow/example_dags/example_branch_operator_decorator.py
[2022-12-11 19:22:52,704] {processor.py:651} INFO - DAG(s) dict_keys(['example_branch_python_operator_decorator']) retrieved from /home/airflow/.local/lib/python3.7/site-packages/airflow/example_dags/example_branch_operator_decorator.py
[2022-12-11 19:22:52,791] {logging_mixin.py:115} INFO - [2022-12-11 19:22:52,791] {dag.py:2371} INFO - Sync 1 DAGs
[2022-12-11 19:22:52,871] {logging_mixin.py:115} INFO - [2022-12-11 19:22:52,871] {dag.py:2919} INFO - Setting next_dagrun for example_branch_python_operator_decorator to 2022-12-10T00:00:00+00:00, run_after=2022-12-11T00:00:00+00:00
[2022-12-11 19:22:52,938] {processor.py:161} INFO - Processing /home/airflow/.local/lib/python3.7/site-packages/airflow/example_dags/example_branch_operator_decorator.py took 0.309 seconds
[2022-12-11 19:23:23,449] {processor.py:153} INFO - Started process (PID=654) to work on /home/airflow/.local/lib/python3.7/site-packages/airflow/example_dags/example_branch_operator_decorator.py
[2022-12-11 19:23:23,451] {processor.py:641} INFO - Processing file /home/airflow/.local/lib/python3.7/site-packages/airflow/example_dags/example_branch_operator_decorator.py for tasks to queue
[2022-12-11 19:23:23,453] {logging_mixin.py:115} INFO - [2022-12-11 19:23:23,453] {dagbag.py:507} INFO - Filling up the DagBag from /home/airflow/.local/lib/python3.7/site-packages/airflow/example_dags/example_branch_operator_decorator.py
[2022-12-11 19:23:23,524] {processor.py:651} INFO - DAG(s) dict_keys(['example_branch_python_operator_decorator']) retrieved from /home/airflow/.local/lib/python3.7/site-packages/airflow/example_dags/example_branch_operator_decorator.py
[2022-12-11 19:23:23,592] {logging_mixin.py:115} INFO - [2022-12-11 19:23:23,592] {dag.py:2371} INFO - Sync 1 DAGs
[2022-12-11 19:23:23,657] {logging_mixin.py:115} INFO - [2022-12-11 19:23:23,656] {dag.py:2919} INFO - Setting next_dagrun for example_branch_python_operator_decorator to 2022-12-10T00:00:00+00:00, run_after=2022-12-11T00:00:00+00:00
[2022-12-11 19:23:23,688] {processor.py:161} INFO - Processing /home/airflow/.local/lib/python3.7/site-packages/airflow/example_dags/example_branch_operator_decorator.py took 0.245 seconds
[2022-12-11 19:23:54,652] {processor.py:153} INFO - Started process (PID=715) to work on /home/airflow/.local/lib/python3.7/site-packages/airflow/example_dags/example_branch_operator_decorator.py
[2022-12-11 19:23:54,654] {processor.py:641} INFO - Processing file /home/airflow/.local/lib/python3.7/site-packages/airflow/example_dags/example_branch_operator_decorator.py for tasks to queue
[2022-12-11 19:23:54,660] {logging_mixin.py:115} INFO - [2022-12-11 19:23:54,660] {dagbag.py:507} INFO - Filling up the DagBag from /home/airflow/.local/lib/python3.7/site-packages/airflow/example_dags/example_branch_operator_decorator.py
[2022-12-11 19:23:54,737] {processor.py:651} INFO - DAG(s) dict_keys(['example_branch_python_operator_decorator']) retrieved from /home/airflow/.local/lib/python3.7/site-packages/airflow/example_dags/example_branch_operator_decorator.py
[2022-12-11 19:23:54,831] {logging_mixin.py:115} INFO - [2022-12-11 19:23:54,831] {dag.py:2371} INFO - Sync 1 DAGs
[2022-12-11 19:23:54,927] {logging_mixin.py:115} INFO - [2022-12-11 19:23:54,926] {dag.py:2919} INFO - Setting next_dagrun for example_branch_python_operator_decorator to 2022-12-10T00:00:00+00:00, run_after=2022-12-11T00:00:00+00:00
[2022-12-11 19:23:54,970] {processor.py:161} INFO - Processing /home/airflow/.local/lib/python3.7/site-packages/airflow/example_dags/example_branch_operator_decorator.py took 0.327 seconds
[2022-12-11 19:24:25,277] {processor.py:153} INFO - Started process (PID=771) to work on /home/airflow/.local/lib/python3.7/site-packages/airflow/example_dags/example_branch_operator_decorator.py
[2022-12-11 19:24:25,279] {processor.py:641} INFO - Processing file /home/airflow/.local/lib/python3.7/site-packages/airflow/example_dags/example_branch_operator_decorator.py for tasks to queue
[2022-12-11 19:24:25,280] {logging_mixin.py:115} INFO - [2022-12-11 19:24:25,280] {dagbag.py:507} INFO - Filling up the DagBag from /home/airflow/.local/lib/python3.7/site-packages/airflow/example_dags/example_branch_operator_decorator.py
[2022-12-11 19:24:25,325] {processor.py:651} INFO - DAG(s) dict_keys(['example_branch_python_operator_decorator']) retrieved from /home/airflow/.local/lib/python3.7/site-packages/airflow/example_dags/example_branch_operator_decorator.py
[2022-12-11 19:24:25,375] {logging_mixin.py:115} INFO - [2022-12-11 19:24:25,375] {dag.py:2371} INFO - Sync 1 DAGs
[2022-12-11 19:24:25,425] {logging_mixin.py:115} INFO - [2022-12-11 19:24:25,425] {dag.py:2919} INFO - Setting next_dagrun for example_branch_python_operator_decorator to 2022-12-10T00:00:00+00:00, run_after=2022-12-11T00:00:00+00:00
[2022-12-11 19:24:25,455] {processor.py:161} INFO - Processing /home/airflow/.local/lib/python3.7/site-packages/airflow/example_dags/example_branch_operator_decorator.py took 0.182 seconds
[2022-12-11 19:24:55,954] {processor.py:153} INFO - Started process (PID=825) to work on /home/airflow/.local/lib/python3.7/site-packages/airflow/example_dags/example_branch_operator_decorator.py
[2022-12-11 19:24:55,956] {processor.py:641} INFO - Processing file /home/airflow/.local/lib/python3.7/site-packages/airflow/example_dags/example_branch_operator_decorator.py for tasks to queue
[2022-12-11 19:24:55,957] {logging_mixin.py:115} INFO - [2022-12-11 19:24:55,957] {dagbag.py:507} INFO - Filling up the DagBag from /home/airflow/.local/lib/python3.7/site-packages/airflow/example_dags/example_branch_operator_decorator.py
[2022-12-11 19:24:56,026] {processor.py:651} INFO - DAG(s) dict_keys(['example_branch_python_operator_decorator']) retrieved from /home/airflow/.local/lib/python3.7/site-packages/airflow/example_dags/example_branch_operator_decorator.py
[2022-12-11 19:24:56,153] {logging_mixin.py:115} INFO - [2022-12-11 19:24:56,153] {dag.py:2371} INFO - Sync 1 DAGs
[2022-12-11 19:24:56,253] {logging_mixin.py:115} INFO - [2022-12-11 19:24:56,252] {dag.py:2919} INFO - Setting next_dagrun for example_branch_python_operator_decorator to 2022-12-10T00:00:00+00:00, run_after=2022-12-11T00:00:00+00:00
[2022-12-11 19:24:56,312] {processor.py:161} INFO - Processing /home/airflow/.local/lib/python3.7/site-packages/airflow/example_dags/example_branch_operator_decorator.py took 0.364 seconds
[2022-12-11 19:25:26,404] {processor.py:153} INFO - Started process (PID=879) to work on /home/airflow/.local/lib/python3.7/site-packages/airflow/example_dags/example_branch_operator_decorator.py
[2022-12-11 19:25:26,405] {processor.py:641} INFO - Processing file /home/airflow/.local/lib/python3.7/site-packages/airflow/example_dags/example_branch_operator_decorator.py for tasks to queue
[2022-12-11 19:25:26,407] {logging_mixin.py:115} INFO - [2022-12-11 19:25:26,407] {dagbag.py:507} INFO - Filling up the DagBag from /home/airflow/.local/lib/python3.7/site-packages/airflow/example_dags/example_branch_operator_decorator.py
[2022-12-11 19:25:26,444] {processor.py:651} INFO - DAG(s) dict_keys(['example_branch_python_operator_decorator']) retrieved from /home/airflow/.local/lib/python3.7/site-packages/airflow/example_dags/example_branch_operator_decorator.py
[2022-12-11 19:25:26,494] {logging_mixin.py:115} INFO - [2022-12-11 19:25:26,493] {dag.py:2371} INFO - Sync 1 DAGs
[2022-12-11 19:25:26,543] {logging_mixin.py:115} INFO - [2022-12-11 19:25:26,543] {dag.py:2919} INFO - Setting next_dagrun for example_branch_python_operator_decorator to 2022-12-10T00:00:00+00:00, run_after=2022-12-11T00:00:00+00:00
[2022-12-11 19:25:26,571] {processor.py:161} INFO - Processing /home/airflow/.local/lib/python3.7/site-packages/airflow/example_dags/example_branch_operator_decorator.py took 0.171 seconds
[2022-12-11 19:25:57,102] {processor.py:153} INFO - Started process (PID=933) to work on /home/airflow/.local/lib/python3.7/site-packages/airflow/example_dags/example_branch_operator_decorator.py
[2022-12-11 19:25:57,104] {processor.py:641} INFO - Processing file /home/airflow/.local/lib/python3.7/site-packages/airflow/example_dags/example_branch_operator_decorator.py for tasks to queue
[2022-12-11 19:25:57,106] {logging_mixin.py:115} INFO - [2022-12-11 19:25:57,105] {dagbag.py:507} INFO - Filling up the DagBag from /home/airflow/.local/lib/python3.7/site-packages/airflow/example_dags/example_branch_operator_decorator.py
[2022-12-11 19:25:57,165] {processor.py:651} INFO - DAG(s) dict_keys(['example_branch_python_operator_decorator']) retrieved from /home/airflow/.local/lib/python3.7/site-packages/airflow/example_dags/example_branch_operator_decorator.py
[2022-12-11 19:25:57,229] {logging_mixin.py:115} INFO - [2022-12-11 19:25:57,229] {dag.py:2371} INFO - Sync 1 DAGs
[2022-12-11 19:25:57,276] {logging_mixin.py:115} INFO - [2022-12-11 19:25:57,276] {dag.py:2919} INFO - Setting next_dagrun for example_branch_python_operator_decorator to 2022-12-10T00:00:00+00:00, run_after=2022-12-11T00:00:00+00:00
[2022-12-11 19:25:57,298] {processor.py:161} INFO - Processing /home/airflow/.local/lib/python3.7/site-packages/airflow/example_dags/example_branch_operator_decorator.py took 0.206 seconds
[2022-12-11 19:26:27,606] {processor.py:153} INFO - Started process (PID=986) to work on /home/airflow/.local/lib/python3.7/site-packages/airflow/example_dags/example_branch_operator_decorator.py
[2022-12-11 19:26:27,607] {processor.py:641} INFO - Processing file /home/airflow/.local/lib/python3.7/site-packages/airflow/example_dags/example_branch_operator_decorator.py for tasks to queue
[2022-12-11 19:26:27,608] {logging_mixin.py:115} INFO - [2022-12-11 19:26:27,608] {dagbag.py:507} INFO - Filling up the DagBag from /home/airflow/.local/lib/python3.7/site-packages/airflow/example_dags/example_branch_operator_decorator.py
[2022-12-11 19:26:27,641] {processor.py:651} INFO - DAG(s) dict_keys(['example_branch_python_operator_decorator']) retrieved from /home/airflow/.local/lib/python3.7/site-packages/airflow/example_dags/example_branch_operator_decorator.py
[2022-12-11 19:26:27,688] {logging_mixin.py:115} INFO - [2022-12-11 19:26:27,688] {dag.py:2371} INFO - Sync 1 DAGs
[2022-12-11 19:26:27,729] {logging_mixin.py:115} INFO - [2022-12-11 19:26:27,729] {dag.py:2919} INFO - Setting next_dagrun for example_branch_python_operator_decorator to 2022-12-10T00:00:00+00:00, run_after=2022-12-11T00:00:00+00:00
[2022-12-11 19:26:27,750] {processor.py:161} INFO - Processing /home/airflow/.local/lib/python3.7/site-packages/airflow/example_dags/example_branch_operator_decorator.py took 0.149 seconds
[2022-12-11 19:26:59,355] {processor.py:153} INFO - Started process (PID=1037) to work on /home/airflow/.local/lib/python3.7/site-packages/airflow/example_dags/example_branch_operator_decorator.py
[2022-12-11 19:26:59,360] {processor.py:641} INFO - Processing file /home/airflow/.local/lib/python3.7/site-packages/airflow/example_dags/example_branch_operator_decorator.py for tasks to queue
[2022-12-11 19:26:59,368] {logging_mixin.py:115} INFO - [2022-12-11 19:26:59,368] {dagbag.py:507} INFO - Filling up the DagBag from /home/airflow/.local/lib/python3.7/site-packages/airflow/example_dags/example_branch_operator_decorator.py
[2022-12-11 19:26:59,471] {processor.py:651} INFO - DAG(s) dict_keys(['example_branch_python_operator_decorator']) retrieved from /home/airflow/.local/lib/python3.7/site-packages/airflow/example_dags/example_branch_operator_decorator.py
[2022-12-11 19:26:59,678] {logging_mixin.py:115} INFO - [2022-12-11 19:26:59,677] {dag.py:2371} INFO - Sync 1 DAGs
[2022-12-11 19:26:59,802] {logging_mixin.py:115} INFO - [2022-12-11 19:26:59,801] {dag.py:2919} INFO - Setting next_dagrun for example_branch_python_operator_decorator to 2022-12-10T00:00:00+00:00, run_after=2022-12-11T00:00:00+00:00
[2022-12-11 19:26:59,885] {processor.py:161} INFO - Processing /home/airflow/.local/lib/python3.7/site-packages/airflow/example_dags/example_branch_operator_decorator.py took 0.539 seconds
[2022-12-11 19:27:30,475] {processor.py:153} INFO - Started process (PID=1099) to work on /home/airflow/.local/lib/python3.7/site-packages/airflow/example_dags/example_branch_operator_decorator.py
[2022-12-11 19:27:30,476] {processor.py:641} INFO - Processing file /home/airflow/.local/lib/python3.7/site-packages/airflow/example_dags/example_branch_operator_decorator.py for tasks to queue
[2022-12-11 19:27:30,478] {logging_mixin.py:115} INFO - [2022-12-11 19:27:30,478] {dagbag.py:507} INFO - Filling up the DagBag from /home/airflow/.local/lib/python3.7/site-packages/airflow/example_dags/example_branch_operator_decorator.py
[2022-12-11 19:27:30,525] {processor.py:651} INFO - DAG(s) dict_keys(['example_branch_python_operator_decorator']) retrieved from /home/airflow/.local/lib/python3.7/site-packages/airflow/example_dags/example_branch_operator_decorator.py
[2022-12-11 19:27:30,602] {logging_mixin.py:115} INFO - [2022-12-11 19:27:30,602] {dag.py:2371} INFO - Sync 1 DAGs
[2022-12-11 19:27:30,654] {logging_mixin.py:115} INFO - [2022-12-11 19:27:30,654] {dag.py:2919} INFO - Setting next_dagrun for example_branch_python_operator_decorator to 2022-12-10T00:00:00+00:00, run_after=2022-12-11T00:00:00+00:00
[2022-12-11 19:27:30,678] {processor.py:161} INFO - Processing /home/airflow/.local/lib/python3.7/site-packages/airflow/example_dags/example_branch_operator_decorator.py took 0.211 seconds
[2022-12-11 19:28:00,932] {processor.py:153} INFO - Started process (PID=1152) to work on /home/airflow/.local/lib/python3.7/site-packages/airflow/example_dags/example_branch_operator_decorator.py
[2022-12-11 19:28:00,934] {processor.py:641} INFO - Processing file /home/airflow/.local/lib/python3.7/site-packages/airflow/example_dags/example_branch_operator_decorator.py for tasks to queue
[2022-12-11 19:28:00,936] {logging_mixin.py:115} INFO - [2022-12-11 19:28:00,936] {dagbag.py:507} INFO - Filling up the DagBag from /home/airflow/.local/lib/python3.7/site-packages/airflow/example_dags/example_branch_operator_decorator.py
[2022-12-11 19:28:01,018] {processor.py:651} INFO - DAG(s) dict_keys(['example_branch_python_operator_decorator']) retrieved from /home/airflow/.local/lib/python3.7/site-packages/airflow/example_dags/example_branch_operator_decorator.py
[2022-12-11 19:28:01,093] {logging_mixin.py:115} INFO - [2022-12-11 19:28:01,093] {dag.py:2371} INFO - Sync 1 DAGs
[2022-12-11 19:28:01,150] {logging_mixin.py:115} INFO - [2022-12-11 19:28:01,150] {dag.py:2919} INFO - Setting next_dagrun for example_branch_python_operator_decorator to 2022-12-10T00:00:00+00:00, run_after=2022-12-11T00:00:00+00:00
[2022-12-11 19:28:01,181] {processor.py:161} INFO - Processing /home/airflow/.local/lib/python3.7/site-packages/airflow/example_dags/example_branch_operator_decorator.py took 0.259 seconds
[2022-12-11 19:28:31,270] {processor.py:153} INFO - Started process (PID=1209) to work on /home/airflow/.local/lib/python3.7/site-packages/airflow/example_dags/example_branch_operator_decorator.py
[2022-12-11 19:28:31,273] {processor.py:641} INFO - Processing file /home/airflow/.local/lib/python3.7/site-packages/airflow/example_dags/example_branch_operator_decorator.py for tasks to queue
[2022-12-11 19:28:31,277] {logging_mixin.py:115} INFO - [2022-12-11 19:28:31,277] {dagbag.py:507} INFO - Filling up the DagBag from /home/airflow/.local/lib/python3.7/site-packages/airflow/example_dags/example_branch_operator_decorator.py
[2022-12-11 19:28:31,401] {processor.py:651} INFO - DAG(s) dict_keys(['example_branch_python_operator_decorator']) retrieved from /home/airflow/.local/lib/python3.7/site-packages/airflow/example_dags/example_branch_operator_decorator.py
[2022-12-11 19:28:31,556] {logging_mixin.py:115} INFO - [2022-12-11 19:28:31,556] {dag.py:2371} INFO - Sync 1 DAGs
[2022-12-11 19:28:31,673] {logging_mixin.py:115} INFO - [2022-12-11 19:28:31,666] {dag.py:2919} INFO - Setting next_dagrun for example_branch_python_operator_decorator to 2022-12-10T00:00:00+00:00, run_after=2022-12-11T00:00:00+00:00
[2022-12-11 19:28:31,742] {processor.py:161} INFO - Processing /home/airflow/.local/lib/python3.7/site-packages/airflow/example_dags/example_branch_operator_decorator.py took 0.482 seconds
[2022-12-11 19:29:01,872] {processor.py:153} INFO - Started process (PID=1263) to work on /home/airflow/.local/lib/python3.7/site-packages/airflow/example_dags/example_branch_operator_decorator.py
[2022-12-11 19:29:01,874] {processor.py:641} INFO - Processing file /home/airflow/.local/lib/python3.7/site-packages/airflow/example_dags/example_branch_operator_decorator.py for tasks to queue
[2022-12-11 19:29:01,876] {logging_mixin.py:115} INFO - [2022-12-11 19:29:01,876] {dagbag.py:507} INFO - Filling up the DagBag from /home/airflow/.local/lib/python3.7/site-packages/airflow/example_dags/example_branch_operator_decorator.py
[2022-12-11 19:29:01,943] {processor.py:651} INFO - DAG(s) dict_keys(['example_branch_python_operator_decorator']) retrieved from /home/airflow/.local/lib/python3.7/site-packages/airflow/example_dags/example_branch_operator_decorator.py
[2022-12-11 19:29:02,028] {logging_mixin.py:115} INFO - [2022-12-11 19:29:02,028] {dag.py:2371} INFO - Sync 1 DAGs
[2022-12-11 19:29:02,091] {logging_mixin.py:115} INFO - [2022-12-11 19:29:02,091] {dag.py:2919} INFO - Setting next_dagrun for example_branch_python_operator_decorator to 2022-12-10T00:00:00+00:00, run_after=2022-12-11T00:00:00+00:00
[2022-12-11 19:29:02,119] {processor.py:161} INFO - Processing /home/airflow/.local/lib/python3.7/site-packages/airflow/example_dags/example_branch_operator_decorator.py took 0.257 seconds
[2022-12-11 19:29:32,828] {processor.py:153} INFO - Started process (PID=1316) to work on /home/airflow/.local/lib/python3.7/site-packages/airflow/example_dags/example_branch_operator_decorator.py
[2022-12-11 19:29:32,830] {processor.py:641} INFO - Processing file /home/airflow/.local/lib/python3.7/site-packages/airflow/example_dags/example_branch_operator_decorator.py for tasks to queue
[2022-12-11 19:29:32,832] {logging_mixin.py:115} INFO - [2022-12-11 19:29:32,832] {dagbag.py:507} INFO - Filling up the DagBag from /home/airflow/.local/lib/python3.7/site-packages/airflow/example_dags/example_branch_operator_decorator.py
[2022-12-11 19:29:32,880] {processor.py:651} INFO - DAG(s) dict_keys(['example_branch_python_operator_decorator']) retrieved from /home/airflow/.local/lib/python3.7/site-packages/airflow/example_dags/example_branch_operator_decorator.py
[2022-12-11 19:29:32,940] {logging_mixin.py:115} INFO - [2022-12-11 19:29:32,940] {dag.py:2371} INFO - Sync 1 DAGs
[2022-12-11 19:29:32,996] {logging_mixin.py:115} INFO - [2022-12-11 19:29:32,996] {dag.py:2919} INFO - Setting next_dagrun for example_branch_python_operator_decorator to 2022-12-10T00:00:00+00:00, run_after=2022-12-11T00:00:00+00:00
[2022-12-11 19:29:33,027] {processor.py:161} INFO - Processing /home/airflow/.local/lib/python3.7/site-packages/airflow/example_dags/example_branch_operator_decorator.py took 0.204 seconds
[2022-12-11 19:30:03,211] {processor.py:153} INFO - Started process (PID=1369) to work on /home/airflow/.local/lib/python3.7/site-packages/airflow/example_dags/example_branch_operator_decorator.py
[2022-12-11 19:30:03,217] {processor.py:641} INFO - Processing file /home/airflow/.local/lib/python3.7/site-packages/airflow/example_dags/example_branch_operator_decorator.py for tasks to queue
[2022-12-11 19:30:03,236] {logging_mixin.py:115} INFO - [2022-12-11 19:30:03,236] {dagbag.py:507} INFO - Filling up the DagBag from /home/airflow/.local/lib/python3.7/site-packages/airflow/example_dags/example_branch_operator_decorator.py
[2022-12-11 19:30:03,351] {processor.py:651} INFO - DAG(s) dict_keys(['example_branch_python_operator_decorator']) retrieved from /home/airflow/.local/lib/python3.7/site-packages/airflow/example_dags/example_branch_operator_decorator.py
[2022-12-11 19:30:03,480] {logging_mixin.py:115} INFO - [2022-12-11 19:30:03,479] {dag.py:2371} INFO - Sync 1 DAGs
[2022-12-11 19:30:03,588] {logging_mixin.py:115} INFO - [2022-12-11 19:30:03,588] {dag.py:2919} INFO - Setting next_dagrun for example_branch_python_operator_decorator to 2022-12-10T00:00:00+00:00, run_after=2022-12-11T00:00:00+00:00
[2022-12-11 19:30:03,644] {processor.py:161} INFO - Processing /home/airflow/.local/lib/python3.7/site-packages/airflow/example_dags/example_branch_operator_decorator.py took 0.452 seconds
[2022-12-11 19:30:34,024] {processor.py:153} INFO - Started process (PID=1424) to work on /home/airflow/.local/lib/python3.7/site-packages/airflow/example_dags/example_branch_operator_decorator.py
[2022-12-11 19:30:34,026] {processor.py:641} INFO - Processing file /home/airflow/.local/lib/python3.7/site-packages/airflow/example_dags/example_branch_operator_decorator.py for tasks to queue
[2022-12-11 19:30:34,027] {logging_mixin.py:115} INFO - [2022-12-11 19:30:34,027] {dagbag.py:507} INFO - Filling up the DagBag from /home/airflow/.local/lib/python3.7/site-packages/airflow/example_dags/example_branch_operator_decorator.py
[2022-12-11 19:30:34,082] {processor.py:651} INFO - DAG(s) dict_keys(['example_branch_python_operator_decorator']) retrieved from /home/airflow/.local/lib/python3.7/site-packages/airflow/example_dags/example_branch_operator_decorator.py
[2022-12-11 19:30:34,131] {logging_mixin.py:115} INFO - [2022-12-11 19:30:34,131] {dag.py:2371} INFO - Sync 1 DAGs
[2022-12-11 19:30:34,183] {logging_mixin.py:115} INFO - [2022-12-11 19:30:34,182] {dag.py:2919} INFO - Setting next_dagrun for example_branch_python_operator_decorator to 2022-12-10T00:00:00+00:00, run_after=2022-12-11T00:00:00+00:00
[2022-12-11 19:30:34,218] {processor.py:161} INFO - Processing /home/airflow/.local/lib/python3.7/site-packages/airflow/example_dags/example_branch_operator_decorator.py took 0.200 seconds
[2022-12-11 19:31:04,267] {processor.py:153} INFO - Started process (PID=1478) to work on /home/airflow/.local/lib/python3.7/site-packages/airflow/example_dags/example_branch_operator_decorator.py
[2022-12-11 19:31:04,269] {processor.py:641} INFO - Processing file /home/airflow/.local/lib/python3.7/site-packages/airflow/example_dags/example_branch_operator_decorator.py for tasks to queue
[2022-12-11 19:31:04,271] {logging_mixin.py:115} INFO - [2022-12-11 19:31:04,271] {dagbag.py:507} INFO - Filling up the DagBag from /home/airflow/.local/lib/python3.7/site-packages/airflow/example_dags/example_branch_operator_decorator.py
[2022-12-11 19:31:04,308] {processor.py:651} INFO - DAG(s) dict_keys(['example_branch_python_operator_decorator']) retrieved from /home/airflow/.local/lib/python3.7/site-packages/airflow/example_dags/example_branch_operator_decorator.py
[2022-12-11 19:31:04,358] {logging_mixin.py:115} INFO - [2022-12-11 19:31:04,358] {dag.py:2371} INFO - Sync 1 DAGs
[2022-12-11 19:31:04,401] {logging_mixin.py:115} INFO - [2022-12-11 19:31:04,401] {dag.py:2919} INFO - Setting next_dagrun for example_branch_python_operator_decorator to 2022-12-10T00:00:00+00:00, run_after=2022-12-11T00:00:00+00:00
[2022-12-11 19:31:04,425] {processor.py:161} INFO - Processing /home/airflow/.local/lib/python3.7/site-packages/airflow/example_dags/example_branch_operator_decorator.py took 0.164 seconds
[2022-12-11 19:31:35,286] {processor.py:153} INFO - Started process (PID=1532) to work on /home/airflow/.local/lib/python3.7/site-packages/airflow/example_dags/example_branch_operator_decorator.py
[2022-12-11 19:31:35,288] {processor.py:641} INFO - Processing file /home/airflow/.local/lib/python3.7/site-packages/airflow/example_dags/example_branch_operator_decorator.py for tasks to queue
[2022-12-11 19:31:35,289] {logging_mixin.py:115} INFO - [2022-12-11 19:31:35,289] {dagbag.py:507} INFO - Filling up the DagBag from /home/airflow/.local/lib/python3.7/site-packages/airflow/example_dags/example_branch_operator_decorator.py
[2022-12-11 19:31:35,328] {processor.py:651} INFO - DAG(s) dict_keys(['example_branch_python_operator_decorator']) retrieved from /home/airflow/.local/lib/python3.7/site-packages/airflow/example_dags/example_branch_operator_decorator.py
[2022-12-11 19:31:35,373] {logging_mixin.py:115} INFO - [2022-12-11 19:31:35,373] {dag.py:2371} INFO - Sync 1 DAGs
[2022-12-11 19:31:35,420] {logging_mixin.py:115} INFO - [2022-12-11 19:31:35,420] {dag.py:2919} INFO - Setting next_dagrun for example_branch_python_operator_decorator to 2022-12-10T00:00:00+00:00, run_after=2022-12-11T00:00:00+00:00
[2022-12-11 19:31:35,446] {processor.py:161} INFO - Processing /home/airflow/.local/lib/python3.7/site-packages/airflow/example_dags/example_branch_operator_decorator.py took 0.164 seconds
[2022-12-11 19:32:06,001] {processor.py:153} INFO - Started process (PID=1594) to work on /home/airflow/.local/lib/python3.7/site-packages/airflow/example_dags/example_branch_operator_decorator.py
[2022-12-11 19:32:06,003] {processor.py:641} INFO - Processing file /home/airflow/.local/lib/python3.7/site-packages/airflow/example_dags/example_branch_operator_decorator.py for tasks to queue
[2022-12-11 19:32:06,005] {logging_mixin.py:115} INFO - [2022-12-11 19:32:06,004] {dagbag.py:507} INFO - Filling up the DagBag from /home/airflow/.local/lib/python3.7/site-packages/airflow/example_dags/example_branch_operator_decorator.py
[2022-12-11 19:32:06,070] {processor.py:651} INFO - DAG(s) dict_keys(['example_branch_python_operator_decorator']) retrieved from /home/airflow/.local/lib/python3.7/site-packages/airflow/example_dags/example_branch_operator_decorator.py
[2022-12-11 19:32:06,141] {logging_mixin.py:115} INFO - [2022-12-11 19:32:06,141] {dag.py:2371} INFO - Sync 1 DAGs
[2022-12-11 19:32:06,220] {logging_mixin.py:115} INFO - [2022-12-11 19:32:06,219] {dag.py:2919} INFO - Setting next_dagrun for example_branch_python_operator_decorator to 2022-12-10T00:00:00+00:00, run_after=2022-12-11T00:00:00+00:00
[2022-12-11 19:32:06,263] {processor.py:161} INFO - Processing /home/airflow/.local/lib/python3.7/site-packages/airflow/example_dags/example_branch_operator_decorator.py took 0.271 seconds
[2022-12-11 19:32:36,430] {processor.py:153} INFO - Started process (PID=1647) to work on /home/airflow/.local/lib/python3.7/site-packages/airflow/example_dags/example_branch_operator_decorator.py
[2022-12-11 19:32:36,431] {processor.py:641} INFO - Processing file /home/airflow/.local/lib/python3.7/site-packages/airflow/example_dags/example_branch_operator_decorator.py for tasks to queue
[2022-12-11 19:32:36,432] {logging_mixin.py:115} INFO - [2022-12-11 19:32:36,432] {dagbag.py:507} INFO - Filling up the DagBag from /home/airflow/.local/lib/python3.7/site-packages/airflow/example_dags/example_branch_operator_decorator.py
[2022-12-11 19:32:36,472] {processor.py:651} INFO - DAG(s) dict_keys(['example_branch_python_operator_decorator']) retrieved from /home/airflow/.local/lib/python3.7/site-packages/airflow/example_dags/example_branch_operator_decorator.py
[2022-12-11 19:32:36,527] {logging_mixin.py:115} INFO - [2022-12-11 19:32:36,527] {dag.py:2371} INFO - Sync 1 DAGs
[2022-12-11 19:32:36,572] {logging_mixin.py:115} INFO - [2022-12-11 19:32:36,572] {dag.py:2919} INFO - Setting next_dagrun for example_branch_python_operator_decorator to 2022-12-10T00:00:00+00:00, run_after=2022-12-11T00:00:00+00:00
[2022-12-11 19:32:36,607] {processor.py:161} INFO - Processing /home/airflow/.local/lib/python3.7/site-packages/airflow/example_dags/example_branch_operator_decorator.py took 0.186 seconds
