[2022-12-11 13:30:21,729] {processor.py:153} INFO - Started process (PID=99) to work on /home/airflow/.local/lib/python3.7/site-packages/airflow/example_dags/example_branch_python_dop_operator_3.py
[2022-12-11 13:30:21,743] {processor.py:641} INFO - Processing file /home/airflow/.local/lib/python3.7/site-packages/airflow/example_dags/example_branch_python_dop_operator_3.py for tasks to queue
[2022-12-11 13:30:21,777] {logging_mixin.py:115} INFO - [2022-12-11 13:30:21,776] {dagbag.py:507} INFO - Filling up the DagBag from /home/airflow/.local/lib/python3.7/site-packages/airflow/example_dags/example_branch_python_dop_operator_3.py
[2022-12-11 13:30:21,969] {processor.py:651} INFO - DAG(s) dict_keys(['example_branch_dop_operator_v3']) retrieved from /home/airflow/.local/lib/python3.7/site-packages/airflow/example_dags/example_branch_python_dop_operator_3.py
[2022-12-11 13:30:22,393] {logging_mixin.py:115} INFO - [2022-12-11 13:30:22,393] {dag.py:2371} INFO - Sync 1 DAGs
[2022-12-11 13:30:22,837] {logging_mixin.py:115} INFO - [2022-12-11 13:30:22,837] {dag.py:2919} INFO - Setting next_dagrun for example_branch_dop_operator_v3 to 2022-12-11T13:29:00+00:00, run_after=2022-12-11T13:30:00+00:00
[2022-12-11 13:30:23,182] {processor.py:161} INFO - Processing /home/airflow/.local/lib/python3.7/site-packages/airflow/example_dags/example_branch_python_dop_operator_3.py took 1.484 seconds
[2022-12-11 13:30:58,545] {processor.py:153} INFO - Started process (PID=153) to work on /home/airflow/.local/lib/python3.7/site-packages/airflow/example_dags/example_branch_python_dop_operator_3.py
[2022-12-11 13:30:58,549] {processor.py:641} INFO - Processing file /home/airflow/.local/lib/python3.7/site-packages/airflow/example_dags/example_branch_python_dop_operator_3.py for tasks to queue
[2022-12-11 13:30:58,564] {logging_mixin.py:115} INFO - [2022-12-11 13:30:58,564] {dagbag.py:507} INFO - Filling up the DagBag from /home/airflow/.local/lib/python3.7/site-packages/airflow/example_dags/example_branch_python_dop_operator_3.py
[2022-12-11 13:30:58,658] {processor.py:651} INFO - DAG(s) dict_keys(['example_branch_dop_operator_v3']) retrieved from /home/airflow/.local/lib/python3.7/site-packages/airflow/example_dags/example_branch_python_dop_operator_3.py
[2022-12-11 13:30:58,978] {logging_mixin.py:115} INFO - [2022-12-11 13:30:58,978] {dag.py:2371} INFO - Sync 1 DAGs
[2022-12-11 13:30:59,169] {logging_mixin.py:115} INFO - [2022-12-11 13:30:59,166] {dag.py:2919} INFO - Setting next_dagrun for example_branch_dop_operator_v3 to 2022-12-11T13:29:00+00:00, run_after=2022-12-11T13:30:00+00:00
[2022-12-11 13:30:59,338] {processor.py:161} INFO - Processing /home/airflow/.local/lib/python3.7/site-packages/airflow/example_dags/example_branch_python_dop_operator_3.py took 0.822 seconds
[2022-12-11 13:31:50,723] {processor.py:153} INFO - Started process (PID=209) to work on /home/airflow/.local/lib/python3.7/site-packages/airflow/example_dags/example_branch_python_dop_operator_3.py
[2022-12-11 13:31:50,735] {processor.py:641} INFO - Processing file /home/airflow/.local/lib/python3.7/site-packages/airflow/example_dags/example_branch_python_dop_operator_3.py for tasks to queue
[2022-12-11 13:31:50,750] {logging_mixin.py:115} INFO - [2022-12-11 13:31:50,750] {dagbag.py:507} INFO - Filling up the DagBag from /home/airflow/.local/lib/python3.7/site-packages/airflow/example_dags/example_branch_python_dop_operator_3.py
[2022-12-11 13:31:50,880] {processor.py:651} INFO - DAG(s) dict_keys(['example_branch_dop_operator_v3']) retrieved from /home/airflow/.local/lib/python3.7/site-packages/airflow/example_dags/example_branch_python_dop_operator_3.py
[2022-12-11 13:31:51,363] {logging_mixin.py:115} INFO - [2022-12-11 13:31:51,362] {dag.py:2371} INFO - Sync 1 DAGs
[2022-12-11 13:31:51,955] {logging_mixin.py:115} INFO - [2022-12-11 13:31:51,954] {dag.py:2919} INFO - Setting next_dagrun for example_branch_dop_operator_v3 to 2022-12-11T13:30:00+00:00, run_after=2022-12-11T13:31:00+00:00
[2022-12-11 13:31:52,247] {processor.py:161} INFO - Processing /home/airflow/.local/lib/python3.7/site-packages/airflow/example_dags/example_branch_python_dop_operator_3.py took 1.567 seconds
