[2022-12-11 13:30:09,272] {processor.py:153} INFO - Started process (PID=75) to work on /home/airflow/.local/lib/python3.7/site-packages/airflow/example_dags/example_skip_dag.py
[2022-12-11 13:30:09,277] {processor.py:641} INFO - Processing file /home/airflow/.local/lib/python3.7/site-packages/airflow/example_dags/example_skip_dag.py for tasks to queue
[2022-12-11 13:30:09,298] {logging_mixin.py:115} INFO - [2022-12-11 13:30:09,288] {dagbag.py:507} INFO - Filling up the DagBag from /home/airflow/.local/lib/python3.7/site-packages/airflow/example_dags/example_skip_dag.py
[2022-12-11 13:30:09,349] {processor.py:651} INFO - DAG(s) dict_keys(['example_skip_dag']) retrieved from /home/airflow/.local/lib/python3.7/site-packages/airflow/example_dags/example_skip_dag.py
[2022-12-11 13:30:09,663] {logging_mixin.py:115} INFO - [2022-12-11 13:30:09,662] {dag.py:2371} INFO - Sync 1 DAGs
[2022-12-11 13:30:09,854] {logging_mixin.py:115} INFO - [2022-12-11 13:30:09,853] {dag.py:2919} INFO - Setting next_dagrun for example_skip_dag to 2022-12-10T13:30:09.852356+00:00, run_after=2022-12-11T13:30:09.852356+00:00
[2022-12-11 13:30:09,961] {processor.py:161} INFO - Processing /home/airflow/.local/lib/python3.7/site-packages/airflow/example_dags/example_skip_dag.py took 0.700 seconds
[2022-12-11 13:30:48,742] {processor.py:153} INFO - Started process (PID=131) to work on /home/airflow/.local/lib/python3.7/site-packages/airflow/example_dags/example_skip_dag.py
[2022-12-11 13:30:48,748] {processor.py:641} INFO - Processing file /home/airflow/.local/lib/python3.7/site-packages/airflow/example_dags/example_skip_dag.py for tasks to queue
[2022-12-11 13:30:48,758] {logging_mixin.py:115} INFO - [2022-12-11 13:30:48,753] {dagbag.py:507} INFO - Filling up the DagBag from /home/airflow/.local/lib/python3.7/site-packages/airflow/example_dags/example_skip_dag.py
[2022-12-11 13:30:48,796] {processor.py:651} INFO - DAG(s) dict_keys(['example_skip_dag']) retrieved from /home/airflow/.local/lib/python3.7/site-packages/airflow/example_dags/example_skip_dag.py
[2022-12-11 13:30:49,035] {logging_mixin.py:115} INFO - [2022-12-11 13:30:49,035] {dag.py:2371} INFO - Sync 1 DAGs
[2022-12-11 13:30:49,243] {logging_mixin.py:115} INFO - [2022-12-11 13:30:49,243] {dag.py:2919} INFO - Setting next_dagrun for example_skip_dag to 2022-12-10T13:30:49.242635+00:00, run_after=2022-12-11T13:30:49.242635+00:00
[2022-12-11 13:30:49,314] {processor.py:161} INFO - Processing /home/airflow/.local/lib/python3.7/site-packages/airflow/example_dags/example_skip_dag.py took 0.590 seconds
[2022-12-11 13:31:31,606] {processor.py:153} INFO - Started process (PID=191) to work on /home/airflow/.local/lib/python3.7/site-packages/airflow/example_dags/example_skip_dag.py
[2022-12-11 13:31:31,669] {processor.py:641} INFO - Processing file /home/airflow/.local/lib/python3.7/site-packages/airflow/example_dags/example_skip_dag.py for tasks to queue
[2022-12-11 13:31:31,686] {logging_mixin.py:115} INFO - [2022-12-11 13:31:31,686] {dagbag.py:507} INFO - Filling up the DagBag from /home/airflow/.local/lib/python3.7/site-packages/airflow/example_dags/example_skip_dag.py
[2022-12-11 13:31:31,838] {processor.py:651} INFO - DAG(s) dict_keys(['example_skip_dag']) retrieved from /home/airflow/.local/lib/python3.7/site-packages/airflow/example_dags/example_skip_dag.py
[2022-12-11 13:31:32,583] {logging_mixin.py:115} INFO - [2022-12-11 13:31:32,583] {dag.py:2371} INFO - Sync 1 DAGs
[2022-12-11 13:31:33,147] {logging_mixin.py:115} INFO - [2022-12-11 13:31:33,147] {dag.py:2919} INFO - Setting next_dagrun for example_skip_dag to 2022-12-10T13:31:33.146143+00:00, run_after=2022-12-11T13:31:33.146143+00:00
[2022-12-11 13:31:33,376] {processor.py:161} INFO - Processing /home/airflow/.local/lib/python3.7/site-packages/airflow/example_dags/example_skip_dag.py took 1.934 seconds
[2022-12-11 19:16:45,493] {processor.py:153} INFO - Started process (PID=78) to work on /home/airflow/.local/lib/python3.7/site-packages/airflow/example_dags/example_skip_dag.py
[2022-12-11 19:16:45,503] {processor.py:641} INFO - Processing file /home/airflow/.local/lib/python3.7/site-packages/airflow/example_dags/example_skip_dag.py for tasks to queue
[2022-12-11 19:16:45,507] {logging_mixin.py:115} INFO - [2022-12-11 19:16:45,507] {dagbag.py:507} INFO - Filling up the DagBag from /home/airflow/.local/lib/python3.7/site-packages/airflow/example_dags/example_skip_dag.py
[2022-12-11 19:16:45,544] {processor.py:651} INFO - DAG(s) dict_keys(['example_skip_dag']) retrieved from /home/airflow/.local/lib/python3.7/site-packages/airflow/example_dags/example_skip_dag.py
[2022-12-11 19:16:45,791] {logging_mixin.py:115} INFO - [2022-12-11 19:16:45,790] {dag.py:2371} INFO - Sync 1 DAGs
[2022-12-11 19:16:45,998] {logging_mixin.py:115} INFO - [2022-12-11 19:16:45,997] {dag.py:2919} INFO - Setting next_dagrun for example_skip_dag to 2022-12-10T19:16:45.996725+00:00, run_after=2022-12-11T19:16:45.996725+00:00
[2022-12-11 19:16:46,093] {processor.py:161} INFO - Processing /home/airflow/.local/lib/python3.7/site-packages/airflow/example_dags/example_skip_dag.py took 0.621 seconds
[2022-12-11 19:17:17,734] {processor.py:153} INFO - Started process (PID=131) to work on /home/airflow/.local/lib/python3.7/site-packages/airflow/example_dags/example_skip_dag.py
[2022-12-11 19:17:17,767] {processor.py:641} INFO - Processing file /home/airflow/.local/lib/python3.7/site-packages/airflow/example_dags/example_skip_dag.py for tasks to queue
[2022-12-11 19:17:17,769] {logging_mixin.py:115} INFO - [2022-12-11 19:17:17,769] {dagbag.py:507} INFO - Filling up the DagBag from /home/airflow/.local/lib/python3.7/site-packages/airflow/example_dags/example_skip_dag.py
[2022-12-11 19:17:17,791] {processor.py:651} INFO - DAG(s) dict_keys(['example_skip_dag']) retrieved from /home/airflow/.local/lib/python3.7/site-packages/airflow/example_dags/example_skip_dag.py
[2022-12-11 19:17:17,955] {logging_mixin.py:115} INFO - [2022-12-11 19:17:17,955] {dag.py:2371} INFO - Sync 1 DAGs
[2022-12-11 19:17:18,099] {logging_mixin.py:115} INFO - [2022-12-11 19:17:18,099] {dag.py:2919} INFO - Setting next_dagrun for example_skip_dag to 2022-12-10T19:17:18.098152+00:00, run_after=2022-12-11T19:17:18.098152+00:00
[2022-12-11 19:17:18,221] {processor.py:161} INFO - Processing /home/airflow/.local/lib/python3.7/site-packages/airflow/example_dags/example_skip_dag.py took 0.498 seconds
[2022-12-11 19:17:49,215] {processor.py:153} INFO - Started process (PID=185) to work on /home/airflow/.local/lib/python3.7/site-packages/airflow/example_dags/example_skip_dag.py
[2022-12-11 19:17:49,219] {processor.py:641} INFO - Processing file /home/airflow/.local/lib/python3.7/site-packages/airflow/example_dags/example_skip_dag.py for tasks to queue
[2022-12-11 19:17:49,341] {logging_mixin.py:115} INFO - [2022-12-11 19:17:49,338] {dagbag.py:507} INFO - Filling up the DagBag from /home/airflow/.local/lib/python3.7/site-packages/airflow/example_dags/example_skip_dag.py
[2022-12-11 19:17:49,388] {processor.py:651} INFO - DAG(s) dict_keys(['example_skip_dag']) retrieved from /home/airflow/.local/lib/python3.7/site-packages/airflow/example_dags/example_skip_dag.py
[2022-12-11 19:17:49,696] {logging_mixin.py:115} INFO - [2022-12-11 19:17:49,696] {dag.py:2371} INFO - Sync 1 DAGs
[2022-12-11 19:17:49,868] {logging_mixin.py:115} INFO - [2022-12-11 19:17:49,867] {dag.py:2919} INFO - Setting next_dagrun for example_skip_dag to 2022-12-10T19:17:49.867112+00:00, run_after=2022-12-11T19:17:49.867112+00:00
[2022-12-11 19:17:49,933] {processor.py:161} INFO - Processing /home/airflow/.local/lib/python3.7/site-packages/airflow/example_dags/example_skip_dag.py took 0.736 seconds
[2022-12-11 19:18:24,264] {processor.py:153} INFO - Started process (PID=242) to work on /home/airflow/.local/lib/python3.7/site-packages/airflow/example_dags/example_skip_dag.py
[2022-12-11 19:18:24,300] {processor.py:641} INFO - Processing file /home/airflow/.local/lib/python3.7/site-packages/airflow/example_dags/example_skip_dag.py for tasks to queue
[2022-12-11 19:18:24,304] {logging_mixin.py:115} INFO - [2022-12-11 19:18:24,304] {dagbag.py:507} INFO - Filling up the DagBag from /home/airflow/.local/lib/python3.7/site-packages/airflow/example_dags/example_skip_dag.py
[2022-12-11 19:18:24,339] {processor.py:651} INFO - DAG(s) dict_keys(['example_skip_dag']) retrieved from /home/airflow/.local/lib/python3.7/site-packages/airflow/example_dags/example_skip_dag.py
[2022-12-11 19:18:24,529] {logging_mixin.py:115} INFO - [2022-12-11 19:18:24,528] {dag.py:2371} INFO - Sync 1 DAGs
[2022-12-11 19:18:24,741] {logging_mixin.py:115} INFO - [2022-12-11 19:18:24,741] {dag.py:2919} INFO - Setting next_dagrun for example_skip_dag to 2022-12-10T19:18:24.740042+00:00, run_after=2022-12-11T19:18:24.740042+00:00
[2022-12-11 19:18:24,867] {processor.py:161} INFO - Processing /home/airflow/.local/lib/python3.7/site-packages/airflow/example_dags/example_skip_dag.py took 0.630 seconds
[2022-12-11 19:19:37,977] {processor.py:153} INFO - Started process (PID=309) to work on /home/airflow/.local/lib/python3.7/site-packages/airflow/example_dags/example_skip_dag.py
[2022-12-11 19:19:38,013] {processor.py:641} INFO - Processing file /home/airflow/.local/lib/python3.7/site-packages/airflow/example_dags/example_skip_dag.py for tasks to queue
[2022-12-11 19:19:38,049] {logging_mixin.py:115} INFO - [2022-12-11 19:19:38,048] {dagbag.py:507} INFO - Filling up the DagBag from /home/airflow/.local/lib/python3.7/site-packages/airflow/example_dags/example_skip_dag.py
[2022-12-11 19:19:38,143] {processor.py:651} INFO - DAG(s) dict_keys(['example_skip_dag']) retrieved from /home/airflow/.local/lib/python3.7/site-packages/airflow/example_dags/example_skip_dag.py
[2022-12-11 19:19:38,576] {logging_mixin.py:115} INFO - [2022-12-11 19:19:38,576] {dag.py:2371} INFO - Sync 1 DAGs
[2022-12-11 19:19:38,885] {logging_mixin.py:115} INFO - [2022-12-11 19:19:38,885] {dag.py:2919} INFO - Setting next_dagrun for example_skip_dag to 2022-12-10T19:19:38.884602+00:00, run_after=2022-12-11T19:19:38.884602+00:00
[2022-12-11 19:19:39,049] {processor.py:161} INFO - Processing /home/airflow/.local/lib/python3.7/site-packages/airflow/example_dags/example_skip_dag.py took 1.101 seconds
[2022-12-11 19:20:09,355] {processor.py:153} INFO - Started process (PID=361) to work on /home/airflow/.local/lib/python3.7/site-packages/airflow/example_dags/example_skip_dag.py
[2022-12-11 19:20:09,357] {processor.py:641} INFO - Processing file /home/airflow/.local/lib/python3.7/site-packages/airflow/example_dags/example_skip_dag.py for tasks to queue
[2022-12-11 19:20:09,360] {logging_mixin.py:115} INFO - [2022-12-11 19:20:09,360] {dagbag.py:507} INFO - Filling up the DagBag from /home/airflow/.local/lib/python3.7/site-packages/airflow/example_dags/example_skip_dag.py
[2022-12-11 19:20:09,429] {processor.py:651} INFO - DAG(s) dict_keys(['example_skip_dag']) retrieved from /home/airflow/.local/lib/python3.7/site-packages/airflow/example_dags/example_skip_dag.py
[2022-12-11 19:20:09,747] {logging_mixin.py:115} INFO - [2022-12-11 19:20:09,747] {dag.py:2371} INFO - Sync 1 DAGs
[2022-12-11 19:20:10,175] {logging_mixin.py:115} INFO - [2022-12-11 19:20:10,175] {dag.py:2919} INFO - Setting next_dagrun for example_skip_dag to 2022-12-10T19:20:10.173882+00:00, run_after=2022-12-11T19:20:10.173882+00:00
[2022-12-11 19:20:10,382] {processor.py:161} INFO - Processing /home/airflow/.local/lib/python3.7/site-packages/airflow/example_dags/example_skip_dag.py took 1.050 seconds
[2022-12-11 19:20:49,241] {processor.py:153} INFO - Started process (PID=419) to work on /home/airflow/.local/lib/python3.7/site-packages/airflow/example_dags/example_skip_dag.py
[2022-12-11 19:20:49,245] {processor.py:641} INFO - Processing file /home/airflow/.local/lib/python3.7/site-packages/airflow/example_dags/example_skip_dag.py for tasks to queue
[2022-12-11 19:20:49,249] {logging_mixin.py:115} INFO - [2022-12-11 19:20:49,249] {dagbag.py:507} INFO - Filling up the DagBag from /home/airflow/.local/lib/python3.7/site-packages/airflow/example_dags/example_skip_dag.py
[2022-12-11 19:20:49,317] {processor.py:651} INFO - DAG(s) dict_keys(['example_skip_dag']) retrieved from /home/airflow/.local/lib/python3.7/site-packages/airflow/example_dags/example_skip_dag.py
[2022-12-11 19:20:49,500] {logging_mixin.py:115} INFO - [2022-12-11 19:20:49,499] {dag.py:2371} INFO - Sync 1 DAGs
[2022-12-11 19:20:49,677] {logging_mixin.py:115} INFO - [2022-12-11 19:20:49,676] {dag.py:2919} INFO - Setting next_dagrun for example_skip_dag to 2022-12-10T19:20:49.676028+00:00, run_after=2022-12-11T19:20:49.676028+00:00
[2022-12-11 19:20:49,817] {processor.py:161} INFO - Processing /home/airflow/.local/lib/python3.7/site-packages/airflow/example_dags/example_skip_dag.py took 0.603 seconds
[2022-12-11 19:21:26,153] {processor.py:153} INFO - Started process (PID=467) to work on /home/airflow/.local/lib/python3.7/site-packages/airflow/example_dags/example_skip_dag.py
[2022-12-11 19:21:26,175] {processor.py:641} INFO - Processing file /home/airflow/.local/lib/python3.7/site-packages/airflow/example_dags/example_skip_dag.py for tasks to queue
[2022-12-11 19:21:26,178] {logging_mixin.py:115} INFO - [2022-12-11 19:21:26,178] {dagbag.py:507} INFO - Filling up the DagBag from /home/airflow/.local/lib/python3.7/site-packages/airflow/example_dags/example_skip_dag.py
[2022-12-11 19:21:26,256] {processor.py:651} INFO - DAG(s) dict_keys(['example_skip_dag']) retrieved from /home/airflow/.local/lib/python3.7/site-packages/airflow/example_dags/example_skip_dag.py
[2022-12-11 19:21:26,528] {logging_mixin.py:115} INFO - [2022-12-11 19:21:26,527] {dag.py:2371} INFO - Sync 1 DAGs
[2022-12-11 19:21:26,815] {logging_mixin.py:115} INFO - [2022-12-11 19:21:26,810] {dag.py:2919} INFO - Setting next_dagrun for example_skip_dag to 2022-12-10T19:21:26.807223+00:00, run_after=2022-12-11T19:21:26.807223+00:00
[2022-12-11 19:21:26,920] {processor.py:161} INFO - Processing /home/airflow/.local/lib/python3.7/site-packages/airflow/example_dags/example_skip_dag.py took 0.784 seconds
[2022-12-11 19:22:12,494] {processor.py:153} INFO - Started process (PID=531) to work on /home/airflow/.local/lib/python3.7/site-packages/airflow/example_dags/example_skip_dag.py
[2022-12-11 19:22:12,498] {processor.py:641} INFO - Processing file /home/airflow/.local/lib/python3.7/site-packages/airflow/example_dags/example_skip_dag.py for tasks to queue
[2022-12-11 19:22:12,505] {logging_mixin.py:115} INFO - [2022-12-11 19:22:12,505] {dagbag.py:507} INFO - Filling up the DagBag from /home/airflow/.local/lib/python3.7/site-packages/airflow/example_dags/example_skip_dag.py
[2022-12-11 19:22:12,552] {processor.py:651} INFO - DAG(s) dict_keys(['example_skip_dag']) retrieved from /home/airflow/.local/lib/python3.7/site-packages/airflow/example_dags/example_skip_dag.py
[2022-12-11 19:22:12,948] {logging_mixin.py:115} INFO - [2022-12-11 19:22:12,948] {dag.py:2371} INFO - Sync 1 DAGs
[2022-12-11 19:22:13,154] {logging_mixin.py:115} INFO - [2022-12-11 19:22:13,153] {dag.py:2919} INFO - Setting next_dagrun for example_skip_dag to 2022-12-10T19:22:13.152444+00:00, run_after=2022-12-11T19:22:13.152444+00:00
[2022-12-11 19:22:13,237] {processor.py:161} INFO - Processing /home/airflow/.local/lib/python3.7/site-packages/airflow/example_dags/example_skip_dag.py took 0.764 seconds
[2022-12-11 19:22:43,392] {processor.py:153} INFO - Started process (PID=575) to work on /home/airflow/.local/lib/python3.7/site-packages/airflow/example_dags/example_skip_dag.py
[2022-12-11 19:22:43,394] {processor.py:641} INFO - Processing file /home/airflow/.local/lib/python3.7/site-packages/airflow/example_dags/example_skip_dag.py for tasks to queue
[2022-12-11 19:22:43,396] {logging_mixin.py:115} INFO - [2022-12-11 19:22:43,396] {dagbag.py:507} INFO - Filling up the DagBag from /home/airflow/.local/lib/python3.7/site-packages/airflow/example_dags/example_skip_dag.py
[2022-12-11 19:22:43,411] {processor.py:651} INFO - DAG(s) dict_keys(['example_skip_dag']) retrieved from /home/airflow/.local/lib/python3.7/site-packages/airflow/example_dags/example_skip_dag.py
[2022-12-11 19:22:43,485] {logging_mixin.py:115} INFO - [2022-12-11 19:22:43,485] {dag.py:2371} INFO - Sync 1 DAGs
[2022-12-11 19:22:43,565] {logging_mixin.py:115} INFO - [2022-12-11 19:22:43,565] {dag.py:2919} INFO - Setting next_dagrun for example_skip_dag to 2022-12-10T19:22:43.564327+00:00, run_after=2022-12-11T19:22:43.564327+00:00
[2022-12-11 19:22:43,615] {processor.py:161} INFO - Processing /home/airflow/.local/lib/python3.7/site-packages/airflow/example_dags/example_skip_dag.py took 0.236 seconds
[2022-12-11 19:23:13,742] {processor.py:153} INFO - Started process (PID=628) to work on /home/airflow/.local/lib/python3.7/site-packages/airflow/example_dags/example_skip_dag.py
[2022-12-11 19:23:13,744] {processor.py:641} INFO - Processing file /home/airflow/.local/lib/python3.7/site-packages/airflow/example_dags/example_skip_dag.py for tasks to queue
[2022-12-11 19:23:13,745] {logging_mixin.py:115} INFO - [2022-12-11 19:23:13,745] {dagbag.py:507} INFO - Filling up the DagBag from /home/airflow/.local/lib/python3.7/site-packages/airflow/example_dags/example_skip_dag.py
[2022-12-11 19:23:13,755] {processor.py:651} INFO - DAG(s) dict_keys(['example_skip_dag']) retrieved from /home/airflow/.local/lib/python3.7/site-packages/airflow/example_dags/example_skip_dag.py
[2022-12-11 19:23:13,813] {logging_mixin.py:115} INFO - [2022-12-11 19:23:13,813] {dag.py:2371} INFO - Sync 1 DAGs
[2022-12-11 19:23:13,857] {logging_mixin.py:115} INFO - [2022-12-11 19:23:13,857] {dag.py:2919} INFO - Setting next_dagrun for example_skip_dag to 2022-12-10T19:23:13.856970+00:00, run_after=2022-12-11T19:23:13.856970+00:00
[2022-12-11 19:23:13,890] {processor.py:161} INFO - Processing /home/airflow/.local/lib/python3.7/site-packages/airflow/example_dags/example_skip_dag.py took 0.153 seconds
[2022-12-11 19:23:44,052] {processor.py:153} INFO - Started process (PID=690) to work on /home/airflow/.local/lib/python3.7/site-packages/airflow/example_dags/example_skip_dag.py
[2022-12-11 19:23:44,057] {processor.py:641} INFO - Processing file /home/airflow/.local/lib/python3.7/site-packages/airflow/example_dags/example_skip_dag.py for tasks to queue
[2022-12-11 19:23:44,060] {logging_mixin.py:115} INFO - [2022-12-11 19:23:44,059] {dagbag.py:507} INFO - Filling up the DagBag from /home/airflow/.local/lib/python3.7/site-packages/airflow/example_dags/example_skip_dag.py
[2022-12-11 19:23:44,090] {processor.py:651} INFO - DAG(s) dict_keys(['example_skip_dag']) retrieved from /home/airflow/.local/lib/python3.7/site-packages/airflow/example_dags/example_skip_dag.py
[2022-12-11 19:23:44,259] {logging_mixin.py:115} INFO - [2022-12-11 19:23:44,258] {dag.py:2371} INFO - Sync 1 DAGs
[2022-12-11 19:23:44,305] {logging_mixin.py:115} INFO - [2022-12-11 19:23:44,305] {dag.py:2919} INFO - Setting next_dagrun for example_skip_dag to 2022-12-10T19:23:44.305032+00:00, run_after=2022-12-11T19:23:44.305032+00:00
[2022-12-11 19:23:44,333] {processor.py:161} INFO - Processing /home/airflow/.local/lib/python3.7/site-packages/airflow/example_dags/example_skip_dag.py took 0.293 seconds
[2022-12-11 19:24:14,765] {processor.py:153} INFO - Started process (PID=744) to work on /home/airflow/.local/lib/python3.7/site-packages/airflow/example_dags/example_skip_dag.py
[2022-12-11 19:24:14,766] {processor.py:641} INFO - Processing file /home/airflow/.local/lib/python3.7/site-packages/airflow/example_dags/example_skip_dag.py for tasks to queue
[2022-12-11 19:24:14,768] {logging_mixin.py:115} INFO - [2022-12-11 19:24:14,768] {dagbag.py:507} INFO - Filling up the DagBag from /home/airflow/.local/lib/python3.7/site-packages/airflow/example_dags/example_skip_dag.py
[2022-12-11 19:24:14,792] {processor.py:651} INFO - DAG(s) dict_keys(['example_skip_dag']) retrieved from /home/airflow/.local/lib/python3.7/site-packages/airflow/example_dags/example_skip_dag.py
[2022-12-11 19:24:14,859] {logging_mixin.py:115} INFO - [2022-12-11 19:24:14,859] {dag.py:2371} INFO - Sync 1 DAGs
[2022-12-11 19:24:14,904] {logging_mixin.py:115} INFO - [2022-12-11 19:24:14,904] {dag.py:2919} INFO - Setting next_dagrun for example_skip_dag to 2022-12-10T19:24:14.903673+00:00, run_after=2022-12-11T19:24:14.903673+00:00
[2022-12-11 19:24:14,933] {processor.py:161} INFO - Processing /home/airflow/.local/lib/python3.7/site-packages/airflow/example_dags/example_skip_dag.py took 0.177 seconds
[2022-12-11 19:24:45,335] {processor.py:153} INFO - Started process (PID=798) to work on /home/airflow/.local/lib/python3.7/site-packages/airflow/example_dags/example_skip_dag.py
[2022-12-11 19:24:45,348] {processor.py:641} INFO - Processing file /home/airflow/.local/lib/python3.7/site-packages/airflow/example_dags/example_skip_dag.py for tasks to queue
[2022-12-11 19:24:45,373] {logging_mixin.py:115} INFO - [2022-12-11 19:24:45,373] {dagbag.py:507} INFO - Filling up the DagBag from /home/airflow/.local/lib/python3.7/site-packages/airflow/example_dags/example_skip_dag.py
[2022-12-11 19:24:45,415] {processor.py:651} INFO - DAG(s) dict_keys(['example_skip_dag']) retrieved from /home/airflow/.local/lib/python3.7/site-packages/airflow/example_dags/example_skip_dag.py
[2022-12-11 19:24:45,512] {logging_mixin.py:115} INFO - [2022-12-11 19:24:45,511] {dag.py:2371} INFO - Sync 1 DAGs
[2022-12-11 19:24:45,613] {logging_mixin.py:115} INFO - [2022-12-11 19:24:45,613] {dag.py:2919} INFO - Setting next_dagrun for example_skip_dag to 2022-12-10T19:24:45.612263+00:00, run_after=2022-12-11T19:24:45.612263+00:00
[2022-12-11 19:24:45,744] {processor.py:161} INFO - Processing /home/airflow/.local/lib/python3.7/site-packages/airflow/example_dags/example_skip_dag.py took 0.430 seconds
[2022-12-11 19:25:15,846] {processor.py:153} INFO - Started process (PID=851) to work on /home/airflow/.local/lib/python3.7/site-packages/airflow/example_dags/example_skip_dag.py
[2022-12-11 19:25:15,848] {processor.py:641} INFO - Processing file /home/airflow/.local/lib/python3.7/site-packages/airflow/example_dags/example_skip_dag.py for tasks to queue
[2022-12-11 19:25:15,849] {logging_mixin.py:115} INFO - [2022-12-11 19:25:15,849] {dagbag.py:507} INFO - Filling up the DagBag from /home/airflow/.local/lib/python3.7/site-packages/airflow/example_dags/example_skip_dag.py
[2022-12-11 19:25:15,859] {processor.py:651} INFO - DAG(s) dict_keys(['example_skip_dag']) retrieved from /home/airflow/.local/lib/python3.7/site-packages/airflow/example_dags/example_skip_dag.py
[2022-12-11 19:25:15,903] {logging_mixin.py:115} INFO - [2022-12-11 19:25:15,902] {dag.py:2371} INFO - Sync 1 DAGs
[2022-12-11 19:25:15,941] {logging_mixin.py:115} INFO - [2022-12-11 19:25:15,941] {dag.py:2919} INFO - Setting next_dagrun for example_skip_dag to 2022-12-10T19:25:15.941120+00:00, run_after=2022-12-11T19:25:15.941120+00:00
[2022-12-11 19:25:15,964] {processor.py:161} INFO - Processing /home/airflow/.local/lib/python3.7/site-packages/airflow/example_dags/example_skip_dag.py took 0.125 seconds
[2022-12-11 19:25:46,918] {processor.py:153} INFO - Started process (PID=905) to work on /home/airflow/.local/lib/python3.7/site-packages/airflow/example_dags/example_skip_dag.py
[2022-12-11 19:25:46,919] {processor.py:641} INFO - Processing file /home/airflow/.local/lib/python3.7/site-packages/airflow/example_dags/example_skip_dag.py for tasks to queue
[2022-12-11 19:25:46,921] {logging_mixin.py:115} INFO - [2022-12-11 19:25:46,921] {dagbag.py:507} INFO - Filling up the DagBag from /home/airflow/.local/lib/python3.7/site-packages/airflow/example_dags/example_skip_dag.py
[2022-12-11 19:25:46,931] {processor.py:651} INFO - DAG(s) dict_keys(['example_skip_dag']) retrieved from /home/airflow/.local/lib/python3.7/site-packages/airflow/example_dags/example_skip_dag.py
[2022-12-11 19:25:46,987] {logging_mixin.py:115} INFO - [2022-12-11 19:25:46,987] {dag.py:2371} INFO - Sync 1 DAGs
[2022-12-11 19:25:47,034] {logging_mixin.py:115} INFO - [2022-12-11 19:25:47,033] {dag.py:2919} INFO - Setting next_dagrun for example_skip_dag to 2022-12-10T19:25:47.033561+00:00, run_after=2022-12-11T19:25:47.033561+00:00
[2022-12-11 19:25:47,083] {processor.py:161} INFO - Processing /home/airflow/.local/lib/python3.7/site-packages/airflow/example_dags/example_skip_dag.py took 0.172 seconds
[2022-12-11 19:26:17,283] {processor.py:153} INFO - Started process (PID=959) to work on /home/airflow/.local/lib/python3.7/site-packages/airflow/example_dags/example_skip_dag.py
[2022-12-11 19:26:17,284] {processor.py:641} INFO - Processing file /home/airflow/.local/lib/python3.7/site-packages/airflow/example_dags/example_skip_dag.py for tasks to queue
[2022-12-11 19:26:17,285] {logging_mixin.py:115} INFO - [2022-12-11 19:26:17,285] {dagbag.py:507} INFO - Filling up the DagBag from /home/airflow/.local/lib/python3.7/site-packages/airflow/example_dags/example_skip_dag.py
[2022-12-11 19:26:17,293] {processor.py:651} INFO - DAG(s) dict_keys(['example_skip_dag']) retrieved from /home/airflow/.local/lib/python3.7/site-packages/airflow/example_dags/example_skip_dag.py
[2022-12-11 19:26:17,341] {logging_mixin.py:115} INFO - [2022-12-11 19:26:17,340] {dag.py:2371} INFO - Sync 1 DAGs
[2022-12-11 19:26:17,383] {logging_mixin.py:115} INFO - [2022-12-11 19:26:17,383] {dag.py:2919} INFO - Setting next_dagrun for example_skip_dag to 2022-12-10T19:26:17.382244+00:00, run_after=2022-12-11T19:26:17.382244+00:00
[2022-12-11 19:26:17,424] {processor.py:161} INFO - Processing /home/airflow/.local/lib/python3.7/site-packages/airflow/example_dags/example_skip_dag.py took 0.147 seconds
[2022-12-11 19:26:48,413] {processor.py:153} INFO - Started process (PID=1022) to work on /home/airflow/.local/lib/python3.7/site-packages/airflow/example_dags/example_skip_dag.py
[2022-12-11 19:26:48,414] {processor.py:641} INFO - Processing file /home/airflow/.local/lib/python3.7/site-packages/airflow/example_dags/example_skip_dag.py for tasks to queue
[2022-12-11 19:26:48,416] {logging_mixin.py:115} INFO - [2022-12-11 19:26:48,416] {dagbag.py:507} INFO - Filling up the DagBag from /home/airflow/.local/lib/python3.7/site-packages/airflow/example_dags/example_skip_dag.py
[2022-12-11 19:26:48,429] {processor.py:651} INFO - DAG(s) dict_keys(['example_skip_dag']) retrieved from /home/airflow/.local/lib/python3.7/site-packages/airflow/example_dags/example_skip_dag.py
[2022-12-11 19:26:48,491] {logging_mixin.py:115} INFO - [2022-12-11 19:26:48,491] {dag.py:2371} INFO - Sync 1 DAGs
[2022-12-11 19:26:48,547] {logging_mixin.py:115} INFO - [2022-12-11 19:26:48,547] {dag.py:2919} INFO - Setting next_dagrun for example_skip_dag to 2022-12-10T19:26:48.546958+00:00, run_after=2022-12-11T19:26:48.546958+00:00
[2022-12-11 19:26:48,577] {processor.py:161} INFO - Processing /home/airflow/.local/lib/python3.7/site-packages/airflow/example_dags/example_skip_dag.py took 0.170 seconds
[2022-12-11 19:27:19,135] {processor.py:153} INFO - Started process (PID=1076) to work on /home/airflow/.local/lib/python3.7/site-packages/airflow/example_dags/example_skip_dag.py
[2022-12-11 19:27:19,138] {processor.py:641} INFO - Processing file /home/airflow/.local/lib/python3.7/site-packages/airflow/example_dags/example_skip_dag.py for tasks to queue
[2022-12-11 19:27:19,140] {logging_mixin.py:115} INFO - [2022-12-11 19:27:19,140] {dagbag.py:507} INFO - Filling up the DagBag from /home/airflow/.local/lib/python3.7/site-packages/airflow/example_dags/example_skip_dag.py
[2022-12-11 19:27:19,164] {processor.py:651} INFO - DAG(s) dict_keys(['example_skip_dag']) retrieved from /home/airflow/.local/lib/python3.7/site-packages/airflow/example_dags/example_skip_dag.py
[2022-12-11 19:27:19,279] {logging_mixin.py:115} INFO - [2022-12-11 19:27:19,278] {dag.py:2371} INFO - Sync 1 DAGs
[2022-12-11 19:27:19,359] {logging_mixin.py:115} INFO - [2022-12-11 19:27:19,359] {dag.py:2919} INFO - Setting next_dagrun for example_skip_dag to 2022-12-10T19:27:19.358257+00:00, run_after=2022-12-11T19:27:19.358257+00:00
[2022-12-11 19:27:19,412] {processor.py:161} INFO - Processing /home/airflow/.local/lib/python3.7/site-packages/airflow/example_dags/example_skip_dag.py took 0.290 seconds
[2022-12-11 19:27:49,575] {processor.py:153} INFO - Started process (PID=1130) to work on /home/airflow/.local/lib/python3.7/site-packages/airflow/example_dags/example_skip_dag.py
[2022-12-11 19:27:49,577] {processor.py:641} INFO - Processing file /home/airflow/.local/lib/python3.7/site-packages/airflow/example_dags/example_skip_dag.py for tasks to queue
[2022-12-11 19:27:49,578] {logging_mixin.py:115} INFO - [2022-12-11 19:27:49,578] {dagbag.py:507} INFO - Filling up the DagBag from /home/airflow/.local/lib/python3.7/site-packages/airflow/example_dags/example_skip_dag.py
[2022-12-11 19:27:49,589] {processor.py:651} INFO - DAG(s) dict_keys(['example_skip_dag']) retrieved from /home/airflow/.local/lib/python3.7/site-packages/airflow/example_dags/example_skip_dag.py
[2022-12-11 19:27:49,639] {logging_mixin.py:115} INFO - [2022-12-11 19:27:49,638] {dag.py:2371} INFO - Sync 1 DAGs
[2022-12-11 19:27:49,683] {logging_mixin.py:115} INFO - [2022-12-11 19:27:49,683] {dag.py:2919} INFO - Setting next_dagrun for example_skip_dag to 2022-12-10T19:27:49.682586+00:00, run_after=2022-12-11T19:27:49.682586+00:00
[2022-12-11 19:27:49,704] {processor.py:161} INFO - Processing /home/airflow/.local/lib/python3.7/site-packages/airflow/example_dags/example_skip_dag.py took 0.135 seconds
[2022-12-11 19:28:20,251] {processor.py:153} INFO - Started process (PID=1184) to work on /home/airflow/.local/lib/python3.7/site-packages/airflow/example_dags/example_skip_dag.py
[2022-12-11 19:28:20,258] {processor.py:641} INFO - Processing file /home/airflow/.local/lib/python3.7/site-packages/airflow/example_dags/example_skip_dag.py for tasks to queue
[2022-12-11 19:28:20,262] {logging_mixin.py:115} INFO - [2022-12-11 19:28:20,262] {dagbag.py:507} INFO - Filling up the DagBag from /home/airflow/.local/lib/python3.7/site-packages/airflow/example_dags/example_skip_dag.py
[2022-12-11 19:28:20,292] {processor.py:651} INFO - DAG(s) dict_keys(['example_skip_dag']) retrieved from /home/airflow/.local/lib/python3.7/site-packages/airflow/example_dags/example_skip_dag.py
[2022-12-11 19:28:20,425] {logging_mixin.py:115} INFO - [2022-12-11 19:28:20,424] {dag.py:2371} INFO - Sync 1 DAGs
[2022-12-11 19:28:20,521] {logging_mixin.py:115} INFO - [2022-12-11 19:28:20,520] {dag.py:2919} INFO - Setting next_dagrun for example_skip_dag to 2022-12-10T19:28:20.519087+00:00, run_after=2022-12-11T19:28:20.519087+00:00
[2022-12-11 19:28:20,556] {processor.py:161} INFO - Processing /home/airflow/.local/lib/python3.7/site-packages/airflow/example_dags/example_skip_dag.py took 0.317 seconds
[2022-12-11 19:28:50,826] {processor.py:153} INFO - Started process (PID=1240) to work on /home/airflow/.local/lib/python3.7/site-packages/airflow/example_dags/example_skip_dag.py
[2022-12-11 19:28:50,828] {processor.py:641} INFO - Processing file /home/airflow/.local/lib/python3.7/site-packages/airflow/example_dags/example_skip_dag.py for tasks to queue
[2022-12-11 19:28:50,829] {logging_mixin.py:115} INFO - [2022-12-11 19:28:50,829] {dagbag.py:507} INFO - Filling up the DagBag from /home/airflow/.local/lib/python3.7/site-packages/airflow/example_dags/example_skip_dag.py
[2022-12-11 19:28:50,847] {processor.py:651} INFO - DAG(s) dict_keys(['example_skip_dag']) retrieved from /home/airflow/.local/lib/python3.7/site-packages/airflow/example_dags/example_skip_dag.py
[2022-12-11 19:28:50,918] {logging_mixin.py:115} INFO - [2022-12-11 19:28:50,918] {dag.py:2371} INFO - Sync 1 DAGs
[2022-12-11 19:28:50,989] {logging_mixin.py:115} INFO - [2022-12-11 19:28:50,988] {dag.py:2919} INFO - Setting next_dagrun for example_skip_dag to 2022-12-10T19:28:50.985559+00:00, run_after=2022-12-11T19:28:50.985559+00:00
[2022-12-11 19:28:51,030] {processor.py:161} INFO - Processing /home/airflow/.local/lib/python3.7/site-packages/airflow/example_dags/example_skip_dag.py took 0.210 seconds
[2022-12-11 19:29:21,414] {processor.py:153} INFO - Started process (PID=1294) to work on /home/airflow/.local/lib/python3.7/site-packages/airflow/example_dags/example_skip_dag.py
[2022-12-11 19:29:21,415] {processor.py:641} INFO - Processing file /home/airflow/.local/lib/python3.7/site-packages/airflow/example_dags/example_skip_dag.py for tasks to queue
[2022-12-11 19:29:21,417] {logging_mixin.py:115} INFO - [2022-12-11 19:29:21,416] {dagbag.py:507} INFO - Filling up the DagBag from /home/airflow/.local/lib/python3.7/site-packages/airflow/example_dags/example_skip_dag.py
[2022-12-11 19:29:21,425] {processor.py:651} INFO - DAG(s) dict_keys(['example_skip_dag']) retrieved from /home/airflow/.local/lib/python3.7/site-packages/airflow/example_dags/example_skip_dag.py
[2022-12-11 19:29:21,476] {logging_mixin.py:115} INFO - [2022-12-11 19:29:21,476] {dag.py:2371} INFO - Sync 1 DAGs
[2022-12-11 19:29:21,520] {logging_mixin.py:115} INFO - [2022-12-11 19:29:21,519] {dag.py:2919} INFO - Setting next_dagrun for example_skip_dag to 2022-12-10T19:29:21.519158+00:00, run_after=2022-12-11T19:29:21.519158+00:00
[2022-12-11 19:29:21,546] {processor.py:161} INFO - Processing /home/airflow/.local/lib/python3.7/site-packages/airflow/example_dags/example_skip_dag.py took 0.138 seconds
[2022-12-11 19:29:51,747] {processor.py:153} INFO - Started process (PID=1348) to work on /home/airflow/.local/lib/python3.7/site-packages/airflow/example_dags/example_skip_dag.py
[2022-12-11 19:29:51,749] {processor.py:641} INFO - Processing file /home/airflow/.local/lib/python3.7/site-packages/airflow/example_dags/example_skip_dag.py for tasks to queue
[2022-12-11 19:29:51,750] {logging_mixin.py:115} INFO - [2022-12-11 19:29:51,750] {dagbag.py:507} INFO - Filling up the DagBag from /home/airflow/.local/lib/python3.7/site-packages/airflow/example_dags/example_skip_dag.py
[2022-12-11 19:29:51,764] {processor.py:651} INFO - DAG(s) dict_keys(['example_skip_dag']) retrieved from /home/airflow/.local/lib/python3.7/site-packages/airflow/example_dags/example_skip_dag.py
[2022-12-11 19:29:51,840] {logging_mixin.py:115} INFO - [2022-12-11 19:29:51,840] {dag.py:2371} INFO - Sync 1 DAGs
[2022-12-11 19:29:51,893] {logging_mixin.py:115} INFO - [2022-12-11 19:29:51,893] {dag.py:2919} INFO - Setting next_dagrun for example_skip_dag to 2022-12-10T19:29:51.892714+00:00, run_after=2022-12-11T19:29:51.892714+00:00
[2022-12-11 19:29:51,920] {processor.py:161} INFO - Processing /home/airflow/.local/lib/python3.7/site-packages/airflow/example_dags/example_skip_dag.py took 0.180 seconds
[2022-12-11 19:30:22,345] {processor.py:153} INFO - Started process (PID=1402) to work on /home/airflow/.local/lib/python3.7/site-packages/airflow/example_dags/example_skip_dag.py
[2022-12-11 19:30:22,347] {processor.py:641} INFO - Processing file /home/airflow/.local/lib/python3.7/site-packages/airflow/example_dags/example_skip_dag.py for tasks to queue
[2022-12-11 19:30:22,348] {logging_mixin.py:115} INFO - [2022-12-11 19:30:22,348] {dagbag.py:507} INFO - Filling up the DagBag from /home/airflow/.local/lib/python3.7/site-packages/airflow/example_dags/example_skip_dag.py
[2022-12-11 19:30:22,360] {processor.py:651} INFO - DAG(s) dict_keys(['example_skip_dag']) retrieved from /home/airflow/.local/lib/python3.7/site-packages/airflow/example_dags/example_skip_dag.py
[2022-12-11 19:30:22,413] {logging_mixin.py:115} INFO - [2022-12-11 19:30:22,413] {dag.py:2371} INFO - Sync 1 DAGs
[2022-12-11 19:30:22,461] {logging_mixin.py:115} INFO - [2022-12-11 19:30:22,461] {dag.py:2919} INFO - Setting next_dagrun for example_skip_dag to 2022-12-10T19:30:22.461014+00:00, run_after=2022-12-11T19:30:22.461014+00:00
[2022-12-11 19:30:22,483] {processor.py:161} INFO - Processing /home/airflow/.local/lib/python3.7/site-packages/airflow/example_dags/example_skip_dag.py took 0.144 seconds
[2022-12-11 19:30:52,868] {processor.py:153} INFO - Started process (PID=1456) to work on /home/airflow/.local/lib/python3.7/site-packages/airflow/example_dags/example_skip_dag.py
[2022-12-11 19:30:52,870] {processor.py:641} INFO - Processing file /home/airflow/.local/lib/python3.7/site-packages/airflow/example_dags/example_skip_dag.py for tasks to queue
[2022-12-11 19:30:52,873] {logging_mixin.py:115} INFO - [2022-12-11 19:30:52,872] {dagbag.py:507} INFO - Filling up the DagBag from /home/airflow/.local/lib/python3.7/site-packages/airflow/example_dags/example_skip_dag.py
[2022-12-11 19:30:52,889] {processor.py:651} INFO - DAG(s) dict_keys(['example_skip_dag']) retrieved from /home/airflow/.local/lib/python3.7/site-packages/airflow/example_dags/example_skip_dag.py
[2022-12-11 19:30:52,991] {logging_mixin.py:115} INFO - [2022-12-11 19:30:52,990] {dag.py:2371} INFO - Sync 1 DAGs
[2022-12-11 19:30:53,046] {logging_mixin.py:115} INFO - [2022-12-11 19:30:53,046] {dag.py:2919} INFO - Setting next_dagrun for example_skip_dag to 2022-12-10T19:30:53.046244+00:00, run_after=2022-12-11T19:30:53.046244+00:00
[2022-12-11 19:30:53,076] {processor.py:161} INFO - Processing /home/airflow/.local/lib/python3.7/site-packages/airflow/example_dags/example_skip_dag.py took 0.215 seconds
[2022-12-11 19:31:23,971] {processor.py:153} INFO - Started process (PID=1519) to work on /home/airflow/.local/lib/python3.7/site-packages/airflow/example_dags/example_skip_dag.py
[2022-12-11 19:31:23,975] {processor.py:641} INFO - Processing file /home/airflow/.local/lib/python3.7/site-packages/airflow/example_dags/example_skip_dag.py for tasks to queue
[2022-12-11 19:31:23,978] {logging_mixin.py:115} INFO - [2022-12-11 19:31:23,977] {dagbag.py:507} INFO - Filling up the DagBag from /home/airflow/.local/lib/python3.7/site-packages/airflow/example_dags/example_skip_dag.py
[2022-12-11 19:31:23,998] {processor.py:651} INFO - DAG(s) dict_keys(['example_skip_dag']) retrieved from /home/airflow/.local/lib/python3.7/site-packages/airflow/example_dags/example_skip_dag.py
[2022-12-11 19:31:24,139] {logging_mixin.py:115} INFO - [2022-12-11 19:31:24,139] {dag.py:2371} INFO - Sync 1 DAGs
[2022-12-11 19:31:24,216] {logging_mixin.py:115} INFO - [2022-12-11 19:31:24,216] {dag.py:2919} INFO - Setting next_dagrun for example_skip_dag to 2022-12-10T19:31:24.215793+00:00, run_after=2022-12-11T19:31:24.215793+00:00
[2022-12-11 19:31:24,265] {processor.py:161} INFO - Processing /home/airflow/.local/lib/python3.7/site-packages/airflow/example_dags/example_skip_dag.py took 0.302 seconds
[2022-12-11 19:31:54,746] {processor.py:153} INFO - Started process (PID=1573) to work on /home/airflow/.local/lib/python3.7/site-packages/airflow/example_dags/example_skip_dag.py
[2022-12-11 19:31:54,747] {processor.py:641} INFO - Processing file /home/airflow/.local/lib/python3.7/site-packages/airflow/example_dags/example_skip_dag.py for tasks to queue
[2022-12-11 19:31:54,749] {logging_mixin.py:115} INFO - [2022-12-11 19:31:54,748] {dagbag.py:507} INFO - Filling up the DagBag from /home/airflow/.local/lib/python3.7/site-packages/airflow/example_dags/example_skip_dag.py
[2022-12-11 19:31:54,759] {processor.py:651} INFO - DAG(s) dict_keys(['example_skip_dag']) retrieved from /home/airflow/.local/lib/python3.7/site-packages/airflow/example_dags/example_skip_dag.py
[2022-12-11 19:31:54,817] {logging_mixin.py:115} INFO - [2022-12-11 19:31:54,816] {dag.py:2371} INFO - Sync 1 DAGs
[2022-12-11 19:31:54,855] {logging_mixin.py:115} INFO - [2022-12-11 19:31:54,855] {dag.py:2919} INFO - Setting next_dagrun for example_skip_dag to 2022-12-10T19:31:54.854867+00:00, run_after=2022-12-11T19:31:54.854867+00:00
[2022-12-11 19:31:54,877] {processor.py:161} INFO - Processing /home/airflow/.local/lib/python3.7/site-packages/airflow/example_dags/example_skip_dag.py took 0.138 seconds
[2022-12-11 19:32:25,311] {processor.py:153} INFO - Started process (PID=1627) to work on /home/airflow/.local/lib/python3.7/site-packages/airflow/example_dags/example_skip_dag.py
[2022-12-11 19:32:25,312] {processor.py:641} INFO - Processing file /home/airflow/.local/lib/python3.7/site-packages/airflow/example_dags/example_skip_dag.py for tasks to queue
[2022-12-11 19:32:25,314] {logging_mixin.py:115} INFO - [2022-12-11 19:32:25,313] {dagbag.py:507} INFO - Filling up the DagBag from /home/airflow/.local/lib/python3.7/site-packages/airflow/example_dags/example_skip_dag.py
[2022-12-11 19:32:25,328] {processor.py:651} INFO - DAG(s) dict_keys(['example_skip_dag']) retrieved from /home/airflow/.local/lib/python3.7/site-packages/airflow/example_dags/example_skip_dag.py
[2022-12-11 19:32:25,392] {logging_mixin.py:115} INFO - [2022-12-11 19:32:25,392] {dag.py:2371} INFO - Sync 1 DAGs
[2022-12-11 19:32:25,435] {logging_mixin.py:115} INFO - [2022-12-11 19:32:25,435] {dag.py:2919} INFO - Setting next_dagrun for example_skip_dag to 2022-12-10T19:32:25.434765+00:00, run_after=2022-12-11T19:32:25.434765+00:00
[2022-12-11 19:32:25,458] {processor.py:161} INFO - Processing /home/airflow/.local/lib/python3.7/site-packages/airflow/example_dags/example_skip_dag.py took 0.154 seconds
[2022-12-11 19:32:56,091] {processor.py:153} INFO - Started process (PID=1683) to work on /home/airflow/.local/lib/python3.7/site-packages/airflow/example_dags/example_skip_dag.py
[2022-12-11 19:32:56,092] {processor.py:641} INFO - Processing file /home/airflow/.local/lib/python3.7/site-packages/airflow/example_dags/example_skip_dag.py for tasks to queue
[2022-12-11 19:32:56,093] {logging_mixin.py:115} INFO - [2022-12-11 19:32:56,093] {dagbag.py:507} INFO - Filling up the DagBag from /home/airflow/.local/lib/python3.7/site-packages/airflow/example_dags/example_skip_dag.py
[2022-12-11 19:32:56,107] {processor.py:651} INFO - DAG(s) dict_keys(['example_skip_dag']) retrieved from /home/airflow/.local/lib/python3.7/site-packages/airflow/example_dags/example_skip_dag.py
[2022-12-11 19:32:56,242] {logging_mixin.py:115} INFO - [2022-12-11 19:32:56,242] {dag.py:2371} INFO - Sync 1 DAGs
[2022-12-11 19:32:56,320] {logging_mixin.py:115} INFO - [2022-12-11 19:32:56,320] {dag.py:2919} INFO - Setting next_dagrun for example_skip_dag to 2022-12-10T19:32:56.319488+00:00, run_after=2022-12-11T19:32:56.319488+00:00
[2022-12-11 19:32:56,350] {processor.py:161} INFO - Processing /home/airflow/.local/lib/python3.7/site-packages/airflow/example_dags/example_skip_dag.py took 0.265 seconds
