[2022-12-11 13:30:28,300] {processor.py:153} INFO - Started process (PID=104) to work on /home/airflow/.local/lib/python3.7/site-packages/airflow/example_dags/example_subdag_operator.py
[2022-12-11 13:30:28,319] {processor.py:641} INFO - Processing file /home/airflow/.local/lib/python3.7/site-packages/airflow/example_dags/example_subdag_operator.py for tasks to queue
[2022-12-11 13:30:28,327] {logging_mixin.py:115} INFO - [2022-12-11 13:30:28,326] {dagbag.py:507} INFO - Filling up the DagBag from /home/airflow/.local/lib/python3.7/site-packages/airflow/example_dags/example_subdag_operator.py
[2022-12-11 13:30:28,555] {processor.py:651} INFO - DAG(s) dict_keys(['example_subdag_operator.section-1', 'example_subdag_operator.section-2', 'example_subdag_operator']) retrieved from /home/airflow/.local/lib/python3.7/site-packages/airflow/example_dags/example_subdag_operator.py
[2022-12-11 13:30:29,551] {logging_mixin.py:115} INFO - [2022-12-11 13:30:29,550] {dag.py:2371} INFO - Sync 3 DAGs
[2022-12-11 13:30:30,043] {logging_mixin.py:115} INFO - [2022-12-11 13:30:30,043] {dag.py:2919} INFO - Setting next_dagrun for example_subdag_operator to 2022-12-09T00:00:00+00:00, run_after=2022-12-09T00:00:00+00:00
[2022-12-11 13:30:30,093] {logging_mixin.py:115} INFO - [2022-12-11 13:30:30,093] {dag.py:2919} INFO - Setting next_dagrun for example_subdag_operator.section-1 to None, run_after=None
[2022-12-11 13:30:30,208] {logging_mixin.py:115} INFO - [2022-12-11 13:30:30,207] {dag.py:2919} INFO - Setting next_dagrun for example_subdag_operator.section-2 to None, run_after=None
[2022-12-11 13:30:31,997] {logging_mixin.py:115} INFO - [2022-12-11 13:30:31,997] {dag.py:2371} INFO - Sync 2 DAGs
[2022-12-11 13:30:32,188] {logging_mixin.py:115} INFO - [2022-12-11 13:30:32,176] {dag.py:2919} INFO - Setting next_dagrun for example_subdag_operator.section-1 to None, run_after=None
[2022-12-11 13:30:32,222] {logging_mixin.py:115} INFO - [2022-12-11 13:30:32,222] {dag.py:2919} INFO - Setting next_dagrun for example_subdag_operator.section-2 to None, run_after=None
[2022-12-11 13:30:32,376] {processor.py:161} INFO - Processing /home/airflow/.local/lib/python3.7/site-packages/airflow/example_dags/example_subdag_operator.py took 4.098 seconds
[2022-12-11 13:31:04,263] {processor.py:153} INFO - Started process (PID=159) to work on /home/airflow/.local/lib/python3.7/site-packages/airflow/example_dags/example_subdag_operator.py
[2022-12-11 13:31:04,279] {processor.py:641} INFO - Processing file /home/airflow/.local/lib/python3.7/site-packages/airflow/example_dags/example_subdag_operator.py for tasks to queue
[2022-12-11 13:31:04,313] {logging_mixin.py:115} INFO - [2022-12-11 13:31:04,312] {dagbag.py:507} INFO - Filling up the DagBag from /home/airflow/.local/lib/python3.7/site-packages/airflow/example_dags/example_subdag_operator.py
[2022-12-11 13:31:04,692] {processor.py:651} INFO - DAG(s) dict_keys(['example_subdag_operator.section-1', 'example_subdag_operator.section-2', 'example_subdag_operator']) retrieved from /home/airflow/.local/lib/python3.7/site-packages/airflow/example_dags/example_subdag_operator.py
[2022-12-11 13:31:05,214] {logging_mixin.py:115} INFO - [2022-12-11 13:31:05,214] {dag.py:2371} INFO - Sync 3 DAGs
[2022-12-11 13:31:05,379] {logging_mixin.py:115} INFO - [2022-12-11 13:31:05,378] {dag.py:2919} INFO - Setting next_dagrun for example_subdag_operator to 2022-12-09T00:00:00+00:00, run_after=2022-12-09T00:00:00+00:00
[2022-12-11 13:31:05,392] {logging_mixin.py:115} INFO - [2022-12-11 13:31:05,392] {dag.py:2919} INFO - Setting next_dagrun for example_subdag_operator.section-1 to None, run_after=None
[2022-12-11 13:31:05,413] {logging_mixin.py:115} INFO - [2022-12-11 13:31:05,413] {dag.py:2919} INFO - Setting next_dagrun for example_subdag_operator.section-2 to None, run_after=None
[2022-12-11 13:31:05,490] {logging_mixin.py:115} INFO - [2022-12-11 13:31:05,490] {dag.py:2371} INFO - Sync 2 DAGs
[2022-12-11 13:31:05,561] {logging_mixin.py:115} INFO - [2022-12-11 13:31:05,553] {dag.py:2919} INFO - Setting next_dagrun for example_subdag_operator.section-1 to None, run_after=None
[2022-12-11 13:31:05,593] {logging_mixin.py:115} INFO - [2022-12-11 13:31:05,593] {dag.py:2919} INFO - Setting next_dagrun for example_subdag_operator.section-2 to None, run_after=None
[2022-12-11 13:31:05,773] {processor.py:161} INFO - Processing /home/airflow/.local/lib/python3.7/site-packages/airflow/example_dags/example_subdag_operator.py took 1.550 seconds
[2022-12-11 19:16:59,086] {processor.py:153} INFO - Started process (PID=106) to work on /home/airflow/.local/lib/python3.7/site-packages/airflow/example_dags/example_subdag_operator.py
[2022-12-11 19:16:59,099] {processor.py:641} INFO - Processing file /home/airflow/.local/lib/python3.7/site-packages/airflow/example_dags/example_subdag_operator.py for tasks to queue
[2022-12-11 19:16:59,104] {logging_mixin.py:115} INFO - [2022-12-11 19:16:59,104] {dagbag.py:507} INFO - Filling up the DagBag from /home/airflow/.local/lib/python3.7/site-packages/airflow/example_dags/example_subdag_operator.py
[2022-12-11 19:16:59,291] {processor.py:651} INFO - DAG(s) dict_keys(['example_subdag_operator.section-1', 'example_subdag_operator.section-2', 'example_subdag_operator']) retrieved from /home/airflow/.local/lib/python3.7/site-packages/airflow/example_dags/example_subdag_operator.py
[2022-12-11 19:16:59,469] {logging_mixin.py:115} INFO - [2022-12-11 19:16:59,469] {dag.py:2371} INFO - Sync 3 DAGs
[2022-12-11 19:16:59,619] {logging_mixin.py:115} INFO - [2022-12-11 19:16:59,617] {dag.py:2919} INFO - Setting next_dagrun for example_subdag_operator to 2022-12-09T00:00:00+00:00, run_after=2022-12-09T00:00:00+00:00
[2022-12-11 19:16:59,623] {logging_mixin.py:115} INFO - [2022-12-11 19:16:59,623] {dag.py:2919} INFO - Setting next_dagrun for example_subdag_operator.section-1 to None, run_after=None
[2022-12-11 19:16:59,632] {logging_mixin.py:115} INFO - [2022-12-11 19:16:59,627] {dag.py:2919} INFO - Setting next_dagrun for example_subdag_operator.section-2 to None, run_after=None
[2022-12-11 19:16:59,665] {logging_mixin.py:115} INFO - [2022-12-11 19:16:59,665] {dag.py:2371} INFO - Sync 2 DAGs
[2022-12-11 19:16:59,693] {logging_mixin.py:115} INFO - [2022-12-11 19:16:59,692] {dag.py:2919} INFO - Setting next_dagrun for example_subdag_operator.section-1 to None, run_after=None
[2022-12-11 19:16:59,695] {logging_mixin.py:115} INFO - [2022-12-11 19:16:59,694] {dag.py:2919} INFO - Setting next_dagrun for example_subdag_operator.section-2 to None, run_after=None
[2022-12-11 19:16:59,741] {processor.py:161} INFO - Processing /home/airflow/.local/lib/python3.7/site-packages/airflow/example_dags/example_subdag_operator.py took 0.668 seconds
[2022-12-11 19:17:29,889] {processor.py:153} INFO - Started process (PID=150) to work on /home/airflow/.local/lib/python3.7/site-packages/airflow/example_dags/example_subdag_operator.py
[2022-12-11 19:17:29,892] {processor.py:641} INFO - Processing file /home/airflow/.local/lib/python3.7/site-packages/airflow/example_dags/example_subdag_operator.py for tasks to queue
[2022-12-11 19:17:29,895] {logging_mixin.py:115} INFO - [2022-12-11 19:17:29,894] {dagbag.py:507} INFO - Filling up the DagBag from /home/airflow/.local/lib/python3.7/site-packages/airflow/example_dags/example_subdag_operator.py
[2022-12-11 19:17:30,010] {processor.py:651} INFO - DAG(s) dict_keys(['example_subdag_operator.section-1', 'example_subdag_operator.section-2', 'example_subdag_operator']) retrieved from /home/airflow/.local/lib/python3.7/site-packages/airflow/example_dags/example_subdag_operator.py
[2022-12-11 19:17:30,229] {logging_mixin.py:115} INFO - [2022-12-11 19:17:30,228] {dag.py:2371} INFO - Sync 3 DAGs
[2022-12-11 19:17:30,341] {logging_mixin.py:115} INFO - [2022-12-11 19:17:30,341] {dag.py:2919} INFO - Setting next_dagrun for example_subdag_operator to 2022-12-09T00:00:00+00:00, run_after=2022-12-09T00:00:00+00:00
[2022-12-11 19:17:30,343] {logging_mixin.py:115} INFO - [2022-12-11 19:17:30,343] {dag.py:2919} INFO - Setting next_dagrun for example_subdag_operator.section-1 to None, run_after=None
[2022-12-11 19:17:30,345] {logging_mixin.py:115} INFO - [2022-12-11 19:17:30,345] {dag.py:2919} INFO - Setting next_dagrun for example_subdag_operator.section-2 to None, run_after=None
[2022-12-11 19:17:30,388] {logging_mixin.py:115} INFO - [2022-12-11 19:17:30,383] {dag.py:2371} INFO - Sync 2 DAGs
[2022-12-11 19:17:30,435] {logging_mixin.py:115} INFO - [2022-12-11 19:17:30,425] {dag.py:2919} INFO - Setting next_dagrun for example_subdag_operator.section-1 to None, run_after=None
[2022-12-11 19:17:30,447] {logging_mixin.py:115} INFO - [2022-12-11 19:17:30,447] {dag.py:2919} INFO - Setting next_dagrun for example_subdag_operator.section-2 to None, run_after=None
[2022-12-11 19:17:30,496] {processor.py:161} INFO - Processing /home/airflow/.local/lib/python3.7/site-packages/airflow/example_dags/example_subdag_operator.py took 0.620 seconds
[2022-12-11 19:18:00,858] {processor.py:153} INFO - Started process (PID=205) to work on /home/airflow/.local/lib/python3.7/site-packages/airflow/example_dags/example_subdag_operator.py
[2022-12-11 19:18:00,860] {processor.py:641} INFO - Processing file /home/airflow/.local/lib/python3.7/site-packages/airflow/example_dags/example_subdag_operator.py for tasks to queue
[2022-12-11 19:18:00,861] {logging_mixin.py:115} INFO - [2022-12-11 19:18:00,861] {dagbag.py:507} INFO - Filling up the DagBag from /home/airflow/.local/lib/python3.7/site-packages/airflow/example_dags/example_subdag_operator.py
[2022-12-11 19:18:00,951] {processor.py:651} INFO - DAG(s) dict_keys(['example_subdag_operator.section-1', 'example_subdag_operator.section-2', 'example_subdag_operator']) retrieved from /home/airflow/.local/lib/python3.7/site-packages/airflow/example_dags/example_subdag_operator.py
[2022-12-11 19:18:01,044] {logging_mixin.py:115} INFO - [2022-12-11 19:18:01,044] {dag.py:2371} INFO - Sync 3 DAGs
[2022-12-11 19:18:01,094] {logging_mixin.py:115} INFO - [2022-12-11 19:18:01,093] {dag.py:2919} INFO - Setting next_dagrun for example_subdag_operator to 2022-12-09T00:00:00+00:00, run_after=2022-12-09T00:00:00+00:00
[2022-12-11 19:18:01,094] {logging_mixin.py:115} INFO - [2022-12-11 19:18:01,094] {dag.py:2919} INFO - Setting next_dagrun for example_subdag_operator.section-1 to None, run_after=None
[2022-12-11 19:18:01,095] {logging_mixin.py:115} INFO - [2022-12-11 19:18:01,095] {dag.py:2919} INFO - Setting next_dagrun for example_subdag_operator.section-2 to None, run_after=None
[2022-12-11 19:18:01,107] {logging_mixin.py:115} INFO - [2022-12-11 19:18:01,107] {dag.py:2371} INFO - Sync 2 DAGs
[2022-12-11 19:18:01,121] {logging_mixin.py:115} INFO - [2022-12-11 19:18:01,121] {dag.py:2919} INFO - Setting next_dagrun for example_subdag_operator.section-1 to None, run_after=None
[2022-12-11 19:18:01,122] {logging_mixin.py:115} INFO - [2022-12-11 19:18:01,122] {dag.py:2919} INFO - Setting next_dagrun for example_subdag_operator.section-2 to None, run_after=None
[2022-12-11 19:18:01,141] {processor.py:161} INFO - Processing /home/airflow/.local/lib/python3.7/site-packages/airflow/example_dags/example_subdag_operator.py took 0.290 seconds
[2022-12-11 19:18:39,473] {processor.py:153} INFO - Started process (PID=263) to work on /home/airflow/.local/lib/python3.7/site-packages/airflow/example_dags/example_subdag_operator.py
[2022-12-11 19:18:39,476] {processor.py:641} INFO - Processing file /home/airflow/.local/lib/python3.7/site-packages/airflow/example_dags/example_subdag_operator.py for tasks to queue
[2022-12-11 19:18:39,487] {logging_mixin.py:115} INFO - [2022-12-11 19:18:39,487] {dagbag.py:507} INFO - Filling up the DagBag from /home/airflow/.local/lib/python3.7/site-packages/airflow/example_dags/example_subdag_operator.py
[2022-12-11 19:18:39,832] {processor.py:651} INFO - DAG(s) dict_keys(['example_subdag_operator.section-1', 'example_subdag_operator.section-2', 'example_subdag_operator']) retrieved from /home/airflow/.local/lib/python3.7/site-packages/airflow/example_dags/example_subdag_operator.py
[2022-12-11 19:18:40,083] {logging_mixin.py:115} INFO - [2022-12-11 19:18:40,082] {dag.py:2371} INFO - Sync 3 DAGs
[2022-12-11 19:18:40,220] {logging_mixin.py:115} INFO - [2022-12-11 19:18:40,220] {dag.py:2919} INFO - Setting next_dagrun for example_subdag_operator to 2022-12-09T00:00:00+00:00, run_after=2022-12-09T00:00:00+00:00
[2022-12-11 19:18:40,222] {logging_mixin.py:115} INFO - [2022-12-11 19:18:40,222] {dag.py:2919} INFO - Setting next_dagrun for example_subdag_operator.section-1 to None, run_after=None
[2022-12-11 19:18:40,228] {logging_mixin.py:115} INFO - [2022-12-11 19:18:40,228] {dag.py:2919} INFO - Setting next_dagrun for example_subdag_operator.section-2 to None, run_after=None
[2022-12-11 19:18:40,269] {logging_mixin.py:115} INFO - [2022-12-11 19:18:40,269] {dag.py:2371} INFO - Sync 2 DAGs
[2022-12-11 19:18:40,312] {logging_mixin.py:115} INFO - [2022-12-11 19:18:40,312] {dag.py:2919} INFO - Setting next_dagrun for example_subdag_operator.section-1 to None, run_after=None
[2022-12-11 19:18:40,314] {logging_mixin.py:115} INFO - [2022-12-11 19:18:40,313] {dag.py:2919} INFO - Setting next_dagrun for example_subdag_operator.section-2 to None, run_after=None
[2022-12-11 19:18:40,422] {processor.py:161} INFO - Processing /home/airflow/.local/lib/python3.7/site-packages/airflow/example_dags/example_subdag_operator.py took 0.958 seconds
[2022-12-11 19:19:48,043] {processor.py:153} INFO - Started process (PID=334) to work on /home/airflow/.local/lib/python3.7/site-packages/airflow/example_dags/example_subdag_operator.py
[2022-12-11 19:19:48,055] {processor.py:641} INFO - Processing file /home/airflow/.local/lib/python3.7/site-packages/airflow/example_dags/example_subdag_operator.py for tasks to queue
[2022-12-11 19:19:48,062] {logging_mixin.py:115} INFO - [2022-12-11 19:19:48,061] {dagbag.py:507} INFO - Filling up the DagBag from /home/airflow/.local/lib/python3.7/site-packages/airflow/example_dags/example_subdag_operator.py
[2022-12-11 19:19:48,369] {processor.py:651} INFO - DAG(s) dict_keys(['example_subdag_operator.section-1', 'example_subdag_operator.section-2', 'example_subdag_operator']) retrieved from /home/airflow/.local/lib/python3.7/site-packages/airflow/example_dags/example_subdag_operator.py
[2022-12-11 19:19:48,688] {logging_mixin.py:115} INFO - [2022-12-11 19:19:48,686] {dag.py:2371} INFO - Sync 3 DAGs
[2022-12-11 19:19:48,872] {logging_mixin.py:115} INFO - [2022-12-11 19:19:48,871] {dag.py:2919} INFO - Setting next_dagrun for example_subdag_operator to 2022-12-09T00:00:00+00:00, run_after=2022-12-09T00:00:00+00:00
[2022-12-11 19:19:48,874] {logging_mixin.py:115} INFO - [2022-12-11 19:19:48,874] {dag.py:2919} INFO - Setting next_dagrun for example_subdag_operator.section-1 to None, run_after=None
[2022-12-11 19:19:48,875] {logging_mixin.py:115} INFO - [2022-12-11 19:19:48,875] {dag.py:2919} INFO - Setting next_dagrun for example_subdag_operator.section-2 to None, run_after=None
[2022-12-11 19:19:48,909] {logging_mixin.py:115} INFO - [2022-12-11 19:19:48,909] {dag.py:2371} INFO - Sync 2 DAGs
[2022-12-11 19:19:48,952] {logging_mixin.py:115} INFO - [2022-12-11 19:19:48,952] {dag.py:2919} INFO - Setting next_dagrun for example_subdag_operator.section-1 to None, run_after=None
[2022-12-11 19:19:48,953] {logging_mixin.py:115} INFO - [2022-12-11 19:19:48,953] {dag.py:2919} INFO - Setting next_dagrun for example_subdag_operator.section-2 to None, run_after=None
[2022-12-11 19:19:49,011] {processor.py:161} INFO - Processing /home/airflow/.local/lib/python3.7/site-packages/airflow/example_dags/example_subdag_operator.py took 0.980 seconds
[2022-12-11 19:20:38,452] {processor.py:153} INFO - Started process (PID=399) to work on /home/airflow/.local/lib/python3.7/site-packages/airflow/example_dags/example_subdag_operator.py
[2022-12-11 19:20:38,510] {processor.py:641} INFO - Processing file /home/airflow/.local/lib/python3.7/site-packages/airflow/example_dags/example_subdag_operator.py for tasks to queue
[2022-12-11 19:20:38,518] {logging_mixin.py:115} INFO - [2022-12-11 19:20:38,517] {dagbag.py:507} INFO - Filling up the DagBag from /home/airflow/.local/lib/python3.7/site-packages/airflow/example_dags/example_subdag_operator.py
[2022-12-11 19:20:38,703] {processor.py:651} INFO - DAG(s) dict_keys(['example_subdag_operator.section-1', 'example_subdag_operator.section-2', 'example_subdag_operator']) retrieved from /home/airflow/.local/lib/python3.7/site-packages/airflow/example_dags/example_subdag_operator.py
[2022-12-11 19:20:39,020] {logging_mixin.py:115} INFO - [2022-12-11 19:20:39,020] {dag.py:2371} INFO - Sync 3 DAGs
[2022-12-11 19:20:39,310] {logging_mixin.py:115} INFO - [2022-12-11 19:20:39,310] {dag.py:2919} INFO - Setting next_dagrun for example_subdag_operator to 2022-12-09T00:00:00+00:00, run_after=2022-12-09T00:00:00+00:00
[2022-12-11 19:20:39,337] {logging_mixin.py:115} INFO - [2022-12-11 19:20:39,337] {dag.py:2919} INFO - Setting next_dagrun for example_subdag_operator.section-1 to None, run_after=None
[2022-12-11 19:20:39,353] {logging_mixin.py:115} INFO - [2022-12-11 19:20:39,353] {dag.py:2919} INFO - Setting next_dagrun for example_subdag_operator.section-2 to None, run_after=None
[2022-12-11 19:20:39,458] {logging_mixin.py:115} INFO - [2022-12-11 19:20:39,458] {dag.py:2371} INFO - Sync 2 DAGs
[2022-12-11 19:20:39,524] {logging_mixin.py:115} INFO - [2022-12-11 19:20:39,523] {dag.py:2919} INFO - Setting next_dagrun for example_subdag_operator.section-1 to None, run_after=None
[2022-12-11 19:20:39,554] {logging_mixin.py:115} INFO - [2022-12-11 19:20:39,554] {dag.py:2919} INFO - Setting next_dagrun for example_subdag_operator.section-2 to None, run_after=None
[2022-12-11 19:20:39,686] {processor.py:161} INFO - Processing /home/airflow/.local/lib/python3.7/site-packages/airflow/example_dags/example_subdag_operator.py took 1.241 seconds
[2022-12-11 19:21:18,441] {processor.py:153} INFO - Started process (PID=457) to work on /home/airflow/.local/lib/python3.7/site-packages/airflow/example_dags/example_subdag_operator.py
[2022-12-11 19:21:18,452] {processor.py:641} INFO - Processing file /home/airflow/.local/lib/python3.7/site-packages/airflow/example_dags/example_subdag_operator.py for tasks to queue
[2022-12-11 19:21:18,477] {logging_mixin.py:115} INFO - [2022-12-11 19:21:18,477] {dagbag.py:507} INFO - Filling up the DagBag from /home/airflow/.local/lib/python3.7/site-packages/airflow/example_dags/example_subdag_operator.py
[2022-12-11 19:21:18,712] {processor.py:651} INFO - DAG(s) dict_keys(['example_subdag_operator.section-1', 'example_subdag_operator.section-2', 'example_subdag_operator']) retrieved from /home/airflow/.local/lib/python3.7/site-packages/airflow/example_dags/example_subdag_operator.py
[2022-12-11 19:21:18,951] {logging_mixin.py:115} INFO - [2022-12-11 19:21:18,951] {dag.py:2371} INFO - Sync 3 DAGs
[2022-12-11 19:21:19,089] {logging_mixin.py:115} INFO - [2022-12-11 19:21:19,088] {dag.py:2919} INFO - Setting next_dagrun for example_subdag_operator to 2022-12-09T00:00:00+00:00, run_after=2022-12-09T00:00:00+00:00
[2022-12-11 19:21:19,090] {logging_mixin.py:115} INFO - [2022-12-11 19:21:19,090] {dag.py:2919} INFO - Setting next_dagrun for example_subdag_operator.section-1 to None, run_after=None
[2022-12-11 19:21:19,092] {logging_mixin.py:115} INFO - [2022-12-11 19:21:19,092] {dag.py:2919} INFO - Setting next_dagrun for example_subdag_operator.section-2 to None, run_after=None
[2022-12-11 19:21:19,137] {logging_mixin.py:115} INFO - [2022-12-11 19:21:19,137] {dag.py:2371} INFO - Sync 2 DAGs
[2022-12-11 19:21:19,206] {logging_mixin.py:115} INFO - [2022-12-11 19:21:19,206] {dag.py:2919} INFO - Setting next_dagrun for example_subdag_operator.section-1 to None, run_after=None
[2022-12-11 19:21:19,207] {logging_mixin.py:115} INFO - [2022-12-11 19:21:19,207] {dag.py:2919} INFO - Setting next_dagrun for example_subdag_operator.section-2 to None, run_after=None
[2022-12-11 19:21:19,753] {processor.py:161} INFO - Processing /home/airflow/.local/lib/python3.7/site-packages/airflow/example_dags/example_subdag_operator.py took 1.292 seconds
[2022-12-11 19:22:04,167] {processor.py:153} INFO - Started process (PID=514) to work on /home/airflow/.local/lib/python3.7/site-packages/airflow/example_dags/example_subdag_operator.py
[2022-12-11 19:22:04,180] {processor.py:641} INFO - Processing file /home/airflow/.local/lib/python3.7/site-packages/airflow/example_dags/example_subdag_operator.py for tasks to queue
[2022-12-11 19:22:04,195] {logging_mixin.py:115} INFO - [2022-12-11 19:22:04,194] {dagbag.py:507} INFO - Filling up the DagBag from /home/airflow/.local/lib/python3.7/site-packages/airflow/example_dags/example_subdag_operator.py
[2022-12-11 19:22:04,573] {processor.py:651} INFO - DAG(s) dict_keys(['example_subdag_operator.section-1', 'example_subdag_operator.section-2', 'example_subdag_operator']) retrieved from /home/airflow/.local/lib/python3.7/site-packages/airflow/example_dags/example_subdag_operator.py
[2022-12-11 19:22:05,392] {logging_mixin.py:115} INFO - [2022-12-11 19:22:05,390] {dag.py:2371} INFO - Sync 3 DAGs
[2022-12-11 19:22:05,641] {logging_mixin.py:115} INFO - [2022-12-11 19:22:05,640] {dag.py:2919} INFO - Setting next_dagrun for example_subdag_operator to 2022-12-09T00:00:00+00:00, run_after=2022-12-09T00:00:00+00:00
[2022-12-11 19:22:05,652] {logging_mixin.py:115} INFO - [2022-12-11 19:22:05,645] {dag.py:2919} INFO - Setting next_dagrun for example_subdag_operator.section-1 to None, run_after=None
[2022-12-11 19:22:05,654] {logging_mixin.py:115} INFO - [2022-12-11 19:22:05,654] {dag.py:2919} INFO - Setting next_dagrun for example_subdag_operator.section-2 to None, run_after=None
[2022-12-11 19:22:05,698] {logging_mixin.py:115} INFO - [2022-12-11 19:22:05,698] {dag.py:2371} INFO - Sync 2 DAGs
[2022-12-11 19:22:05,773] {logging_mixin.py:115} INFO - [2022-12-11 19:22:05,758] {dag.py:2919} INFO - Setting next_dagrun for example_subdag_operator.section-1 to None, run_after=None
[2022-12-11 19:22:05,803] {logging_mixin.py:115} INFO - [2022-12-11 19:22:05,802] {dag.py:2919} INFO - Setting next_dagrun for example_subdag_operator.section-2 to None, run_after=None
[2022-12-11 19:22:05,866] {processor.py:161} INFO - Processing /home/airflow/.local/lib/python3.7/site-packages/airflow/example_dags/example_subdag_operator.py took 1.713 seconds
[2022-12-11 19:22:36,373] {processor.py:153} INFO - Started process (PID=568) to work on /home/airflow/.local/lib/python3.7/site-packages/airflow/example_dags/example_subdag_operator.py
[2022-12-11 19:22:36,378] {processor.py:641} INFO - Processing file /home/airflow/.local/lib/python3.7/site-packages/airflow/example_dags/example_subdag_operator.py for tasks to queue
[2022-12-11 19:22:36,387] {logging_mixin.py:115} INFO - [2022-12-11 19:22:36,387] {dagbag.py:507} INFO - Filling up the DagBag from /home/airflow/.local/lib/python3.7/site-packages/airflow/example_dags/example_subdag_operator.py
[2022-12-11 19:22:36,537] {processor.py:651} INFO - DAG(s) dict_keys(['example_subdag_operator.section-1', 'example_subdag_operator.section-2', 'example_subdag_operator']) retrieved from /home/airflow/.local/lib/python3.7/site-packages/airflow/example_dags/example_subdag_operator.py
[2022-12-11 19:22:36,705] {logging_mixin.py:115} INFO - [2022-12-11 19:22:36,705] {dag.py:2371} INFO - Sync 3 DAGs
[2022-12-11 19:22:36,791] {logging_mixin.py:115} INFO - [2022-12-11 19:22:36,791] {dag.py:2919} INFO - Setting next_dagrun for example_subdag_operator to 2022-12-09T00:00:00+00:00, run_after=2022-12-09T00:00:00+00:00
[2022-12-11 19:22:36,792] {logging_mixin.py:115} INFO - [2022-12-11 19:22:36,792] {dag.py:2919} INFO - Setting next_dagrun for example_subdag_operator.section-1 to None, run_after=None
[2022-12-11 19:22:36,794] {logging_mixin.py:115} INFO - [2022-12-11 19:22:36,794] {dag.py:2919} INFO - Setting next_dagrun for example_subdag_operator.section-2 to None, run_after=None
[2022-12-11 19:22:36,816] {logging_mixin.py:115} INFO - [2022-12-11 19:22:36,816] {dag.py:2371} INFO - Sync 2 DAGs
[2022-12-11 19:22:36,835] {logging_mixin.py:115} INFO - [2022-12-11 19:22:36,834] {dag.py:2919} INFO - Setting next_dagrun for example_subdag_operator.section-1 to None, run_after=None
[2022-12-11 19:22:36,836] {logging_mixin.py:115} INFO - [2022-12-11 19:22:36,836] {dag.py:2919} INFO - Setting next_dagrun for example_subdag_operator.section-2 to None, run_after=None
[2022-12-11 19:22:36,872] {processor.py:161} INFO - Processing /home/airflow/.local/lib/python3.7/site-packages/airflow/example_dags/example_subdag_operator.py took 0.508 seconds
[2022-12-11 19:23:07,119] {processor.py:153} INFO - Started process (PID=622) to work on /home/airflow/.local/lib/python3.7/site-packages/airflow/example_dags/example_subdag_operator.py
[2022-12-11 19:23:07,122] {processor.py:641} INFO - Processing file /home/airflow/.local/lib/python3.7/site-packages/airflow/example_dags/example_subdag_operator.py for tasks to queue
[2022-12-11 19:23:07,123] {logging_mixin.py:115} INFO - [2022-12-11 19:23:07,123] {dagbag.py:507} INFO - Filling up the DagBag from /home/airflow/.local/lib/python3.7/site-packages/airflow/example_dags/example_subdag_operator.py
[2022-12-11 19:23:07,170] {processor.py:651} INFO - DAG(s) dict_keys(['example_subdag_operator.section-1', 'example_subdag_operator.section-2', 'example_subdag_operator']) retrieved from /home/airflow/.local/lib/python3.7/site-packages/airflow/example_dags/example_subdag_operator.py
[2022-12-11 19:23:07,238] {logging_mixin.py:115} INFO - [2022-12-11 19:23:07,238] {dag.py:2371} INFO - Sync 3 DAGs
[2022-12-11 19:23:07,282] {logging_mixin.py:115} INFO - [2022-12-11 19:23:07,282] {dag.py:2919} INFO - Setting next_dagrun for example_subdag_operator to 2022-12-09T00:00:00+00:00, run_after=2022-12-09T00:00:00+00:00
[2022-12-11 19:23:07,283] {logging_mixin.py:115} INFO - [2022-12-11 19:23:07,283] {dag.py:2919} INFO - Setting next_dagrun for example_subdag_operator.section-1 to None, run_after=None
[2022-12-11 19:23:07,284] {logging_mixin.py:115} INFO - [2022-12-11 19:23:07,284] {dag.py:2919} INFO - Setting next_dagrun for example_subdag_operator.section-2 to None, run_after=None
[2022-12-11 19:23:07,296] {logging_mixin.py:115} INFO - [2022-12-11 19:23:07,296] {dag.py:2371} INFO - Sync 2 DAGs
[2022-12-11 19:23:07,311] {logging_mixin.py:115} INFO - [2022-12-11 19:23:07,310] {dag.py:2919} INFO - Setting next_dagrun for example_subdag_operator.section-1 to None, run_after=None
[2022-12-11 19:23:07,312] {logging_mixin.py:115} INFO - [2022-12-11 19:23:07,312] {dag.py:2919} INFO - Setting next_dagrun for example_subdag_operator.section-2 to None, run_after=None
[2022-12-11 19:23:07,330] {processor.py:161} INFO - Processing /home/airflow/.local/lib/python3.7/site-packages/airflow/example_dags/example_subdag_operator.py took 0.219 seconds
[2022-12-11 19:23:37,503] {processor.py:153} INFO - Started process (PID=676) to work on /home/airflow/.local/lib/python3.7/site-packages/airflow/example_dags/example_subdag_operator.py
[2022-12-11 19:23:37,505] {processor.py:641} INFO - Processing file /home/airflow/.local/lib/python3.7/site-packages/airflow/example_dags/example_subdag_operator.py for tasks to queue
[2022-12-11 19:23:37,507] {logging_mixin.py:115} INFO - [2022-12-11 19:23:37,506] {dagbag.py:507} INFO - Filling up the DagBag from /home/airflow/.local/lib/python3.7/site-packages/airflow/example_dags/example_subdag_operator.py
[2022-12-11 19:23:37,559] {processor.py:651} INFO - DAG(s) dict_keys(['example_subdag_operator.section-1', 'example_subdag_operator.section-2', 'example_subdag_operator']) retrieved from /home/airflow/.local/lib/python3.7/site-packages/airflow/example_dags/example_subdag_operator.py
[2022-12-11 19:23:37,624] {logging_mixin.py:115} INFO - [2022-12-11 19:23:37,624] {dag.py:2371} INFO - Sync 3 DAGs
[2022-12-11 19:23:37,672] {logging_mixin.py:115} INFO - [2022-12-11 19:23:37,672] {dag.py:2919} INFO - Setting next_dagrun for example_subdag_operator to 2022-12-09T00:00:00+00:00, run_after=2022-12-09T00:00:00+00:00
[2022-12-11 19:23:37,673] {logging_mixin.py:115} INFO - [2022-12-11 19:23:37,672] {dag.py:2919} INFO - Setting next_dagrun for example_subdag_operator.section-1 to None, run_after=None
[2022-12-11 19:23:37,673] {logging_mixin.py:115} INFO - [2022-12-11 19:23:37,673] {dag.py:2919} INFO - Setting next_dagrun for example_subdag_operator.section-2 to None, run_after=None
[2022-12-11 19:23:37,685] {logging_mixin.py:115} INFO - [2022-12-11 19:23:37,685] {dag.py:2371} INFO - Sync 2 DAGs
[2022-12-11 19:23:37,697] {logging_mixin.py:115} INFO - [2022-12-11 19:23:37,696] {dag.py:2919} INFO - Setting next_dagrun for example_subdag_operator.section-1 to None, run_after=None
[2022-12-11 19:23:37,698] {logging_mixin.py:115} INFO - [2022-12-11 19:23:37,697] {dag.py:2919} INFO - Setting next_dagrun for example_subdag_operator.section-2 to None, run_after=None
[2022-12-11 19:23:37,715] {processor.py:161} INFO - Processing /home/airflow/.local/lib/python3.7/site-packages/airflow/example_dags/example_subdag_operator.py took 0.218 seconds
[2022-12-11 19:24:08,539] {processor.py:153} INFO - Started process (PID=739) to work on /home/airflow/.local/lib/python3.7/site-packages/airflow/example_dags/example_subdag_operator.py
[2022-12-11 19:24:08,541] {processor.py:641} INFO - Processing file /home/airflow/.local/lib/python3.7/site-packages/airflow/example_dags/example_subdag_operator.py for tasks to queue
[2022-12-11 19:24:08,542] {logging_mixin.py:115} INFO - [2022-12-11 19:24:08,542] {dagbag.py:507} INFO - Filling up the DagBag from /home/airflow/.local/lib/python3.7/site-packages/airflow/example_dags/example_subdag_operator.py
[2022-12-11 19:24:08,592] {processor.py:651} INFO - DAG(s) dict_keys(['example_subdag_operator.section-1', 'example_subdag_operator.section-2', 'example_subdag_operator']) retrieved from /home/airflow/.local/lib/python3.7/site-packages/airflow/example_dags/example_subdag_operator.py
[2022-12-11 19:24:08,650] {logging_mixin.py:115} INFO - [2022-12-11 19:24:08,650] {dag.py:2371} INFO - Sync 3 DAGs
[2022-12-11 19:24:08,689] {logging_mixin.py:115} INFO - [2022-12-11 19:24:08,689] {dag.py:2919} INFO - Setting next_dagrun for example_subdag_operator to 2022-12-09T00:00:00+00:00, run_after=2022-12-09T00:00:00+00:00
[2022-12-11 19:24:08,690] {logging_mixin.py:115} INFO - [2022-12-11 19:24:08,690] {dag.py:2919} INFO - Setting next_dagrun for example_subdag_operator.section-1 to None, run_after=None
[2022-12-11 19:24:08,691] {logging_mixin.py:115} INFO - [2022-12-11 19:24:08,691] {dag.py:2919} INFO - Setting next_dagrun for example_subdag_operator.section-2 to None, run_after=None
[2022-12-11 19:24:08,700] {logging_mixin.py:115} INFO - [2022-12-11 19:24:08,700] {dag.py:2371} INFO - Sync 2 DAGs
[2022-12-11 19:24:08,712] {logging_mixin.py:115} INFO - [2022-12-11 19:24:08,712] {dag.py:2919} INFO - Setting next_dagrun for example_subdag_operator.section-1 to None, run_after=None
[2022-12-11 19:24:08,713] {logging_mixin.py:115} INFO - [2022-12-11 19:24:08,713] {dag.py:2919} INFO - Setting next_dagrun for example_subdag_operator.section-2 to None, run_after=None
[2022-12-11 19:24:08,730] {processor.py:161} INFO - Processing /home/airflow/.local/lib/python3.7/site-packages/airflow/example_dags/example_subdag_operator.py took 0.197 seconds
[2022-12-11 19:24:39,700] {processor.py:153} INFO - Started process (PID=793) to work on /home/airflow/.local/lib/python3.7/site-packages/airflow/example_dags/example_subdag_operator.py
[2022-12-11 19:24:39,714] {processor.py:641} INFO - Processing file /home/airflow/.local/lib/python3.7/site-packages/airflow/example_dags/example_subdag_operator.py for tasks to queue
[2022-12-11 19:24:39,775] {logging_mixin.py:115} INFO - [2022-12-11 19:24:39,775] {dagbag.py:507} INFO - Filling up the DagBag from /home/airflow/.local/lib/python3.7/site-packages/airflow/example_dags/example_subdag_operator.py
[2022-12-11 19:24:39,920] {processor.py:651} INFO - DAG(s) dict_keys(['example_subdag_operator.section-1', 'example_subdag_operator.section-2', 'example_subdag_operator']) retrieved from /home/airflow/.local/lib/python3.7/site-packages/airflow/example_dags/example_subdag_operator.py
[2022-12-11 19:24:40,141] {logging_mixin.py:115} INFO - [2022-12-11 19:24:40,141] {dag.py:2371} INFO - Sync 3 DAGs
[2022-12-11 19:24:40,268] {logging_mixin.py:115} INFO - [2022-12-11 19:24:40,268] {dag.py:2919} INFO - Setting next_dagrun for example_subdag_operator to 2022-12-09T00:00:00+00:00, run_after=2022-12-09T00:00:00+00:00
[2022-12-11 19:24:40,269] {logging_mixin.py:115} INFO - [2022-12-11 19:24:40,269] {dag.py:2919} INFO - Setting next_dagrun for example_subdag_operator.section-1 to None, run_after=None
[2022-12-11 19:24:40,271] {logging_mixin.py:115} INFO - [2022-12-11 19:24:40,271] {dag.py:2919} INFO - Setting next_dagrun for example_subdag_operator.section-2 to None, run_after=None
[2022-12-11 19:24:40,299] {logging_mixin.py:115} INFO - [2022-12-11 19:24:40,298] {dag.py:2371} INFO - Sync 2 DAGs
[2022-12-11 19:24:40,334] {logging_mixin.py:115} INFO - [2022-12-11 19:24:40,334] {dag.py:2919} INFO - Setting next_dagrun for example_subdag_operator.section-1 to None, run_after=None
[2022-12-11 19:24:40,336] {logging_mixin.py:115} INFO - [2022-12-11 19:24:40,335] {dag.py:2919} INFO - Setting next_dagrun for example_subdag_operator.section-2 to None, run_after=None
[2022-12-11 19:24:40,392] {processor.py:161} INFO - Processing /home/airflow/.local/lib/python3.7/site-packages/airflow/example_dags/example_subdag_operator.py took 0.699 seconds
[2022-12-11 19:25:10,462] {processor.py:153} INFO - Started process (PID=848) to work on /home/airflow/.local/lib/python3.7/site-packages/airflow/example_dags/example_subdag_operator.py
[2022-12-11 19:25:10,463] {processor.py:641} INFO - Processing file /home/airflow/.local/lib/python3.7/site-packages/airflow/example_dags/example_subdag_operator.py for tasks to queue
[2022-12-11 19:25:10,464] {logging_mixin.py:115} INFO - [2022-12-11 19:25:10,464] {dagbag.py:507} INFO - Filling up the DagBag from /home/airflow/.local/lib/python3.7/site-packages/airflow/example_dags/example_subdag_operator.py
[2022-12-11 19:25:10,508] {processor.py:651} INFO - DAG(s) dict_keys(['example_subdag_operator.section-1', 'example_subdag_operator.section-2', 'example_subdag_operator']) retrieved from /home/airflow/.local/lib/python3.7/site-packages/airflow/example_dags/example_subdag_operator.py
[2022-12-11 19:25:10,567] {logging_mixin.py:115} INFO - [2022-12-11 19:25:10,567] {dag.py:2371} INFO - Sync 3 DAGs
[2022-12-11 19:25:10,607] {logging_mixin.py:115} INFO - [2022-12-11 19:25:10,607] {dag.py:2919} INFO - Setting next_dagrun for example_subdag_operator to 2022-12-09T00:00:00+00:00, run_after=2022-12-09T00:00:00+00:00
[2022-12-11 19:25:10,608] {logging_mixin.py:115} INFO - [2022-12-11 19:25:10,608] {dag.py:2919} INFO - Setting next_dagrun for example_subdag_operator.section-1 to None, run_after=None
[2022-12-11 19:25:10,608] {logging_mixin.py:115} INFO - [2022-12-11 19:25:10,608] {dag.py:2919} INFO - Setting next_dagrun for example_subdag_operator.section-2 to None, run_after=None
[2022-12-11 19:25:10,619] {logging_mixin.py:115} INFO - [2022-12-11 19:25:10,619] {dag.py:2371} INFO - Sync 2 DAGs
[2022-12-11 19:25:10,629] {logging_mixin.py:115} INFO - [2022-12-11 19:25:10,629] {dag.py:2919} INFO - Setting next_dagrun for example_subdag_operator.section-1 to None, run_after=None
[2022-12-11 19:25:10,630] {logging_mixin.py:115} INFO - [2022-12-11 19:25:10,629] {dag.py:2919} INFO - Setting next_dagrun for example_subdag_operator.section-2 to None, run_after=None
[2022-12-11 19:25:10,648] {processor.py:161} INFO - Processing /home/airflow/.local/lib/python3.7/site-packages/airflow/example_dags/example_subdag_operator.py took 0.190 seconds
[2022-12-11 19:25:41,371] {processor.py:153} INFO - Started process (PID=901) to work on /home/airflow/.local/lib/python3.7/site-packages/airflow/example_dags/example_subdag_operator.py
[2022-12-11 19:25:41,372] {processor.py:641} INFO - Processing file /home/airflow/.local/lib/python3.7/site-packages/airflow/example_dags/example_subdag_operator.py for tasks to queue
[2022-12-11 19:25:41,373] {logging_mixin.py:115} INFO - [2022-12-11 19:25:41,373] {dagbag.py:507} INFO - Filling up the DagBag from /home/airflow/.local/lib/python3.7/site-packages/airflow/example_dags/example_subdag_operator.py
[2022-12-11 19:25:41,421] {processor.py:651} INFO - DAG(s) dict_keys(['example_subdag_operator.section-1', 'example_subdag_operator.section-2', 'example_subdag_operator']) retrieved from /home/airflow/.local/lib/python3.7/site-packages/airflow/example_dags/example_subdag_operator.py
[2022-12-11 19:25:41,485] {logging_mixin.py:115} INFO - [2022-12-11 19:25:41,485] {dag.py:2371} INFO - Sync 3 DAGs
[2022-12-11 19:25:41,535] {logging_mixin.py:115} INFO - [2022-12-11 19:25:41,535] {dag.py:2919} INFO - Setting next_dagrun for example_subdag_operator to 2022-12-09T00:00:00+00:00, run_after=2022-12-09T00:00:00+00:00
[2022-12-11 19:25:41,536] {logging_mixin.py:115} INFO - [2022-12-11 19:25:41,536] {dag.py:2919} INFO - Setting next_dagrun for example_subdag_operator.section-1 to None, run_after=None
[2022-12-11 19:25:41,537] {logging_mixin.py:115} INFO - [2022-12-11 19:25:41,536] {dag.py:2919} INFO - Setting next_dagrun for example_subdag_operator.section-2 to None, run_after=None
[2022-12-11 19:25:41,548] {logging_mixin.py:115} INFO - [2022-12-11 19:25:41,548] {dag.py:2371} INFO - Sync 2 DAGs
[2022-12-11 19:25:41,558] {logging_mixin.py:115} INFO - [2022-12-11 19:25:41,557] {dag.py:2919} INFO - Setting next_dagrun for example_subdag_operator.section-1 to None, run_after=None
[2022-12-11 19:25:41,558] {logging_mixin.py:115} INFO - [2022-12-11 19:25:41,558] {dag.py:2919} INFO - Setting next_dagrun for example_subdag_operator.section-2 to None, run_after=None
[2022-12-11 19:25:41,574] {processor.py:161} INFO - Processing /home/airflow/.local/lib/python3.7/site-packages/airflow/example_dags/example_subdag_operator.py took 0.207 seconds
[2022-12-11 19:26:12,556] {processor.py:153} INFO - Started process (PID=955) to work on /home/airflow/.local/lib/python3.7/site-packages/airflow/example_dags/example_subdag_operator.py
[2022-12-11 19:26:12,558] {processor.py:641} INFO - Processing file /home/airflow/.local/lib/python3.7/site-packages/airflow/example_dags/example_subdag_operator.py for tasks to queue
[2022-12-11 19:26:12,562] {logging_mixin.py:115} INFO - [2022-12-11 19:26:12,562] {dagbag.py:507} INFO - Filling up the DagBag from /home/airflow/.local/lib/python3.7/site-packages/airflow/example_dags/example_subdag_operator.py
[2022-12-11 19:26:12,632] {processor.py:651} INFO - DAG(s) dict_keys(['example_subdag_operator.section-1', 'example_subdag_operator.section-2', 'example_subdag_operator']) retrieved from /home/airflow/.local/lib/python3.7/site-packages/airflow/example_dags/example_subdag_operator.py
[2022-12-11 19:26:12,801] {logging_mixin.py:115} INFO - [2022-12-11 19:26:12,801] {dag.py:2371} INFO - Sync 3 DAGs
[2022-12-11 19:26:12,892] {logging_mixin.py:115} INFO - [2022-12-11 19:26:12,891] {dag.py:2919} INFO - Setting next_dagrun for example_subdag_operator to 2022-12-09T00:00:00+00:00, run_after=2022-12-09T00:00:00+00:00
[2022-12-11 19:26:12,894] {logging_mixin.py:115} INFO - [2022-12-11 19:26:12,894] {dag.py:2919} INFO - Setting next_dagrun for example_subdag_operator.section-1 to None, run_after=None
[2022-12-11 19:26:12,896] {logging_mixin.py:115} INFO - [2022-12-11 19:26:12,896] {dag.py:2919} INFO - Setting next_dagrun for example_subdag_operator.section-2 to None, run_after=None
[2022-12-11 19:26:12,935] {logging_mixin.py:115} INFO - [2022-12-11 19:26:12,934] {dag.py:2371} INFO - Sync 2 DAGs
[2022-12-11 19:26:12,953] {logging_mixin.py:115} INFO - [2022-12-11 19:26:12,952] {dag.py:2919} INFO - Setting next_dagrun for example_subdag_operator.section-1 to None, run_after=None
[2022-12-11 19:26:12,954] {logging_mixin.py:115} INFO - [2022-12-11 19:26:12,954] {dag.py:2919} INFO - Setting next_dagrun for example_subdag_operator.section-2 to None, run_after=None
[2022-12-11 19:26:12,984] {processor.py:161} INFO - Processing /home/airflow/.local/lib/python3.7/site-packages/airflow/example_dags/example_subdag_operator.py took 0.434 seconds
[2022-12-11 19:26:43,266] {processor.py:153} INFO - Started process (PID=1008) to work on /home/airflow/.local/lib/python3.7/site-packages/airflow/example_dags/example_subdag_operator.py
[2022-12-11 19:26:43,268] {processor.py:641} INFO - Processing file /home/airflow/.local/lib/python3.7/site-packages/airflow/example_dags/example_subdag_operator.py for tasks to queue
[2022-12-11 19:26:43,273] {logging_mixin.py:115} INFO - [2022-12-11 19:26:43,273] {dagbag.py:507} INFO - Filling up the DagBag from /home/airflow/.local/lib/python3.7/site-packages/airflow/example_dags/example_subdag_operator.py
[2022-12-11 19:26:43,495] {processor.py:651} INFO - DAG(s) dict_keys(['example_subdag_operator.section-1', 'example_subdag_operator.section-2', 'example_subdag_operator']) retrieved from /home/airflow/.local/lib/python3.7/site-packages/airflow/example_dags/example_subdag_operator.py
[2022-12-11 19:26:43,596] {logging_mixin.py:115} INFO - [2022-12-11 19:26:43,594] {dag.py:2371} INFO - Sync 3 DAGs
[2022-12-11 19:26:43,648] {logging_mixin.py:115} INFO - [2022-12-11 19:26:43,647] {dag.py:2919} INFO - Setting next_dagrun for example_subdag_operator to 2022-12-09T00:00:00+00:00, run_after=2022-12-09T00:00:00+00:00
[2022-12-11 19:26:43,650] {logging_mixin.py:115} INFO - [2022-12-11 19:26:43,650] {dag.py:2919} INFO - Setting next_dagrun for example_subdag_operator.section-1 to None, run_after=None
[2022-12-11 19:26:43,653] {logging_mixin.py:115} INFO - [2022-12-11 19:26:43,653] {dag.py:2919} INFO - Setting next_dagrun for example_subdag_operator.section-2 to None, run_after=None
[2022-12-11 19:26:43,672] {logging_mixin.py:115} INFO - [2022-12-11 19:26:43,672] {dag.py:2371} INFO - Sync 2 DAGs
[2022-12-11 19:26:43,688] {logging_mixin.py:115} INFO - [2022-12-11 19:26:43,688] {dag.py:2919} INFO - Setting next_dagrun for example_subdag_operator.section-1 to None, run_after=None
[2022-12-11 19:26:43,689] {logging_mixin.py:115} INFO - [2022-12-11 19:26:43,689] {dag.py:2919} INFO - Setting next_dagrun for example_subdag_operator.section-2 to None, run_after=None
[2022-12-11 19:26:43,761] {processor.py:161} INFO - Processing /home/airflow/.local/lib/python3.7/site-packages/airflow/example_dags/example_subdag_operator.py took 0.518 seconds
[2022-12-11 19:27:14,301] {processor.py:153} INFO - Started process (PID=1069) to work on /home/airflow/.local/lib/python3.7/site-packages/airflow/example_dags/example_subdag_operator.py
[2022-12-11 19:27:14,303] {processor.py:641} INFO - Processing file /home/airflow/.local/lib/python3.7/site-packages/airflow/example_dags/example_subdag_operator.py for tasks to queue
[2022-12-11 19:27:14,305] {logging_mixin.py:115} INFO - [2022-12-11 19:27:14,305] {dagbag.py:507} INFO - Filling up the DagBag from /home/airflow/.local/lib/python3.7/site-packages/airflow/example_dags/example_subdag_operator.py
[2022-12-11 19:27:14,371] {processor.py:651} INFO - DAG(s) dict_keys(['example_subdag_operator.section-1', 'example_subdag_operator.section-2', 'example_subdag_operator']) retrieved from /home/airflow/.local/lib/python3.7/site-packages/airflow/example_dags/example_subdag_operator.py
[2022-12-11 19:27:14,451] {logging_mixin.py:115} INFO - [2022-12-11 19:27:14,451] {dag.py:2371} INFO - Sync 3 DAGs
[2022-12-11 19:27:14,526] {logging_mixin.py:115} INFO - [2022-12-11 19:27:14,521] {dag.py:2919} INFO - Setting next_dagrun for example_subdag_operator to 2022-12-09T00:00:00+00:00, run_after=2022-12-09T00:00:00+00:00
[2022-12-11 19:27:14,528] {logging_mixin.py:115} INFO - [2022-12-11 19:27:14,528] {dag.py:2919} INFO - Setting next_dagrun for example_subdag_operator.section-1 to None, run_after=None
[2022-12-11 19:27:14,530] {logging_mixin.py:115} INFO - [2022-12-11 19:27:14,529] {dag.py:2919} INFO - Setting next_dagrun for example_subdag_operator.section-2 to None, run_after=None
[2022-12-11 19:27:14,555] {logging_mixin.py:115} INFO - [2022-12-11 19:27:14,555] {dag.py:2371} INFO - Sync 2 DAGs
[2022-12-11 19:27:14,575] {logging_mixin.py:115} INFO - [2022-12-11 19:27:14,575] {dag.py:2919} INFO - Setting next_dagrun for example_subdag_operator.section-1 to None, run_after=None
[2022-12-11 19:27:14,576] {logging_mixin.py:115} INFO - [2022-12-11 19:27:14,576] {dag.py:2919} INFO - Setting next_dagrun for example_subdag_operator.section-2 to None, run_after=None
[2022-12-11 19:27:14,602] {processor.py:161} INFO - Processing /home/airflow/.local/lib/python3.7/site-packages/airflow/example_dags/example_subdag_operator.py took 0.306 seconds
[2022-12-11 19:27:44,959] {processor.py:153} INFO - Started process (PID=1125) to work on /home/airflow/.local/lib/python3.7/site-packages/airflow/example_dags/example_subdag_operator.py
[2022-12-11 19:27:44,961] {processor.py:641} INFO - Processing file /home/airflow/.local/lib/python3.7/site-packages/airflow/example_dags/example_subdag_operator.py for tasks to queue
[2022-12-11 19:27:44,962] {logging_mixin.py:115} INFO - [2022-12-11 19:27:44,962] {dagbag.py:507} INFO - Filling up the DagBag from /home/airflow/.local/lib/python3.7/site-packages/airflow/example_dags/example_subdag_operator.py
[2022-12-11 19:27:45,014] {processor.py:651} INFO - DAG(s) dict_keys(['example_subdag_operator.section-1', 'example_subdag_operator.section-2', 'example_subdag_operator']) retrieved from /home/airflow/.local/lib/python3.7/site-packages/airflow/example_dags/example_subdag_operator.py
[2022-12-11 19:27:45,077] {logging_mixin.py:115} INFO - [2022-12-11 19:27:45,077] {dag.py:2371} INFO - Sync 3 DAGs
[2022-12-11 19:27:45,135] {logging_mixin.py:115} INFO - [2022-12-11 19:27:45,134] {dag.py:2919} INFO - Setting next_dagrun for example_subdag_operator to 2022-12-09T00:00:00+00:00, run_after=2022-12-09T00:00:00+00:00
[2022-12-11 19:27:45,137] {logging_mixin.py:115} INFO - [2022-12-11 19:27:45,137] {dag.py:2919} INFO - Setting next_dagrun for example_subdag_operator.section-1 to None, run_after=None
[2022-12-11 19:27:45,138] {logging_mixin.py:115} INFO - [2022-12-11 19:27:45,138] {dag.py:2919} INFO - Setting next_dagrun for example_subdag_operator.section-2 to None, run_after=None
[2022-12-11 19:27:45,150] {logging_mixin.py:115} INFO - [2022-12-11 19:27:45,150] {dag.py:2371} INFO - Sync 2 DAGs
[2022-12-11 19:27:45,160] {logging_mixin.py:115} INFO - [2022-12-11 19:27:45,160] {dag.py:2919} INFO - Setting next_dagrun for example_subdag_operator.section-1 to None, run_after=None
[2022-12-11 19:27:45,161] {logging_mixin.py:115} INFO - [2022-12-11 19:27:45,161] {dag.py:2919} INFO - Setting next_dagrun for example_subdag_operator.section-2 to None, run_after=None
[2022-12-11 19:27:45,178] {processor.py:161} INFO - Processing /home/airflow/.local/lib/python3.7/site-packages/airflow/example_dags/example_subdag_operator.py took 0.224 seconds
[2022-12-11 19:28:15,610] {processor.py:153} INFO - Started process (PID=1179) to work on /home/airflow/.local/lib/python3.7/site-packages/airflow/example_dags/example_subdag_operator.py
[2022-12-11 19:28:15,615] {processor.py:641} INFO - Processing file /home/airflow/.local/lib/python3.7/site-packages/airflow/example_dags/example_subdag_operator.py for tasks to queue
[2022-12-11 19:28:15,617] {logging_mixin.py:115} INFO - [2022-12-11 19:28:15,616] {dagbag.py:507} INFO - Filling up the DagBag from /home/airflow/.local/lib/python3.7/site-packages/airflow/example_dags/example_subdag_operator.py
[2022-12-11 19:28:15,784] {processor.py:651} INFO - DAG(s) dict_keys(['example_subdag_operator.section-1', 'example_subdag_operator.section-2', 'example_subdag_operator']) retrieved from /home/airflow/.local/lib/python3.7/site-packages/airflow/example_dags/example_subdag_operator.py
[2022-12-11 19:28:16,116] {logging_mixin.py:115} INFO - [2022-12-11 19:28:16,116] {dag.py:2371} INFO - Sync 3 DAGs
[2022-12-11 19:28:16,305] {logging_mixin.py:115} INFO - [2022-12-11 19:28:16,304] {dag.py:2919} INFO - Setting next_dagrun for example_subdag_operator to 2022-12-09T00:00:00+00:00, run_after=2022-12-09T00:00:00+00:00
[2022-12-11 19:28:16,326] {logging_mixin.py:115} INFO - [2022-12-11 19:28:16,326] {dag.py:2919} INFO - Setting next_dagrun for example_subdag_operator.section-1 to None, run_after=None
[2022-12-11 19:28:16,343] {logging_mixin.py:115} INFO - [2022-12-11 19:28:16,343] {dag.py:2919} INFO - Setting next_dagrun for example_subdag_operator.section-2 to None, run_after=None
[2022-12-11 19:28:16,398] {logging_mixin.py:115} INFO - [2022-12-11 19:28:16,397] {dag.py:2371} INFO - Sync 2 DAGs
[2022-12-11 19:28:16,555] {logging_mixin.py:115} INFO - [2022-12-11 19:28:16,555] {dag.py:2919} INFO - Setting next_dagrun for example_subdag_operator.section-1 to None, run_after=None
[2022-12-11 19:28:16,573] {logging_mixin.py:115} INFO - [2022-12-11 19:28:16,573] {dag.py:2919} INFO - Setting next_dagrun for example_subdag_operator.section-2 to None, run_after=None
[2022-12-11 19:28:16,681] {processor.py:161} INFO - Processing /home/airflow/.local/lib/python3.7/site-packages/airflow/example_dags/example_subdag_operator.py took 1.091 seconds
[2022-12-11 19:28:47,238] {processor.py:153} INFO - Started process (PID=1235) to work on /home/airflow/.local/lib/python3.7/site-packages/airflow/example_dags/example_subdag_operator.py
[2022-12-11 19:28:47,240] {processor.py:641} INFO - Processing file /home/airflow/.local/lib/python3.7/site-packages/airflow/example_dags/example_subdag_operator.py for tasks to queue
[2022-12-11 19:28:47,247] {logging_mixin.py:115} INFO - [2022-12-11 19:28:47,247] {dagbag.py:507} INFO - Filling up the DagBag from /home/airflow/.local/lib/python3.7/site-packages/airflow/example_dags/example_subdag_operator.py
[2022-12-11 19:28:47,448] {processor.py:651} INFO - DAG(s) dict_keys(['example_subdag_operator.section-1', 'example_subdag_operator.section-2', 'example_subdag_operator']) retrieved from /home/airflow/.local/lib/python3.7/site-packages/airflow/example_dags/example_subdag_operator.py
[2022-12-11 19:28:47,752] {logging_mixin.py:115} INFO - [2022-12-11 19:28:47,752] {dag.py:2371} INFO - Sync 3 DAGs
[2022-12-11 19:28:47,936] {logging_mixin.py:115} INFO - [2022-12-11 19:28:47,935] {dag.py:2919} INFO - Setting next_dagrun for example_subdag_operator to 2022-12-09T00:00:00+00:00, run_after=2022-12-09T00:00:00+00:00
[2022-12-11 19:28:47,937] {logging_mixin.py:115} INFO - [2022-12-11 19:28:47,937] {dag.py:2919} INFO - Setting next_dagrun for example_subdag_operator.section-1 to None, run_after=None
[2022-12-11 19:28:47,939] {logging_mixin.py:115} INFO - [2022-12-11 19:28:47,938] {dag.py:2919} INFO - Setting next_dagrun for example_subdag_operator.section-2 to None, run_after=None
[2022-12-11 19:28:47,974] {logging_mixin.py:115} INFO - [2022-12-11 19:28:47,974] {dag.py:2371} INFO - Sync 2 DAGs
[2022-12-11 19:28:47,999] {logging_mixin.py:115} INFO - [2022-12-11 19:28:47,999] {dag.py:2919} INFO - Setting next_dagrun for example_subdag_operator.section-1 to None, run_after=None
[2022-12-11 19:28:48,001] {logging_mixin.py:115} INFO - [2022-12-11 19:28:48,000] {dag.py:2919} INFO - Setting next_dagrun for example_subdag_operator.section-2 to None, run_after=None
[2022-12-11 19:28:48,044] {processor.py:161} INFO - Processing /home/airflow/.local/lib/python3.7/site-packages/airflow/example_dags/example_subdag_operator.py took 0.827 seconds
[2022-12-11 19:29:18,491] {processor.py:153} INFO - Started process (PID=1289) to work on /home/airflow/.local/lib/python3.7/site-packages/airflow/example_dags/example_subdag_operator.py
[2022-12-11 19:29:18,493] {processor.py:641} INFO - Processing file /home/airflow/.local/lib/python3.7/site-packages/airflow/example_dags/example_subdag_operator.py for tasks to queue
[2022-12-11 19:29:18,495] {logging_mixin.py:115} INFO - [2022-12-11 19:29:18,495] {dagbag.py:507} INFO - Filling up the DagBag from /home/airflow/.local/lib/python3.7/site-packages/airflow/example_dags/example_subdag_operator.py
[2022-12-11 19:29:18,611] {processor.py:651} INFO - DAG(s) dict_keys(['example_subdag_operator.section-1', 'example_subdag_operator.section-2', 'example_subdag_operator']) retrieved from /home/airflow/.local/lib/python3.7/site-packages/airflow/example_dags/example_subdag_operator.py
[2022-12-11 19:29:18,716] {logging_mixin.py:115} INFO - [2022-12-11 19:29:18,716] {dag.py:2371} INFO - Sync 3 DAGs
[2022-12-11 19:29:18,836] {logging_mixin.py:115} INFO - [2022-12-11 19:29:18,836] {dag.py:2919} INFO - Setting next_dagrun for example_subdag_operator to 2022-12-09T00:00:00+00:00, run_after=2022-12-09T00:00:00+00:00
[2022-12-11 19:29:18,838] {logging_mixin.py:115} INFO - [2022-12-11 19:29:18,837] {dag.py:2919} INFO - Setting next_dagrun for example_subdag_operator.section-1 to None, run_after=None
[2022-12-11 19:29:18,839] {logging_mixin.py:115} INFO - [2022-12-11 19:29:18,838] {dag.py:2919} INFO - Setting next_dagrun for example_subdag_operator.section-2 to None, run_after=None
[2022-12-11 19:29:18,859] {logging_mixin.py:115} INFO - [2022-12-11 19:29:18,859] {dag.py:2371} INFO - Sync 2 DAGs
[2022-12-11 19:29:18,874] {logging_mixin.py:115} INFO - [2022-12-11 19:29:18,874] {dag.py:2919} INFO - Setting next_dagrun for example_subdag_operator.section-1 to None, run_after=None
[2022-12-11 19:29:18,876] {logging_mixin.py:115} INFO - [2022-12-11 19:29:18,875] {dag.py:2919} INFO - Setting next_dagrun for example_subdag_operator.section-2 to None, run_after=None
[2022-12-11 19:29:18,905] {processor.py:161} INFO - Processing /home/airflow/.local/lib/python3.7/site-packages/airflow/example_dags/example_subdag_operator.py took 0.426 seconds
[2022-12-11 19:29:49,280] {processor.py:153} INFO - Started process (PID=1343) to work on /home/airflow/.local/lib/python3.7/site-packages/airflow/example_dags/example_subdag_operator.py
[2022-12-11 19:29:49,282] {processor.py:641} INFO - Processing file /home/airflow/.local/lib/python3.7/site-packages/airflow/example_dags/example_subdag_operator.py for tasks to queue
[2022-12-11 19:29:49,285] {logging_mixin.py:115} INFO - [2022-12-11 19:29:49,284] {dagbag.py:507} INFO - Filling up the DagBag from /home/airflow/.local/lib/python3.7/site-packages/airflow/example_dags/example_subdag_operator.py
[2022-12-11 19:29:49,369] {processor.py:651} INFO - DAG(s) dict_keys(['example_subdag_operator.section-1', 'example_subdag_operator.section-2', 'example_subdag_operator']) retrieved from /home/airflow/.local/lib/python3.7/site-packages/airflow/example_dags/example_subdag_operator.py
[2022-12-11 19:29:49,474] {logging_mixin.py:115} INFO - [2022-12-11 19:29:49,474] {dag.py:2371} INFO - Sync 3 DAGs
[2022-12-11 19:29:49,528] {logging_mixin.py:115} INFO - [2022-12-11 19:29:49,528] {dag.py:2919} INFO - Setting next_dagrun for example_subdag_operator to 2022-12-09T00:00:00+00:00, run_after=2022-12-09T00:00:00+00:00
[2022-12-11 19:29:49,529] {logging_mixin.py:115} INFO - [2022-12-11 19:29:49,529] {dag.py:2919} INFO - Setting next_dagrun for example_subdag_operator.section-1 to None, run_after=None
[2022-12-11 19:29:49,530] {logging_mixin.py:115} INFO - [2022-12-11 19:29:49,529] {dag.py:2919} INFO - Setting next_dagrun for example_subdag_operator.section-2 to None, run_after=None
[2022-12-11 19:29:49,544] {logging_mixin.py:115} INFO - [2022-12-11 19:29:49,544] {dag.py:2371} INFO - Sync 2 DAGs
[2022-12-11 19:29:49,556] {logging_mixin.py:115} INFO - [2022-12-11 19:29:49,556] {dag.py:2919} INFO - Setting next_dagrun for example_subdag_operator.section-1 to None, run_after=None
[2022-12-11 19:29:49,557] {logging_mixin.py:115} INFO - [2022-12-11 19:29:49,557] {dag.py:2919} INFO - Setting next_dagrun for example_subdag_operator.section-2 to None, run_after=None
[2022-12-11 19:29:49,619] {processor.py:161} INFO - Processing /home/airflow/.local/lib/python3.7/site-packages/airflow/example_dags/example_subdag_operator.py took 0.352 seconds
[2022-12-11 19:30:19,916] {processor.py:153} INFO - Started process (PID=1397) to work on /home/airflow/.local/lib/python3.7/site-packages/airflow/example_dags/example_subdag_operator.py
[2022-12-11 19:30:19,918] {processor.py:641} INFO - Processing file /home/airflow/.local/lib/python3.7/site-packages/airflow/example_dags/example_subdag_operator.py for tasks to queue
[2022-12-11 19:30:19,919] {logging_mixin.py:115} INFO - [2022-12-11 19:30:19,919] {dagbag.py:507} INFO - Filling up the DagBag from /home/airflow/.local/lib/python3.7/site-packages/airflow/example_dags/example_subdag_operator.py
[2022-12-11 19:30:19,968] {processor.py:651} INFO - DAG(s) dict_keys(['example_subdag_operator.section-1', 'example_subdag_operator.section-2', 'example_subdag_operator']) retrieved from /home/airflow/.local/lib/python3.7/site-packages/airflow/example_dags/example_subdag_operator.py
[2022-12-11 19:30:20,031] {logging_mixin.py:115} INFO - [2022-12-11 19:30:20,030] {dag.py:2371} INFO - Sync 3 DAGs
[2022-12-11 19:30:20,079] {logging_mixin.py:115} INFO - [2022-12-11 19:30:20,079] {dag.py:2919} INFO - Setting next_dagrun for example_subdag_operator to 2022-12-09T00:00:00+00:00, run_after=2022-12-09T00:00:00+00:00
[2022-12-11 19:30:20,080] {logging_mixin.py:115} INFO - [2022-12-11 19:30:20,080] {dag.py:2919} INFO - Setting next_dagrun for example_subdag_operator.section-1 to None, run_after=None
[2022-12-11 19:30:20,081] {logging_mixin.py:115} INFO - [2022-12-11 19:30:20,081] {dag.py:2919} INFO - Setting next_dagrun for example_subdag_operator.section-2 to None, run_after=None
[2022-12-11 19:30:20,092] {logging_mixin.py:115} INFO - [2022-12-11 19:30:20,092] {dag.py:2371} INFO - Sync 2 DAGs
[2022-12-11 19:30:20,103] {logging_mixin.py:115} INFO - [2022-12-11 19:30:20,103] {dag.py:2919} INFO - Setting next_dagrun for example_subdag_operator.section-1 to None, run_after=None
[2022-12-11 19:30:20,104] {logging_mixin.py:115} INFO - [2022-12-11 19:30:20,104] {dag.py:2919} INFO - Setting next_dagrun for example_subdag_operator.section-2 to None, run_after=None
[2022-12-11 19:30:20,125] {processor.py:161} INFO - Processing /home/airflow/.local/lib/python3.7/site-packages/airflow/example_dags/example_subdag_operator.py took 0.213 seconds
[2022-12-11 19:30:50,413] {processor.py:153} INFO - Started process (PID=1451) to work on /home/airflow/.local/lib/python3.7/site-packages/airflow/example_dags/example_subdag_operator.py
[2022-12-11 19:30:50,416] {processor.py:641} INFO - Processing file /home/airflow/.local/lib/python3.7/site-packages/airflow/example_dags/example_subdag_operator.py for tasks to queue
[2022-12-11 19:30:50,417] {logging_mixin.py:115} INFO - [2022-12-11 19:30:50,417] {dagbag.py:507} INFO - Filling up the DagBag from /home/airflow/.local/lib/python3.7/site-packages/airflow/example_dags/example_subdag_operator.py
[2022-12-11 19:30:50,470] {processor.py:651} INFO - DAG(s) dict_keys(['example_subdag_operator.section-1', 'example_subdag_operator.section-2', 'example_subdag_operator']) retrieved from /home/airflow/.local/lib/python3.7/site-packages/airflow/example_dags/example_subdag_operator.py
[2022-12-11 19:30:50,537] {logging_mixin.py:115} INFO - [2022-12-11 19:30:50,537] {dag.py:2371} INFO - Sync 3 DAGs
[2022-12-11 19:30:50,579] {logging_mixin.py:115} INFO - [2022-12-11 19:30:50,579] {dag.py:2919} INFO - Setting next_dagrun for example_subdag_operator to 2022-12-09T00:00:00+00:00, run_after=2022-12-09T00:00:00+00:00
[2022-12-11 19:30:50,580] {logging_mixin.py:115} INFO - [2022-12-11 19:30:50,580] {dag.py:2919} INFO - Setting next_dagrun for example_subdag_operator.section-1 to None, run_after=None
[2022-12-11 19:30:50,581] {logging_mixin.py:115} INFO - [2022-12-11 19:30:50,580] {dag.py:2919} INFO - Setting next_dagrun for example_subdag_operator.section-2 to None, run_after=None
[2022-12-11 19:30:50,597] {logging_mixin.py:115} INFO - [2022-12-11 19:30:50,597] {dag.py:2371} INFO - Sync 2 DAGs
[2022-12-11 19:30:50,610] {logging_mixin.py:115} INFO - [2022-12-11 19:30:50,609] {dag.py:2919} INFO - Setting next_dagrun for example_subdag_operator.section-1 to None, run_after=None
[2022-12-11 19:30:50,611] {logging_mixin.py:115} INFO - [2022-12-11 19:30:50,611] {dag.py:2919} INFO - Setting next_dagrun for example_subdag_operator.section-2 to None, run_after=None
[2022-12-11 19:30:50,630] {processor.py:161} INFO - Processing /home/airflow/.local/lib/python3.7/site-packages/airflow/example_dags/example_subdag_operator.py took 0.226 seconds
[2022-12-11 19:31:21,028] {processor.py:153} INFO - Started process (PID=1505) to work on /home/airflow/.local/lib/python3.7/site-packages/airflow/example_dags/example_subdag_operator.py
[2022-12-11 19:31:21,029] {processor.py:641} INFO - Processing file /home/airflow/.local/lib/python3.7/site-packages/airflow/example_dags/example_subdag_operator.py for tasks to queue
[2022-12-11 19:31:21,030] {logging_mixin.py:115} INFO - [2022-12-11 19:31:21,030] {dagbag.py:507} INFO - Filling up the DagBag from /home/airflow/.local/lib/python3.7/site-packages/airflow/example_dags/example_subdag_operator.py
[2022-12-11 19:31:21,085] {processor.py:651} INFO - DAG(s) dict_keys(['example_subdag_operator.section-1', 'example_subdag_operator.section-2', 'example_subdag_operator']) retrieved from /home/airflow/.local/lib/python3.7/site-packages/airflow/example_dags/example_subdag_operator.py
[2022-12-11 19:31:21,151] {logging_mixin.py:115} INFO - [2022-12-11 19:31:21,151] {dag.py:2371} INFO - Sync 3 DAGs
[2022-12-11 19:31:21,200] {logging_mixin.py:115} INFO - [2022-12-11 19:31:21,199] {dag.py:2919} INFO - Setting next_dagrun for example_subdag_operator to 2022-12-09T00:00:00+00:00, run_after=2022-12-09T00:00:00+00:00
[2022-12-11 19:31:21,202] {logging_mixin.py:115} INFO - [2022-12-11 19:31:21,202] {dag.py:2919} INFO - Setting next_dagrun for example_subdag_operator.section-1 to None, run_after=None
[2022-12-11 19:31:21,203] {logging_mixin.py:115} INFO - [2022-12-11 19:31:21,203] {dag.py:2919} INFO - Setting next_dagrun for example_subdag_operator.section-2 to None, run_after=None
[2022-12-11 19:31:21,217] {logging_mixin.py:115} INFO - [2022-12-11 19:31:21,217] {dag.py:2371} INFO - Sync 2 DAGs
[2022-12-11 19:31:21,229] {logging_mixin.py:115} INFO - [2022-12-11 19:31:21,229] {dag.py:2919} INFO - Setting next_dagrun for example_subdag_operator.section-1 to None, run_after=None
[2022-12-11 19:31:21,230] {logging_mixin.py:115} INFO - [2022-12-11 19:31:21,230] {dag.py:2919} INFO - Setting next_dagrun for example_subdag_operator.section-2 to None, run_after=None
[2022-12-11 19:31:21,261] {processor.py:161} INFO - Processing /home/airflow/.local/lib/python3.7/site-packages/airflow/example_dags/example_subdag_operator.py took 0.238 seconds
[2022-12-11 19:31:51,543] {processor.py:153} INFO - Started process (PID=1568) to work on /home/airflow/.local/lib/python3.7/site-packages/airflow/example_dags/example_subdag_operator.py
[2022-12-11 19:31:51,544] {processor.py:641} INFO - Processing file /home/airflow/.local/lib/python3.7/site-packages/airflow/example_dags/example_subdag_operator.py for tasks to queue
[2022-12-11 19:31:51,546] {logging_mixin.py:115} INFO - [2022-12-11 19:31:51,546] {dagbag.py:507} INFO - Filling up the DagBag from /home/airflow/.local/lib/python3.7/site-packages/airflow/example_dags/example_subdag_operator.py
[2022-12-11 19:31:51,613] {processor.py:651} INFO - DAG(s) dict_keys(['example_subdag_operator.section-1', 'example_subdag_operator.section-2', 'example_subdag_operator']) retrieved from /home/airflow/.local/lib/python3.7/site-packages/airflow/example_dags/example_subdag_operator.py
[2022-12-11 19:31:51,708] {logging_mixin.py:115} INFO - [2022-12-11 19:31:51,708] {dag.py:2371} INFO - Sync 3 DAGs
[2022-12-11 19:31:51,782] {logging_mixin.py:115} INFO - [2022-12-11 19:31:51,781] {dag.py:2919} INFO - Setting next_dagrun for example_subdag_operator to 2022-12-09T00:00:00+00:00, run_after=2022-12-09T00:00:00+00:00
[2022-12-11 19:31:51,783] {logging_mixin.py:115} INFO - [2022-12-11 19:31:51,783] {dag.py:2919} INFO - Setting next_dagrun for example_subdag_operator.section-1 to None, run_after=None
[2022-12-11 19:31:51,785] {logging_mixin.py:115} INFO - [2022-12-11 19:31:51,785] {dag.py:2919} INFO - Setting next_dagrun for example_subdag_operator.section-2 to None, run_after=None
[2022-12-11 19:31:51,810] {logging_mixin.py:115} INFO - [2022-12-11 19:31:51,809] {dag.py:2371} INFO - Sync 2 DAGs
[2022-12-11 19:31:51,829] {logging_mixin.py:115} INFO - [2022-12-11 19:31:51,828] {dag.py:2919} INFO - Setting next_dagrun for example_subdag_operator.section-1 to None, run_after=None
[2022-12-11 19:31:51,830] {logging_mixin.py:115} INFO - [2022-12-11 19:31:51,830] {dag.py:2919} INFO - Setting next_dagrun for example_subdag_operator.section-2 to None, run_after=None
[2022-12-11 19:31:51,858] {processor.py:161} INFO - Processing /home/airflow/.local/lib/python3.7/site-packages/airflow/example_dags/example_subdag_operator.py took 0.323 seconds
[2022-12-11 19:32:22,015] {processor.py:153} INFO - Started process (PID=1622) to work on /home/airflow/.local/lib/python3.7/site-packages/airflow/example_dags/example_subdag_operator.py
[2022-12-11 19:32:22,023] {processor.py:641} INFO - Processing file /home/airflow/.local/lib/python3.7/site-packages/airflow/example_dags/example_subdag_operator.py for tasks to queue
[2022-12-11 19:32:22,026] {logging_mixin.py:115} INFO - [2022-12-11 19:32:22,025] {dagbag.py:507} INFO - Filling up the DagBag from /home/airflow/.local/lib/python3.7/site-packages/airflow/example_dags/example_subdag_operator.py
[2022-12-11 19:32:22,125] {processor.py:651} INFO - DAG(s) dict_keys(['example_subdag_operator.section-1', 'example_subdag_operator.section-2', 'example_subdag_operator']) retrieved from /home/airflow/.local/lib/python3.7/site-packages/airflow/example_dags/example_subdag_operator.py
[2022-12-11 19:32:22,202] {logging_mixin.py:115} INFO - [2022-12-11 19:32:22,202] {dag.py:2371} INFO - Sync 3 DAGs
[2022-12-11 19:32:22,237] {logging_mixin.py:115} INFO - [2022-12-11 19:32:22,237] {dag.py:2919} INFO - Setting next_dagrun for example_subdag_operator to 2022-12-09T00:00:00+00:00, run_after=2022-12-09T00:00:00+00:00
[2022-12-11 19:32:22,238] {logging_mixin.py:115} INFO - [2022-12-11 19:32:22,238] {dag.py:2919} INFO - Setting next_dagrun for example_subdag_operator.section-1 to None, run_after=None
[2022-12-11 19:32:22,238] {logging_mixin.py:115} INFO - [2022-12-11 19:32:22,238] {dag.py:2919} INFO - Setting next_dagrun for example_subdag_operator.section-2 to None, run_after=None
[2022-12-11 19:32:22,250] {logging_mixin.py:115} INFO - [2022-12-11 19:32:22,250] {dag.py:2371} INFO - Sync 2 DAGs
[2022-12-11 19:32:22,260] {logging_mixin.py:115} INFO - [2022-12-11 19:32:22,260] {dag.py:2919} INFO - Setting next_dagrun for example_subdag_operator.section-1 to None, run_after=None
[2022-12-11 19:32:22,261] {logging_mixin.py:115} INFO - [2022-12-11 19:32:22,261] {dag.py:2919} INFO - Setting next_dagrun for example_subdag_operator.section-2 to None, run_after=None
[2022-12-11 19:32:22,276] {processor.py:161} INFO - Processing /home/airflow/.local/lib/python3.7/site-packages/airflow/example_dags/example_subdag_operator.py took 0.270 seconds
[2022-12-11 19:32:53,139] {processor.py:153} INFO - Started process (PID=1678) to work on /home/airflow/.local/lib/python3.7/site-packages/airflow/example_dags/example_subdag_operator.py
[2022-12-11 19:32:53,148] {processor.py:641} INFO - Processing file /home/airflow/.local/lib/python3.7/site-packages/airflow/example_dags/example_subdag_operator.py for tasks to queue
[2022-12-11 19:32:53,154] {logging_mixin.py:115} INFO - [2022-12-11 19:32:53,154] {dagbag.py:507} INFO - Filling up the DagBag from /home/airflow/.local/lib/python3.7/site-packages/airflow/example_dags/example_subdag_operator.py
[2022-12-11 19:32:53,359] {processor.py:651} INFO - DAG(s) dict_keys(['example_subdag_operator.section-1', 'example_subdag_operator.section-2', 'example_subdag_operator']) retrieved from /home/airflow/.local/lib/python3.7/site-packages/airflow/example_dags/example_subdag_operator.py
[2022-12-11 19:32:53,562] {logging_mixin.py:115} INFO - [2022-12-11 19:32:53,562] {dag.py:2371} INFO - Sync 3 DAGs
[2022-12-11 19:32:53,675] {logging_mixin.py:115} INFO - [2022-12-11 19:32:53,675] {dag.py:2919} INFO - Setting next_dagrun for example_subdag_operator to 2022-12-09T00:00:00+00:00, run_after=2022-12-09T00:00:00+00:00
[2022-12-11 19:32:53,677] {logging_mixin.py:115} INFO - [2022-12-11 19:32:53,676] {dag.py:2919} INFO - Setting next_dagrun for example_subdag_operator.section-1 to None, run_after=None
[2022-12-11 19:32:53,686] {logging_mixin.py:115} INFO - [2022-12-11 19:32:53,686] {dag.py:2919} INFO - Setting next_dagrun for example_subdag_operator.section-2 to None, run_after=None
[2022-12-11 19:32:53,711] {logging_mixin.py:115} INFO - [2022-12-11 19:32:53,711] {dag.py:2371} INFO - Sync 2 DAGs
[2022-12-11 19:32:53,739] {logging_mixin.py:115} INFO - [2022-12-11 19:32:53,738] {dag.py:2919} INFO - Setting next_dagrun for example_subdag_operator.section-1 to None, run_after=None
[2022-12-11 19:32:53,741] {logging_mixin.py:115} INFO - [2022-12-11 19:32:53,740] {dag.py:2919} INFO - Setting next_dagrun for example_subdag_operator.section-2 to None, run_after=None
[2022-12-11 19:32:53,778] {processor.py:161} INFO - Processing /home/airflow/.local/lib/python3.7/site-packages/airflow/example_dags/example_subdag_operator.py took 0.658 seconds
