[2022-12-11 13:30:26,902] {processor.py:153} INFO - Started process (PID=102) to work on /home/airflow/.local/lib/python3.7/site-packages/airflow/example_dags/example_latest_only_with_trigger.py
[2022-12-11 13:30:26,951] {processor.py:641} INFO - Processing file /home/airflow/.local/lib/python3.7/site-packages/airflow/example_dags/example_latest_only_with_trigger.py for tasks to queue
[2022-12-11 13:30:26,995] {logging_mixin.py:115} INFO - [2022-12-11 13:30:26,994] {dagbag.py:507} INFO - Filling up the DagBag from /home/airflow/.local/lib/python3.7/site-packages/airflow/example_dags/example_latest_only_with_trigger.py
[2022-12-11 13:30:27,139] {processor.py:651} INFO - DAG(s) dict_keys(['latest_only_with_trigger']) retrieved from /home/airflow/.local/lib/python3.7/site-packages/airflow/example_dags/example_latest_only_with_trigger.py
[2022-12-11 13:30:27,519] {logging_mixin.py:115} INFO - [2022-12-11 13:30:27,519] {dag.py:2371} INFO - Sync 1 DAGs
[2022-12-11 13:30:27,763] {logging_mixin.py:115} INFO - [2022-12-11 13:30:27,762] {dag.py:2919} INFO - Setting next_dagrun for latest_only_with_trigger to 2022-12-11T09:30:27.752607+00:00, run_after=2022-12-11T13:30:27.752607+00:00
[2022-12-11 13:30:27,885] {processor.py:161} INFO - Processing /home/airflow/.local/lib/python3.7/site-packages/airflow/example_dags/example_latest_only_with_trigger.py took 1.003 seconds
[2022-12-11 13:31:01,030] {processor.py:153} INFO - Started process (PID=156) to work on /home/airflow/.local/lib/python3.7/site-packages/airflow/example_dags/example_latest_only_with_trigger.py
[2022-12-11 13:31:01,047] {processor.py:641} INFO - Processing file /home/airflow/.local/lib/python3.7/site-packages/airflow/example_dags/example_latest_only_with_trigger.py for tasks to queue
[2022-12-11 13:31:01,064] {logging_mixin.py:115} INFO - [2022-12-11 13:31:01,063] {dagbag.py:507} INFO - Filling up the DagBag from /home/airflow/.local/lib/python3.7/site-packages/airflow/example_dags/example_latest_only_with_trigger.py
[2022-12-11 13:31:01,153] {processor.py:651} INFO - DAG(s) dict_keys(['latest_only_with_trigger']) retrieved from /home/airflow/.local/lib/python3.7/site-packages/airflow/example_dags/example_latest_only_with_trigger.py
[2022-12-11 13:31:01,519] {logging_mixin.py:115} INFO - [2022-12-11 13:31:01,519] {dag.py:2371} INFO - Sync 1 DAGs
[2022-12-11 13:31:01,915] {logging_mixin.py:115} INFO - [2022-12-11 13:31:01,831] {dag.py:2919} INFO - Setting next_dagrun for latest_only_with_trigger to 2022-12-11T09:31:01.829786+00:00, run_after=2022-12-11T13:31:01.829786+00:00
[2022-12-11 13:31:02,141] {processor.py:161} INFO - Processing /home/airflow/.local/lib/python3.7/site-packages/airflow/example_dags/example_latest_only_with_trigger.py took 1.184 seconds
[2022-12-11 19:16:57,866] {processor.py:153} INFO - Started process (PID=104) to work on /home/airflow/.local/lib/python3.7/site-packages/airflow/example_dags/example_latest_only_with_trigger.py
[2022-12-11 19:16:57,873] {processor.py:641} INFO - Processing file /home/airflow/.local/lib/python3.7/site-packages/airflow/example_dags/example_latest_only_with_trigger.py for tasks to queue
[2022-12-11 19:16:57,889] {logging_mixin.py:115} INFO - [2022-12-11 19:16:57,889] {dagbag.py:507} INFO - Filling up the DagBag from /home/airflow/.local/lib/python3.7/site-packages/airflow/example_dags/example_latest_only_with_trigger.py
[2022-12-11 19:16:57,965] {processor.py:651} INFO - DAG(s) dict_keys(['latest_only_with_trigger']) retrieved from /home/airflow/.local/lib/python3.7/site-packages/airflow/example_dags/example_latest_only_with_trigger.py
[2022-12-11 19:16:58,282] {logging_mixin.py:115} INFO - [2022-12-11 19:16:58,281] {dag.py:2371} INFO - Sync 1 DAGs
[2022-12-11 19:16:58,633] {logging_mixin.py:115} INFO - [2022-12-11 19:16:58,633] {dag.py:2919} INFO - Setting next_dagrun for latest_only_with_trigger to 2022-12-11T15:16:58.632429+00:00, run_after=2022-12-11T19:16:58.632429+00:00
[2022-12-11 19:16:58,735] {processor.py:161} INFO - Processing /home/airflow/.local/lib/python3.7/site-packages/airflow/example_dags/example_latest_only_with_trigger.py took 0.897 seconds
[2022-12-11 19:17:29,352] {processor.py:153} INFO - Started process (PID=148) to work on /home/airflow/.local/lib/python3.7/site-packages/airflow/example_dags/example_latest_only_with_trigger.py
[2022-12-11 19:17:29,358] {processor.py:641} INFO - Processing file /home/airflow/.local/lib/python3.7/site-packages/airflow/example_dags/example_latest_only_with_trigger.py for tasks to queue
[2022-12-11 19:17:29,360] {logging_mixin.py:115} INFO - [2022-12-11 19:17:29,360] {dagbag.py:507} INFO - Filling up the DagBag from /home/airflow/.local/lib/python3.7/site-packages/airflow/example_dags/example_latest_only_with_trigger.py
[2022-12-11 19:17:29,398] {processor.py:651} INFO - DAG(s) dict_keys(['latest_only_with_trigger']) retrieved from /home/airflow/.local/lib/python3.7/site-packages/airflow/example_dags/example_latest_only_with_trigger.py
[2022-12-11 19:17:29,550] {logging_mixin.py:115} INFO - [2022-12-11 19:17:29,549] {dag.py:2371} INFO - Sync 1 DAGs
[2022-12-11 19:17:29,671] {logging_mixin.py:115} INFO - [2022-12-11 19:17:29,664] {dag.py:2919} INFO - Setting next_dagrun for latest_only_with_trigger to 2022-12-11T15:17:29.661950+00:00, run_after=2022-12-11T19:17:29.661950+00:00
[2022-12-11 19:17:29,728] {processor.py:161} INFO - Processing /home/airflow/.local/lib/python3.7/site-packages/airflow/example_dags/example_latest_only_with_trigger.py took 0.389 seconds
[2022-12-11 19:18:00,625] {processor.py:153} INFO - Started process (PID=203) to work on /home/airflow/.local/lib/python3.7/site-packages/airflow/example_dags/example_latest_only_with_trigger.py
[2022-12-11 19:18:00,627] {processor.py:641} INFO - Processing file /home/airflow/.local/lib/python3.7/site-packages/airflow/example_dags/example_latest_only_with_trigger.py for tasks to queue
[2022-12-11 19:18:00,628] {logging_mixin.py:115} INFO - [2022-12-11 19:18:00,628] {dagbag.py:507} INFO - Filling up the DagBag from /home/airflow/.local/lib/python3.7/site-packages/airflow/example_dags/example_latest_only_with_trigger.py
[2022-12-11 19:18:00,640] {processor.py:651} INFO - DAG(s) dict_keys(['latest_only_with_trigger']) retrieved from /home/airflow/.local/lib/python3.7/site-packages/airflow/example_dags/example_latest_only_with_trigger.py
[2022-12-11 19:18:00,703] {logging_mixin.py:115} INFO - [2022-12-11 19:18:00,702] {dag.py:2371} INFO - Sync 1 DAGs
[2022-12-11 19:18:00,759] {logging_mixin.py:115} INFO - [2022-12-11 19:18:00,759] {dag.py:2919} INFO - Setting next_dagrun for latest_only_with_trigger to 2022-12-11T15:18:00.758612+00:00, run_after=2022-12-11T19:18:00.758612+00:00
[2022-12-11 19:18:00,808] {processor.py:161} INFO - Processing /home/airflow/.local/lib/python3.7/site-packages/airflow/example_dags/example_latest_only_with_trigger.py took 0.188 seconds
[2022-12-11 19:18:38,724] {processor.py:153} INFO - Started process (PID=261) to work on /home/airflow/.local/lib/python3.7/site-packages/airflow/example_dags/example_latest_only_with_trigger.py
[2022-12-11 19:18:38,739] {processor.py:641} INFO - Processing file /home/airflow/.local/lib/python3.7/site-packages/airflow/example_dags/example_latest_only_with_trigger.py for tasks to queue
[2022-12-11 19:18:38,741] {logging_mixin.py:115} INFO - [2022-12-11 19:18:38,740] {dagbag.py:507} INFO - Filling up the DagBag from /home/airflow/.local/lib/python3.7/site-packages/airflow/example_dags/example_latest_only_with_trigger.py
[2022-12-11 19:18:38,791] {processor.py:651} INFO - DAG(s) dict_keys(['latest_only_with_trigger']) retrieved from /home/airflow/.local/lib/python3.7/site-packages/airflow/example_dags/example_latest_only_with_trigger.py
[2022-12-11 19:18:38,925] {logging_mixin.py:115} INFO - [2022-12-11 19:18:38,924] {dag.py:2371} INFO - Sync 1 DAGs
[2022-12-11 19:18:39,021] {logging_mixin.py:115} INFO - [2022-12-11 19:18:39,021] {dag.py:2919} INFO - Setting next_dagrun for latest_only_with_trigger to 2022-12-11T15:18:39.020906+00:00, run_after=2022-12-11T19:18:39.020906+00:00
[2022-12-11 19:18:39,189] {processor.py:161} INFO - Processing /home/airflow/.local/lib/python3.7/site-packages/airflow/example_dags/example_latest_only_with_trigger.py took 0.477 seconds
[2022-12-11 19:19:47,299] {processor.py:153} INFO - Started process (PID=326) to work on /home/airflow/.local/lib/python3.7/site-packages/airflow/example_dags/example_latest_only_with_trigger.py
[2022-12-11 19:19:47,302] {processor.py:641} INFO - Processing file /home/airflow/.local/lib/python3.7/site-packages/airflow/example_dags/example_latest_only_with_trigger.py for tasks to queue
[2022-12-11 19:19:47,312] {logging_mixin.py:115} INFO - [2022-12-11 19:19:47,307] {dagbag.py:507} INFO - Filling up the DagBag from /home/airflow/.local/lib/python3.7/site-packages/airflow/example_dags/example_latest_only_with_trigger.py
[2022-12-11 19:19:47,353] {processor.py:651} INFO - DAG(s) dict_keys(['latest_only_with_trigger']) retrieved from /home/airflow/.local/lib/python3.7/site-packages/airflow/example_dags/example_latest_only_with_trigger.py
[2022-12-11 19:19:47,478] {logging_mixin.py:115} INFO - [2022-12-11 19:19:47,478] {dag.py:2371} INFO - Sync 1 DAGs
[2022-12-11 19:19:47,663] {logging_mixin.py:115} INFO - [2022-12-11 19:19:47,663] {dag.py:2919} INFO - Setting next_dagrun for latest_only_with_trigger to 2022-12-11T15:19:47.662425+00:00, run_after=2022-12-11T19:19:47.662425+00:00
[2022-12-11 19:19:47,829] {processor.py:161} INFO - Processing /home/airflow/.local/lib/python3.7/site-packages/airflow/example_dags/example_latest_only_with_trigger.py took 0.544 seconds
[2022-12-11 19:20:30,090] {processor.py:153} INFO - Started process (PID=386) to work on /home/airflow/.local/lib/python3.7/site-packages/airflow/example_dags/example_latest_only_with_trigger.py
[2022-12-11 19:20:30,110] {processor.py:641} INFO - Processing file /home/airflow/.local/lib/python3.7/site-packages/airflow/example_dags/example_latest_only_with_trigger.py for tasks to queue
[2022-12-11 19:20:30,282] {logging_mixin.py:115} INFO - [2022-12-11 19:20:30,281] {dagbag.py:507} INFO - Filling up the DagBag from /home/airflow/.local/lib/python3.7/site-packages/airflow/example_dags/example_latest_only_with_trigger.py
[2022-12-11 19:20:30,502] {processor.py:651} INFO - DAG(s) dict_keys(['latest_only_with_trigger']) retrieved from /home/airflow/.local/lib/python3.7/site-packages/airflow/example_dags/example_latest_only_with_trigger.py
[2022-12-11 19:20:31,065] {logging_mixin.py:115} INFO - [2022-12-11 19:20:31,065] {dag.py:2371} INFO - Sync 1 DAGs
[2022-12-11 19:20:31,712] {logging_mixin.py:115} INFO - [2022-12-11 19:20:31,711] {dag.py:2919} INFO - Setting next_dagrun for latest_only_with_trigger to 2022-12-11T15:20:31.705702+00:00, run_after=2022-12-11T19:20:31.705702+00:00
[2022-12-11 19:20:32,227] {processor.py:161} INFO - Processing /home/airflow/.local/lib/python3.7/site-packages/airflow/example_dags/example_latest_only_with_trigger.py took 2.729 seconds
[2022-12-11 19:21:16,680] {processor.py:153} INFO - Started process (PID=455) to work on /home/airflow/.local/lib/python3.7/site-packages/airflow/example_dags/example_latest_only_with_trigger.py
[2022-12-11 19:21:16,698] {processor.py:641} INFO - Processing file /home/airflow/.local/lib/python3.7/site-packages/airflow/example_dags/example_latest_only_with_trigger.py for tasks to queue
[2022-12-11 19:21:16,722] {logging_mixin.py:115} INFO - [2022-12-11 19:21:16,721] {dagbag.py:507} INFO - Filling up the DagBag from /home/airflow/.local/lib/python3.7/site-packages/airflow/example_dags/example_latest_only_with_trigger.py
[2022-12-11 19:21:16,784] {processor.py:651} INFO - DAG(s) dict_keys(['latest_only_with_trigger']) retrieved from /home/airflow/.local/lib/python3.7/site-packages/airflow/example_dags/example_latest_only_with_trigger.py
[2022-12-11 19:21:17,296] {logging_mixin.py:115} INFO - [2022-12-11 19:21:17,296] {dag.py:2371} INFO - Sync 1 DAGs
[2022-12-11 19:21:17,657] {logging_mixin.py:115} INFO - [2022-12-11 19:21:17,656] {dag.py:2919} INFO - Setting next_dagrun for latest_only_with_trigger to 2022-12-11T15:21:17.643462+00:00, run_after=2022-12-11T19:21:17.643462+00:00
[2022-12-11 19:21:17,894] {processor.py:161} INFO - Processing /home/airflow/.local/lib/python3.7/site-packages/airflow/example_dags/example_latest_only_with_trigger.py took 1.380 seconds
[2022-12-11 19:22:03,370] {processor.py:153} INFO - Started process (PID=512) to work on /home/airflow/.local/lib/python3.7/site-packages/airflow/example_dags/example_latest_only_with_trigger.py
[2022-12-11 19:22:03,382] {processor.py:641} INFO - Processing file /home/airflow/.local/lib/python3.7/site-packages/airflow/example_dags/example_latest_only_with_trigger.py for tasks to queue
[2022-12-11 19:22:03,400] {logging_mixin.py:115} INFO - [2022-12-11 19:22:03,394] {dagbag.py:507} INFO - Filling up the DagBag from /home/airflow/.local/lib/python3.7/site-packages/airflow/example_dags/example_latest_only_with_trigger.py
[2022-12-11 19:22:03,456] {processor.py:651} INFO - DAG(s) dict_keys(['latest_only_with_trigger']) retrieved from /home/airflow/.local/lib/python3.7/site-packages/airflow/example_dags/example_latest_only_with_trigger.py
[2022-12-11 19:22:03,633] {logging_mixin.py:115} INFO - [2022-12-11 19:22:03,633] {dag.py:2371} INFO - Sync 1 DAGs
[2022-12-11 19:22:03,796] {logging_mixin.py:115} INFO - [2022-12-11 19:22:03,796] {dag.py:2919} INFO - Setting next_dagrun for latest_only_with_trigger to 2022-12-11T15:22:03.795997+00:00, run_after=2022-12-11T19:22:03.795997+00:00
[2022-12-11 19:22:03,940] {processor.py:161} INFO - Processing /home/airflow/.local/lib/python3.7/site-packages/airflow/example_dags/example_latest_only_with_trigger.py took 0.590 seconds
[2022-12-11 19:22:34,805] {processor.py:153} INFO - Started process (PID=566) to work on /home/airflow/.local/lib/python3.7/site-packages/airflow/example_dags/example_latest_only_with_trigger.py
[2022-12-11 19:22:34,807] {processor.py:641} INFO - Processing file /home/airflow/.local/lib/python3.7/site-packages/airflow/example_dags/example_latest_only_with_trigger.py for tasks to queue
[2022-12-11 19:22:34,811] {logging_mixin.py:115} INFO - [2022-12-11 19:22:34,811] {dagbag.py:507} INFO - Filling up the DagBag from /home/airflow/.local/lib/python3.7/site-packages/airflow/example_dags/example_latest_only_with_trigger.py
[2022-12-11 19:22:34,847] {processor.py:651} INFO - DAG(s) dict_keys(['latest_only_with_trigger']) retrieved from /home/airflow/.local/lib/python3.7/site-packages/airflow/example_dags/example_latest_only_with_trigger.py
[2022-12-11 19:22:35,033] {logging_mixin.py:115} INFO - [2022-12-11 19:22:35,033] {dag.py:2371} INFO - Sync 1 DAGs
[2022-12-11 19:22:35,165] {logging_mixin.py:115} INFO - [2022-12-11 19:22:35,165] {dag.py:2919} INFO - Setting next_dagrun for latest_only_with_trigger to 2022-12-11T15:22:35.162009+00:00, run_after=2022-12-11T19:22:35.162009+00:00
[2022-12-11 19:22:35,222] {processor.py:161} INFO - Processing /home/airflow/.local/lib/python3.7/site-packages/airflow/example_dags/example_latest_only_with_trigger.py took 0.437 seconds
[2022-12-11 19:23:05,382] {processor.py:153} INFO - Started process (PID=620) to work on /home/airflow/.local/lib/python3.7/site-packages/airflow/example_dags/example_latest_only_with_trigger.py
[2022-12-11 19:23:05,384] {processor.py:641} INFO - Processing file /home/airflow/.local/lib/python3.7/site-packages/airflow/example_dags/example_latest_only_with_trigger.py for tasks to queue
[2022-12-11 19:23:05,386] {logging_mixin.py:115} INFO - [2022-12-11 19:23:05,386] {dagbag.py:507} INFO - Filling up the DagBag from /home/airflow/.local/lib/python3.7/site-packages/airflow/example_dags/example_latest_only_with_trigger.py
[2022-12-11 19:23:05,406] {processor.py:651} INFO - DAG(s) dict_keys(['latest_only_with_trigger']) retrieved from /home/airflow/.local/lib/python3.7/site-packages/airflow/example_dags/example_latest_only_with_trigger.py
[2022-12-11 19:23:05,494] {logging_mixin.py:115} INFO - [2022-12-11 19:23:05,494] {dag.py:2371} INFO - Sync 1 DAGs
[2022-12-11 19:23:05,588] {logging_mixin.py:115} INFO - [2022-12-11 19:23:05,587] {dag.py:2919} INFO - Setting next_dagrun for latest_only_with_trigger to 2022-12-11T15:23:05.587082+00:00, run_after=2022-12-11T19:23:05.587082+00:00
[2022-12-11 19:23:05,623] {processor.py:161} INFO - Processing /home/airflow/.local/lib/python3.7/site-packages/airflow/example_dags/example_latest_only_with_trigger.py took 0.250 seconds
[2022-12-11 19:23:35,788] {processor.py:153} INFO - Started process (PID=673) to work on /home/airflow/.local/lib/python3.7/site-packages/airflow/example_dags/example_latest_only_with_trigger.py
[2022-12-11 19:23:35,790] {processor.py:641} INFO - Processing file /home/airflow/.local/lib/python3.7/site-packages/airflow/example_dags/example_latest_only_with_trigger.py for tasks to queue
[2022-12-11 19:23:35,794] {logging_mixin.py:115} INFO - [2022-12-11 19:23:35,793] {dagbag.py:507} INFO - Filling up the DagBag from /home/airflow/.local/lib/python3.7/site-packages/airflow/example_dags/example_latest_only_with_trigger.py
[2022-12-11 19:23:35,833] {processor.py:651} INFO - DAG(s) dict_keys(['latest_only_with_trigger']) retrieved from /home/airflow/.local/lib/python3.7/site-packages/airflow/example_dags/example_latest_only_with_trigger.py
[2022-12-11 19:23:35,951] {logging_mixin.py:115} INFO - [2022-12-11 19:23:35,950] {dag.py:2371} INFO - Sync 1 DAGs
[2022-12-11 19:23:36,042] {logging_mixin.py:115} INFO - [2022-12-11 19:23:36,041] {dag.py:2919} INFO - Setting next_dagrun for latest_only_with_trigger to 2022-12-11T15:23:36.040302+00:00, run_after=2022-12-11T19:23:36.040302+00:00
[2022-12-11 19:23:36,074] {processor.py:161} INFO - Processing /home/airflow/.local/lib/python3.7/site-packages/airflow/example_dags/example_latest_only_with_trigger.py took 0.300 seconds
[2022-12-11 19:24:06,988] {processor.py:153} INFO - Started process (PID=728) to work on /home/airflow/.local/lib/python3.7/site-packages/airflow/example_dags/example_latest_only_with_trigger.py
[2022-12-11 19:24:06,990] {processor.py:641} INFO - Processing file /home/airflow/.local/lib/python3.7/site-packages/airflow/example_dags/example_latest_only_with_trigger.py for tasks to queue
[2022-12-11 19:24:06,991] {logging_mixin.py:115} INFO - [2022-12-11 19:24:06,991] {dagbag.py:507} INFO - Filling up the DagBag from /home/airflow/.local/lib/python3.7/site-packages/airflow/example_dags/example_latest_only_with_trigger.py
[2022-12-11 19:24:07,003] {processor.py:651} INFO - DAG(s) dict_keys(['latest_only_with_trigger']) retrieved from /home/airflow/.local/lib/python3.7/site-packages/airflow/example_dags/example_latest_only_with_trigger.py
[2022-12-11 19:24:07,056] {logging_mixin.py:115} INFO - [2022-12-11 19:24:07,056] {dag.py:2371} INFO - Sync 1 DAGs
[2022-12-11 19:24:07,099] {logging_mixin.py:115} INFO - [2022-12-11 19:24:07,099] {dag.py:2919} INFO - Setting next_dagrun for latest_only_with_trigger to 2022-12-11T15:24:07.098980+00:00, run_after=2022-12-11T19:24:07.098980+00:00
[2022-12-11 19:24:07,126] {processor.py:161} INFO - Processing /home/airflow/.local/lib/python3.7/site-packages/airflow/example_dags/example_latest_only_with_trigger.py took 0.144 seconds
[2022-12-11 19:24:38,353] {processor.py:153} INFO - Started process (PID=791) to work on /home/airflow/.local/lib/python3.7/site-packages/airflow/example_dags/example_latest_only_with_trigger.py
[2022-12-11 19:24:38,357] {processor.py:641} INFO - Processing file /home/airflow/.local/lib/python3.7/site-packages/airflow/example_dags/example_latest_only_with_trigger.py for tasks to queue
[2022-12-11 19:24:38,360] {logging_mixin.py:115} INFO - [2022-12-11 19:24:38,359] {dagbag.py:507} INFO - Filling up the DagBag from /home/airflow/.local/lib/python3.7/site-packages/airflow/example_dags/example_latest_only_with_trigger.py
[2022-12-11 19:24:38,396] {processor.py:651} INFO - DAG(s) dict_keys(['latest_only_with_trigger']) retrieved from /home/airflow/.local/lib/python3.7/site-packages/airflow/example_dags/example_latest_only_with_trigger.py
[2022-12-11 19:24:38,537] {logging_mixin.py:115} INFO - [2022-12-11 19:24:38,537] {dag.py:2371} INFO - Sync 1 DAGs
[2022-12-11 19:24:38,664] {logging_mixin.py:115} INFO - [2022-12-11 19:24:38,663] {dag.py:2919} INFO - Setting next_dagrun for latest_only_with_trigger to 2022-12-11T15:24:38.662950+00:00, run_after=2022-12-11T19:24:38.662950+00:00
[2022-12-11 19:24:38,750] {processor.py:161} INFO - Processing /home/airflow/.local/lib/python3.7/site-packages/airflow/example_dags/example_latest_only_with_trigger.py took 0.410 seconds
[2022-12-11 19:25:09,556] {processor.py:153} INFO - Started process (PID=844) to work on /home/airflow/.local/lib/python3.7/site-packages/airflow/example_dags/example_latest_only_with_trigger.py
[2022-12-11 19:25:09,558] {processor.py:641} INFO - Processing file /home/airflow/.local/lib/python3.7/site-packages/airflow/example_dags/example_latest_only_with_trigger.py for tasks to queue
[2022-12-11 19:25:09,559] {logging_mixin.py:115} INFO - [2022-12-11 19:25:09,559] {dagbag.py:507} INFO - Filling up the DagBag from /home/airflow/.local/lib/python3.7/site-packages/airflow/example_dags/example_latest_only_with_trigger.py
[2022-12-11 19:25:09,572] {processor.py:651} INFO - DAG(s) dict_keys(['latest_only_with_trigger']) retrieved from /home/airflow/.local/lib/python3.7/site-packages/airflow/example_dags/example_latest_only_with_trigger.py
[2022-12-11 19:25:09,620] {logging_mixin.py:115} INFO - [2022-12-11 19:25:09,620] {dag.py:2371} INFO - Sync 1 DAGs
[2022-12-11 19:25:09,673] {logging_mixin.py:115} INFO - [2022-12-11 19:25:09,673] {dag.py:2919} INFO - Setting next_dagrun for latest_only_with_trigger to 2022-12-11T15:25:09.672894+00:00, run_after=2022-12-11T19:25:09.672894+00:00
[2022-12-11 19:25:09,976] {processor.py:161} INFO - Processing /home/airflow/.local/lib/python3.7/site-packages/airflow/example_dags/example_latest_only_with_trigger.py took 0.427 seconds
[2022-12-11 19:25:40,092] {processor.py:153} INFO - Started process (PID=898) to work on /home/airflow/.local/lib/python3.7/site-packages/airflow/example_dags/example_latest_only_with_trigger.py
[2022-12-11 19:25:40,095] {processor.py:641} INFO - Processing file /home/airflow/.local/lib/python3.7/site-packages/airflow/example_dags/example_latest_only_with_trigger.py for tasks to queue
[2022-12-11 19:25:40,098] {logging_mixin.py:115} INFO - [2022-12-11 19:25:40,097] {dagbag.py:507} INFO - Filling up the DagBag from /home/airflow/.local/lib/python3.7/site-packages/airflow/example_dags/example_latest_only_with_trigger.py
[2022-12-11 19:25:40,113] {processor.py:651} INFO - DAG(s) dict_keys(['latest_only_with_trigger']) retrieved from /home/airflow/.local/lib/python3.7/site-packages/airflow/example_dags/example_latest_only_with_trigger.py
[2022-12-11 19:25:40,172] {logging_mixin.py:115} INFO - [2022-12-11 19:25:40,172] {dag.py:2371} INFO - Sync 1 DAGs
[2022-12-11 19:25:40,228] {logging_mixin.py:115} INFO - [2022-12-11 19:25:40,228] {dag.py:2919} INFO - Setting next_dagrun for latest_only_with_trigger to 2022-12-11T15:25:40.228062+00:00, run_after=2022-12-11T19:25:40.228062+00:00
[2022-12-11 19:25:40,260] {processor.py:161} INFO - Processing /home/airflow/.local/lib/python3.7/site-packages/airflow/example_dags/example_latest_only_with_trigger.py took 0.174 seconds
[2022-12-11 19:26:10,820] {processor.py:153} INFO - Started process (PID=952) to work on /home/airflow/.local/lib/python3.7/site-packages/airflow/example_dags/example_latest_only_with_trigger.py
[2022-12-11 19:26:10,823] {processor.py:641} INFO - Processing file /home/airflow/.local/lib/python3.7/site-packages/airflow/example_dags/example_latest_only_with_trigger.py for tasks to queue
[2022-12-11 19:26:10,831] {logging_mixin.py:115} INFO - [2022-12-11 19:26:10,830] {dagbag.py:507} INFO - Filling up the DagBag from /home/airflow/.local/lib/python3.7/site-packages/airflow/example_dags/example_latest_only_with_trigger.py
[2022-12-11 19:26:10,863] {processor.py:651} INFO - DAG(s) dict_keys(['latest_only_with_trigger']) retrieved from /home/airflow/.local/lib/python3.7/site-packages/airflow/example_dags/example_latest_only_with_trigger.py
[2022-12-11 19:26:10,974] {logging_mixin.py:115} INFO - [2022-12-11 19:26:10,974] {dag.py:2371} INFO - Sync 1 DAGs
[2022-12-11 19:26:11,079] {logging_mixin.py:115} INFO - [2022-12-11 19:26:11,078] {dag.py:2919} INFO - Setting next_dagrun for latest_only_with_trigger to 2022-12-11T15:26:11.078043+00:00, run_after=2022-12-11T19:26:11.078043+00:00
[2022-12-11 19:26:11,173] {processor.py:161} INFO - Processing /home/airflow/.local/lib/python3.7/site-packages/airflow/example_dags/example_latest_only_with_trigger.py took 0.371 seconds
[2022-12-11 19:26:41,981] {processor.py:153} INFO - Started process (PID=1006) to work on /home/airflow/.local/lib/python3.7/site-packages/airflow/example_dags/example_latest_only_with_trigger.py
[2022-12-11 19:26:41,983] {processor.py:641} INFO - Processing file /home/airflow/.local/lib/python3.7/site-packages/airflow/example_dags/example_latest_only_with_trigger.py for tasks to queue
[2022-12-11 19:26:41,985] {logging_mixin.py:115} INFO - [2022-12-11 19:26:41,985] {dagbag.py:507} INFO - Filling up the DagBag from /home/airflow/.local/lib/python3.7/site-packages/airflow/example_dags/example_latest_only_with_trigger.py
[2022-12-11 19:26:42,004] {processor.py:651} INFO - DAG(s) dict_keys(['latest_only_with_trigger']) retrieved from /home/airflow/.local/lib/python3.7/site-packages/airflow/example_dags/example_latest_only_with_trigger.py
[2022-12-11 19:26:42,064] {logging_mixin.py:115} INFO - [2022-12-11 19:26:42,064] {dag.py:2371} INFO - Sync 1 DAGs
[2022-12-11 19:26:42,130] {logging_mixin.py:115} INFO - [2022-12-11 19:26:42,129] {dag.py:2919} INFO - Setting next_dagrun for latest_only_with_trigger to 2022-12-11T15:26:42.128092+00:00, run_after=2022-12-11T19:26:42.128092+00:00
[2022-12-11 19:26:42,158] {processor.py:161} INFO - Processing /home/airflow/.local/lib/python3.7/site-packages/airflow/example_dags/example_latest_only_with_trigger.py took 0.187 seconds
[2022-12-11 19:27:12,283] {processor.py:153} INFO - Started process (PID=1060) to work on /home/airflow/.local/lib/python3.7/site-packages/airflow/example_dags/example_latest_only_with_trigger.py
[2022-12-11 19:27:12,284] {processor.py:641} INFO - Processing file /home/airflow/.local/lib/python3.7/site-packages/airflow/example_dags/example_latest_only_with_trigger.py for tasks to queue
[2022-12-11 19:27:12,286] {logging_mixin.py:115} INFO - [2022-12-11 19:27:12,286] {dagbag.py:507} INFO - Filling up the DagBag from /home/airflow/.local/lib/python3.7/site-packages/airflow/example_dags/example_latest_only_with_trigger.py
[2022-12-11 19:27:12,299] {processor.py:651} INFO - DAG(s) dict_keys(['latest_only_with_trigger']) retrieved from /home/airflow/.local/lib/python3.7/site-packages/airflow/example_dags/example_latest_only_with_trigger.py
[2022-12-11 19:27:12,377] {logging_mixin.py:115} INFO - [2022-12-11 19:27:12,376] {dag.py:2371} INFO - Sync 1 DAGs
[2022-12-11 19:27:12,434] {logging_mixin.py:115} INFO - [2022-12-11 19:27:12,433] {dag.py:2919} INFO - Setting next_dagrun for latest_only_with_trigger to 2022-12-11T15:27:12.433464+00:00, run_after=2022-12-11T19:27:12.433464+00:00
[2022-12-11 19:27:12,465] {processor.py:161} INFO - Processing /home/airflow/.local/lib/python3.7/site-packages/airflow/example_dags/example_latest_only_with_trigger.py took 0.189 seconds
[2022-12-11 19:27:42,623] {processor.py:153} INFO - Started process (PID=1123) to work on /home/airflow/.local/lib/python3.7/site-packages/airflow/example_dags/example_latest_only_with_trigger.py
[2022-12-11 19:27:42,625] {processor.py:641} INFO - Processing file /home/airflow/.local/lib/python3.7/site-packages/airflow/example_dags/example_latest_only_with_trigger.py for tasks to queue
[2022-12-11 19:27:42,628] {logging_mixin.py:115} INFO - [2022-12-11 19:27:42,628] {dagbag.py:507} INFO - Filling up the DagBag from /home/airflow/.local/lib/python3.7/site-packages/airflow/example_dags/example_latest_only_with_trigger.py
[2022-12-11 19:27:42,652] {processor.py:651} INFO - DAG(s) dict_keys(['latest_only_with_trigger']) retrieved from /home/airflow/.local/lib/python3.7/site-packages/airflow/example_dags/example_latest_only_with_trigger.py
[2022-12-11 19:27:42,783] {logging_mixin.py:115} INFO - [2022-12-11 19:27:42,783] {dag.py:2371} INFO - Sync 1 DAGs
[2022-12-11 19:27:42,861] {logging_mixin.py:115} INFO - [2022-12-11 19:27:42,860] {dag.py:2919} INFO - Setting next_dagrun for latest_only_with_trigger to 2022-12-11T15:27:42.859918+00:00, run_after=2022-12-11T19:27:42.859918+00:00
[2022-12-11 19:27:42,901] {processor.py:161} INFO - Processing /home/airflow/.local/lib/python3.7/site-packages/airflow/example_dags/example_latest_only_with_trigger.py took 0.291 seconds
[2022-12-11 19:28:13,281] {processor.py:153} INFO - Started process (PID=1176) to work on /home/airflow/.local/lib/python3.7/site-packages/airflow/example_dags/example_latest_only_with_trigger.py
[2022-12-11 19:28:13,282] {processor.py:641} INFO - Processing file /home/airflow/.local/lib/python3.7/site-packages/airflow/example_dags/example_latest_only_with_trigger.py for tasks to queue
[2022-12-11 19:28:13,283] {logging_mixin.py:115} INFO - [2022-12-11 19:28:13,283] {dagbag.py:507} INFO - Filling up the DagBag from /home/airflow/.local/lib/python3.7/site-packages/airflow/example_dags/example_latest_only_with_trigger.py
[2022-12-11 19:28:13,293] {processor.py:651} INFO - DAG(s) dict_keys(['latest_only_with_trigger']) retrieved from /home/airflow/.local/lib/python3.7/site-packages/airflow/example_dags/example_latest_only_with_trigger.py
[2022-12-11 19:28:13,358] {logging_mixin.py:115} INFO - [2022-12-11 19:28:13,358] {dag.py:2371} INFO - Sync 1 DAGs
[2022-12-11 19:28:13,408] {logging_mixin.py:115} INFO - [2022-12-11 19:28:13,407] {dag.py:2919} INFO - Setting next_dagrun for latest_only_with_trigger to 2022-12-11T15:28:13.407364+00:00, run_after=2022-12-11T19:28:13.407364+00:00
[2022-12-11 19:28:13,436] {processor.py:161} INFO - Processing /home/airflow/.local/lib/python3.7/site-packages/airflow/example_dags/example_latest_only_with_trigger.py took 0.162 seconds
[2022-12-11 19:28:43,794] {processor.py:153} INFO - Started process (PID=1232) to work on /home/airflow/.local/lib/python3.7/site-packages/airflow/example_dags/example_latest_only_with_trigger.py
[2022-12-11 19:28:43,798] {processor.py:641} INFO - Processing file /home/airflow/.local/lib/python3.7/site-packages/airflow/example_dags/example_latest_only_with_trigger.py for tasks to queue
[2022-12-11 19:28:43,800] {logging_mixin.py:115} INFO - [2022-12-11 19:28:43,800] {dagbag.py:507} INFO - Filling up the DagBag from /home/airflow/.local/lib/python3.7/site-packages/airflow/example_dags/example_latest_only_with_trigger.py
[2022-12-11 19:28:43,817] {processor.py:651} INFO - DAG(s) dict_keys(['latest_only_with_trigger']) retrieved from /home/airflow/.local/lib/python3.7/site-packages/airflow/example_dags/example_latest_only_with_trigger.py
[2022-12-11 19:28:43,903] {logging_mixin.py:115} INFO - [2022-12-11 19:28:43,903] {dag.py:2371} INFO - Sync 1 DAGs
[2022-12-11 19:28:44,024] {logging_mixin.py:115} INFO - [2022-12-11 19:28:44,024] {dag.py:2919} INFO - Setting next_dagrun for latest_only_with_trigger to 2022-12-11T15:28:44.023367+00:00, run_after=2022-12-11T19:28:44.023367+00:00
[2022-12-11 19:28:44,070] {processor.py:161} INFO - Processing /home/airflow/.local/lib/python3.7/site-packages/airflow/example_dags/example_latest_only_with_trigger.py took 0.285 seconds
[2022-12-11 19:29:14,231] {processor.py:153} INFO - Started process (PID=1277) to work on /home/airflow/.local/lib/python3.7/site-packages/airflow/example_dags/example_latest_only_with_trigger.py
[2022-12-11 19:29:14,233] {processor.py:641} INFO - Processing file /home/airflow/.local/lib/python3.7/site-packages/airflow/example_dags/example_latest_only_with_trigger.py for tasks to queue
[2022-12-11 19:29:14,234] {logging_mixin.py:115} INFO - [2022-12-11 19:29:14,234] {dagbag.py:507} INFO - Filling up the DagBag from /home/airflow/.local/lib/python3.7/site-packages/airflow/example_dags/example_latest_only_with_trigger.py
[2022-12-11 19:29:14,246] {processor.py:651} INFO - DAG(s) dict_keys(['latest_only_with_trigger']) retrieved from /home/airflow/.local/lib/python3.7/site-packages/airflow/example_dags/example_latest_only_with_trigger.py
[2022-12-11 19:29:14,304] {logging_mixin.py:115} INFO - [2022-12-11 19:29:14,304] {dag.py:2371} INFO - Sync 1 DAGs
[2022-12-11 19:29:14,361] {logging_mixin.py:115} INFO - [2022-12-11 19:29:14,361] {dag.py:2919} INFO - Setting next_dagrun for latest_only_with_trigger to 2022-12-11T15:29:14.360770+00:00, run_after=2022-12-11T19:29:14.360770+00:00
[2022-12-11 19:29:14,390] {processor.py:161} INFO - Processing /home/airflow/.local/lib/python3.7/site-packages/airflow/example_dags/example_latest_only_with_trigger.py took 0.165 seconds
[2022-12-11 19:29:44,937] {processor.py:153} INFO - Started process (PID=1340) to work on /home/airflow/.local/lib/python3.7/site-packages/airflow/example_dags/example_latest_only_with_trigger.py
[2022-12-11 19:29:44,943] {processor.py:641} INFO - Processing file /home/airflow/.local/lib/python3.7/site-packages/airflow/example_dags/example_latest_only_with_trigger.py for tasks to queue
[2022-12-11 19:29:44,947] {logging_mixin.py:115} INFO - [2022-12-11 19:29:44,946] {dagbag.py:507} INFO - Filling up the DagBag from /home/airflow/.local/lib/python3.7/site-packages/airflow/example_dags/example_latest_only_with_trigger.py
[2022-12-11 19:29:44,974] {processor.py:651} INFO - DAG(s) dict_keys(['latest_only_with_trigger']) retrieved from /home/airflow/.local/lib/python3.7/site-packages/airflow/example_dags/example_latest_only_with_trigger.py
[2022-12-11 19:29:45,110] {logging_mixin.py:115} INFO - [2022-12-11 19:29:45,109] {dag.py:2371} INFO - Sync 1 DAGs
[2022-12-11 19:29:45,219] {logging_mixin.py:115} INFO - [2022-12-11 19:29:45,219] {dag.py:2919} INFO - Setting next_dagrun for latest_only_with_trigger to 2022-12-11T15:29:45.218599+00:00, run_after=2022-12-11T19:29:45.218599+00:00
[2022-12-11 19:29:45,278] {processor.py:161} INFO - Processing /home/airflow/.local/lib/python3.7/site-packages/airflow/example_dags/example_latest_only_with_trigger.py took 0.357 seconds
[2022-12-11 19:30:15,589] {processor.py:153} INFO - Started process (PID=1394) to work on /home/airflow/.local/lib/python3.7/site-packages/airflow/example_dags/example_latest_only_with_trigger.py
[2022-12-11 19:30:15,591] {processor.py:641} INFO - Processing file /home/airflow/.local/lib/python3.7/site-packages/airflow/example_dags/example_latest_only_with_trigger.py for tasks to queue
[2022-12-11 19:30:15,593] {logging_mixin.py:115} INFO - [2022-12-11 19:30:15,593] {dagbag.py:507} INFO - Filling up the DagBag from /home/airflow/.local/lib/python3.7/site-packages/airflow/example_dags/example_latest_only_with_trigger.py
[2022-12-11 19:30:15,613] {processor.py:651} INFO - DAG(s) dict_keys(['latest_only_with_trigger']) retrieved from /home/airflow/.local/lib/python3.7/site-packages/airflow/example_dags/example_latest_only_with_trigger.py
[2022-12-11 19:30:15,677] {logging_mixin.py:115} INFO - [2022-12-11 19:30:15,677] {dag.py:2371} INFO - Sync 1 DAGs
[2022-12-11 19:30:15,780] {logging_mixin.py:115} INFO - [2022-12-11 19:30:15,780] {dag.py:2919} INFO - Setting next_dagrun for latest_only_with_trigger to 2022-12-11T15:30:15.779596+00:00, run_after=2022-12-11T19:30:15.779596+00:00
[2022-12-11 19:30:15,836] {processor.py:161} INFO - Processing /home/airflow/.local/lib/python3.7/site-packages/airflow/example_dags/example_latest_only_with_trigger.py took 0.254 seconds
[2022-12-11 19:30:46,135] {processor.py:153} INFO - Started process (PID=1448) to work on /home/airflow/.local/lib/python3.7/site-packages/airflow/example_dags/example_latest_only_with_trigger.py
[2022-12-11 19:30:46,136] {processor.py:641} INFO - Processing file /home/airflow/.local/lib/python3.7/site-packages/airflow/example_dags/example_latest_only_with_trigger.py for tasks to queue
[2022-12-11 19:30:46,138] {logging_mixin.py:115} INFO - [2022-12-11 19:30:46,138] {dagbag.py:507} INFO - Filling up the DagBag from /home/airflow/.local/lib/python3.7/site-packages/airflow/example_dags/example_latest_only_with_trigger.py
[2022-12-11 19:30:46,150] {processor.py:651} INFO - DAG(s) dict_keys(['latest_only_with_trigger']) retrieved from /home/airflow/.local/lib/python3.7/site-packages/airflow/example_dags/example_latest_only_with_trigger.py
[2022-12-11 19:30:46,196] {logging_mixin.py:115} INFO - [2022-12-11 19:30:46,196] {dag.py:2371} INFO - Sync 1 DAGs
[2022-12-11 19:30:46,239] {logging_mixin.py:115} INFO - [2022-12-11 19:30:46,239] {dag.py:2919} INFO - Setting next_dagrun for latest_only_with_trigger to 2022-12-11T15:30:46.238733+00:00, run_after=2022-12-11T19:30:46.238733+00:00
[2022-12-11 19:30:46,303] {processor.py:161} INFO - Processing /home/airflow/.local/lib/python3.7/site-packages/airflow/example_dags/example_latest_only_with_trigger.py took 0.176 seconds
[2022-12-11 19:31:16,765] {processor.py:153} INFO - Started process (PID=1502) to work on /home/airflow/.local/lib/python3.7/site-packages/airflow/example_dags/example_latest_only_with_trigger.py
[2022-12-11 19:31:16,766] {processor.py:641} INFO - Processing file /home/airflow/.local/lib/python3.7/site-packages/airflow/example_dags/example_latest_only_with_trigger.py for tasks to queue
[2022-12-11 19:31:16,768] {logging_mixin.py:115} INFO - [2022-12-11 19:31:16,768] {dagbag.py:507} INFO - Filling up the DagBag from /home/airflow/.local/lib/python3.7/site-packages/airflow/example_dags/example_latest_only_with_trigger.py
[2022-12-11 19:31:16,786] {processor.py:651} INFO - DAG(s) dict_keys(['latest_only_with_trigger']) retrieved from /home/airflow/.local/lib/python3.7/site-packages/airflow/example_dags/example_latest_only_with_trigger.py
[2022-12-11 19:31:16,829] {logging_mixin.py:115} INFO - [2022-12-11 19:31:16,829] {dag.py:2371} INFO - Sync 1 DAGs
[2022-12-11 19:31:16,884] {logging_mixin.py:115} INFO - [2022-12-11 19:31:16,884] {dag.py:2919} INFO - Setting next_dagrun for latest_only_with_trigger to 2022-12-11T15:31:16.883888+00:00, run_after=2022-12-11T19:31:16.883888+00:00
[2022-12-11 19:31:16,919] {processor.py:161} INFO - Processing /home/airflow/.local/lib/python3.7/site-packages/airflow/example_dags/example_latest_only_with_trigger.py took 0.160 seconds
[2022-12-11 19:31:47,304] {processor.py:153} INFO - Started process (PID=1556) to work on /home/airflow/.local/lib/python3.7/site-packages/airflow/example_dags/example_latest_only_with_trigger.py
[2022-12-11 19:31:47,306] {processor.py:641} INFO - Processing file /home/airflow/.local/lib/python3.7/site-packages/airflow/example_dags/example_latest_only_with_trigger.py for tasks to queue
[2022-12-11 19:31:47,307] {logging_mixin.py:115} INFO - [2022-12-11 19:31:47,307] {dagbag.py:507} INFO - Filling up the DagBag from /home/airflow/.local/lib/python3.7/site-packages/airflow/example_dags/example_latest_only_with_trigger.py
[2022-12-11 19:31:47,322] {processor.py:651} INFO - DAG(s) dict_keys(['latest_only_with_trigger']) retrieved from /home/airflow/.local/lib/python3.7/site-packages/airflow/example_dags/example_latest_only_with_trigger.py
[2022-12-11 19:31:47,381] {logging_mixin.py:115} INFO - [2022-12-11 19:31:47,381] {dag.py:2371} INFO - Sync 1 DAGs
[2022-12-11 19:31:47,432] {logging_mixin.py:115} INFO - [2022-12-11 19:31:47,432] {dag.py:2919} INFO - Setting next_dagrun for latest_only_with_trigger to 2022-12-11T15:31:47.432023+00:00, run_after=2022-12-11T19:31:47.432023+00:00
[2022-12-11 19:31:47,459] {processor.py:161} INFO - Processing /home/airflow/.local/lib/python3.7/site-packages/airflow/example_dags/example_latest_only_with_trigger.py took 0.162 seconds
[2022-12-11 19:32:17,663] {processor.py:153} INFO - Started process (PID=1619) to work on /home/airflow/.local/lib/python3.7/site-packages/airflow/example_dags/example_latest_only_with_trigger.py
[2022-12-11 19:32:17,664] {processor.py:641} INFO - Processing file /home/airflow/.local/lib/python3.7/site-packages/airflow/example_dags/example_latest_only_with_trigger.py for tasks to queue
[2022-12-11 19:32:17,666] {logging_mixin.py:115} INFO - [2022-12-11 19:32:17,666] {dagbag.py:507} INFO - Filling up the DagBag from /home/airflow/.local/lib/python3.7/site-packages/airflow/example_dags/example_latest_only_with_trigger.py
[2022-12-11 19:32:17,674] {processor.py:651} INFO - DAG(s) dict_keys(['latest_only_with_trigger']) retrieved from /home/airflow/.local/lib/python3.7/site-packages/airflow/example_dags/example_latest_only_with_trigger.py
[2022-12-11 19:32:17,712] {logging_mixin.py:115} INFO - [2022-12-11 19:32:17,712] {dag.py:2371} INFO - Sync 1 DAGs
[2022-12-11 19:32:17,749] {logging_mixin.py:115} INFO - [2022-12-11 19:32:17,749] {dag.py:2919} INFO - Setting next_dagrun for latest_only_with_trigger to 2022-12-11T15:32:17.749270+00:00, run_after=2022-12-11T19:32:17.749270+00:00
[2022-12-11 19:32:17,770] {processor.py:161} INFO - Processing /home/airflow/.local/lib/python3.7/site-packages/airflow/example_dags/example_latest_only_with_trigger.py took 0.112 seconds
[2022-12-11 19:32:48,359] {processor.py:153} INFO - Started process (PID=1675) to work on /home/airflow/.local/lib/python3.7/site-packages/airflow/example_dags/example_latest_only_with_trigger.py
[2022-12-11 19:32:48,361] {processor.py:641} INFO - Processing file /home/airflow/.local/lib/python3.7/site-packages/airflow/example_dags/example_latest_only_with_trigger.py for tasks to queue
[2022-12-11 19:32:48,362] {logging_mixin.py:115} INFO - [2022-12-11 19:32:48,362] {dagbag.py:507} INFO - Filling up the DagBag from /home/airflow/.local/lib/python3.7/site-packages/airflow/example_dags/example_latest_only_with_trigger.py
[2022-12-11 19:32:48,378] {processor.py:651} INFO - DAG(s) dict_keys(['latest_only_with_trigger']) retrieved from /home/airflow/.local/lib/python3.7/site-packages/airflow/example_dags/example_latest_only_with_trigger.py
[2022-12-11 19:32:48,432] {logging_mixin.py:115} INFO - [2022-12-11 19:32:48,432] {dag.py:2371} INFO - Sync 1 DAGs
[2022-12-11 19:32:48,480] {logging_mixin.py:115} INFO - [2022-12-11 19:32:48,480] {dag.py:2919} INFO - Setting next_dagrun for latest_only_with_trigger to 2022-12-11T15:32:48.480320+00:00, run_after=2022-12-11T19:32:48.480320+00:00
[2022-12-11 19:32:48,509] {processor.py:161} INFO - Processing /home/airflow/.local/lib/python3.7/site-packages/airflow/example_dags/example_latest_only_with_trigger.py took 0.154 seconds
