[2022-12-11 13:30:04,641] {processor.py:153} INFO - Started process (PID=69) to work on /home/airflow/.local/lib/python3.7/site-packages/airflow/example_dags/example_branch_labels.py
[2022-12-11 13:30:04,646] {processor.py:641} INFO - Processing file /home/airflow/.local/lib/python3.7/site-packages/airflow/example_dags/example_branch_labels.py for tasks to queue
[2022-12-11 13:30:04,652] {logging_mixin.py:115} INFO - [2022-12-11 13:30:04,651] {dagbag.py:507} INFO - Filling up the DagBag from /home/airflow/.local/lib/python3.7/site-packages/airflow/example_dags/example_branch_labels.py
[2022-12-11 13:30:04,684] {processor.py:651} INFO - DAG(s) dict_keys(['example_branch_labels']) retrieved from /home/airflow/.local/lib/python3.7/site-packages/airflow/example_dags/example_branch_labels.py
[2022-12-11 13:30:04,784] {logging_mixin.py:115} INFO - [2022-12-11 13:30:04,784] {dag.py:2371} INFO - Sync 1 DAGs
[2022-12-11 13:30:04,919] {logging_mixin.py:115} INFO - [2022-12-11 13:30:04,918] {dag.py:2919} INFO - Setting next_dagrun for example_branch_labels to 2022-12-10T00:00:00+00:00, run_after=2022-12-11T00:00:00+00:00
[2022-12-11 13:30:04,983] {processor.py:161} INFO - Processing /home/airflow/.local/lib/python3.7/site-packages/airflow/example_dags/example_branch_labels.py took 0.361 seconds
[2022-12-11 13:30:37,984] {processor.py:153} INFO - Started process (PID=123) to work on /home/airflow/.local/lib/python3.7/site-packages/airflow/example_dags/example_branch_labels.py
[2022-12-11 13:30:38,009] {processor.py:641} INFO - Processing file /home/airflow/.local/lib/python3.7/site-packages/airflow/example_dags/example_branch_labels.py for tasks to queue
[2022-12-11 13:30:38,023] {logging_mixin.py:115} INFO - [2022-12-11 13:30:38,023] {dagbag.py:507} INFO - Filling up the DagBag from /home/airflow/.local/lib/python3.7/site-packages/airflow/example_dags/example_branch_labels.py
[2022-12-11 13:30:38,122] {processor.py:651} INFO - DAG(s) dict_keys(['example_branch_labels']) retrieved from /home/airflow/.local/lib/python3.7/site-packages/airflow/example_dags/example_branch_labels.py
[2022-12-11 13:30:38,497] {logging_mixin.py:115} INFO - [2022-12-11 13:30:38,496] {dag.py:2371} INFO - Sync 1 DAGs
[2022-12-11 13:30:38,763] {logging_mixin.py:115} INFO - [2022-12-11 13:30:38,751] {dag.py:2919} INFO - Setting next_dagrun for example_branch_labels to 2022-12-10T00:00:00+00:00, run_after=2022-12-11T00:00:00+00:00
[2022-12-11 13:30:38,944] {processor.py:161} INFO - Processing /home/airflow/.local/lib/python3.7/site-packages/airflow/example_dags/example_branch_labels.py took 0.984 seconds
[2022-12-11 13:31:18,393] {processor.py:153} INFO - Started process (PID=174) to work on /home/airflow/.local/lib/python3.7/site-packages/airflow/example_dags/example_branch_labels.py
[2022-12-11 13:31:18,440] {processor.py:641} INFO - Processing file /home/airflow/.local/lib/python3.7/site-packages/airflow/example_dags/example_branch_labels.py for tasks to queue
[2022-12-11 13:31:18,513] {logging_mixin.py:115} INFO - [2022-12-11 13:31:18,507] {dagbag.py:507} INFO - Filling up the DagBag from /home/airflow/.local/lib/python3.7/site-packages/airflow/example_dags/example_branch_labels.py
[2022-12-11 13:31:18,988] {processor.py:651} INFO - DAG(s) dict_keys(['example_branch_labels']) retrieved from /home/airflow/.local/lib/python3.7/site-packages/airflow/example_dags/example_branch_labels.py
[2022-12-11 13:31:19,596] {logging_mixin.py:115} INFO - [2022-12-11 13:31:19,595] {dag.py:2371} INFO - Sync 1 DAGs
[2022-12-11 13:31:20,419] {logging_mixin.py:115} INFO - [2022-12-11 13:31:20,418] {dag.py:2919} INFO - Setting next_dagrun for example_branch_labels to 2022-12-10T00:00:00+00:00, run_after=2022-12-11T00:00:00+00:00
[2022-12-11 13:31:20,876] {processor.py:161} INFO - Processing /home/airflow/.local/lib/python3.7/site-packages/airflow/example_dags/example_branch_labels.py took 2.504 seconds
