[2022-12-11 13:30:05,948] {processor.py:153} INFO - Started process (PID=71) to work on /home/airflow/.local/lib/python3.7/site-packages/airflow/example_dags/example_dag_decorator.py
[2022-12-11 13:30:06,051] {processor.py:641} INFO - Processing file /home/airflow/.local/lib/python3.7/site-packages/airflow/example_dags/example_dag_decorator.py for tasks to queue
[2022-12-11 13:30:06,097] {logging_mixin.py:115} INFO - [2022-12-11 13:30:06,097] {dagbag.py:507} INFO - Filling up the DagBag from /home/airflow/.local/lib/python3.7/site-packages/airflow/example_dags/example_dag_decorator.py
[2022-12-11 13:30:06,321] {processor.py:651} INFO - DAG(s) dict_keys(['example_dag_decorator']) retrieved from /home/airflow/.local/lib/python3.7/site-packages/airflow/example_dags/example_dag_decorator.py
[2022-12-11 13:30:06,831] {logging_mixin.py:115} INFO - [2022-12-11 13:30:06,831] {dag.py:2371} INFO - Sync 1 DAGs
[2022-12-11 13:30:07,574] {logging_mixin.py:115} INFO - [2022-12-11 13:30:07,573] {dag.py:2919} INFO - Setting next_dagrun for example_dag_decorator to None, run_after=None
[2022-12-11 13:30:07,737] {processor.py:161} INFO - Processing /home/airflow/.local/lib/python3.7/site-packages/airflow/example_dags/example_dag_decorator.py took 1.811 seconds
[2022-12-11 13:30:39,812] {processor.py:153} INFO - Started process (PID=126) to work on /home/airflow/.local/lib/python3.7/site-packages/airflow/example_dags/example_dag_decorator.py
[2022-12-11 13:30:39,831] {processor.py:641} INFO - Processing file /home/airflow/.local/lib/python3.7/site-packages/airflow/example_dags/example_dag_decorator.py for tasks to queue
[2022-12-11 13:30:39,847] {logging_mixin.py:115} INFO - [2022-12-11 13:30:39,847] {dagbag.py:507} INFO - Filling up the DagBag from /home/airflow/.local/lib/python3.7/site-packages/airflow/example_dags/example_dag_decorator.py
[2022-12-11 13:30:40,087] {processor.py:651} INFO - DAG(s) dict_keys(['example_dag_decorator']) retrieved from /home/airflow/.local/lib/python3.7/site-packages/airflow/example_dags/example_dag_decorator.py
[2022-12-11 13:30:40,977] {logging_mixin.py:115} INFO - [2022-12-11 13:30:40,970] {dag.py:2371} INFO - Sync 1 DAGs
[2022-12-11 13:30:45,548] {logging_mixin.py:115} INFO - [2022-12-11 13:30:45,547] {dag.py:2919} INFO - Setting next_dagrun for example_dag_decorator to None, run_after=None
[2022-12-11 13:30:45,733] {processor.py:161} INFO - Processing /home/airflow/.local/lib/python3.7/site-packages/airflow/example_dags/example_dag_decorator.py took 5.963 seconds
[2022-12-11 13:31:24,073] {processor.py:153} INFO - Started process (PID=180) to work on /home/airflow/.local/lib/python3.7/site-packages/airflow/example_dags/example_dag_decorator.py
[2022-12-11 13:31:24,090] {processor.py:641} INFO - Processing file /home/airflow/.local/lib/python3.7/site-packages/airflow/example_dags/example_dag_decorator.py for tasks to queue
[2022-12-11 13:31:24,096] {logging_mixin.py:115} INFO - [2022-12-11 13:31:24,096] {dagbag.py:507} INFO - Filling up the DagBag from /home/airflow/.local/lib/python3.7/site-packages/airflow/example_dags/example_dag_decorator.py
[2022-12-11 13:31:24,561] {processor.py:651} INFO - DAG(s) dict_keys(['example_dag_decorator']) retrieved from /home/airflow/.local/lib/python3.7/site-packages/airflow/example_dags/example_dag_decorator.py
[2022-12-11 13:31:25,244] {logging_mixin.py:115} INFO - [2022-12-11 13:31:25,244] {dag.py:2371} INFO - Sync 1 DAGs
[2022-12-11 13:31:26,812] {logging_mixin.py:115} INFO - [2022-12-11 13:31:26,811] {dag.py:2919} INFO - Setting next_dagrun for example_dag_decorator to None, run_after=None
[2022-12-11 13:31:27,052] {processor.py:161} INFO - Processing /home/airflow/.local/lib/python3.7/site-packages/airflow/example_dags/example_dag_decorator.py took 3.069 seconds
[2022-12-11 19:16:40,293] {processor.py:153} INFO - Started process (PID=74) to work on /home/airflow/.local/lib/python3.7/site-packages/airflow/example_dags/example_dag_decorator.py
[2022-12-11 19:16:40,306] {processor.py:641} INFO - Processing file /home/airflow/.local/lib/python3.7/site-packages/airflow/example_dags/example_dag_decorator.py for tasks to queue
[2022-12-11 19:16:40,359] {logging_mixin.py:115} INFO - [2022-12-11 19:16:40,358] {dagbag.py:507} INFO - Filling up the DagBag from /home/airflow/.local/lib/python3.7/site-packages/airflow/example_dags/example_dag_decorator.py
[2022-12-11 19:16:40,758] {processor.py:651} INFO - DAG(s) dict_keys(['example_dag_decorator']) retrieved from /home/airflow/.local/lib/python3.7/site-packages/airflow/example_dags/example_dag_decorator.py
[2022-12-11 19:16:41,474] {logging_mixin.py:115} INFO - [2022-12-11 19:16:41,474] {dag.py:2371} INFO - Sync 1 DAGs
[2022-12-11 19:16:44,468] {logging_mixin.py:115} INFO - [2022-12-11 19:16:44,468] {dag.py:2919} INFO - Setting next_dagrun for example_dag_decorator to None, run_after=None
[2022-12-11 19:16:44,562] {processor.py:161} INFO - Processing /home/airflow/.local/lib/python3.7/site-packages/airflow/example_dags/example_dag_decorator.py took 4.307 seconds
[2022-12-11 19:17:15,162] {processor.py:153} INFO - Started process (PID=128) to work on /home/airflow/.local/lib/python3.7/site-packages/airflow/example_dags/example_dag_decorator.py
[2022-12-11 19:17:15,166] {processor.py:641} INFO - Processing file /home/airflow/.local/lib/python3.7/site-packages/airflow/example_dags/example_dag_decorator.py for tasks to queue
[2022-12-11 19:17:15,188] {logging_mixin.py:115} INFO - [2022-12-11 19:17:15,168] {dagbag.py:507} INFO - Filling up the DagBag from /home/airflow/.local/lib/python3.7/site-packages/airflow/example_dags/example_dag_decorator.py
[2022-12-11 19:17:15,434] {processor.py:651} INFO - DAG(s) dict_keys(['example_dag_decorator']) retrieved from /home/airflow/.local/lib/python3.7/site-packages/airflow/example_dags/example_dag_decorator.py
[2022-12-11 19:17:16,214] {logging_mixin.py:115} INFO - [2022-12-11 19:17:16,214] {dag.py:2371} INFO - Sync 1 DAGs
[2022-12-11 19:17:17,239] {logging_mixin.py:115} INFO - [2022-12-11 19:17:17,239] {dag.py:2919} INFO - Setting next_dagrun for example_dag_decorator to None, run_after=None
[2022-12-11 19:17:17,446] {processor.py:161} INFO - Processing /home/airflow/.local/lib/python3.7/site-packages/airflow/example_dags/example_dag_decorator.py took 2.304 seconds
[2022-12-11 19:17:48,348] {processor.py:153} INFO - Started process (PID=182) to work on /home/airflow/.local/lib/python3.7/site-packages/airflow/example_dags/example_dag_decorator.py
[2022-12-11 19:17:48,351] {processor.py:641} INFO - Processing file /home/airflow/.local/lib/python3.7/site-packages/airflow/example_dags/example_dag_decorator.py for tasks to queue
[2022-12-11 19:17:48,356] {logging_mixin.py:115} INFO - [2022-12-11 19:17:48,355] {dagbag.py:507} INFO - Filling up the DagBag from /home/airflow/.local/lib/python3.7/site-packages/airflow/example_dags/example_dag_decorator.py
[2022-12-11 19:17:48,489] {processor.py:651} INFO - DAG(s) dict_keys(['example_dag_decorator']) retrieved from /home/airflow/.local/lib/python3.7/site-packages/airflow/example_dags/example_dag_decorator.py
[2022-12-11 19:17:48,893] {logging_mixin.py:115} INFO - [2022-12-11 19:17:48,893] {dag.py:2371} INFO - Sync 1 DAGs
[2022-12-11 19:17:49,679] {logging_mixin.py:115} INFO - [2022-12-11 19:17:49,679] {dag.py:2919} INFO - Setting next_dagrun for example_dag_decorator to None, run_after=None
[2022-12-11 19:17:49,749] {processor.py:161} INFO - Processing /home/airflow/.local/lib/python3.7/site-packages/airflow/example_dags/example_dag_decorator.py took 1.415 seconds
[2022-12-11 19:18:20,292] {processor.py:153} INFO - Started process (PID=233) to work on /home/airflow/.local/lib/python3.7/site-packages/airflow/example_dags/example_dag_decorator.py
[2022-12-11 19:18:20,297] {processor.py:641} INFO - Processing file /home/airflow/.local/lib/python3.7/site-packages/airflow/example_dags/example_dag_decorator.py for tasks to queue
[2022-12-11 19:18:20,301] {logging_mixin.py:115} INFO - [2022-12-11 19:18:20,300] {dagbag.py:507} INFO - Filling up the DagBag from /home/airflow/.local/lib/python3.7/site-packages/airflow/example_dags/example_dag_decorator.py
[2022-12-11 19:18:20,517] {processor.py:651} INFO - DAG(s) dict_keys(['example_dag_decorator']) retrieved from /home/airflow/.local/lib/python3.7/site-packages/airflow/example_dags/example_dag_decorator.py
[2022-12-11 19:18:21,326] {logging_mixin.py:115} INFO - [2022-12-11 19:18:21,325] {dag.py:2371} INFO - Sync 1 DAGs
[2022-12-11 19:18:23,731] {logging_mixin.py:115} INFO - [2022-12-11 19:18:23,730] {dag.py:2919} INFO - Setting next_dagrun for example_dag_decorator to None, run_after=None
[2022-12-11 19:18:23,917] {processor.py:161} INFO - Processing /home/airflow/.local/lib/python3.7/site-packages/airflow/example_dags/example_dag_decorator.py took 3.656 seconds
[2022-12-11 19:19:37,312] {processor.py:153} INFO - Started process (PID=308) to work on /home/airflow/.local/lib/python3.7/site-packages/airflow/example_dags/example_dag_decorator.py
[2022-12-11 19:19:37,329] {processor.py:641} INFO - Processing file /home/airflow/.local/lib/python3.7/site-packages/airflow/example_dags/example_dag_decorator.py for tasks to queue
[2022-12-11 19:19:37,361] {logging_mixin.py:115} INFO - [2022-12-11 19:19:37,360] {dagbag.py:507} INFO - Filling up the DagBag from /home/airflow/.local/lib/python3.7/site-packages/airflow/example_dags/example_dag_decorator.py
[2022-12-11 19:19:37,739] {processor.py:651} INFO - DAG(s) dict_keys(['example_dag_decorator']) retrieved from /home/airflow/.local/lib/python3.7/site-packages/airflow/example_dags/example_dag_decorator.py
[2022-12-11 19:19:38,368] {logging_mixin.py:115} INFO - [2022-12-11 19:19:38,368] {dag.py:2371} INFO - Sync 1 DAGs
[2022-12-11 19:19:39,331] {logging_mixin.py:115} INFO - [2022-12-11 19:19:39,331] {dag.py:2919} INFO - Setting next_dagrun for example_dag_decorator to None, run_after=None
[2022-12-11 19:19:39,425] {processor.py:161} INFO - Processing /home/airflow/.local/lib/python3.7/site-packages/airflow/example_dags/example_dag_decorator.py took 2.148 seconds
[2022-12-11 19:20:10,843] {processor.py:153} INFO - Started process (PID=362) to work on /home/airflow/.local/lib/python3.7/site-packages/airflow/example_dags/example_dag_decorator.py
[2022-12-11 19:20:10,878] {processor.py:641} INFO - Processing file /home/airflow/.local/lib/python3.7/site-packages/airflow/example_dags/example_dag_decorator.py for tasks to queue
[2022-12-11 19:20:10,900] {logging_mixin.py:115} INFO - [2022-12-11 19:20:10,899] {dagbag.py:507} INFO - Filling up the DagBag from /home/airflow/.local/lib/python3.7/site-packages/airflow/example_dags/example_dag_decorator.py
[2022-12-11 19:20:11,704] {processor.py:651} INFO - DAG(s) dict_keys(['example_dag_decorator']) retrieved from /home/airflow/.local/lib/python3.7/site-packages/airflow/example_dags/example_dag_decorator.py
[2022-12-11 19:20:12,714] {logging_mixin.py:115} INFO - [2022-12-11 19:20:12,713] {dag.py:2371} INFO - Sync 1 DAGs
[2022-12-11 19:20:13,903] {logging_mixin.py:115} INFO - [2022-12-11 19:20:13,903] {dag.py:2919} INFO - Setting next_dagrun for example_dag_decorator to None, run_after=None
[2022-12-11 19:20:14,080] {processor.py:161} INFO - Processing /home/airflow/.local/lib/python3.7/site-packages/airflow/example_dags/example_dag_decorator.py took 3.300 seconds
[2022-12-11 19:20:50,424] {processor.py:153} INFO - Started process (PID=423) to work on /home/airflow/.local/lib/python3.7/site-packages/airflow/example_dags/example_dag_decorator.py
[2022-12-11 19:20:50,440] {processor.py:641} INFO - Processing file /home/airflow/.local/lib/python3.7/site-packages/airflow/example_dags/example_dag_decorator.py for tasks to queue
[2022-12-11 19:20:50,443] {logging_mixin.py:115} INFO - [2022-12-11 19:20:50,443] {dagbag.py:507} INFO - Filling up the DagBag from /home/airflow/.local/lib/python3.7/site-packages/airflow/example_dags/example_dag_decorator.py
[2022-12-11 19:20:50,590] {processor.py:651} INFO - DAG(s) dict_keys(['example_dag_decorator']) retrieved from /home/airflow/.local/lib/python3.7/site-packages/airflow/example_dags/example_dag_decorator.py
[2022-12-11 19:20:51,302] {logging_mixin.py:115} INFO - [2022-12-11 19:20:51,302] {dag.py:2371} INFO - Sync 1 DAGs
[2022-12-11 19:20:52,961] {logging_mixin.py:115} INFO - [2022-12-11 19:20:52,961] {dag.py:2919} INFO - Setting next_dagrun for example_dag_decorator to None, run_after=None
[2022-12-11 19:20:53,146] {processor.py:161} INFO - Processing /home/airflow/.local/lib/python3.7/site-packages/airflow/example_dags/example_dag_decorator.py took 2.739 seconds
[2022-12-11 19:21:25,222] {processor.py:153} INFO - Started process (PID=466) to work on /home/airflow/.local/lib/python3.7/site-packages/airflow/example_dags/example_dag_decorator.py
[2022-12-11 19:21:25,232] {processor.py:641} INFO - Processing file /home/airflow/.local/lib/python3.7/site-packages/airflow/example_dags/example_dag_decorator.py for tasks to queue
[2022-12-11 19:21:25,236] {logging_mixin.py:115} INFO - [2022-12-11 19:21:25,235] {dagbag.py:507} INFO - Filling up the DagBag from /home/airflow/.local/lib/python3.7/site-packages/airflow/example_dags/example_dag_decorator.py
[2022-12-11 19:21:25,434] {processor.py:651} INFO - DAG(s) dict_keys(['example_dag_decorator']) retrieved from /home/airflow/.local/lib/python3.7/site-packages/airflow/example_dags/example_dag_decorator.py
[2022-12-11 19:21:26,172] {logging_mixin.py:115} INFO - [2022-12-11 19:21:26,172] {dag.py:2371} INFO - Sync 1 DAGs
[2022-12-11 19:21:27,228] {logging_mixin.py:115} INFO - [2022-12-11 19:21:27,227] {dag.py:2919} INFO - Setting next_dagrun for example_dag_decorator to None, run_after=None
[2022-12-11 19:21:27,366] {processor.py:161} INFO - Processing /home/airflow/.local/lib/python3.7/site-packages/airflow/example_dags/example_dag_decorator.py took 2.209 seconds
[2022-12-11 19:22:10,042] {processor.py:153} INFO - Started process (PID=527) to work on /home/airflow/.local/lib/python3.7/site-packages/airflow/example_dags/example_dag_decorator.py
[2022-12-11 19:22:10,053] {processor.py:641} INFO - Processing file /home/airflow/.local/lib/python3.7/site-packages/airflow/example_dags/example_dag_decorator.py for tasks to queue
[2022-12-11 19:22:10,066] {logging_mixin.py:115} INFO - [2022-12-11 19:22:10,066] {dagbag.py:507} INFO - Filling up the DagBag from /home/airflow/.local/lib/python3.7/site-packages/airflow/example_dags/example_dag_decorator.py
[2022-12-11 19:22:10,350] {processor.py:651} INFO - DAG(s) dict_keys(['example_dag_decorator']) retrieved from /home/airflow/.local/lib/python3.7/site-packages/airflow/example_dags/example_dag_decorator.py
[2022-12-11 19:22:11,823] {logging_mixin.py:115} INFO - [2022-12-11 19:22:11,822] {dag.py:2371} INFO - Sync 1 DAGs
[2022-12-11 19:22:12,047] {logging_mixin.py:115} INFO - [2022-12-11 19:22:12,046] {dag.py:2919} INFO - Setting next_dagrun for example_dag_decorator to None, run_after=None
[2022-12-11 19:22:12,236] {processor.py:161} INFO - Processing /home/airflow/.local/lib/python3.7/site-packages/airflow/example_dags/example_dag_decorator.py took 2.223 seconds
[2022-12-11 19:22:42,662] {processor.py:153} INFO - Started process (PID=573) to work on /home/airflow/.local/lib/python3.7/site-packages/airflow/example_dags/example_dag_decorator.py
[2022-12-11 19:22:42,682] {processor.py:641} INFO - Processing file /home/airflow/.local/lib/python3.7/site-packages/airflow/example_dags/example_dag_decorator.py for tasks to queue
[2022-12-11 19:22:42,684] {logging_mixin.py:115} INFO - [2022-12-11 19:22:42,683] {dagbag.py:507} INFO - Filling up the DagBag from /home/airflow/.local/lib/python3.7/site-packages/airflow/example_dags/example_dag_decorator.py
[2022-12-11 19:22:42,745] {processor.py:651} INFO - DAG(s) dict_keys(['example_dag_decorator']) retrieved from /home/airflow/.local/lib/python3.7/site-packages/airflow/example_dags/example_dag_decorator.py
[2022-12-11 19:22:43,222] {logging_mixin.py:115} INFO - [2022-12-11 19:22:43,222] {dag.py:2371} INFO - Sync 1 DAGs
[2022-12-11 19:22:43,278] {logging_mixin.py:115} INFO - [2022-12-11 19:22:43,277] {dag.py:2919} INFO - Setting next_dagrun for example_dag_decorator to None, run_after=None
[2022-12-11 19:22:43,318] {processor.py:161} INFO - Processing /home/airflow/.local/lib/python3.7/site-packages/airflow/example_dags/example_dag_decorator.py took 0.663 seconds
[2022-12-11 19:23:13,742] {processor.py:153} INFO - Started process (PID=627) to work on /home/airflow/.local/lib/python3.7/site-packages/airflow/example_dags/example_dag_decorator.py
[2022-12-11 19:23:13,744] {processor.py:641} INFO - Processing file /home/airflow/.local/lib/python3.7/site-packages/airflow/example_dags/example_dag_decorator.py for tasks to queue
[2022-12-11 19:23:13,745] {logging_mixin.py:115} INFO - [2022-12-11 19:23:13,745] {dagbag.py:507} INFO - Filling up the DagBag from /home/airflow/.local/lib/python3.7/site-packages/airflow/example_dags/example_dag_decorator.py
[2022-12-11 19:23:13,795] {processor.py:651} INFO - DAG(s) dict_keys(['example_dag_decorator']) retrieved from /home/airflow/.local/lib/python3.7/site-packages/airflow/example_dags/example_dag_decorator.py
[2022-12-11 19:23:14,212] {logging_mixin.py:115} INFO - [2022-12-11 19:23:14,212] {dag.py:2371} INFO - Sync 1 DAGs
[2022-12-11 19:23:14,257] {logging_mixin.py:115} INFO - [2022-12-11 19:23:14,257] {dag.py:2919} INFO - Setting next_dagrun for example_dag_decorator to None, run_after=None
[2022-12-11 19:23:14,283] {processor.py:161} INFO - Processing /home/airflow/.local/lib/python3.7/site-packages/airflow/example_dags/example_dag_decorator.py took 0.546 seconds
[2022-12-11 19:23:44,380] {processor.py:153} INFO - Started process (PID=691) to work on /home/airflow/.local/lib/python3.7/site-packages/airflow/example_dags/example_dag_decorator.py
[2022-12-11 19:23:44,382] {processor.py:641} INFO - Processing file /home/airflow/.local/lib/python3.7/site-packages/airflow/example_dags/example_dag_decorator.py for tasks to queue
[2022-12-11 19:23:44,384] {logging_mixin.py:115} INFO - [2022-12-11 19:23:44,384] {dagbag.py:507} INFO - Filling up the DagBag from /home/airflow/.local/lib/python3.7/site-packages/airflow/example_dags/example_dag_decorator.py
[2022-12-11 19:23:44,425] {processor.py:651} INFO - DAG(s) dict_keys(['example_dag_decorator']) retrieved from /home/airflow/.local/lib/python3.7/site-packages/airflow/example_dags/example_dag_decorator.py
[2022-12-11 19:23:44,761] {logging_mixin.py:115} INFO - [2022-12-11 19:23:44,761] {dag.py:2371} INFO - Sync 1 DAGs
[2022-12-11 19:23:44,807] {logging_mixin.py:115} INFO - [2022-12-11 19:23:44,807] {dag.py:2919} INFO - Setting next_dagrun for example_dag_decorator to None, run_after=None
[2022-12-11 19:23:44,831] {processor.py:161} INFO - Processing /home/airflow/.local/lib/python3.7/site-packages/airflow/example_dags/example_dag_decorator.py took 0.458 seconds
[2022-12-11 19:24:14,980] {processor.py:153} INFO - Started process (PID=745) to work on /home/airflow/.local/lib/python3.7/site-packages/airflow/example_dags/example_dag_decorator.py
[2022-12-11 19:24:14,981] {processor.py:641} INFO - Processing file /home/airflow/.local/lib/python3.7/site-packages/airflow/example_dags/example_dag_decorator.py for tasks to queue
[2022-12-11 19:24:14,983] {logging_mixin.py:115} INFO - [2022-12-11 19:24:14,983] {dagbag.py:507} INFO - Filling up the DagBag from /home/airflow/.local/lib/python3.7/site-packages/airflow/example_dags/example_dag_decorator.py
[2022-12-11 19:24:15,032] {processor.py:651} INFO - DAG(s) dict_keys(['example_dag_decorator']) retrieved from /home/airflow/.local/lib/python3.7/site-packages/airflow/example_dags/example_dag_decorator.py
[2022-12-11 19:24:15,394] {logging_mixin.py:115} INFO - [2022-12-11 19:24:15,393] {dag.py:2371} INFO - Sync 1 DAGs
[2022-12-11 19:24:15,436] {logging_mixin.py:115} INFO - [2022-12-11 19:24:15,435] {dag.py:2919} INFO - Setting next_dagrun for example_dag_decorator to None, run_after=None
[2022-12-11 19:24:15,471] {processor.py:161} INFO - Processing /home/airflow/.local/lib/python3.7/site-packages/airflow/example_dags/example_dag_decorator.py took 0.497 seconds
[2022-12-11 19:24:45,953] {processor.py:153} INFO - Started process (PID=799) to work on /home/airflow/.local/lib/python3.7/site-packages/airflow/example_dags/example_dag_decorator.py
[2022-12-11 19:24:45,961] {processor.py:641} INFO - Processing file /home/airflow/.local/lib/python3.7/site-packages/airflow/example_dags/example_dag_decorator.py for tasks to queue
[2022-12-11 19:24:45,965] {logging_mixin.py:115} INFO - [2022-12-11 19:24:45,963] {dagbag.py:507} INFO - Filling up the DagBag from /home/airflow/.local/lib/python3.7/site-packages/airflow/example_dags/example_dag_decorator.py
[2022-12-11 19:24:46,062] {processor.py:651} INFO - DAG(s) dict_keys(['example_dag_decorator']) retrieved from /home/airflow/.local/lib/python3.7/site-packages/airflow/example_dags/example_dag_decorator.py
[2022-12-11 19:24:46,694] {logging_mixin.py:115} INFO - [2022-12-11 19:24:46,694] {dag.py:2371} INFO - Sync 1 DAGs
[2022-12-11 19:24:46,774] {logging_mixin.py:115} INFO - [2022-12-11 19:24:46,773] {dag.py:2919} INFO - Setting next_dagrun for example_dag_decorator to None, run_after=None
[2022-12-11 19:24:46,840] {processor.py:161} INFO - Processing /home/airflow/.local/lib/python3.7/site-packages/airflow/example_dags/example_dag_decorator.py took 0.907 seconds
[2022-12-11 19:25:17,064] {processor.py:153} INFO - Started process (PID=853) to work on /home/airflow/.local/lib/python3.7/site-packages/airflow/example_dags/example_dag_decorator.py
[2022-12-11 19:25:17,067] {processor.py:641} INFO - Processing file /home/airflow/.local/lib/python3.7/site-packages/airflow/example_dags/example_dag_decorator.py for tasks to queue
[2022-12-11 19:25:17,069] {logging_mixin.py:115} INFO - [2022-12-11 19:25:17,068] {dagbag.py:507} INFO - Filling up the DagBag from /home/airflow/.local/lib/python3.7/site-packages/airflow/example_dags/example_dag_decorator.py
[2022-12-11 19:25:17,158] {processor.py:651} INFO - DAG(s) dict_keys(['example_dag_decorator']) retrieved from /home/airflow/.local/lib/python3.7/site-packages/airflow/example_dags/example_dag_decorator.py
[2022-12-11 19:25:17,759] {logging_mixin.py:115} INFO - [2022-12-11 19:25:17,759] {dag.py:2371} INFO - Sync 1 DAGs
[2022-12-11 19:25:17,820] {logging_mixin.py:115} INFO - [2022-12-11 19:25:17,820] {dag.py:2919} INFO - Setting next_dagrun for example_dag_decorator to None, run_after=None
[2022-12-11 19:25:17,853] {processor.py:161} INFO - Processing /home/airflow/.local/lib/python3.7/site-packages/airflow/example_dags/example_dag_decorator.py took 0.794 seconds
[2022-12-11 19:25:48,149] {processor.py:153} INFO - Started process (PID=907) to work on /home/airflow/.local/lib/python3.7/site-packages/airflow/example_dags/example_dag_decorator.py
[2022-12-11 19:25:48,150] {processor.py:641} INFO - Processing file /home/airflow/.local/lib/python3.7/site-packages/airflow/example_dags/example_dag_decorator.py for tasks to queue
[2022-12-11 19:25:48,153] {logging_mixin.py:115} INFO - [2022-12-11 19:25:48,152] {dagbag.py:507} INFO - Filling up the DagBag from /home/airflow/.local/lib/python3.7/site-packages/airflow/example_dags/example_dag_decorator.py
[2022-12-11 19:25:48,207] {processor.py:651} INFO - DAG(s) dict_keys(['example_dag_decorator']) retrieved from /home/airflow/.local/lib/python3.7/site-packages/airflow/example_dags/example_dag_decorator.py
[2022-12-11 19:25:48,263] {logging_mixin.py:115} INFO - [2022-12-11 19:25:48,263] {dag.py:2371} INFO - Sync 1 DAGs
[2022-12-11 19:25:48,308] {logging_mixin.py:115} INFO - [2022-12-11 19:25:48,308] {dag.py:2919} INFO - Setting next_dagrun for example_dag_decorator to None, run_after=None
[2022-12-11 19:25:48,347] {processor.py:161} INFO - Processing /home/airflow/.local/lib/python3.7/site-packages/airflow/example_dags/example_dag_decorator.py took 0.204 seconds
[2022-12-11 19:26:18,497] {processor.py:153} INFO - Started process (PID=961) to work on /home/airflow/.local/lib/python3.7/site-packages/airflow/example_dags/example_dag_decorator.py
[2022-12-11 19:26:18,499] {processor.py:641} INFO - Processing file /home/airflow/.local/lib/python3.7/site-packages/airflow/example_dags/example_dag_decorator.py for tasks to queue
[2022-12-11 19:26:18,500] {logging_mixin.py:115} INFO - [2022-12-11 19:26:18,500] {dagbag.py:507} INFO - Filling up the DagBag from /home/airflow/.local/lib/python3.7/site-packages/airflow/example_dags/example_dag_decorator.py
[2022-12-11 19:26:18,583] {processor.py:651} INFO - DAG(s) dict_keys(['example_dag_decorator']) retrieved from /home/airflow/.local/lib/python3.7/site-packages/airflow/example_dags/example_dag_decorator.py
[2022-12-11 19:26:18,673] {logging_mixin.py:115} INFO - [2022-12-11 19:26:18,672] {dag.py:2371} INFO - Sync 1 DAGs
[2022-12-11 19:26:18,745] {logging_mixin.py:115} INFO - [2022-12-11 19:26:18,745] {dag.py:2919} INFO - Setting next_dagrun for example_dag_decorator to None, run_after=None
[2022-12-11 19:26:18,778] {processor.py:161} INFO - Processing /home/airflow/.local/lib/python3.7/site-packages/airflow/example_dags/example_dag_decorator.py took 0.290 seconds
[2022-12-11 19:26:49,207] {processor.py:153} INFO - Started process (PID=1024) to work on /home/airflow/.local/lib/python3.7/site-packages/airflow/example_dags/example_dag_decorator.py
[2022-12-11 19:26:49,208] {processor.py:641} INFO - Processing file /home/airflow/.local/lib/python3.7/site-packages/airflow/example_dags/example_dag_decorator.py for tasks to queue
[2022-12-11 19:26:49,210] {logging_mixin.py:115} INFO - [2022-12-11 19:26:49,210] {dagbag.py:507} INFO - Filling up the DagBag from /home/airflow/.local/lib/python3.7/site-packages/airflow/example_dags/example_dag_decorator.py
[2022-12-11 19:26:49,282] {processor.py:651} INFO - DAG(s) dict_keys(['example_dag_decorator']) retrieved from /home/airflow/.local/lib/python3.7/site-packages/airflow/example_dags/example_dag_decorator.py
[2022-12-11 19:26:49,968] {logging_mixin.py:115} INFO - [2022-12-11 19:26:49,968] {dag.py:2371} INFO - Sync 1 DAGs
[2022-12-11 19:26:50,062] {logging_mixin.py:115} INFO - [2022-12-11 19:26:50,062] {dag.py:2919} INFO - Setting next_dagrun for example_dag_decorator to None, run_after=None
[2022-12-11 19:26:50,121] {processor.py:161} INFO - Processing /home/airflow/.local/lib/python3.7/site-packages/airflow/example_dags/example_dag_decorator.py took 0.920 seconds
[2022-12-11 19:27:20,451] {processor.py:153} INFO - Started process (PID=1080) to work on /home/airflow/.local/lib/python3.7/site-packages/airflow/example_dags/example_dag_decorator.py
[2022-12-11 19:27:20,452] {processor.py:641} INFO - Processing file /home/airflow/.local/lib/python3.7/site-packages/airflow/example_dags/example_dag_decorator.py for tasks to queue
[2022-12-11 19:27:20,455] {logging_mixin.py:115} INFO - [2022-12-11 19:27:20,455] {dagbag.py:507} INFO - Filling up the DagBag from /home/airflow/.local/lib/python3.7/site-packages/airflow/example_dags/example_dag_decorator.py
[2022-12-11 19:27:20,570] {processor.py:651} INFO - DAG(s) dict_keys(['example_dag_decorator']) retrieved from /home/airflow/.local/lib/python3.7/site-packages/airflow/example_dags/example_dag_decorator.py
[2022-12-11 19:27:21,575] {logging_mixin.py:115} INFO - [2022-12-11 19:27:21,575] {dag.py:2371} INFO - Sync 1 DAGs
[2022-12-11 19:27:21,705] {logging_mixin.py:115} INFO - [2022-12-11 19:27:21,705] {dag.py:2919} INFO - Setting next_dagrun for example_dag_decorator to None, run_after=None
[2022-12-11 19:27:21,782] {processor.py:161} INFO - Processing /home/airflow/.local/lib/python3.7/site-packages/airflow/example_dags/example_dag_decorator.py took 1.345 seconds
[2022-12-11 19:27:52,241] {processor.py:153} INFO - Started process (PID=1135) to work on /home/airflow/.local/lib/python3.7/site-packages/airflow/example_dags/example_dag_decorator.py
[2022-12-11 19:27:52,246] {processor.py:641} INFO - Processing file /home/airflow/.local/lib/python3.7/site-packages/airflow/example_dags/example_dag_decorator.py for tasks to queue
[2022-12-11 19:27:52,249] {logging_mixin.py:115} INFO - [2022-12-11 19:27:52,248] {dagbag.py:507} INFO - Filling up the DagBag from /home/airflow/.local/lib/python3.7/site-packages/airflow/example_dags/example_dag_decorator.py
[2022-12-11 19:27:52,363] {processor.py:651} INFO - DAG(s) dict_keys(['example_dag_decorator']) retrieved from /home/airflow/.local/lib/python3.7/site-packages/airflow/example_dags/example_dag_decorator.py
[2022-12-11 19:27:53,360] {logging_mixin.py:115} INFO - [2022-12-11 19:27:53,360] {dag.py:2371} INFO - Sync 1 DAGs
[2022-12-11 19:27:53,459] {logging_mixin.py:115} INFO - [2022-12-11 19:27:53,459] {dag.py:2919} INFO - Setting next_dagrun for example_dag_decorator to None, run_after=None
[2022-12-11 19:27:53,508] {processor.py:161} INFO - Processing /home/airflow/.local/lib/python3.7/site-packages/airflow/example_dags/example_dag_decorator.py took 1.276 seconds
[2022-12-11 19:28:24,057] {processor.py:153} INFO - Started process (PID=1191) to work on /home/airflow/.local/lib/python3.7/site-packages/airflow/example_dags/example_dag_decorator.py
[2022-12-11 19:28:24,080] {processor.py:641} INFO - Processing file /home/airflow/.local/lib/python3.7/site-packages/airflow/example_dags/example_dag_decorator.py for tasks to queue
[2022-12-11 19:28:24,082] {logging_mixin.py:115} INFO - [2022-12-11 19:28:24,082] {dagbag.py:507} INFO - Filling up the DagBag from /home/airflow/.local/lib/python3.7/site-packages/airflow/example_dags/example_dag_decorator.py
[2022-12-11 19:28:24,266] {processor.py:651} INFO - DAG(s) dict_keys(['example_dag_decorator']) retrieved from /home/airflow/.local/lib/python3.7/site-packages/airflow/example_dags/example_dag_decorator.py
[2022-12-11 19:28:25,173] {logging_mixin.py:115} INFO - [2022-12-11 19:28:25,173] {dag.py:2371} INFO - Sync 1 DAGs
[2022-12-11 19:28:25,283] {logging_mixin.py:115} INFO - [2022-12-11 19:28:25,283] {dag.py:2919} INFO - Setting next_dagrun for example_dag_decorator to None, run_after=None
[2022-12-11 19:28:25,335] {processor.py:161} INFO - Processing /home/airflow/.local/lib/python3.7/site-packages/airflow/example_dags/example_dag_decorator.py took 1.312 seconds
[2022-12-11 19:28:55,613] {processor.py:153} INFO - Started process (PID=1245) to work on /home/airflow/.local/lib/python3.7/site-packages/airflow/example_dags/example_dag_decorator.py
[2022-12-11 19:28:55,615] {processor.py:641} INFO - Processing file /home/airflow/.local/lib/python3.7/site-packages/airflow/example_dags/example_dag_decorator.py for tasks to queue
[2022-12-11 19:28:55,618] {logging_mixin.py:115} INFO - [2022-12-11 19:28:55,618] {dagbag.py:507} INFO - Filling up the DagBag from /home/airflow/.local/lib/python3.7/site-packages/airflow/example_dags/example_dag_decorator.py
[2022-12-11 19:28:55,736] {processor.py:651} INFO - DAG(s) dict_keys(['example_dag_decorator']) retrieved from /home/airflow/.local/lib/python3.7/site-packages/airflow/example_dags/example_dag_decorator.py
[2022-12-11 19:28:56,298] {logging_mixin.py:115} INFO - [2022-12-11 19:28:56,297] {dag.py:2371} INFO - Sync 1 DAGs
[2022-12-11 19:28:56,369] {logging_mixin.py:115} INFO - [2022-12-11 19:28:56,369] {dag.py:2919} INFO - Setting next_dagrun for example_dag_decorator to None, run_after=None
[2022-12-11 19:28:56,422] {processor.py:161} INFO - Processing /home/airflow/.local/lib/python3.7/site-packages/airflow/example_dags/example_dag_decorator.py took 0.826 seconds
[2022-12-11 19:29:26,744] {processor.py:153} INFO - Started process (PID=1299) to work on /home/airflow/.local/lib/python3.7/site-packages/airflow/example_dags/example_dag_decorator.py
[2022-12-11 19:29:26,747] {processor.py:641} INFO - Processing file /home/airflow/.local/lib/python3.7/site-packages/airflow/example_dags/example_dag_decorator.py for tasks to queue
[2022-12-11 19:29:26,750] {logging_mixin.py:115} INFO - [2022-12-11 19:29:26,749] {dagbag.py:507} INFO - Filling up the DagBag from /home/airflow/.local/lib/python3.7/site-packages/airflow/example_dags/example_dag_decorator.py
[2022-12-11 19:29:26,843] {processor.py:651} INFO - DAG(s) dict_keys(['example_dag_decorator']) retrieved from /home/airflow/.local/lib/python3.7/site-packages/airflow/example_dags/example_dag_decorator.py
[2022-12-11 19:29:26,948] {logging_mixin.py:115} INFO - [2022-12-11 19:29:26,948] {dag.py:2371} INFO - Sync 1 DAGs
[2022-12-11 19:29:27,060] {logging_mixin.py:115} INFO - [2022-12-11 19:29:27,060] {dag.py:2919} INFO - Setting next_dagrun for example_dag_decorator to None, run_after=None
[2022-12-11 19:29:27,102] {processor.py:161} INFO - Processing /home/airflow/.local/lib/python3.7/site-packages/airflow/example_dags/example_dag_decorator.py took 0.371 seconds
[2022-12-11 19:29:57,312] {processor.py:153} INFO - Started process (PID=1353) to work on /home/airflow/.local/lib/python3.7/site-packages/airflow/example_dags/example_dag_decorator.py
[2022-12-11 19:29:57,314] {processor.py:641} INFO - Processing file /home/airflow/.local/lib/python3.7/site-packages/airflow/example_dags/example_dag_decorator.py for tasks to queue
[2022-12-11 19:29:57,315] {logging_mixin.py:115} INFO - [2022-12-11 19:29:57,315] {dagbag.py:507} INFO - Filling up the DagBag from /home/airflow/.local/lib/python3.7/site-packages/airflow/example_dags/example_dag_decorator.py
[2022-12-11 19:29:57,378] {processor.py:651} INFO - DAG(s) dict_keys(['example_dag_decorator']) retrieved from /home/airflow/.local/lib/python3.7/site-packages/airflow/example_dags/example_dag_decorator.py
[2022-12-11 19:29:58,699] {logging_mixin.py:115} INFO - [2022-12-11 19:29:58,699] {dag.py:2371} INFO - Sync 1 DAGs
[2022-12-11 19:29:58,812] {logging_mixin.py:115} INFO - [2022-12-11 19:29:58,812] {dag.py:2919} INFO - Setting next_dagrun for example_dag_decorator to None, run_after=None
[2022-12-11 19:29:58,879] {processor.py:161} INFO - Processing /home/airflow/.local/lib/python3.7/site-packages/airflow/example_dags/example_dag_decorator.py took 1.582 seconds
[2022-12-11 19:30:29,095] {processor.py:153} INFO - Started process (PID=1416) to work on /home/airflow/.local/lib/python3.7/site-packages/airflow/example_dags/example_dag_decorator.py
[2022-12-11 19:30:29,097] {processor.py:641} INFO - Processing file /home/airflow/.local/lib/python3.7/site-packages/airflow/example_dags/example_dag_decorator.py for tasks to queue
[2022-12-11 19:30:29,099] {logging_mixin.py:115} INFO - [2022-12-11 19:30:29,099] {dagbag.py:507} INFO - Filling up the DagBag from /home/airflow/.local/lib/python3.7/site-packages/airflow/example_dags/example_dag_decorator.py
[2022-12-11 19:30:29,149] {processor.py:651} INFO - DAG(s) dict_keys(['example_dag_decorator']) retrieved from /home/airflow/.local/lib/python3.7/site-packages/airflow/example_dags/example_dag_decorator.py
[2022-12-11 19:30:29,716] {logging_mixin.py:115} INFO - [2022-12-11 19:30:29,716] {dag.py:2371} INFO - Sync 1 DAGs
[2022-12-11 19:30:29,774] {logging_mixin.py:115} INFO - [2022-12-11 19:30:29,774] {dag.py:2919} INFO - Setting next_dagrun for example_dag_decorator to None, run_after=None
[2022-12-11 19:30:29,807] {processor.py:161} INFO - Processing /home/airflow/.local/lib/python3.7/site-packages/airflow/example_dags/example_dag_decorator.py took 0.713 seconds
[2022-12-11 19:31:00,400] {processor.py:153} INFO - Started process (PID=1471) to work on /home/airflow/.local/lib/python3.7/site-packages/airflow/example_dags/example_dag_decorator.py
[2022-12-11 19:31:00,402] {processor.py:641} INFO - Processing file /home/airflow/.local/lib/python3.7/site-packages/airflow/example_dags/example_dag_decorator.py for tasks to queue
[2022-12-11 19:31:00,404] {logging_mixin.py:115} INFO - [2022-12-11 19:31:00,404] {dagbag.py:507} INFO - Filling up the DagBag from /home/airflow/.local/lib/python3.7/site-packages/airflow/example_dags/example_dag_decorator.py
[2022-12-11 19:31:00,472] {processor.py:651} INFO - DAG(s) dict_keys(['example_dag_decorator']) retrieved from /home/airflow/.local/lib/python3.7/site-packages/airflow/example_dags/example_dag_decorator.py
[2022-12-11 19:31:00,966] {logging_mixin.py:115} INFO - [2022-12-11 19:31:00,966] {dag.py:2371} INFO - Sync 1 DAGs
[2022-12-11 19:31:01,022] {logging_mixin.py:115} INFO - [2022-12-11 19:31:01,022] {dag.py:2919} INFO - Setting next_dagrun for example_dag_decorator to None, run_after=None
[2022-12-11 19:31:01,053] {processor.py:161} INFO - Processing /home/airflow/.local/lib/python3.7/site-packages/airflow/example_dags/example_dag_decorator.py took 0.658 seconds
[2022-12-11 19:31:31,902] {processor.py:153} INFO - Started process (PID=1526) to work on /home/airflow/.local/lib/python3.7/site-packages/airflow/example_dags/example_dag_decorator.py
[2022-12-11 19:31:31,904] {processor.py:641} INFO - Processing file /home/airflow/.local/lib/python3.7/site-packages/airflow/example_dags/example_dag_decorator.py for tasks to queue
[2022-12-11 19:31:31,905] {logging_mixin.py:115} INFO - [2022-12-11 19:31:31,905] {dagbag.py:507} INFO - Filling up the DagBag from /home/airflow/.local/lib/python3.7/site-packages/airflow/example_dags/example_dag_decorator.py
[2022-12-11 19:31:31,949] {processor.py:651} INFO - DAG(s) dict_keys(['example_dag_decorator']) retrieved from /home/airflow/.local/lib/python3.7/site-packages/airflow/example_dags/example_dag_decorator.py
[2022-12-11 19:31:32,297] {logging_mixin.py:115} INFO - [2022-12-11 19:31:32,297] {dag.py:2371} INFO - Sync 1 DAGs
[2022-12-11 19:31:32,336] {logging_mixin.py:115} INFO - [2022-12-11 19:31:32,336] {dag.py:2919} INFO - Setting next_dagrun for example_dag_decorator to None, run_after=None
[2022-12-11 19:31:32,365] {processor.py:161} INFO - Processing /home/airflow/.local/lib/python3.7/site-packages/airflow/example_dags/example_dag_decorator.py took 0.468 seconds
[2022-12-11 19:32:02,564] {processor.py:153} INFO - Started process (PID=1587) to work on /home/airflow/.local/lib/python3.7/site-packages/airflow/example_dags/example_dag_decorator.py
[2022-12-11 19:32:02,565] {processor.py:641} INFO - Processing file /home/airflow/.local/lib/python3.7/site-packages/airflow/example_dags/example_dag_decorator.py for tasks to queue
[2022-12-11 19:32:02,566] {logging_mixin.py:115} INFO - [2022-12-11 19:32:02,566] {dagbag.py:507} INFO - Filling up the DagBag from /home/airflow/.local/lib/python3.7/site-packages/airflow/example_dags/example_dag_decorator.py
[2022-12-11 19:32:02,609] {processor.py:651} INFO - DAG(s) dict_keys(['example_dag_decorator']) retrieved from /home/airflow/.local/lib/python3.7/site-packages/airflow/example_dags/example_dag_decorator.py
[2022-12-11 19:32:02,927] {logging_mixin.py:115} INFO - [2022-12-11 19:32:02,927] {dag.py:2371} INFO - Sync 1 DAGs
[2022-12-11 19:32:02,956] {logging_mixin.py:115} INFO - [2022-12-11 19:32:02,956] {dag.py:2919} INFO - Setting next_dagrun for example_dag_decorator to None, run_after=None
[2022-12-11 19:32:02,980] {processor.py:161} INFO - Processing /home/airflow/.local/lib/python3.7/site-packages/airflow/example_dags/example_dag_decorator.py took 0.422 seconds
[2022-12-11 19:32:33,251] {processor.py:153} INFO - Started process (PID=1643) to work on /home/airflow/.local/lib/python3.7/site-packages/airflow/example_dags/example_dag_decorator.py
[2022-12-11 19:32:33,253] {processor.py:641} INFO - Processing file /home/airflow/.local/lib/python3.7/site-packages/airflow/example_dags/example_dag_decorator.py for tasks to queue
[2022-12-11 19:32:33,255] {logging_mixin.py:115} INFO - [2022-12-11 19:32:33,254] {dagbag.py:507} INFO - Filling up the DagBag from /home/airflow/.local/lib/python3.7/site-packages/airflow/example_dags/example_dag_decorator.py
[2022-12-11 19:32:33,311] {processor.py:651} INFO - DAG(s) dict_keys(['example_dag_decorator']) retrieved from /home/airflow/.local/lib/python3.7/site-packages/airflow/example_dags/example_dag_decorator.py
[2022-12-11 19:32:33,655] {logging_mixin.py:115} INFO - [2022-12-11 19:32:33,655] {dag.py:2371} INFO - Sync 1 DAGs
[2022-12-11 19:32:33,694] {logging_mixin.py:115} INFO - [2022-12-11 19:32:33,693] {dag.py:2919} INFO - Setting next_dagrun for example_dag_decorator to None, run_after=None
[2022-12-11 19:32:33,737] {processor.py:161} INFO - Processing /home/airflow/.local/lib/python3.7/site-packages/airflow/example_dags/example_dag_decorator.py took 0.495 seconds
[2022-12-11 19:33:04,160] {processor.py:153} INFO - Started process (PID=1699) to work on /home/airflow/.local/lib/python3.7/site-packages/airflow/example_dags/example_dag_decorator.py
[2022-12-11 19:33:04,162] {processor.py:641} INFO - Processing file /home/airflow/.local/lib/python3.7/site-packages/airflow/example_dags/example_dag_decorator.py for tasks to queue
[2022-12-11 19:33:04,165] {logging_mixin.py:115} INFO - [2022-12-11 19:33:04,165] {dagbag.py:507} INFO - Filling up the DagBag from /home/airflow/.local/lib/python3.7/site-packages/airflow/example_dags/example_dag_decorator.py
[2022-12-11 19:33:04,301] {processor.py:651} INFO - DAG(s) dict_keys(['example_dag_decorator']) retrieved from /home/airflow/.local/lib/python3.7/site-packages/airflow/example_dags/example_dag_decorator.py
[2022-12-11 19:33:05,189] {logging_mixin.py:115} INFO - [2022-12-11 19:33:05,189] {dag.py:2371} INFO - Sync 1 DAGs
[2022-12-11 19:33:05,299] {logging_mixin.py:115} INFO - [2022-12-11 19:33:05,299] {dag.py:2919} INFO - Setting next_dagrun for example_dag_decorator to None, run_after=None
[2022-12-11 19:33:05,366] {processor.py:161} INFO - Processing /home/airflow/.local/lib/python3.7/site-packages/airflow/example_dags/example_dag_decorator.py took 1.219 seconds
