[2022-12-11 13:30:09,837] {processor.py:153} INFO - Started process (PID=84) to work on /home/airflow/.local/lib/python3.7/site-packages/airflow/example_dags/tutorial_taskflow_api_etl.py
[2022-12-11 13:30:09,852] {processor.py:641} INFO - Processing file /home/airflow/.local/lib/python3.7/site-packages/airflow/example_dags/tutorial_taskflow_api_etl.py for tasks to queue
[2022-12-11 13:30:09,869] {logging_mixin.py:115} INFO - [2022-12-11 13:30:09,868] {dagbag.py:507} INFO - Filling up the DagBag from /home/airflow/.local/lib/python3.7/site-packages/airflow/example_dags/tutorial_taskflow_api_etl.py
[2022-12-11 13:30:09,996] {processor.py:651} INFO - DAG(s) dict_keys(['tutorial_taskflow_api_etl']) retrieved from /home/airflow/.local/lib/python3.7/site-packages/airflow/example_dags/tutorial_taskflow_api_etl.py
[2022-12-11 13:30:10,590] {logging_mixin.py:115} INFO - [2022-12-11 13:30:10,590] {dag.py:2371} INFO - Sync 1 DAGs
[2022-12-11 13:30:11,844] {logging_mixin.py:115} INFO - [2022-12-11 13:30:11,843] {dag.py:2919} INFO - Setting next_dagrun for tutorial_taskflow_api_etl to None, run_after=None
[2022-12-11 13:30:12,127] {processor.py:161} INFO - Processing /home/airflow/.local/lib/python3.7/site-packages/airflow/example_dags/tutorial_taskflow_api_etl.py took 2.316 seconds
[2022-12-11 13:30:48,796] {processor.py:153} INFO - Started process (PID=132) to work on /home/airflow/.local/lib/python3.7/site-packages/airflow/example_dags/tutorial_taskflow_api_etl.py
[2022-12-11 13:30:48,808] {processor.py:641} INFO - Processing file /home/airflow/.local/lib/python3.7/site-packages/airflow/example_dags/tutorial_taskflow_api_etl.py for tasks to queue
[2022-12-11 13:30:48,811] {logging_mixin.py:115} INFO - [2022-12-11 13:30:48,811] {dagbag.py:507} INFO - Filling up the DagBag from /home/airflow/.local/lib/python3.7/site-packages/airflow/example_dags/tutorial_taskflow_api_etl.py
[2022-12-11 13:30:48,965] {processor.py:651} INFO - DAG(s) dict_keys(['tutorial_taskflow_api_etl']) retrieved from /home/airflow/.local/lib/python3.7/site-packages/airflow/example_dags/tutorial_taskflow_api_etl.py
[2022-12-11 13:30:49,498] {logging_mixin.py:115} INFO - [2022-12-11 13:30:49,497] {dag.py:2371} INFO - Sync 1 DAGs
[2022-12-11 13:30:50,757] {logging_mixin.py:115} INFO - [2022-12-11 13:30:50,756] {dag.py:2919} INFO - Setting next_dagrun for tutorial_taskflow_api_etl to None, run_after=None
[2022-12-11 13:30:50,919] {processor.py:161} INFO - Processing /home/airflow/.local/lib/python3.7/site-packages/airflow/example_dags/tutorial_taskflow_api_etl.py took 2.161 seconds
[2022-12-11 13:31:31,802] {processor.py:153} INFO - Started process (PID=192) to work on /home/airflow/.local/lib/python3.7/site-packages/airflow/example_dags/tutorial_taskflow_api_etl.py
[2022-12-11 13:31:31,847] {processor.py:641} INFO - Processing file /home/airflow/.local/lib/python3.7/site-packages/airflow/example_dags/tutorial_taskflow_api_etl.py for tasks to queue
[2022-12-11 13:31:31,898] {logging_mixin.py:115} INFO - [2022-12-11 13:31:31,898] {dagbag.py:507} INFO - Filling up the DagBag from /home/airflow/.local/lib/python3.7/site-packages/airflow/example_dags/tutorial_taskflow_api_etl.py
[2022-12-11 13:31:32,106] {processor.py:651} INFO - DAG(s) dict_keys(['tutorial_taskflow_api_etl']) retrieved from /home/airflow/.local/lib/python3.7/site-packages/airflow/example_dags/tutorial_taskflow_api_etl.py
[2022-12-11 13:31:32,847] {logging_mixin.py:115} INFO - [2022-12-11 13:31:32,847] {dag.py:2371} INFO - Sync 1 DAGs
[2022-12-11 13:31:34,373] {logging_mixin.py:115} INFO - [2022-12-11 13:31:34,373] {dag.py:2919} INFO - Setting next_dagrun for tutorial_taskflow_api_etl to None, run_after=None
[2022-12-11 13:31:34,529] {processor.py:161} INFO - Processing /home/airflow/.local/lib/python3.7/site-packages/airflow/example_dags/tutorial_taskflow_api_etl.py took 2.782 seconds
