[2022-11-06 14:02:18,515] {taskinstance.py:1159} INFO - Dependencies all met for <TaskInstance: xetra_DAG.run_xetra_etl scheduled__2022-11-03T20:00:00+00:00 [queued]>
[2022-11-06 14:02:19,200] {taskinstance.py:1159} INFO - Dependencies all met for <TaskInstance: xetra_DAG.run_xetra_etl scheduled__2022-11-03T20:00:00+00:00 [queued]>
[2022-11-06 14:02:19,213] {taskinstance.py:1356} INFO - 
--------------------------------------------------------------------------------
[2022-11-06 14:02:19,224] {taskinstance.py:1357} INFO - Starting attempt 1 of 2
[2022-11-06 14:02:19,232] {taskinstance.py:1358} INFO - 
--------------------------------------------------------------------------------
[2022-11-06 14:02:20,650] {taskinstance.py:1377} INFO - Executing <Task(PythonOperator): run_xetra_etl> on 2022-11-03 20:00:00+00:00
[2022-11-06 14:02:25,396] {standard_task_runner.py:52} INFO - Started process 113 to run task
[2022-11-06 14:02:25,420] {standard_task_runner.py:79} INFO - Running: ['***', 'tasks', 'run', 'xetra_DAG', 'run_xetra_etl', 'scheduled__2022-11-03T20:00:00+00:00', '--job-id', '151', '--raw', '--subdir', 'DAGS_FOLDER/xetra_DAG.py', '--cfg-path', '/tmp/tmpxenrf0ng', '--error-file', '/tmp/tmp4p2d7tul']
[2022-11-06 14:02:33,564] {standard_task_runner.py:80} INFO - Job 151: Subtask run_xetra_etl
[2022-11-06 14:03:21,761] {task_command.py:369} INFO - Running <TaskInstance: xetra_DAG.run_xetra_etl scheduled__2022-11-03T20:00:00+00:00 [running]> on host 0163e0790208
[2022-11-06 14:04:26,247] {taskinstance.py:1571} INFO - Exporting the following env vars:
AIRFLOW_CTX_DAG_EMAIL=***@example.com
AIRFLOW_CTX_DAG_OWNER=***
AIRFLOW_CTX_DAG_ID=xetra_DAG
AIRFLOW_CTX_TASK_ID=run_xetra_etl
AIRFLOW_CTX_EXECUTION_DATE=2022-11-03T20:00:00+00:00
AIRFLOW_CTX_TRY_NUMBER=1
AIRFLOW_CTX_DAG_RUN_ID=scheduled__2022-11-03T20:00:00+00:00
[2022-11-06 14:05:24,072] {taskinstance.py:1889} ERROR - Task failed with exception
Traceback (most recent call last):
  File "/home/airflow/.local/lib/python3.7/site-packages/airflow/operators/python.py", line 171, in execute
    return_value = self.execute_callable()
  File "/home/airflow/.local/lib/python3.7/site-packages/airflow/operators/python.py", line 189, in execute_callable
    return self.python_callable(*self.op_args, **self.op_kwargs)
  File "/opt/airflow/dags/xetra_etl.py", line 82, in run_etl
    update_meta_file(META_FILE_PATH, [date_to_process], [date_of_processing_meta])
  File "/opt/airflow/dags/xetra_etl.py", line 29, in update_meta_file
    df_meta = pd.read_csv(meta_file_path)
  File "/home/airflow/.local/lib/python3.7/site-packages/pandas/util/_decorators.py", line 311, in wrapper
    return func(*args, **kwargs)
  File "/home/airflow/.local/lib/python3.7/site-packages/pandas/io/parsers/readers.py", line 586, in read_csv
    return _read(filepath_or_buffer, kwds)
  File "/home/airflow/.local/lib/python3.7/site-packages/pandas/io/parsers/readers.py", line 482, in _read
    parser = TextFileReader(filepath_or_buffer, **kwds)
  File "/home/airflow/.local/lib/python3.7/site-packages/pandas/io/parsers/readers.py", line 811, in __init__
    self._engine = self._make_engine(self.engine)
  File "/home/airflow/.local/lib/python3.7/site-packages/pandas/io/parsers/readers.py", line 1040, in _make_engine
    return mapping[engine](self.f, **self.options)  # type: ignore[call-arg]
  File "/home/airflow/.local/lib/python3.7/site-packages/pandas/io/parsers/c_parser_wrapper.py", line 69, in __init__
    self._reader = parsers.TextReader(self.handles.handle, **kwds)
  File "pandas/_libs/parsers.pyx", line 549, in pandas._libs.parsers.TextReader.__cinit__
pandas.errors.EmptyDataError: No columns to parse from file
[2022-11-06 14:05:24,121] {taskinstance.py:1400} INFO - Marking task as UP_FOR_RETRY. dag_id=xetra_DAG, task_id=run_xetra_etl, execution_date=20221103T200000, start_date=20221106T140219, end_date=20221106T140524
[2022-11-06 14:05:24,915] {local_task_job.py:221} WARNING - State of this instance has been externally set to up_for_retry. Terminating instance.
[2022-11-06 14:05:25,003] {process_utils.py:129} INFO - Sending Signals.SIGTERM to group 113. PIDs of all processes in the group: [113]
[2022-11-06 14:05:25,022] {process_utils.py:80} INFO - Sending the signal Signals.SIGTERM to group 113
[2022-11-06 14:05:25,030] {taskinstance.py:1541} ERROR - Received SIGTERM. Terminating subprocesses.
[2022-11-06 14:05:25,059] {standard_task_runner.py:97} ERROR - Failed to execute job 151 for task run_xetra_etl (Task received SIGTERM signal; 113)
[2022-11-06 14:05:25,174] {process_utils.py:75} INFO - Process psutil.Process(pid=113, status='terminated', exitcode=1, started='14:02:24') (113) terminated with exit code 1
