[2022-12-11 19:21:20,519] {taskinstance.py:1159} INFO - Dependencies all met for <TaskInstance: etl_DAG.run_etl_process scheduled__2022-11-12T15:00:00+00:00 [queued]>
[2022-12-11 19:21:20,757] {taskinstance.py:1159} INFO - Dependencies all met for <TaskInstance: etl_DAG.run_etl_process scheduled__2022-11-12T15:00:00+00:00 [queued]>
[2022-12-11 19:21:20,774] {taskinstance.py:1356} INFO - 
--------------------------------------------------------------------------------
[2022-12-11 19:21:20,779] {taskinstance.py:1357} INFO - Starting attempt 2 of 2
[2022-12-11 19:21:20,840] {taskinstance.py:1358} INFO - 
--------------------------------------------------------------------------------
[2022-12-11 19:21:21,592] {taskinstance.py:1377} INFO - Executing <Task(PythonOperator): run_etl_process> on 2022-11-12 15:00:00+00:00
[2022-12-11 19:21:21,702] {standard_task_runner.py:52} INFO - Started process 325 to run task
[2022-12-11 19:21:21,877] {standard_task_runner.py:79} INFO - Running: ['***', 'tasks', 'run', 'etl_DAG', 'run_etl_process', 'scheduled__2022-11-12T15:00:00+00:00', '--job-id', '220', '--raw', '--subdir', 'DAGS_FOLDER/etl_DAG.py', '--cfg-path', '/tmp/tmpb6wfwgsy', '--error-file', '/tmp/tmpg3h_j6il']
[2022-12-11 19:21:21,932] {standard_task_runner.py:80} INFO - Job 220: Subtask run_etl_process
[2022-12-11 19:21:23,248] {task_command.py:369} INFO - Running <TaskInstance: etl_DAG.run_etl_process scheduled__2022-11-12T15:00:00+00:00 [running]> on host 0163e0790208
[2022-12-11 19:21:25,399] {taskinstance.py:1571} INFO - Exporting the following env vars:
AIRFLOW_CTX_DAG_EMAIL=***@example.com
AIRFLOW_CTX_DAG_OWNER=***
AIRFLOW_CTX_DAG_ID=etl_DAG
AIRFLOW_CTX_TASK_ID=run_etl_process
AIRFLOW_CTX_EXECUTION_DATE=2022-11-12T15:00:00+00:00
AIRFLOW_CTX_TRY_NUMBER=2
AIRFLOW_CTX_DAG_RUN_ID=scheduled__2022-11-12T15:00:00+00:00
[2022-12-11 19:22:10,912] {python.py:173} INFO - Done. Returned value was: None
[2022-12-11 19:22:11,265] {taskinstance.py:1400} INFO - Marking task as SUCCESS. dag_id=etl_DAG, task_id=run_etl_process, execution_date=20221112T150000, start_date=20221211T192120, end_date=20221211T192211
[2022-12-11 19:22:12,328] {local_task_job.py:156} INFO - Task exited with return code 0
[2022-12-11 19:22:12,742] {local_task_job.py:273} INFO - 0 downstream tasks scheduled from follow-on schedule check
