[2022-11-06 15:00:01,763] {taskinstance.py:1159} INFO - Dependencies all met for <TaskInstance: xetra_DAG.run_xetra_etl scheduled__2022-11-06T14:20:00+00:00 [queued]>
[2022-11-06 15:00:01,785] {taskinstance.py:1159} INFO - Dependencies all met for <TaskInstance: xetra_DAG.run_xetra_etl scheduled__2022-11-06T14:20:00+00:00 [queued]>
[2022-11-06 15:00:01,786] {taskinstance.py:1356} INFO - 
--------------------------------------------------------------------------------
[2022-11-06 15:00:01,786] {taskinstance.py:1357} INFO - Starting attempt 1 of 2
[2022-11-06 15:00:01,802] {taskinstance.py:1358} INFO - 
--------------------------------------------------------------------------------
[2022-11-06 15:00:01,832] {taskinstance.py:1377} INFO - Executing <Task(PythonOperator): run_xetra_etl> on 2022-11-06 14:20:00+00:00
[2022-11-06 15:00:01,842] {standard_task_runner.py:52} INFO - Started process 2280 to run task
[2022-11-06 15:00:01,850] {standard_task_runner.py:79} INFO - Running: ['***', 'tasks', 'run', 'xetra_DAG', 'run_xetra_etl', 'scheduled__2022-11-06T14:20:00+00:00', '--job-id', '169', '--raw', '--subdir', 'DAGS_FOLDER/xetra_DAG.py', '--cfg-path', '/tmp/tmpvr3ufnvg', '--error-file', '/tmp/tmp3hel_vcu']
[2022-11-06 15:00:01,853] {standard_task_runner.py:80} INFO - Job 169: Subtask run_xetra_etl
[2022-11-06 15:00:01,984] {task_command.py:369} INFO - Running <TaskInstance: xetra_DAG.run_xetra_etl scheduled__2022-11-06T14:20:00+00:00 [running]> on host 0163e0790208
[2022-11-06 15:00:02,161] {taskinstance.py:1571} INFO - Exporting the following env vars:
AIRFLOW_CTX_DAG_EMAIL=***@example.com
AIRFLOW_CTX_DAG_OWNER=***
AIRFLOW_CTX_DAG_ID=xetra_DAG
AIRFLOW_CTX_TASK_ID=run_xetra_etl
AIRFLOW_CTX_EXECUTION_DATE=2022-11-06T14:20:00+00:00
AIRFLOW_CTX_TRY_NUMBER=1
AIRFLOW_CTX_DAG_RUN_ID=scheduled__2022-11-06T14:20:00+00:00
[2022-11-06 15:00:05,775] {python.py:173} INFO - Done. Returned value was: None
[2022-11-06 15:00:05,803] {taskinstance.py:1400} INFO - Marking task as SUCCESS. dag_id=xetra_DAG, task_id=run_xetra_etl, execution_date=20221106T142000, start_date=20221106T150001, end_date=20221106T150005
[2022-11-06 15:00:05,888] {local_task_job.py:156} INFO - Task exited with return code 0
[2022-11-06 15:00:05,965] {local_task_job.py:273} INFO - 0 downstream tasks scheduled from follow-on schedule check
